[2025-03-13T04:07:29.046+0000] {local_task_job_runner.py:123} INFO - ::group::Pre task execution logs
[2025-03-13T04:07:29.173+0000] {taskinstance.py:2614} INFO - Dependencies all met for dep_context=non-requeueable deps ti=<TaskInstance: data_ingestion_gcs_dag.format_parquet_2024_q4 manual__2025-03-13T04:03:10.585201+00:00 [queued]>
[2025-03-13T04:07:29.227+0000] {taskinstance.py:2614} INFO - Dependencies all met for dep_context=requeueable deps ti=<TaskInstance: data_ingestion_gcs_dag.format_parquet_2024_q4 manual__2025-03-13T04:03:10.585201+00:00 [queued]>
[2025-03-13T04:07:29.232+0000] {taskinstance.py:2867} INFO - Starting attempt 1 of 2
[2025-03-13T04:07:29.296+0000] {taskinstance.py:2890} INFO - Executing <Task(PythonOperator): format_parquet_2024_q4> on 2025-03-13 04:03:10.585201+00:00
[2025-03-13T04:07:29.336+0000] {warnings.py:112} WARNING - /home/***/.local/lib/python3.12/site-packages/***/task/task_runner/standard_task_runner.py:70: DeprecationWarning: This process (pid=1398) is multi-threaded, use of fork() may lead to deadlocks in the child.
  pid = os.fork()

[2025-03-13T04:07:29.338+0000] {standard_task_runner.py:72} INFO - Started process 1443 to run task
[2025-03-13T04:07:29.334+0000] {standard_task_runner.py:104} INFO - Running: ['***', 'tasks', 'run', 'data_ingestion_gcs_dag', 'format_parquet_2024_q4', 'manual__2025-03-13T04:03:10.585201+00:00', '--job-id', '525', '--raw', '--subdir', 'DAGS_FOLDER/data_ingestion_gcs_dag.py', '--cfg-path', '/tmp/tmpwcdjz0wp']
[2025-03-13T04:07:29.342+0000] {standard_task_runner.py:105} INFO - Job 525: Subtask format_parquet_2024_q4
[2025-03-13T04:07:29.568+0000] {task_command.py:467} INFO - Running <TaskInstance: data_ingestion_gcs_dag.format_parquet_2024_q4 manual__2025-03-13T04:03:10.585201+00:00 [running]> on host b0577ed9eb82
[2025-03-13T04:07:30.023+0000] {taskinstance.py:3134} INFO - Exporting env vars: AIRFLOW_CTX_DAG_OWNER='***' AIRFLOW_CTX_DAG_ID='data_ingestion_gcs_dag' AIRFLOW_CTX_TASK_ID='format_parquet_2024_q4' AIRFLOW_CTX_EXECUTION_DATE='2025-03-13T04:03:10.585201+00:00' AIRFLOW_CTX_TRY_NUMBER='1' AIRFLOW_CTX_DAG_RUN_ID='manual__2025-03-13T04:03:10.585201+00:00'
[2025-03-13T04:07:30.056+0000] {logging_mixin.py:190} INFO - Task instance is in running state
[2025-03-13T04:07:30.074+0000] {logging_mixin.py:190} INFO -  Previous state of the Task instance: queued
[2025-03-13T04:07:30.078+0000] {logging_mixin.py:190} INFO - Current task name:format_parquet_2024_q4 state:running start_date:2025-03-13 04:07:29.177508+00:00
[2025-03-13T04:07:30.080+0000] {logging_mixin.py:190} INFO - Dag name:data_ingestion_gcs_dag and current dag run status:running
[2025-03-13T04:07:30.082+0000] {taskinstance.py:732} INFO - ::endgroup::
[2025-03-13T04:07:33.619+0000] {data_ingestion_gcs_dag.py:58} INFO - Converted indego-trips-2024-q4.csv to /opt/***/indego-trips-2024-q4.parquet
[2025-03-13T04:07:33.626+0000] {python.py:240} INFO - Done. Returned value was: None
[2025-03-13T04:07:33.670+0000] {taskinstance.py:341} INFO - ::group::Post task execution logs
[2025-03-13T04:07:33.671+0000] {taskinstance.py:353} INFO - Marking task as SUCCESS. dag_id=data_ingestion_gcs_dag, task_id=format_parquet_2024_q4, run_id=manual__2025-03-13T04:03:10.585201+00:00, execution_date=20250313T040310, start_date=20250313T040729, end_date=20250313T040733
[2025-03-13T04:07:33.934+0000] {logging_mixin.py:190} INFO - Task instance in success state
[2025-03-13T04:07:33.950+0000] {logging_mixin.py:190} INFO -  Previous state of the Task instance: running
[2025-03-13T04:07:33.965+0000] {logging_mixin.py:190} INFO - Dag name:data_ingestion_gcs_dag queued_at:2025-03-13 04:03:10.603838+00:00
[2025-03-13T04:07:33.968+0000] {logging_mixin.py:190} INFO - Task hostname:b0577ed9eb82 operator:PythonOperator
[2025-03-13T04:07:34.056+0000] {local_task_job_runner.py:266} INFO - Task exited with return code 0
[2025-03-13T04:07:34.161+0000] {taskinstance.py:3901} INFO - 1 downstream tasks scheduled from follow-on schedule check
[2025-03-13T04:07:34.176+0000] {local_task_job_runner.py:245} INFO - ::endgroup::
