[2025-03-12T03:52:00.223+0000] {local_task_job_runner.py:123} INFO - ::group::Pre task execution logs
[2025-03-12T03:52:00.242+0000] {taskinstance.py:2614} INFO - Dependencies all met for dep_context=non-requeueable deps ti=<TaskInstance: data_ingestion_gcs_dag.download_dataset_task manual__2025-03-12T03:51:57.199522+00:00 [queued]>
[2025-03-12T03:52:00.253+0000] {taskinstance.py:2614} INFO - Dependencies all met for dep_context=requeueable deps ti=<TaskInstance: data_ingestion_gcs_dag.download_dataset_task manual__2025-03-12T03:51:57.199522+00:00 [queued]>
[2025-03-12T03:52:00.253+0000] {taskinstance.py:2867} INFO - Starting attempt 1 of 2
[2025-03-12T03:52:00.268+0000] {taskinstance.py:2890} INFO - Executing <Task(BashOperator): download_dataset_task> on 2025-03-12 03:51:57.199522+00:00
[2025-03-12T03:52:00.275+0000] {warnings.py:112} WARNING - /home/***/.local/lib/python3.12/site-packages/***/task/task_runner/standard_task_runner.py:70: DeprecationWarning: This process (pid=449) is multi-threaded, use of fork() may lead to deadlocks in the child.
  pid = os.fork()

[2025-03-12T03:52:00.276+0000] {standard_task_runner.py:72} INFO - Started process 451 to run task
[2025-03-12T03:52:00.277+0000] {standard_task_runner.py:104} INFO - Running: ['***', 'tasks', 'run', 'data_ingestion_gcs_dag', 'download_dataset_task', 'manual__2025-03-12T03:51:57.199522+00:00', '--job-id', '291', '--raw', '--subdir', 'DAGS_FOLDER/data_ingestion_gcs_dag.py', '--cfg-path', '/tmp/tmpc4h66fen']
[2025-03-12T03:52:00.278+0000] {standard_task_runner.py:105} INFO - Job 291: Subtask download_dataset_task
[2025-03-12T03:52:00.325+0000] {task_command.py:467} INFO - Running <TaskInstance: data_ingestion_gcs_dag.download_dataset_task manual__2025-03-12T03:51:57.199522+00:00 [running]> on host b0577ed9eb82
[2025-03-12T03:52:00.429+0000] {taskinstance.py:3134} INFO - Exporting env vars: AIRFLOW_CTX_DAG_OWNER='***' AIRFLOW_CTX_DAG_ID='data_ingestion_gcs_dag' AIRFLOW_CTX_TASK_ID='download_dataset_task' AIRFLOW_CTX_EXECUTION_DATE='2025-03-12T03:51:57.199522+00:00' AIRFLOW_CTX_TRY_NUMBER='1' AIRFLOW_CTX_DAG_RUN_ID='manual__2025-03-12T03:51:57.199522+00:00'
[2025-03-12T03:52:00.431+0000] {logging_mixin.py:190} INFO - Task instance is in running state
[2025-03-12T03:52:00.432+0000] {logging_mixin.py:190} INFO -  Previous state of the Task instance: queued
[2025-03-12T03:52:00.433+0000] {logging_mixin.py:190} INFO - Current task name:download_dataset_task state:running start_date:2025-03-12 03:52:00.243164+00:00
[2025-03-12T03:52:00.433+0000] {logging_mixin.py:190} INFO - Dag name:data_ingestion_gcs_dag and current dag run status:running
[2025-03-12T03:52:00.434+0000] {taskinstance.py:732} INFO - ::endgroup::
[2025-03-12T03:52:00.436+0000] {subprocess.py:78} INFO - Tmp dir root location: /tmp
[2025-03-12T03:52:00.439+0000] {subprocess.py:88} INFO - Running command: ['/usr/bin/bash', '-c', 'curl -sSL https://www.rideindego.com/wp-content/uploads/2025/01/indego-trips-2024-q4.zip > /opt/***/indego-trips-2024-q4.zip']
[2025-03-12T03:52:00.453+0000] {subprocess.py:99} INFO - Output:
[2025-03-12T03:52:01.370+0000] {subprocess.py:110} INFO - Command exited with return code 0
[2025-03-12T03:52:01.392+0000] {taskinstance.py:341} INFO - ::group::Post task execution logs
[2025-03-12T03:52:01.393+0000] {taskinstance.py:353} INFO - Marking task as SUCCESS. dag_id=data_ingestion_gcs_dag, task_id=download_dataset_task, run_id=manual__2025-03-12T03:51:57.199522+00:00, execution_date=20250312T035157, start_date=20250312T035200, end_date=20250312T035201
[2025-03-12T03:52:01.413+0000] {logging_mixin.py:190} INFO - Task instance in success state
[2025-03-12T03:52:01.414+0000] {logging_mixin.py:190} INFO -  Previous state of the Task instance: running
[2025-03-12T03:52:01.414+0000] {logging_mixin.py:190} INFO - Dag name:data_ingestion_gcs_dag queued_at:2025-03-12 03:51:57.223333+00:00
[2025-03-12T03:52:01.415+0000] {logging_mixin.py:190} INFO - Task hostname:b0577ed9eb82 operator:BashOperator
[2025-03-12T03:52:01.457+0000] {local_task_job_runner.py:266} INFO - Task exited with return code 0
[2025-03-12T03:52:01.484+0000] {taskinstance.py:3901} INFO - 1 downstream tasks scheduled from follow-on schedule check
[2025-03-12T03:52:01.487+0000] {local_task_job_runner.py:245} INFO - ::endgroup::
