[2025-03-13T04:27:42.636+0000] {local_task_job_runner.py:123} INFO - ::group::Pre task execution logs
[2025-03-13T04:27:42.747+0000] {taskinstance.py:2614} INFO - Dependencies all met for dep_context=non-requeueable deps ti=<TaskInstance: data_ingestion_gcs_dag.download_2024_q2 manual__2025-03-13T04:27:29.456728+00:00 [queued]>
[2025-03-13T04:27:42.803+0000] {taskinstance.py:2614} INFO - Dependencies all met for dep_context=requeueable deps ti=<TaskInstance: data_ingestion_gcs_dag.download_2024_q2 manual__2025-03-13T04:27:29.456728+00:00 [queued]>
[2025-03-13T04:27:42.806+0000] {taskinstance.py:2867} INFO - Starting attempt 1 of 2
[2025-03-13T04:27:42.885+0000] {taskinstance.py:2890} INFO - Executing <Task(BashOperator): download_2024_q2> on 2025-03-13 04:27:29.456728+00:00
[2025-03-13T04:27:42.903+0000] {warnings.py:112} WARNING - /home/***/.local/lib/python3.12/site-packages/***/task/task_runner/standard_task_runner.py:70: DeprecationWarning: This process (pid=1795) is multi-threaded, use of fork() may lead to deadlocks in the child.
  pid = os.fork()

[2025-03-13T04:27:42.909+0000] {standard_task_runner.py:72} INFO - Started process 1811 to run task
[2025-03-13T04:27:42.938+0000] {standard_task_runner.py:104} INFO - Running: ['***', 'tasks', 'run', 'data_ingestion_gcs_dag', 'download_2024_q2', 'manual__2025-03-13T04:27:29.456728+00:00', '--job-id', '539', '--raw', '--subdir', 'DAGS_FOLDER/data_ingestion_gcs_dag.py', '--cfg-path', '/tmp/tmpt2b4iqum']
[2025-03-13T04:27:42.942+0000] {standard_task_runner.py:105} INFO - Job 539: Subtask download_2024_q2
[2025-03-13T04:27:43.156+0000] {task_command.py:467} INFO - Running <TaskInstance: data_ingestion_gcs_dag.download_2024_q2 manual__2025-03-13T04:27:29.456728+00:00 [running]> on host b0577ed9eb82
[2025-03-13T04:27:43.696+0000] {taskinstance.py:3134} INFO - Exporting env vars: AIRFLOW_CTX_DAG_OWNER='***' AIRFLOW_CTX_DAG_ID='data_ingestion_gcs_dag' AIRFLOW_CTX_TASK_ID='download_2024_q2' AIRFLOW_CTX_EXECUTION_DATE='2025-03-13T04:27:29.456728+00:00' AIRFLOW_CTX_TRY_NUMBER='1' AIRFLOW_CTX_DAG_RUN_ID='manual__2025-03-13T04:27:29.456728+00:00'
[2025-03-13T04:27:43.708+0000] {logging_mixin.py:190} INFO - Task instance is in running state
[2025-03-13T04:27:43.722+0000] {logging_mixin.py:190} INFO -  Previous state of the Task instance: queued
[2025-03-13T04:27:43.725+0000] {logging_mixin.py:190} INFO - Current task name:download_2024_q2 state:running start_date:2025-03-13 04:27:42.755700+00:00
[2025-03-13T04:27:43.727+0000] {logging_mixin.py:190} INFO - Dag name:data_ingestion_gcs_dag and current dag run status:running
[2025-03-13T04:27:43.728+0000] {taskinstance.py:732} INFO - ::endgroup::
[2025-03-13T04:27:43.731+0000] {subprocess.py:78} INFO - Tmp dir root location: /tmp
[2025-03-13T04:27:43.746+0000] {subprocess.py:88} INFO - Running command: ['/usr/bin/bash', '-c', 'curl -sSL -o /opt/***/indego-trips-2024-q2.zip https://www.rideindego.com/wp-content/uploads/2024/07/indego-trips-2024-q2.zip && ls -lh /opt/***/indego-trips-2024-q2.zip']
[2025-03-13T04:27:43.854+0000] {subprocess.py:99} INFO - Output:
[2025-03-13T04:27:47.791+0000] {subprocess.py:106} INFO - -rw-rw-r-- 1 default root 7.3M Mar 13 04:27 /opt/***/indego-trips-2024-q2.zip
[2025-03-13T04:27:47.806+0000] {subprocess.py:110} INFO - Command exited with return code 0
[2025-03-13T04:27:48.005+0000] {taskinstance.py:341} INFO - ::group::Post task execution logs
[2025-03-13T04:27:48.021+0000] {taskinstance.py:353} INFO - Marking task as SUCCESS. dag_id=data_ingestion_gcs_dag, task_id=download_2024_q2, run_id=manual__2025-03-13T04:27:29.456728+00:00, execution_date=20250313T042729, start_date=20250313T042742, end_date=20250313T042748
[2025-03-13T04:27:48.363+0000] {logging_mixin.py:190} INFO - Task instance in success state
[2025-03-13T04:27:48.379+0000] {logging_mixin.py:190} INFO -  Previous state of the Task instance: running
[2025-03-13T04:27:48.383+0000] {logging_mixin.py:190} INFO - Dag name:data_ingestion_gcs_dag queued_at:2025-03-13 04:27:29.553733+00:00
[2025-03-13T04:27:48.386+0000] {logging_mixin.py:190} INFO - Task hostname:b0577ed9eb82 operator:BashOperator
[2025-03-13T04:27:48.506+0000] {local_task_job_runner.py:266} INFO - Task exited with return code 0
[2025-03-13T04:27:48.729+0000] {taskinstance.py:3901} INFO - 1 downstream tasks scheduled from follow-on schedule check
[2025-03-13T04:27:48.740+0000] {local_task_job_runner.py:245} INFO - ::endgroup::
