[2025-03-13T03:52:48.953+0000] {local_task_job_runner.py:123} INFO - ::group::Pre task execution logs
[2025-03-13T03:52:49.141+0000] {taskinstance.py:2614} INFO - Dependencies all met for dep_context=non-requeueable deps ti=<TaskInstance: data_ingestion_gcs_dag.download_2024_q4 manual__2025-03-13T03:52:32.009969+00:00 [queued]>
[2025-03-13T03:52:49.174+0000] {taskinstance.py:2614} INFO - Dependencies all met for dep_context=requeueable deps ti=<TaskInstance: data_ingestion_gcs_dag.download_2024_q4 manual__2025-03-13T03:52:32.009969+00:00 [queued]>
[2025-03-13T03:52:49.177+0000] {taskinstance.py:2867} INFO - Starting attempt 1 of 2
[2025-03-13T03:52:49.283+0000] {taskinstance.py:2890} INFO - Executing <Task(BashOperator): download_2024_q4> on 2025-03-13 03:52:32.009969+00:00
[2025-03-13T03:52:49.321+0000] {warnings.py:112} WARNING - /home/***/.local/lib/python3.12/site-packages/***/task/task_runner/standard_task_runner.py:70: DeprecationWarning: This process (pid=556) is multi-threaded, use of fork() may lead to deadlocks in the child.
  pid = os.fork()

[2025-03-13T03:52:49.335+0000] {standard_task_runner.py:72} INFO - Started process 575 to run task
[2025-03-13T03:52:49.341+0000] {standard_task_runner.py:104} INFO - Running: ['***', 'tasks', 'run', 'data_ingestion_gcs_dag', 'download_2024_q4', 'manual__2025-03-13T03:52:32.009969+00:00', '--job-id', '454', '--raw', '--subdir', 'DAGS_FOLDER/data_ingestion_gcs_dag.py', '--cfg-path', '/tmp/tmp25im3nqv']
[2025-03-13T03:52:49.362+0000] {standard_task_runner.py:105} INFO - Job 454: Subtask download_2024_q4
[2025-03-13T03:52:49.622+0000] {task_command.py:467} INFO - Running <TaskInstance: data_ingestion_gcs_dag.download_2024_q4 manual__2025-03-13T03:52:32.009969+00:00 [running]> on host b0577ed9eb82
[2025-03-13T03:52:50.008+0000] {taskinstance.py:3134} INFO - Exporting env vars: AIRFLOW_CTX_DAG_OWNER='***' AIRFLOW_CTX_DAG_ID='data_ingestion_gcs_dag' AIRFLOW_CTX_TASK_ID='download_2024_q4' AIRFLOW_CTX_EXECUTION_DATE='2025-03-13T03:52:32.009969+00:00' AIRFLOW_CTX_TRY_NUMBER='1' AIRFLOW_CTX_DAG_RUN_ID='manual__2025-03-13T03:52:32.009969+00:00'
[2025-03-13T03:52:50.018+0000] {logging_mixin.py:190} INFO - Task instance is in running state
[2025-03-13T03:52:50.021+0000] {logging_mixin.py:190} INFO -  Previous state of the Task instance: queued
[2025-03-13T03:52:50.024+0000] {logging_mixin.py:190} INFO - Current task name:download_2024_q4 state:running start_date:2025-03-13 03:52:49.144721+00:00
[2025-03-13T03:52:50.025+0000] {logging_mixin.py:190} INFO - Dag name:data_ingestion_gcs_dag and current dag run status:running
[2025-03-13T03:52:50.028+0000] {taskinstance.py:732} INFO - ::endgroup::
[2025-03-13T03:52:50.032+0000] {subprocess.py:78} INFO - Tmp dir root location: /tmp
[2025-03-13T03:52:50.038+0000] {subprocess.py:88} INFO - Running command: ['/usr/bin/bash', '-c', 'curl -sSL -o /opt/***/indego-trips-2024-q4.zip https://www.rideindego.com/wp-content/uploads/2025/01/indego-trips-2024-q4.zip && ls -lh /opt/***/indego-trips-2024-q4.zip']
[2025-03-13T03:52:50.095+0000] {subprocess.py:99} INFO - Output:
[2025-03-13T03:52:54.082+0000] {subprocess.py:106} INFO - -rw-rw-r-- 1 default root 5.9M Mar 13 03:52 /opt/***/indego-trips-2024-q4.zip
[2025-03-13T03:52:54.100+0000] {subprocess.py:110} INFO - Command exited with return code 0
[2025-03-13T03:52:54.392+0000] {taskinstance.py:341} INFO - ::group::Post task execution logs
[2025-03-13T03:52:54.394+0000] {taskinstance.py:353} INFO - Marking task as SUCCESS. dag_id=data_ingestion_gcs_dag, task_id=download_2024_q4, run_id=manual__2025-03-13T03:52:32.009969+00:00, execution_date=20250313T035232, start_date=20250313T035249, end_date=20250313T035254
[2025-03-13T03:52:54.571+0000] {logging_mixin.py:190} INFO - Task instance in success state
[2025-03-13T03:52:54.588+0000] {logging_mixin.py:190} INFO -  Previous state of the Task instance: running
[2025-03-13T03:52:54.608+0000] {logging_mixin.py:190} INFO - Dag name:data_ingestion_gcs_dag queued_at:2025-03-13 03:52:32.040402+00:00
[2025-03-13T03:52:54.609+0000] {logging_mixin.py:190} INFO - Task hostname:b0577ed9eb82 operator:BashOperator
[2025-03-13T03:52:54.659+0000] {local_task_job_runner.py:266} INFO - Task exited with return code 0
[2025-03-13T03:52:54.700+0000] {local_task_job_runner.py:245} INFO - ::endgroup::
