[2025-03-16T21:58:19.296+0000] {local_task_job_runner.py:123} INFO - ::group::Pre task execution logs
[2025-03-16T21:58:19.479+0000] {taskinstance.py:2614} INFO - Dependencies all met for dep_context=non-requeueable deps ti=<TaskInstance: data_ingestion_gcs_dag.format_parquet_2023_q2 manual__2025-03-16T21:57:44.781145+00:00 [queued]>
[2025-03-16T21:58:19.526+0000] {taskinstance.py:2614} INFO - Dependencies all met for dep_context=requeueable deps ti=<TaskInstance: data_ingestion_gcs_dag.format_parquet_2023_q2 manual__2025-03-16T21:57:44.781145+00:00 [queued]>
[2025-03-16T21:58:19.531+0000] {taskinstance.py:2867} INFO - Starting attempt 1 of 2
[2025-03-16T21:58:19.604+0000] {taskinstance.py:2890} INFO - Executing <Task(PythonOperator): format_parquet_2023_q2> on 2025-03-16 21:57:44.781145+00:00
[2025-03-16T21:58:19.634+0000] {warnings.py:112} WARNING - /home/***/.local/lib/python3.12/site-packages/***/task/task_runner/standard_task_runner.py:70: DeprecationWarning: This process (pid=910) is multi-threaded, use of fork() may lead to deadlocks in the child.
  pid = os.fork()

[2025-03-16T21:58:19.644+0000] {standard_task_runner.py:104} INFO - Running: ['***', 'tasks', 'run', 'data_ingestion_gcs_dag', 'format_parquet_2023_q2', 'manual__2025-03-16T21:57:44.781145+00:00', '--job-id', '715', '--raw', '--subdir', 'DAGS_FOLDER/data_ingestion_gcs_dag.py', '--cfg-path', '/tmp/tmp5now715d']
[2025-03-16T21:58:19.653+0000] {standard_task_runner.py:105} INFO - Job 715: Subtask format_parquet_2023_q2
[2025-03-16T21:58:19.653+0000] {standard_task_runner.py:72} INFO - Started process 941 to run task
[2025-03-16T21:58:20.043+0000] {task_command.py:467} INFO - Running <TaskInstance: data_ingestion_gcs_dag.format_parquet_2023_q2 manual__2025-03-16T21:57:44.781145+00:00 [running]> on host 5c7a1daace86
[2025-03-16T21:58:20.736+0000] {taskinstance.py:3134} INFO - Exporting env vars: AIRFLOW_CTX_DAG_OWNER='***' AIRFLOW_CTX_DAG_ID='data_ingestion_gcs_dag' AIRFLOW_CTX_TASK_ID='format_parquet_2023_q2' AIRFLOW_CTX_EXECUTION_DATE='2025-03-16T21:57:44.781145+00:00' AIRFLOW_CTX_TRY_NUMBER='1' AIRFLOW_CTX_DAG_RUN_ID='manual__2025-03-16T21:57:44.781145+00:00'
[2025-03-16T21:58:20.763+0000] {logging_mixin.py:190} INFO - Task instance is in running state
[2025-03-16T21:58:20.766+0000] {logging_mixin.py:190} INFO -  Previous state of the Task instance: queued
[2025-03-16T21:58:20.768+0000] {logging_mixin.py:190} INFO - Current task name:format_parquet_2023_q2 state:running start_date:2025-03-16 21:58:19.493234+00:00
[2025-03-16T21:58:20.770+0000] {logging_mixin.py:190} INFO - Dag name:data_ingestion_gcs_dag and current dag run status:running
[2025-03-16T21:58:20.780+0000] {taskinstance.py:732} INFO - ::endgroup::
[2025-03-16T21:58:23.521+0000] {data_ingestion_gcs_dag.py:67} INFO - Converted indego-trips-2023-q2.csv to /opt/***/indego-trips-2023-q2.parquet
[2025-03-16T21:58:23.544+0000] {python.py:240} INFO - Done. Returned value was: None
[2025-03-16T21:58:23.693+0000] {taskinstance.py:341} INFO - ::group::Post task execution logs
[2025-03-16T21:58:23.699+0000] {taskinstance.py:353} INFO - Marking task as SUCCESS. dag_id=data_ingestion_gcs_dag, task_id=format_parquet_2023_q2, run_id=manual__2025-03-16T21:57:44.781145+00:00, execution_date=20250316T215744, start_date=20250316T215819, end_date=20250316T215823
[2025-03-16T21:58:23.862+0000] {logging_mixin.py:190} INFO - Task instance in success state
[2025-03-16T21:58:23.863+0000] {logging_mixin.py:190} INFO -  Previous state of the Task instance: running
[2025-03-16T21:58:23.864+0000] {logging_mixin.py:190} INFO - Dag name:data_ingestion_gcs_dag queued_at:2025-03-16 21:57:44.854634+00:00
[2025-03-16T21:58:23.866+0000] {logging_mixin.py:190} INFO - Task hostname:5c7a1daace86 operator:PythonOperator
[2025-03-16T21:58:24.079+0000] {local_task_job_runner.py:266} INFO - Task exited with return code 0
[2025-03-16T21:58:24.277+0000] {taskinstance.py:3901} INFO - 0 downstream tasks scheduled from follow-on schedule check
[2025-03-16T21:58:24.288+0000] {local_task_job_runner.py:245} INFO - ::endgroup::
