[2025-03-13T04:06:30.959+0000] {local_task_job_runner.py:123} INFO - ::group::Pre task execution logs
[2025-03-13T04:06:31.038+0000] {taskinstance.py:2614} INFO - Dependencies all met for dep_context=non-requeueable deps ti=<TaskInstance: data_ingestion_gcs_dag.format_parquet_2023_q3 manual__2025-03-13T04:00:50.830640+00:00 [queued]>
[2025-03-13T04:06:31.068+0000] {taskinstance.py:2614} INFO - Dependencies all met for dep_context=requeueable deps ti=<TaskInstance: data_ingestion_gcs_dag.format_parquet_2023_q3 manual__2025-03-13T04:00:50.830640+00:00 [queued]>
[2025-03-13T04:06:31.069+0000] {taskinstance.py:2867} INFO - Starting attempt 2 of 2
[2025-03-13T04:06:31.110+0000] {taskinstance.py:2890} INFO - Executing <Task(PythonOperator): format_parquet_2023_q3> on 2025-03-13 04:00:50.830640+00:00
[2025-03-13T04:06:31.123+0000] {warnings.py:112} WARNING - /home/***/.local/lib/python3.12/site-packages/***/task/task_runner/standard_task_runner.py:70: DeprecationWarning: This process (pid=1183) is multi-threaded, use of fork() may lead to deadlocks in the child.
  pid = os.fork()

[2025-03-13T04:06:31.128+0000] {standard_task_runner.py:72} INFO - Started process 1221 to run task
[2025-03-13T04:06:31.137+0000] {standard_task_runner.py:104} INFO - Running: ['***', 'tasks', 'run', 'data_ingestion_gcs_dag', 'format_parquet_2023_q3', 'manual__2025-03-13T04:00:50.830640+00:00', '--job-id', '497', '--raw', '--subdir', 'DAGS_FOLDER/data_ingestion_gcs_dag.py', '--cfg-path', '/tmp/tmpw4tbqs5p']
[2025-03-13T04:06:31.140+0000] {standard_task_runner.py:105} INFO - Job 497: Subtask format_parquet_2023_q3
[2025-03-13T04:06:31.302+0000] {task_command.py:467} INFO - Running <TaskInstance: data_ingestion_gcs_dag.format_parquet_2023_q3 manual__2025-03-13T04:00:50.830640+00:00 [running]> on host b0577ed9eb82
[2025-03-13T04:06:31.582+0000] {taskinstance.py:3134} INFO - Exporting env vars: AIRFLOW_CTX_DAG_OWNER='***' AIRFLOW_CTX_DAG_ID='data_ingestion_gcs_dag' AIRFLOW_CTX_TASK_ID='format_parquet_2023_q3' AIRFLOW_CTX_EXECUTION_DATE='2025-03-13T04:00:50.830640+00:00' AIRFLOW_CTX_TRY_NUMBER='2' AIRFLOW_CTX_DAG_RUN_ID='manual__2025-03-13T04:00:50.830640+00:00'
[2025-03-13T04:06:31.589+0000] {logging_mixin.py:190} INFO - Task instance is in running state
[2025-03-13T04:06:31.591+0000] {logging_mixin.py:190} INFO -  Previous state of the Task instance: queued
[2025-03-13T04:06:31.593+0000] {logging_mixin.py:190} INFO - Current task name:format_parquet_2023_q3 state:running start_date:2025-03-13 04:06:31.039728+00:00
[2025-03-13T04:06:31.598+0000] {logging_mixin.py:190} INFO - Dag name:data_ingestion_gcs_dag and current dag run status:running
[2025-03-13T04:06:31.599+0000] {taskinstance.py:732} INFO - ::endgroup::
[2025-03-13T04:06:33.877+0000] {data_ingestion_gcs_dag.py:58} INFO - Converted indego-trips-2023-q3-2.csv to /opt/***/indego-trips-2023-q3.parquet
[2025-03-13T04:06:33.879+0000] {python.py:240} INFO - Done. Returned value was: None
[2025-03-13T04:06:33.913+0000] {taskinstance.py:341} INFO - ::group::Post task execution logs
[2025-03-13T04:06:33.915+0000] {taskinstance.py:353} INFO - Marking task as SUCCESS. dag_id=data_ingestion_gcs_dag, task_id=format_parquet_2023_q3, run_id=manual__2025-03-13T04:00:50.830640+00:00, execution_date=20250313T040050, start_date=20250313T040631, end_date=20250313T040633
[2025-03-13T04:06:33.999+0000] {logging_mixin.py:190} INFO - Task instance in success state
[2025-03-13T04:06:34.002+0000] {logging_mixin.py:190} INFO -  Previous state of the Task instance: running
[2025-03-13T04:06:34.003+0000] {logging_mixin.py:190} INFO - Dag name:data_ingestion_gcs_dag queued_at:2025-03-13 04:00:50.872907+00:00
[2025-03-13T04:06:34.004+0000] {logging_mixin.py:190} INFO - Task hostname:b0577ed9eb82 operator:PythonOperator
[2025-03-13T04:06:34.079+0000] {local_task_job_runner.py:266} INFO - Task exited with return code 0
[2025-03-13T04:06:34.205+0000] {taskinstance.py:3901} INFO - 1 downstream tasks scheduled from follow-on schedule check
[2025-03-13T04:06:34.223+0000] {local_task_job_runner.py:245} INFO - ::endgroup::
