[2025-03-16T17:53:12.192+0000] {local_task_job_runner.py:123} INFO - ::group::Pre task execution logs
[2025-03-16T17:53:12.248+0000] {taskinstance.py:2614} INFO - Dependencies all met for dep_context=non-requeueable deps ti=<TaskInstance: data_ingestion_gcs_dag.format_parquet_2024_q3 scheduled__2025-03-15T00:00:00+00:00 [queued]>
[2025-03-16T17:53:12.295+0000] {taskinstance.py:2614} INFO - Dependencies all met for dep_context=requeueable deps ti=<TaskInstance: data_ingestion_gcs_dag.format_parquet_2024_q3 scheduled__2025-03-15T00:00:00+00:00 [queued]>
[2025-03-16T17:53:12.296+0000] {taskinstance.py:2867} INFO - Starting attempt 1 of 2
[2025-03-16T17:53:12.355+0000] {taskinstance.py:2890} INFO - Executing <Task(PythonOperator): format_parquet_2024_q3> on 2025-03-15 00:00:00+00:00
[2025-03-16T17:53:12.378+0000] {warnings.py:112} WARNING - /home/***/.local/lib/python3.12/site-packages/***/task/task_runner/standard_task_runner.py:70: DeprecationWarning: This process (pid=334) is multi-threaded, use of fork() may lead to deadlocks in the child.
  pid = os.fork()

[2025-03-16T17:53:12.381+0000] {standard_task_runner.py:72} INFO - Started process 367 to run task
[2025-03-16T17:53:12.392+0000] {standard_task_runner.py:104} INFO - Running: ['***', 'tasks', 'run', 'data_ingestion_gcs_dag', 'format_parquet_2024_q3', 'scheduled__2025-03-15T00:00:00+00:00', '--job-id', '656', '--raw', '--subdir', 'DAGS_FOLDER/data_ingestion_gcs_dag.py', '--cfg-path', '/tmp/tmp0pj27j6g']
[2025-03-16T17:53:12.419+0000] {standard_task_runner.py:105} INFO - Job 656: Subtask format_parquet_2024_q3
[2025-03-16T17:53:12.624+0000] {task_command.py:467} INFO - Running <TaskInstance: data_ingestion_gcs_dag.format_parquet_2024_q3 scheduled__2025-03-15T00:00:00+00:00 [running]> on host b0577ed9eb82
[2025-03-16T17:53:12.927+0000] {taskinstance.py:3134} INFO - Exporting env vars: AIRFLOW_CTX_DAG_OWNER='***' AIRFLOW_CTX_DAG_ID='data_ingestion_gcs_dag' AIRFLOW_CTX_TASK_ID='format_parquet_2024_q3' AIRFLOW_CTX_EXECUTION_DATE='2025-03-15T00:00:00+00:00' AIRFLOW_CTX_TRY_NUMBER='1' AIRFLOW_CTX_DAG_RUN_ID='scheduled__2025-03-15T00:00:00+00:00'
[2025-03-16T17:53:12.930+0000] {logging_mixin.py:190} INFO - Task instance is in running state
[2025-03-16T17:53:12.932+0000] {logging_mixin.py:190} INFO -  Previous state of the Task instance: queued
[2025-03-16T17:53:12.946+0000] {logging_mixin.py:190} INFO - Current task name:format_parquet_2024_q3 state:running start_date:2025-03-16 17:53:12.249038+00:00
[2025-03-16T17:53:12.947+0000] {logging_mixin.py:190} INFO - Dag name:data_ingestion_gcs_dag and current dag run status:running
[2025-03-16T17:53:12.949+0000] {taskinstance.py:732} INFO - ::endgroup::
[2025-03-16T17:53:15.780+0000] {data_ingestion_gcs_dag.py:61} INFO - Converted indego-trips-2024-q3.csv to /opt/***/indego-trips-2024-q3.parquet
[2025-03-16T17:53:15.786+0000] {python.py:240} INFO - Done. Returned value was: None
[2025-03-16T17:53:15.824+0000] {taskinstance.py:341} INFO - ::group::Post task execution logs
[2025-03-16T17:53:15.825+0000] {taskinstance.py:353} INFO - Marking task as SUCCESS. dag_id=data_ingestion_gcs_dag, task_id=format_parquet_2024_q3, run_id=scheduled__2025-03-15T00:00:00+00:00, execution_date=20250315T000000, start_date=20250316T175312, end_date=20250316T175315
[2025-03-16T17:53:15.880+0000] {logging_mixin.py:190} INFO - Task instance in success state
[2025-03-16T17:53:15.881+0000] {logging_mixin.py:190} INFO -  Previous state of the Task instance: running
[2025-03-16T17:53:15.882+0000] {logging_mixin.py:190} INFO - Dag name:data_ingestion_gcs_dag queued_at:2025-03-16 17:52:58.267919+00:00
[2025-03-16T17:53:15.883+0000] {logging_mixin.py:190} INFO - Task hostname:b0577ed9eb82 operator:PythonOperator
[2025-03-16T17:53:15.934+0000] {local_task_job_runner.py:266} INFO - Task exited with return code 0
[2025-03-16T17:53:16.023+0000] {taskinstance.py:3901} INFO - 0 downstream tasks scheduled from follow-on schedule check
[2025-03-16T17:53:16.030+0000] {local_task_job_runner.py:245} INFO - ::endgroup::
[2025-03-16T18:50:28.879+0000] {local_task_job_runner.py:123} INFO - ::group::Pre task execution logs
[2025-03-16T18:50:29.392+0000] {taskinstance.py:2614} INFO - Dependencies all met for dep_context=non-requeueable deps ti=<TaskInstance: data_ingestion_gcs_dag.format_parquet_2024_q3 scheduled__2025-03-15T00:00:00+00:00 [queued]>
[2025-03-16T18:50:29.481+0000] {taskinstance.py:2614} INFO - Dependencies all met for dep_context=requeueable deps ti=<TaskInstance: data_ingestion_gcs_dag.format_parquet_2024_q3 scheduled__2025-03-15T00:00:00+00:00 [queued]>
[2025-03-16T18:50:29.485+0000] {taskinstance.py:2867} INFO - Starting attempt 1 of 2
[2025-03-16T18:50:29.578+0000] {taskinstance.py:2890} INFO - Executing <Task(PythonOperator): format_parquet_2024_q3> on 2025-03-15 00:00:00+00:00
[2025-03-16T18:50:29.691+0000] {standard_task_runner.py:104} INFO - Running: ['***', 'tasks', 'run', 'data_ingestion_gcs_dag', 'format_parquet_2024_q3', 'scheduled__2025-03-15T00:00:00+00:00', '--job-id', '12', '--raw', '--subdir', 'DAGS_FOLDER/data_ingestion_gcs.py', '--cfg-path', '/tmp/tmpzllfazcm']
[2025-03-16T18:50:29.675+0000] {warnings.py:112} WARNING - /home/***/.local/lib/python3.12/site-packages/***/task/task_runner/standard_task_runner.py:70: DeprecationWarning: This process (pid=202) is multi-threaded, use of fork() may lead to deadlocks in the child.
  pid = os.fork()

[2025-03-16T18:50:29.744+0000] {standard_task_runner.py:72} INFO - Started process 228 to run task
[2025-03-16T18:50:29.741+0000] {standard_task_runner.py:105} INFO - Job 12: Subtask format_parquet_2024_q3
[2025-03-16T18:50:30.424+0000] {task_command.py:467} INFO - Running <TaskInstance: data_ingestion_gcs_dag.format_parquet_2024_q3 scheduled__2025-03-15T00:00:00+00:00 [running]> on host ea596c643a9a
[2025-03-16T18:50:31.672+0000] {taskinstance.py:3134} INFO - Exporting env vars: AIRFLOW_CTX_DAG_OWNER='***' AIRFLOW_CTX_DAG_ID='data_ingestion_gcs_dag' AIRFLOW_CTX_TASK_ID='format_parquet_2024_q3' AIRFLOW_CTX_EXECUTION_DATE='2025-03-15T00:00:00+00:00' AIRFLOW_CTX_TRY_NUMBER='1' AIRFLOW_CTX_DAG_RUN_ID='scheduled__2025-03-15T00:00:00+00:00'
[2025-03-16T18:50:31.712+0000] {logging_mixin.py:190} INFO - Task instance is in running state
[2025-03-16T18:50:31.726+0000] {logging_mixin.py:190} INFO -  Previous state of the Task instance: queued
[2025-03-16T18:50:31.735+0000] {logging_mixin.py:190} INFO - Current task name:format_parquet_2024_q3 state:running start_date:2025-03-16 18:50:29.417470+00:00
[2025-03-16T18:50:31.750+0000] {logging_mixin.py:190} INFO - Dag name:data_ingestion_gcs_dag and current dag run status:running
[2025-03-16T18:50:31.752+0000] {taskinstance.py:732} INFO - ::endgroup::
[2025-03-16T18:50:38.735+0000] {data_ingestion_gcs.py:61} INFO - Converted indego-trips-2024-q3.csv to /opt/***/indego-trips-2024-q3.parquet
[2025-03-16T18:50:38.748+0000] {python.py:240} INFO - Done. Returned value was: None
[2025-03-16T18:50:38.835+0000] {taskinstance.py:341} INFO - ::group::Post task execution logs
[2025-03-16T18:50:38.836+0000] {taskinstance.py:353} INFO - Marking task as SUCCESS. dag_id=data_ingestion_gcs_dag, task_id=format_parquet_2024_q3, run_id=scheduled__2025-03-15T00:00:00+00:00, execution_date=20250315T000000, start_date=20250316T185029, end_date=20250316T185038
[2025-03-16T18:50:39.003+0000] {logging_mixin.py:190} INFO - Task instance in success state
[2025-03-16T18:50:39.005+0000] {logging_mixin.py:190} INFO -  Previous state of the Task instance: running
[2025-03-16T18:50:39.006+0000] {logging_mixin.py:190} INFO - Dag name:data_ingestion_gcs_dag queued_at:2025-03-16 18:49:30.868563+00:00
[2025-03-16T18:50:39.007+0000] {logging_mixin.py:190} INFO - Task hostname:ea596c643a9a operator:PythonOperator
[2025-03-16T18:50:39.206+0000] {local_task_job_runner.py:266} INFO - Task exited with return code 0
[2025-03-16T18:50:39.730+0000] {taskinstance.py:3901} INFO - 0 downstream tasks scheduled from follow-on schedule check
[2025-03-16T18:50:39.742+0000] {local_task_job_runner.py:245} INFO - ::endgroup::
