[2025-03-13T04:28:01.193+0000] {local_task_job_runner.py:123} INFO - ::group::Pre task execution logs
[2025-03-13T04:28:01.314+0000] {taskinstance.py:2614} INFO - Dependencies all met for dep_context=non-requeueable deps ti=<TaskInstance: data_ingestion_gcs_dag.format_parquet_2024_q2 manual__2025-03-13T04:27:29.456728+00:00 [queued]>
[2025-03-13T04:28:01.377+0000] {taskinstance.py:2614} INFO - Dependencies all met for dep_context=requeueable deps ti=<TaskInstance: data_ingestion_gcs_dag.format_parquet_2024_q2 manual__2025-03-13T04:27:29.456728+00:00 [queued]>
[2025-03-13T04:28:01.383+0000] {taskinstance.py:2867} INFO - Starting attempt 1 of 2
[2025-03-13T04:28:01.487+0000] {taskinstance.py:2890} INFO - Executing <Task(PythonOperator): format_parquet_2024_q2> on 2025-03-13 04:27:29.456728+00:00
[2025-03-13T04:28:01.569+0000] {warnings.py:112} WARNING - /home/***/.local/lib/python3.12/site-packages/***/task/task_runner/standard_task_runner.py:70: DeprecationWarning: This process (pid=1856) is multi-threaded, use of fork() may lead to deadlocks in the child.
  pid = os.fork()

[2025-03-13T04:28:01.579+0000] {standard_task_runner.py:72} INFO - Started process 1917 to run task
[2025-03-13T04:28:01.567+0000] {standard_task_runner.py:104} INFO - Running: ['***', 'tasks', 'run', 'data_ingestion_gcs_dag', 'format_parquet_2024_q2', 'manual__2025-03-13T04:27:29.456728+00:00', '--job-id', '552', '--raw', '--subdir', 'DAGS_FOLDER/data_ingestion_gcs_dag.py', '--cfg-path', '/tmp/tmp07jv4jxs']
[2025-03-13T04:28:01.607+0000] {standard_task_runner.py:105} INFO - Job 552: Subtask format_parquet_2024_q2
[2025-03-13T04:28:01.753+0000] {task_command.py:467} INFO - Running <TaskInstance: data_ingestion_gcs_dag.format_parquet_2024_q2 manual__2025-03-13T04:27:29.456728+00:00 [running]> on host b0577ed9eb82
[2025-03-13T04:28:02.048+0000] {taskinstance.py:3134} INFO - Exporting env vars: AIRFLOW_CTX_DAG_OWNER='***' AIRFLOW_CTX_DAG_ID='data_ingestion_gcs_dag' AIRFLOW_CTX_TASK_ID='format_parquet_2024_q2' AIRFLOW_CTX_EXECUTION_DATE='2025-03-13T04:27:29.456728+00:00' AIRFLOW_CTX_TRY_NUMBER='1' AIRFLOW_CTX_DAG_RUN_ID='manual__2025-03-13T04:27:29.456728+00:00'
[2025-03-13T04:28:02.058+0000] {logging_mixin.py:190} INFO - Task instance is in running state
[2025-03-13T04:28:02.060+0000] {logging_mixin.py:190} INFO -  Previous state of the Task instance: queued
[2025-03-13T04:28:02.061+0000] {logging_mixin.py:190} INFO - Current task name:format_parquet_2024_q2 state:running start_date:2025-03-13 04:28:01.316080+00:00
[2025-03-13T04:28:02.062+0000] {logging_mixin.py:190} INFO - Dag name:data_ingestion_gcs_dag and current dag run status:running
[2025-03-13T04:28:02.063+0000] {taskinstance.py:732} INFO - ::endgroup::
[2025-03-13T04:28:03.860+0000] {data_ingestion_gcs_dag.py:61} INFO - Converted indego-trips-2024-q2.csv to /opt/***/indego-trips-2024-q2.parquet
[2025-03-13T04:28:03.862+0000] {python.py:240} INFO - Done. Returned value was: None
[2025-03-13T04:28:03.879+0000] {taskinstance.py:341} INFO - ::group::Post task execution logs
[2025-03-13T04:28:03.880+0000] {taskinstance.py:353} INFO - Marking task as SUCCESS. dag_id=data_ingestion_gcs_dag, task_id=format_parquet_2024_q2, run_id=manual__2025-03-13T04:27:29.456728+00:00, execution_date=20250313T042729, start_date=20250313T042801, end_date=20250313T042803
[2025-03-13T04:28:03.982+0000] {logging_mixin.py:190} INFO - Task instance in success state
[2025-03-13T04:28:03.984+0000] {logging_mixin.py:190} INFO -  Previous state of the Task instance: running
[2025-03-13T04:28:03.985+0000] {logging_mixin.py:190} INFO - Dag name:data_ingestion_gcs_dag queued_at:2025-03-13 04:27:29.553733+00:00
[2025-03-13T04:28:03.986+0000] {logging_mixin.py:190} INFO - Task hostname:b0577ed9eb82 operator:PythonOperator
[2025-03-13T04:28:04.023+0000] {local_task_job_runner.py:266} INFO - Task exited with return code 0
[2025-03-13T04:28:04.090+0000] {taskinstance.py:3901} INFO - 1 downstream tasks scheduled from follow-on schedule check
[2025-03-13T04:28:04.093+0000] {local_task_job_runner.py:245} INFO - ::endgroup::
