[2025-03-12T04:02:02.709+0000] {local_task_job_runner.py:123} INFO - ::group::Pre task execution logs
[2025-03-12T04:02:02.744+0000] {taskinstance.py:2614} INFO - Dependencies all met for dep_context=non-requeueable deps ti=<TaskInstance: data_ingestion_gcs_dag.bigquery_external_table_task manual__2025-03-12T04:01:41.022774+00:00 [queued]>
[2025-03-12T04:02:02.761+0000] {taskinstance.py:2614} INFO - Dependencies all met for dep_context=requeueable deps ti=<TaskInstance: data_ingestion_gcs_dag.bigquery_external_table_task manual__2025-03-12T04:01:41.022774+00:00 [queued]>
[2025-03-12T04:02:02.761+0000] {taskinstance.py:2867} INFO - Starting attempt 1 of 2
[2025-03-12T04:02:02.784+0000] {taskinstance.py:2890} INFO - Executing <Task(BigQueryCreateExternalTableOperator): bigquery_external_table_task> on 2025-03-12 04:01:41.022774+00:00
[2025-03-12T04:02:02.794+0000] {warnings.py:112} WARNING - /home/***/.local/lib/python3.12/site-packages/***/task/task_runner/standard_task_runner.py:70: DeprecationWarning: This process (pid=634) is multi-threaded, use of fork() may lead to deadlocks in the child.
  pid = os.fork()

[2025-03-12T04:02:02.796+0000] {standard_task_runner.py:72} INFO - Started process 643 to run task
[2025-03-12T04:02:02.797+0000] {standard_task_runner.py:104} INFO - Running: ['***', 'tasks', 'run', 'data_ingestion_gcs_dag', 'bigquery_external_table_task', 'manual__2025-03-12T04:01:41.022774+00:00', '--job-id', '299', '--raw', '--subdir', 'DAGS_FOLDER/data_ingestion_gcs_dag.py', '--cfg-path', '/tmp/tmpzd2t4ciy']
[2025-03-12T04:02:02.798+0000] {standard_task_runner.py:105} INFO - Job 299: Subtask bigquery_external_table_task
[2025-03-12T04:02:02.860+0000] {task_command.py:467} INFO - Running <TaskInstance: data_ingestion_gcs_dag.bigquery_external_table_task manual__2025-03-12T04:01:41.022774+00:00 [running]> on host b0577ed9eb82
[2025-03-12T04:02:02.990+0000] {taskinstance.py:3134} INFO - Exporting env vars: AIRFLOW_CTX_DAG_OWNER='***' AIRFLOW_CTX_DAG_ID='data_ingestion_gcs_dag' AIRFLOW_CTX_TASK_ID='bigquery_external_table_task' AIRFLOW_CTX_EXECUTION_DATE='2025-03-12T04:01:41.022774+00:00' AIRFLOW_CTX_TRY_NUMBER='1' AIRFLOW_CTX_DAG_RUN_ID='manual__2025-03-12T04:01:41.022774+00:00'
[2025-03-12T04:02:02.992+0000] {logging_mixin.py:190} INFO - Task instance is in running state
[2025-03-12T04:02:02.993+0000] {logging_mixin.py:190} INFO -  Previous state of the Task instance: queued
[2025-03-12T04:02:02.994+0000] {logging_mixin.py:190} INFO - Current task name:bigquery_external_table_task state:running start_date:2025-03-12 04:02:02.744965+00:00
[2025-03-12T04:02:02.994+0000] {logging_mixin.py:190} INFO - Dag name:data_ingestion_gcs_dag and current dag run status:running
[2025-03-12T04:02:02.995+0000] {taskinstance.py:732} INFO - ::endgroup::
[2025-03-12T04:02:02.997+0000] {crypto.py:82} WARNING - empty cryptography key - values will not be stored encrypted.
[2025-03-12T04:02:02.998+0000] {connection.py:277} WARNING - Connection schemes (type: google_cloud_platform) shall not contain '_' according to RFC3986.
[2025-03-12T04:02:03.000+0000] {base.py:84} INFO - Retrieving connection 'google_cloud_default'
[2025-03-12T04:02:03.894+0000] {taskinstance.py:341} INFO - ::group::Post task execution logs
[2025-03-12T04:02:03.895+0000] {taskinstance.py:353} INFO - Marking task as SUCCESS. dag_id=data_ingestion_gcs_dag, task_id=bigquery_external_table_task, run_id=manual__2025-03-12T04:01:41.022774+00:00, execution_date=20250312T040141, start_date=20250312T040202, end_date=20250312T040203
[2025-03-12T04:02:03.930+0000] {logging_mixin.py:190} INFO - Task instance in success state
[2025-03-12T04:02:03.931+0000] {logging_mixin.py:190} INFO -  Previous state of the Task instance: running
[2025-03-12T04:02:03.931+0000] {logging_mixin.py:190} INFO - Dag name:data_ingestion_gcs_dag queued_at:2025-03-12 04:01:41.056742+00:00
[2025-03-12T04:02:03.932+0000] {logging_mixin.py:190} INFO - Task hostname:b0577ed9eb82 operator:BigQueryCreateExternalTableOperator
[2025-03-12T04:02:03.976+0000] {local_task_job_runner.py:266} INFO - Task exited with return code 0
[2025-03-12T04:02:04.004+0000] {taskinstance.py:3901} INFO - 0 downstream tasks scheduled from follow-on schedule check
[2025-03-12T04:02:04.006+0000] {local_task_job_runner.py:245} INFO - ::endgroup::
