[2025-03-13T04:27:58.080+0000] {local_task_job_runner.py:123} INFO - ::group::Pre task execution logs
[2025-03-13T04:27:58.267+0000] {taskinstance.py:2614} INFO - Dependencies all met for dep_context=non-requeueable deps ti=<TaskInstance: data_ingestion_gcs_dag.format_parquet_2024_q1 manual__2025-03-13T04:27:29.456728+00:00 [queued]>
[2025-03-13T04:27:58.324+0000] {taskinstance.py:2614} INFO - Dependencies all met for dep_context=requeueable deps ti=<TaskInstance: data_ingestion_gcs_dag.format_parquet_2024_q1 manual__2025-03-13T04:27:29.456728+00:00 [queued]>
[2025-03-13T04:27:58.337+0000] {taskinstance.py:2867} INFO - Starting attempt 1 of 2
[2025-03-13T04:27:58.433+0000] {taskinstance.py:2890} INFO - Executing <Task(PythonOperator): format_parquet_2024_q1> on 2025-03-13 04:27:29.456728+00:00
[2025-03-13T04:27:58.457+0000] {warnings.py:112} WARNING - /home/***/.local/lib/python3.12/site-packages/***/task/task_runner/standard_task_runner.py:70: DeprecationWarning: This process (pid=1849) is multi-threaded, use of fork() may lead to deadlocks in the child.
  pid = os.fork()

[2025-03-13T04:27:58.464+0000] {standard_task_runner.py:72} INFO - Started process 1875 to run task
[2025-03-13T04:27:58.472+0000] {standard_task_runner.py:104} INFO - Running: ['***', 'tasks', 'run', 'data_ingestion_gcs_dag', 'format_parquet_2024_q1', 'manual__2025-03-13T04:27:29.456728+00:00', '--job-id', '546', '--raw', '--subdir', 'DAGS_FOLDER/data_ingestion_gcs_dag.py', '--cfg-path', '/tmp/tmpy4o82549']
[2025-03-13T04:27:58.532+0000] {standard_task_runner.py:105} INFO - Job 546: Subtask format_parquet_2024_q1
[2025-03-13T04:27:58.797+0000] {task_command.py:467} INFO - Running <TaskInstance: data_ingestion_gcs_dag.format_parquet_2024_q1 manual__2025-03-13T04:27:29.456728+00:00 [running]> on host b0577ed9eb82
[2025-03-13T04:27:59.303+0000] {taskinstance.py:3134} INFO - Exporting env vars: AIRFLOW_CTX_DAG_OWNER='***' AIRFLOW_CTX_DAG_ID='data_ingestion_gcs_dag' AIRFLOW_CTX_TASK_ID='format_parquet_2024_q1' AIRFLOW_CTX_EXECUTION_DATE='2025-03-13T04:27:29.456728+00:00' AIRFLOW_CTX_TRY_NUMBER='1' AIRFLOW_CTX_DAG_RUN_ID='manual__2025-03-13T04:27:29.456728+00:00'
[2025-03-13T04:27:59.307+0000] {logging_mixin.py:190} INFO - Task instance is in running state
[2025-03-13T04:27:59.309+0000] {logging_mixin.py:190} INFO -  Previous state of the Task instance: queued
[2025-03-13T04:27:59.313+0000] {logging_mixin.py:190} INFO - Current task name:format_parquet_2024_q1 state:running start_date:2025-03-13 04:27:58.273497+00:00
[2025-03-13T04:27:59.317+0000] {logging_mixin.py:190} INFO - Dag name:data_ingestion_gcs_dag and current dag run status:running
[2025-03-13T04:27:59.327+0000] {taskinstance.py:732} INFO - ::endgroup::
[2025-03-13T04:28:00.721+0000] {data_ingestion_gcs_dag.py:61} INFO - Converted indego-trips-2024-q1.csv to /opt/***/indego-trips-2024-q1.parquet
[2025-03-13T04:28:00.727+0000] {python.py:240} INFO - Done. Returned value was: None
[2025-03-13T04:28:00.796+0000] {taskinstance.py:341} INFO - ::group::Post task execution logs
[2025-03-13T04:28:00.798+0000] {taskinstance.py:353} INFO - Marking task as SUCCESS. dag_id=data_ingestion_gcs_dag, task_id=format_parquet_2024_q1, run_id=manual__2025-03-13T04:27:29.456728+00:00, execution_date=20250313T042729, start_date=20250313T042758, end_date=20250313T042800
[2025-03-13T04:28:00.923+0000] {logging_mixin.py:190} INFO - Task instance in success state
[2025-03-13T04:28:00.929+0000] {logging_mixin.py:190} INFO -  Previous state of the Task instance: running
[2025-03-13T04:28:00.930+0000] {logging_mixin.py:190} INFO - Dag name:data_ingestion_gcs_dag queued_at:2025-03-13 04:27:29.553733+00:00
[2025-03-13T04:28:00.932+0000] {logging_mixin.py:190} INFO - Task hostname:b0577ed9eb82 operator:PythonOperator
[2025-03-13T04:28:01.002+0000] {local_task_job_runner.py:266} INFO - Task exited with return code 0
[2025-03-13T04:28:01.163+0000] {taskinstance.py:3901} INFO - 0 downstream tasks scheduled from follow-on schedule check
[2025-03-13T04:28:01.181+0000] {local_task_job_runner.py:245} INFO - ::endgroup::
