[2025-03-16T18:54:41.681+0000] {local_task_job_runner.py:123} INFO - ::group::Pre task execution logs
[2025-03-16T18:54:41.800+0000] {taskinstance.py:2614} INFO - Dependencies all met for dep_context=non-requeueable deps ti=<TaskInstance: data_ingestion_gcs_dag.download_2024_q4 scheduled__2025-03-15T00:00:00+00:00 [queued]>
[2025-03-16T18:54:41.847+0000] {taskinstance.py:2614} INFO - Dependencies all met for dep_context=requeueable deps ti=<TaskInstance: data_ingestion_gcs_dag.download_2024_q4 scheduled__2025-03-15T00:00:00+00:00 [queued]>
[2025-03-16T18:54:41.852+0000] {taskinstance.py:2867} INFO - Starting attempt 2 of 2
[2025-03-16T18:54:41.951+0000] {taskinstance.py:2890} INFO - Executing <Task(BashOperator): download_2024_q4> on 2025-03-15 00:00:00+00:00
[2025-03-16T18:54:41.978+0000] {warnings.py:112} WARNING - /home/***/.local/lib/python3.12/site-packages/***/task/task_runner/standard_task_runner.py:70: DeprecationWarning: This process (pid=318) is multi-threaded, use of fork() may lead to deadlocks in the child.
  pid = os.fork()

[2025-03-16T18:54:41.990+0000] {standard_task_runner.py:72} INFO - Started process 326 to run task
[2025-03-16T18:54:41.990+0000] {standard_task_runner.py:104} INFO - Running: ['***', 'tasks', 'run', 'data_ingestion_gcs_dag', 'download_2024_q4', 'scheduled__2025-03-15T00:00:00+00:00', '--job-id', '17', '--raw', '--subdir', 'DAGS_FOLDER/data_ingestion_gcs.py', '--cfg-path', '/tmp/tmpjaxcvw2x']
[2025-03-16T18:54:41.993+0000] {standard_task_runner.py:105} INFO - Job 17: Subtask download_2024_q4
[2025-03-16T18:54:42.166+0000] {task_command.py:467} INFO - Running <TaskInstance: data_ingestion_gcs_dag.download_2024_q4 scheduled__2025-03-15T00:00:00+00:00 [running]> on host ea596c643a9a
[2025-03-16T18:54:42.385+0000] {taskinstance.py:3134} INFO - Exporting env vars: AIRFLOW_CTX_DAG_OWNER='***' AIRFLOW_CTX_DAG_ID='data_ingestion_gcs_dag' AIRFLOW_CTX_TASK_ID='download_2024_q4' AIRFLOW_CTX_EXECUTION_DATE='2025-03-15T00:00:00+00:00' AIRFLOW_CTX_TRY_NUMBER='2' AIRFLOW_CTX_DAG_RUN_ID='scheduled__2025-03-15T00:00:00+00:00'
[2025-03-16T18:54:42.389+0000] {logging_mixin.py:190} INFO - Task instance is in running state
[2025-03-16T18:54:42.390+0000] {logging_mixin.py:190} INFO -  Previous state of the Task instance: queued
[2025-03-16T18:54:42.391+0000] {logging_mixin.py:190} INFO - Current task name:download_2024_q4 state:running start_date:2025-03-16 18:54:41.802233+00:00
[2025-03-16T18:54:42.392+0000] {logging_mixin.py:190} INFO - Dag name:data_ingestion_gcs_dag and current dag run status:running
[2025-03-16T18:54:42.393+0000] {taskinstance.py:732} INFO - ::endgroup::
[2025-03-16T18:54:42.396+0000] {subprocess.py:78} INFO - Tmp dir root location: /tmp
[2025-03-16T18:54:42.398+0000] {subprocess.py:88} INFO - Running command: ['/usr/bin/bash', '-c', 'curl -sSL -o /opt/***/indego-trips-2024-q4.zip https://www.rideindego.com/wp-content/uploads/2025/01/indego-trips-2024-q4.zip && ls -lh /opt/***/indego-trips-2024-q4.zip']
[2025-03-16T18:54:42.448+0000] {subprocess.py:99} INFO - Output:
[2025-03-16T18:54:48.205+0000] {subprocess.py:106} INFO - -rw-rw-r-- 1 default root 5.9M Mar 16 18:54 /opt/***/indego-trips-2024-q4.zip
[2025-03-16T18:54:48.206+0000] {subprocess.py:110} INFO - Command exited with return code 0
[2025-03-16T18:54:48.313+0000] {taskinstance.py:341} INFO - ::group::Post task execution logs
[2025-03-16T18:54:48.322+0000] {taskinstance.py:353} INFO - Marking task as SUCCESS. dag_id=data_ingestion_gcs_dag, task_id=download_2024_q4, run_id=scheduled__2025-03-15T00:00:00+00:00, execution_date=20250315T000000, start_date=20250316T185441, end_date=20250316T185448
[2025-03-16T18:54:48.489+0000] {logging_mixin.py:190} INFO - Task instance in success state
[2025-03-16T18:54:48.490+0000] {logging_mixin.py:190} INFO -  Previous state of the Task instance: running
[2025-03-16T18:54:48.493+0000] {logging_mixin.py:190} INFO - Dag name:data_ingestion_gcs_dag queued_at:2025-03-16 18:49:30.868563+00:00
[2025-03-16T18:54:48.495+0000] {logging_mixin.py:190} INFO - Task hostname:ea596c643a9a operator:BashOperator
[2025-03-16T18:54:48.530+0000] {local_task_job_runner.py:266} INFO - Task exited with return code 0
[2025-03-16T18:54:48.716+0000] {taskinstance.py:3901} INFO - 1 downstream tasks scheduled from follow-on schedule check
[2025-03-16T18:54:48.725+0000] {local_task_job_runner.py:245} INFO - ::endgroup::
