[2025-03-16T22:05:28.955+0000] {local_task_job_runner.py:123} INFO - ::group::Pre task execution logs
[2025-03-16T22:05:29.018+0000] {taskinstance.py:2614} INFO - Dependencies all met for dep_context=non-requeueable deps ti=<TaskInstance: data_ingestion_gcs_dag.download_2024_q1 manual__2025-03-16T22:05:14.553483+00:00 [queued]>
[2025-03-16T22:05:29.050+0000] {taskinstance.py:2614} INFO - Dependencies all met for dep_context=requeueable deps ti=<TaskInstance: data_ingestion_gcs_dag.download_2024_q1 manual__2025-03-16T22:05:14.553483+00:00 [queued]>
[2025-03-16T22:05:29.059+0000] {taskinstance.py:2867} INFO - Starting attempt 1 of 2
[2025-03-16T22:05:29.182+0000] {taskinstance.py:2890} INFO - Executing <Task(BashOperator): download_2024_q1> on 2025-03-16 22:05:14.553483+00:00
[2025-03-16T22:05:29.214+0000] {warnings.py:112} WARNING - /home/***/.local/lib/python3.12/site-packages/***/task/task_runner/standard_task_runner.py:70: DeprecationWarning: This process (pid=1151) is multi-threaded, use of fork() may lead to deadlocks in the child.
  pid = os.fork()

[2025-03-16T22:05:29.220+0000] {standard_task_runner.py:72} INFO - Started process 1165 to run task
[2025-03-16T22:05:29.222+0000] {standard_task_runner.py:104} INFO - Running: ['***', 'tasks', 'run', 'data_ingestion_gcs_dag', 'download_2024_q1', 'manual__2025-03-16T22:05:14.553483+00:00', '--job-id', '728', '--raw', '--subdir', 'DAGS_FOLDER/data_ingestion_gcs_dag.py', '--cfg-path', '/tmp/tmpmwjm52p9']
[2025-03-16T22:05:29.237+0000] {standard_task_runner.py:105} INFO - Job 728: Subtask download_2024_q1
[2025-03-16T22:05:29.594+0000] {task_command.py:467} INFO - Running <TaskInstance: data_ingestion_gcs_dag.download_2024_q1 manual__2025-03-16T22:05:14.553483+00:00 [running]> on host 5c7a1daace86
[2025-03-16T22:05:30.182+0000] {taskinstance.py:3134} INFO - Exporting env vars: AIRFLOW_CTX_DAG_OWNER='***' AIRFLOW_CTX_DAG_ID='data_ingestion_gcs_dag' AIRFLOW_CTX_TASK_ID='download_2024_q1' AIRFLOW_CTX_EXECUTION_DATE='2025-03-16T22:05:14.553483+00:00' AIRFLOW_CTX_TRY_NUMBER='1' AIRFLOW_CTX_DAG_RUN_ID='manual__2025-03-16T22:05:14.553483+00:00'
[2025-03-16T22:05:30.192+0000] {logging_mixin.py:190} INFO - Task instance is in running state
[2025-03-16T22:05:30.208+0000] {logging_mixin.py:190} INFO -  Previous state of the Task instance: queued
[2025-03-16T22:05:30.210+0000] {logging_mixin.py:190} INFO - Current task name:download_2024_q1 state:running start_date:2025-03-16 22:05:29.022635+00:00
[2025-03-16T22:05:30.212+0000] {logging_mixin.py:190} INFO - Dag name:data_ingestion_gcs_dag and current dag run status:running
[2025-03-16T22:05:30.240+0000] {taskinstance.py:732} INFO - ::endgroup::
[2025-03-16T22:05:30.257+0000] {subprocess.py:78} INFO - Tmp dir root location: /tmp
[2025-03-16T22:05:30.279+0000] {subprocess.py:88} INFO - Running command: ['/usr/bin/bash', '-c', 'curl -sSL -o /opt/***/indego-trips-2024-q1.zip https://www.rideindego.com/wp-content/uploads/2024/04/indego-trips-2024-q1.zip && ls -lh /opt/***/indego-trips-2024-q1.zip']
[2025-03-16T22:05:30.377+0000] {subprocess.py:99} INFO - Output:
[2025-03-16T22:05:32.529+0000] {subprocess.py:106} INFO - -rw-rw-r-- 1 default root 3.9M Mar 16 22:05 /opt/***/indego-trips-2024-q1.zip
[2025-03-16T22:05:32.531+0000] {subprocess.py:110} INFO - Command exited with return code 0
[2025-03-16T22:05:32.750+0000] {taskinstance.py:341} INFO - ::group::Post task execution logs
[2025-03-16T22:05:32.754+0000] {taskinstance.py:353} INFO - Marking task as SUCCESS. dag_id=data_ingestion_gcs_dag, task_id=download_2024_q1, run_id=manual__2025-03-16T22:05:14.553483+00:00, execution_date=20250316T220514, start_date=20250316T220529, end_date=20250316T220532
[2025-03-16T22:05:32.927+0000] {logging_mixin.py:190} INFO - Task instance in success state
[2025-03-16T22:05:32.933+0000] {logging_mixin.py:190} INFO -  Previous state of the Task instance: running
[2025-03-16T22:05:32.935+0000] {logging_mixin.py:190} INFO - Dag name:data_ingestion_gcs_dag queued_at:2025-03-16 22:05:14.676788+00:00
[2025-03-16T22:05:32.936+0000] {logging_mixin.py:190} INFO - Task hostname:5c7a1daace86 operator:BashOperator
[2025-03-16T22:05:32.964+0000] {local_task_job_runner.py:266} INFO - Task exited with return code 0
[2025-03-16T22:05:33.252+0000] {taskinstance.py:3901} INFO - 1 downstream tasks scheduled from follow-on schedule check
[2025-03-16T22:05:33.309+0000] {local_task_job_runner.py:245} INFO - ::endgroup::
