[2025-03-13T03:44:15.795+0000] {local_task_job_runner.py:123} INFO - ::group::Pre task execution logs
[2025-03-13T03:44:15.980+0000] {taskinstance.py:2614} INFO - Dependencies all met for dep_context=non-requeueable deps ti=<TaskInstance: data_ingestion_gcs_dag.format_parquet_2025_q2 scheduled__2025-03-12T00:00:00+00:00 [queued]>
[2025-03-13T03:44:16.040+0000] {taskinstance.py:2614} INFO - Dependencies all met for dep_context=requeueable deps ti=<TaskInstance: data_ingestion_gcs_dag.format_parquet_2025_q2 scheduled__2025-03-12T00:00:00+00:00 [queued]>
[2025-03-13T03:44:16.048+0000] {taskinstance.py:2867} INFO - Starting attempt 1 of 2
[2025-03-13T03:44:16.199+0000] {taskinstance.py:2890} INFO - Executing <Task(PythonOperator): format_parquet_2025_q2> on 2025-03-12 00:00:00+00:00
[2025-03-13T03:44:16.249+0000] {warnings.py:112} WARNING - /home/***/.local/lib/python3.12/site-packages/***/task/task_runner/standard_task_runner.py:70: DeprecationWarning: This process (pid=184) is multi-threaded, use of fork() may lead to deadlocks in the child.
  pid = os.fork()

[2025-03-13T03:44:16.260+0000] {standard_task_runner.py:104} INFO - Running: ['***', 'tasks', 'run', 'data_ingestion_gcs_dag', 'format_parquet_2025_q2', 'scheduled__2025-03-12T00:00:00+00:00', '--job-id', '426', '--raw', '--subdir', 'DAGS_FOLDER/data_ingestion_gcs_dag.py', '--cfg-path', '/tmp/tmp2dyciqpw']
[2025-03-13T03:44:16.265+0000] {standard_task_runner.py:105} INFO - Job 426: Subtask format_parquet_2025_q2
[2025-03-13T03:44:16.262+0000] {standard_task_runner.py:72} INFO - Started process 215 to run task
[2025-03-13T03:44:16.628+0000] {task_command.py:467} INFO - Running <TaskInstance: data_ingestion_gcs_dag.format_parquet_2025_q2 scheduled__2025-03-12T00:00:00+00:00 [running]> on host b0577ed9eb82
[2025-03-13T03:44:17.603+0000] {taskinstance.py:3134} INFO - Exporting env vars: AIRFLOW_CTX_DAG_OWNER='***' AIRFLOW_CTX_DAG_ID='data_ingestion_gcs_dag' AIRFLOW_CTX_TASK_ID='format_parquet_2025_q2' AIRFLOW_CTX_EXECUTION_DATE='2025-03-12T00:00:00+00:00' AIRFLOW_CTX_TRY_NUMBER='1' AIRFLOW_CTX_DAG_RUN_ID='scheduled__2025-03-12T00:00:00+00:00'
[2025-03-13T03:44:17.657+0000] {logging_mixin.py:190} INFO - Task instance is in running state
[2025-03-13T03:44:17.673+0000] {logging_mixin.py:190} INFO -  Previous state of the Task instance: queued
[2025-03-13T03:44:17.676+0000] {logging_mixin.py:190} INFO - Current task name:format_parquet_2025_q2 state:running start_date:2025-03-13 03:44:15.986228+00:00
[2025-03-13T03:44:17.683+0000] {logging_mixin.py:190} INFO - Dag name:data_ingestion_gcs_dag and current dag run status:running
[2025-03-13T03:44:17.688+0000] {taskinstance.py:732} INFO - ::endgroup::
[2025-03-13T03:44:17.721+0000] {data_ingestion_gcs_dag.py:72} ERROR - Invalid ZIP file: /opt/***/indego-trips-2025-q2.zip
[2025-03-13T03:44:17.737+0000] {python.py:240} INFO - Done. Returned value was: None
[2025-03-13T03:44:17.834+0000] {taskinstance.py:341} INFO - ::group::Post task execution logs
[2025-03-13T03:44:17.843+0000] {taskinstance.py:353} INFO - Marking task as SUCCESS. dag_id=data_ingestion_gcs_dag, task_id=format_parquet_2025_q2, run_id=scheduled__2025-03-12T00:00:00+00:00, execution_date=20250312T000000, start_date=20250313T034415, end_date=20250313T034417
[2025-03-13T03:44:18.038+0000] {logging_mixin.py:190} INFO - Task instance in success state
[2025-03-13T03:44:18.041+0000] {logging_mixin.py:190} INFO -  Previous state of the Task instance: running
[2025-03-13T03:44:18.042+0000] {logging_mixin.py:190} INFO - Dag name:data_ingestion_gcs_dag queued_at:2025-03-13 00:00:00.273574+00:00
[2025-03-13T03:44:18.043+0000] {logging_mixin.py:190} INFO - Task hostname:b0577ed9eb82 operator:PythonOperator
[2025-03-13T03:44:18.118+0000] {local_task_job_runner.py:266} INFO - Task exited with return code 0
[2025-03-13T03:44:18.428+0000] {taskinstance.py:3901} INFO - 1 downstream tasks scheduled from follow-on schedule check
[2025-03-13T03:44:18.464+0000] {local_task_job_runner.py:245} INFO - ::endgroup::
