[2025-03-13T04:06:41.713+0000] {local_task_job_runner.py:123} INFO - ::group::Pre task execution logs
[2025-03-13T04:06:41.825+0000] {taskinstance.py:2614} INFO - Dependencies all met for dep_context=non-requeueable deps ti=<TaskInstance: data_ingestion_gcs_dag.upload_gcs_2023_q1 manual__2025-03-13T04:00:50.830640+00:00 [queued]>
[2025-03-13T04:06:41.909+0000] {taskinstance.py:2614} INFO - Dependencies all met for dep_context=requeueable deps ti=<TaskInstance: data_ingestion_gcs_dag.upload_gcs_2023_q1 manual__2025-03-13T04:00:50.830640+00:00 [queued]>
[2025-03-13T04:06:41.922+0000] {taskinstance.py:2867} INFO - Starting attempt 1 of 2
[2025-03-13T04:06:42.009+0000] {taskinstance.py:2890} INFO - Executing <Task(PythonOperator): upload_gcs_2023_q1> on 2025-03-13 04:00:50.830640+00:00
[2025-03-13T04:06:42.075+0000] {warnings.py:112} WARNING - /home/***/.local/lib/python3.12/site-packages/***/task/task_runner/standard_task_runner.py:70: DeprecationWarning: This process (pid=1229) is multi-threaded, use of fork() may lead to deadlocks in the child.
  pid = os.fork()

[2025-03-13T04:06:42.079+0000] {standard_task_runner.py:72} INFO - Started process 1301 to run task
[2025-03-13T04:06:42.096+0000] {standard_task_runner.py:104} INFO - Running: ['***', 'tasks', 'run', 'data_ingestion_gcs_dag', 'upload_gcs_2023_q1', 'manual__2025-03-13T04:00:50.830640+00:00', '--job-id', '503', '--raw', '--subdir', 'DAGS_FOLDER/data_ingestion_gcs_dag.py', '--cfg-path', '/tmp/tmp21sh56kt']
[2025-03-13T04:06:42.098+0000] {standard_task_runner.py:105} INFO - Job 503: Subtask upload_gcs_2023_q1
[2025-03-13T04:06:42.550+0000] {task_command.py:467} INFO - Running <TaskInstance: data_ingestion_gcs_dag.upload_gcs_2023_q1 manual__2025-03-13T04:00:50.830640+00:00 [running]> on host b0577ed9eb82
[2025-03-13T04:06:43.888+0000] {taskinstance.py:3134} INFO - Exporting env vars: AIRFLOW_CTX_DAG_OWNER='***' AIRFLOW_CTX_DAG_ID='data_ingestion_gcs_dag' AIRFLOW_CTX_TASK_ID='upload_gcs_2023_q1' AIRFLOW_CTX_EXECUTION_DATE='2025-03-13T04:00:50.830640+00:00' AIRFLOW_CTX_TRY_NUMBER='1' AIRFLOW_CTX_DAG_RUN_ID='manual__2025-03-13T04:00:50.830640+00:00'
[2025-03-13T04:06:43.907+0000] {logging_mixin.py:190} INFO - Task instance is in running state
[2025-03-13T04:06:43.908+0000] {logging_mixin.py:190} INFO -  Previous state of the Task instance: queued
[2025-03-13T04:06:43.949+0000] {logging_mixin.py:190} INFO - Current task name:upload_gcs_2023_q1 state:running start_date:2025-03-13 04:06:41.826307+00:00
[2025-03-13T04:06:43.950+0000] {logging_mixin.py:190} INFO - Dag name:data_ingestion_gcs_dag and current dag run status:running
[2025-03-13T04:06:43.953+0000] {taskinstance.py:732} INFO - ::endgroup::
[2025-03-13T04:06:46.844+0000] {python.py:240} INFO - Done. Returned value was: None
[2025-03-13T04:06:46.870+0000] {taskinstance.py:341} INFO - ::group::Post task execution logs
[2025-03-13T04:06:46.874+0000] {taskinstance.py:353} INFO - Marking task as SUCCESS. dag_id=data_ingestion_gcs_dag, task_id=upload_gcs_2023_q1, run_id=manual__2025-03-13T04:00:50.830640+00:00, execution_date=20250313T040050, start_date=20250313T040641, end_date=20250313T040646
[2025-03-13T04:06:46.945+0000] {logging_mixin.py:190} INFO - Task instance in success state
[2025-03-13T04:06:46.948+0000] {logging_mixin.py:190} INFO -  Previous state of the Task instance: running
[2025-03-13T04:06:46.958+0000] {logging_mixin.py:190} INFO - Dag name:data_ingestion_gcs_dag queued_at:2025-03-13 04:00:50.872907+00:00
[2025-03-13T04:06:46.967+0000] {logging_mixin.py:190} INFO - Task hostname:b0577ed9eb82 operator:PythonOperator
[2025-03-13T04:06:47.006+0000] {local_task_job_runner.py:266} INFO - Task exited with return code 0
[2025-03-13T04:06:47.034+0000] {local_task_job_runner.py:245} INFO - ::endgroup::
[2025-03-13T04:06:47.106+0000] {standard_task_runner.py:217} INFO - Process not found (most likely exited), stop collecting metrics
