[2025-03-13T04:33:56.837+0000] {local_task_job_runner.py:123} INFO - ::group::Pre task execution logs
[2025-03-13T04:33:56.983+0000] {taskinstance.py:2614} INFO - Dependencies all met for dep_context=non-requeueable deps ti=<TaskInstance: data_ingestion_gcs_dag.format_parquet_2023_q2 manual__2025-03-13T04:29:56.060629+00:00 [queued]>
[2025-03-13T04:33:57.026+0000] {taskinstance.py:2614} INFO - Dependencies all met for dep_context=requeueable deps ti=<TaskInstance: data_ingestion_gcs_dag.format_parquet_2023_q2 manual__2025-03-13T04:29:56.060629+00:00 [queued]>
[2025-03-13T04:33:57.028+0000] {taskinstance.py:2867} INFO - Starting attempt 1 of 2
[2025-03-13T04:33:57.109+0000] {taskinstance.py:2890} INFO - Executing <Task(PythonOperator): format_parquet_2023_q2> on 2025-03-13 04:29:56.060629+00:00
[2025-03-13T04:33:57.128+0000] {warnings.py:112} WARNING - /home/***/.local/lib/python3.12/site-packages/***/task/task_runner/standard_task_runner.py:70: DeprecationWarning: This process (pid=2128) is multi-threaded, use of fork() may lead to deadlocks in the child.
  pid = os.fork()

[2025-03-13T04:33:57.134+0000] {standard_task_runner.py:72} INFO - Started process 2146 to run task
[2025-03-13T04:33:57.142+0000] {standard_task_runner.py:104} INFO - Running: ['***', 'tasks', 'run', 'data_ingestion_gcs_dag', 'format_parquet_2023_q2', 'manual__2025-03-13T04:29:56.060629+00:00', '--job-id', '565', '--raw', '--subdir', 'DAGS_FOLDER/data_ingestion_gcs_dag.py', '--cfg-path', '/tmp/tmpy8l8q0iq']
[2025-03-13T04:33:57.147+0000] {standard_task_runner.py:105} INFO - Job 565: Subtask format_parquet_2023_q2
[2025-03-13T04:33:57.376+0000] {task_command.py:467} INFO - Running <TaskInstance: data_ingestion_gcs_dag.format_parquet_2023_q2 manual__2025-03-13T04:29:56.060629+00:00 [running]> on host b0577ed9eb82
[2025-03-13T04:33:57.796+0000] {taskinstance.py:3134} INFO - Exporting env vars: AIRFLOW_CTX_DAG_OWNER='***' AIRFLOW_CTX_DAG_ID='data_ingestion_gcs_dag' AIRFLOW_CTX_TASK_ID='format_parquet_2023_q2' AIRFLOW_CTX_EXECUTION_DATE='2025-03-13T04:29:56.060629+00:00' AIRFLOW_CTX_TRY_NUMBER='1' AIRFLOW_CTX_DAG_RUN_ID='manual__2025-03-13T04:29:56.060629+00:00'
[2025-03-13T04:33:57.800+0000] {logging_mixin.py:190} INFO - Task instance is in running state
[2025-03-13T04:33:57.801+0000] {logging_mixin.py:190} INFO -  Previous state of the Task instance: queued
[2025-03-13T04:33:57.802+0000] {logging_mixin.py:190} INFO - Current task name:format_parquet_2023_q2 state:running start_date:2025-03-13 04:33:56.987808+00:00
[2025-03-13T04:33:57.803+0000] {logging_mixin.py:190} INFO - Dag name:data_ingestion_gcs_dag and current dag run status:running
[2025-03-13T04:33:57.804+0000] {taskinstance.py:732} INFO - ::endgroup::
[2025-03-13T04:33:59.458+0000] {data_ingestion_gcs_dag.py:61} INFO - Converted indego-trips-2023-q2.csv to /opt/***/indego-trips-2023-q2.parquet
[2025-03-13T04:33:59.461+0000] {python.py:240} INFO - Done. Returned value was: None
[2025-03-13T04:33:59.557+0000] {taskinstance.py:341} INFO - ::group::Post task execution logs
[2025-03-13T04:33:59.565+0000] {taskinstance.py:353} INFO - Marking task as SUCCESS. dag_id=data_ingestion_gcs_dag, task_id=format_parquet_2023_q2, run_id=manual__2025-03-13T04:29:56.060629+00:00, execution_date=20250313T042956, start_date=20250313T043356, end_date=20250313T043359
[2025-03-13T04:33:59.709+0000] {logging_mixin.py:190} INFO - Task instance in success state
[2025-03-13T04:33:59.711+0000] {logging_mixin.py:190} INFO -  Previous state of the Task instance: running
[2025-03-13T04:33:59.716+0000] {logging_mixin.py:190} INFO - Dag name:data_ingestion_gcs_dag queued_at:2025-03-13 04:29:56.110489+00:00
[2025-03-13T04:33:59.725+0000] {logging_mixin.py:190} INFO - Task hostname:b0577ed9eb82 operator:PythonOperator
[2025-03-13T04:33:59.810+0000] {local_task_job_runner.py:266} INFO - Task exited with return code 0
[2025-03-13T04:33:59.866+0000] {local_task_job_runner.py:245} INFO - ::endgroup::
