[2025-03-16T17:52:20.700+0000] {local_task_job_runner.py:123} INFO - ::group::Pre task execution logs
[2025-03-16T17:52:20.765+0000] {taskinstance.py:2614} INFO - Dependencies all met for dep_context=non-requeueable deps ti=<TaskInstance: data_ingestion_gcs_dag.format_parquet_2023_q2 scheduled__2025-03-13T00:00:00+00:00 [queued]>
[2025-03-16T17:52:20.791+0000] {taskinstance.py:2614} INFO - Dependencies all met for dep_context=requeueable deps ti=<TaskInstance: data_ingestion_gcs_dag.format_parquet_2023_q2 scheduled__2025-03-13T00:00:00+00:00 [queued]>
[2025-03-16T17:52:20.793+0000] {taskinstance.py:2867} INFO - Starting attempt 1 of 2
[2025-03-16T17:52:20.832+0000] {taskinstance.py:2890} INFO - Executing <Task(PythonOperator): format_parquet_2023_q2> on 2025-03-13 00:00:00+00:00
[2025-03-16T17:52:20.851+0000] {warnings.py:112} WARNING - /home/***/.local/lib/python3.12/site-packages/***/task/task_runner/standard_task_runner.py:70: DeprecationWarning: This process (pid=138) is multi-threaded, use of fork() may lead to deadlocks in the child.
  pid = os.fork()

[2025-03-16T17:52:20.855+0000] {standard_task_runner.py:72} INFO - Started process 172 to run task
[2025-03-16T17:52:20.858+0000] {standard_task_runner.py:104} INFO - Running: ['***', 'tasks', 'run', 'data_ingestion_gcs_dag', 'format_parquet_2023_q2', 'scheduled__2025-03-13T00:00:00+00:00', '--job-id', '638', '--raw', '--subdir', 'DAGS_FOLDER/data_ingestion_gcs_dag.py', '--cfg-path', '/tmp/tmp49h3k5jh']
[2025-03-16T17:52:20.866+0000] {standard_task_runner.py:105} INFO - Job 638: Subtask format_parquet_2023_q2
[2025-03-16T17:52:20.988+0000] {task_command.py:467} INFO - Running <TaskInstance: data_ingestion_gcs_dag.format_parquet_2023_q2 scheduled__2025-03-13T00:00:00+00:00 [running]> on host b0577ed9eb82
[2025-03-16T17:52:21.189+0000] {taskinstance.py:3134} INFO - Exporting env vars: AIRFLOW_CTX_DAG_OWNER='***' AIRFLOW_CTX_DAG_ID='data_ingestion_gcs_dag' AIRFLOW_CTX_TASK_ID='format_parquet_2023_q2' AIRFLOW_CTX_EXECUTION_DATE='2025-03-13T00:00:00+00:00' AIRFLOW_CTX_TRY_NUMBER='1' AIRFLOW_CTX_DAG_RUN_ID='scheduled__2025-03-13T00:00:00+00:00'
[2025-03-16T17:52:21.195+0000] {logging_mixin.py:190} INFO - Task instance is in running state
[2025-03-16T17:52:21.196+0000] {logging_mixin.py:190} INFO -  Previous state of the Task instance: queued
[2025-03-16T17:52:21.197+0000] {logging_mixin.py:190} INFO - Current task name:format_parquet_2023_q2 state:running start_date:2025-03-16 17:52:20.767289+00:00
[2025-03-16T17:52:21.198+0000] {logging_mixin.py:190} INFO - Dag name:data_ingestion_gcs_dag and current dag run status:running
[2025-03-16T17:52:21.206+0000] {taskinstance.py:732} INFO - ::endgroup::
[2025-03-16T17:52:22.604+0000] {data_ingestion_gcs_dag.py:61} INFO - Converted indego-trips-2023-q2.csv to /opt/***/indego-trips-2023-q2.parquet
[2025-03-16T17:52:22.626+0000] {python.py:240} INFO - Done. Returned value was: None
[2025-03-16T17:52:22.652+0000] {taskinstance.py:341} INFO - ::group::Post task execution logs
[2025-03-16T17:52:22.653+0000] {taskinstance.py:353} INFO - Marking task as SUCCESS. dag_id=data_ingestion_gcs_dag, task_id=format_parquet_2023_q2, run_id=scheduled__2025-03-13T00:00:00+00:00, execution_date=20250313T000000, start_date=20250316T175220, end_date=20250316T175222
[2025-03-16T17:52:22.688+0000] {logging_mixin.py:190} INFO - Task instance in success state
[2025-03-16T17:52:22.689+0000] {logging_mixin.py:190} INFO -  Previous state of the Task instance: running
[2025-03-16T17:52:22.690+0000] {logging_mixin.py:190} INFO - Dag name:data_ingestion_gcs_dag queued_at:2025-03-16 17:51:33.666601+00:00
[2025-03-16T17:52:22.691+0000] {logging_mixin.py:190} INFO - Task hostname:b0577ed9eb82 operator:PythonOperator
[2025-03-16T17:52:22.749+0000] {local_task_job_runner.py:266} INFO - Task exited with return code 0
[2025-03-16T17:52:22.796+0000] {taskinstance.py:3901} INFO - 0 downstream tasks scheduled from follow-on schedule check
[2025-03-16T17:52:22.798+0000] {local_task_job_runner.py:245} INFO - ::endgroup::
