[2025-03-16T21:38:01.483+0000] {local_task_job_runner.py:123} INFO - ::group::Pre task execution logs
[2025-03-16T21:38:01.543+0000] {taskinstance.py:2614} INFO - Dependencies all met for dep_context=non-requeueable deps ti=<TaskInstance: data_ingestion_gcs_dag.download_2023_q3 manual__2025-03-16T21:32:51.604296+00:00 [queued]>
[2025-03-16T21:38:01.567+0000] {taskinstance.py:2614} INFO - Dependencies all met for dep_context=requeueable deps ti=<TaskInstance: data_ingestion_gcs_dag.download_2023_q3 manual__2025-03-16T21:32:51.604296+00:00 [queued]>
[2025-03-16T21:38:01.572+0000] {taskinstance.py:2867} INFO - Starting attempt 2 of 2
[2025-03-16T21:38:01.611+0000] {taskinstance.py:2890} INFO - Executing <Task(BashOperator): download_2023_q3> on 2025-03-16 21:32:51.604296+00:00
[2025-03-16T21:38:01.630+0000] {warnings.py:112} WARNING - /home/***/.local/lib/python3.12/site-packages/***/task/task_runner/standard_task_runner.py:70: DeprecationWarning: This process (pid=328) is multi-threaded, use of fork() may lead to deadlocks in the child.
  pid = os.fork()

[2025-03-16T21:38:01.636+0000] {standard_task_runner.py:72} INFO - Started process 340 to run task
[2025-03-16T21:38:01.642+0000] {standard_task_runner.py:104} INFO - Running: ['***', 'tasks', 'run', 'data_ingestion_gcs_dag', 'download_2023_q3', 'manual__2025-03-16T21:32:51.604296+00:00', '--job-id', '679', '--raw', '--subdir', 'DAGS_FOLDER/data_ingestion_gcs_dag.py', '--cfg-path', '/tmp/tmp_egwbjy8']
[2025-03-16T21:38:01.647+0000] {standard_task_runner.py:105} INFO - Job 679: Subtask download_2023_q3
[2025-03-16T21:38:01.871+0000] {task_command.py:467} INFO - Running <TaskInstance: data_ingestion_gcs_dag.download_2023_q3 manual__2025-03-16T21:32:51.604296+00:00 [running]> on host 5c7a1daace86
[2025-03-16T21:38:02.183+0000] {taskinstance.py:3134} INFO - Exporting env vars: AIRFLOW_CTX_DAG_OWNER='***' AIRFLOW_CTX_DAG_ID='data_ingestion_gcs_dag' AIRFLOW_CTX_TASK_ID='download_2023_q3' AIRFLOW_CTX_EXECUTION_DATE='2025-03-16T21:32:51.604296+00:00' AIRFLOW_CTX_TRY_NUMBER='2' AIRFLOW_CTX_DAG_RUN_ID='manual__2025-03-16T21:32:51.604296+00:00'
[2025-03-16T21:38:02.192+0000] {logging_mixin.py:190} INFO - Task instance is in running state
[2025-03-16T21:38:02.210+0000] {logging_mixin.py:190} INFO -  Previous state of the Task instance: queued
[2025-03-16T21:38:02.223+0000] {logging_mixin.py:190} INFO - Current task name:download_2023_q3 state:running start_date:2025-03-16 21:38:01.544903+00:00
[2025-03-16T21:38:02.243+0000] {logging_mixin.py:190} INFO - Dag name:data_ingestion_gcs_dag and current dag run status:running
[2025-03-16T21:38:02.253+0000] {taskinstance.py:732} INFO - ::endgroup::
[2025-03-16T21:38:02.304+0000] {subprocess.py:78} INFO - Tmp dir root location: /tmp
[2025-03-16T21:38:02.353+0000] {subprocess.py:88} INFO - Running command: ['/usr/bin/bash', '-c', 'curl -sSL -o /opt/***/indego-trips-2023-q3.zip https://www.rideindego.com/wp-content/uploads/2023/10/indego-trips-2023-q3.zip && ls -lh /opt/***/indego-trips-2023-q3.zip']
[2025-03-16T21:38:02.404+0000] {subprocess.py:99} INFO - Output:
[2025-03-16T21:38:03.973+0000] {subprocess.py:106} INFO - -rw-rw-r-- 1 default root 6.8M Mar 16 21:38 /opt/***/indego-trips-2023-q3.zip
[2025-03-16T21:38:03.979+0000] {subprocess.py:110} INFO - Command exited with return code 0
[2025-03-16T21:38:04.079+0000] {taskinstance.py:341} INFO - ::group::Post task execution logs
[2025-03-16T21:38:04.081+0000] {taskinstance.py:353} INFO - Marking task as SUCCESS. dag_id=data_ingestion_gcs_dag, task_id=download_2023_q3, run_id=manual__2025-03-16T21:32:51.604296+00:00, execution_date=20250316T213251, start_date=20250316T213801, end_date=20250316T213804
[2025-03-16T21:38:04.194+0000] {logging_mixin.py:190} INFO - Task instance in success state
[2025-03-16T21:38:04.195+0000] {logging_mixin.py:190} INFO -  Previous state of the Task instance: running
[2025-03-16T21:38:04.211+0000] {logging_mixin.py:190} INFO - Dag name:data_ingestion_gcs_dag queued_at:2025-03-16 21:32:52.596176+00:00
[2025-03-16T21:38:04.212+0000] {logging_mixin.py:190} INFO - Task hostname:5c7a1daace86 operator:BashOperator
[2025-03-16T21:38:04.261+0000] {local_task_job_runner.py:266} INFO - Task exited with return code 0
[2025-03-16T21:38:04.371+0000] {taskinstance.py:3901} INFO - 1 downstream tasks scheduled from follow-on schedule check
[2025-03-16T21:38:04.376+0000] {local_task_job_runner.py:245} INFO - ::endgroup::
