[2025-03-13T04:07:13.857+0000] {local_task_job_runner.py:123} INFO - ::group::Pre task execution logs
[2025-03-13T04:07:13.900+0000] {taskinstance.py:2614} INFO - Dependencies all met for dep_context=non-requeueable deps ti=<TaskInstance: data_ingestion_gcs_dag.download_2023_q4 manual__2025-03-13T04:03:10.585201+00:00 [queued]>
[2025-03-13T04:07:13.921+0000] {taskinstance.py:2614} INFO - Dependencies all met for dep_context=requeueable deps ti=<TaskInstance: data_ingestion_gcs_dag.download_2023_q4 manual__2025-03-13T04:03:10.585201+00:00 [queued]>
[2025-03-13T04:07:13.922+0000] {taskinstance.py:2867} INFO - Starting attempt 1 of 2
[2025-03-13T04:07:13.960+0000] {taskinstance.py:2890} INFO - Executing <Task(BashOperator): download_2023_q4> on 2025-03-13 04:03:10.585201+00:00
[2025-03-13T04:07:13.976+0000] {warnings.py:112} WARNING - /home/***/.local/lib/python3.12/site-packages/***/task/task_runner/standard_task_runner.py:70: DeprecationWarning: This process (pid=1334) is multi-threaded, use of fork() may lead to deadlocks in the child.
  pid = os.fork()

[2025-03-13T04:07:13.980+0000] {standard_task_runner.py:72} INFO - Started process 1353 to run task
[2025-03-13T04:07:13.991+0000] {standard_task_runner.py:104} INFO - Running: ['***', 'tasks', 'run', 'data_ingestion_gcs_dag', 'download_2023_q4', 'manual__2025-03-13T04:03:10.585201+00:00', '--job-id', '514', '--raw', '--subdir', 'DAGS_FOLDER/data_ingestion_gcs_dag.py', '--cfg-path', '/tmp/tmpl2srpmk3']
[2025-03-13T04:07:13.993+0000] {standard_task_runner.py:105} INFO - Job 514: Subtask download_2023_q4
[2025-03-13T04:07:14.137+0000] {task_command.py:467} INFO - Running <TaskInstance: data_ingestion_gcs_dag.download_2023_q4 manual__2025-03-13T04:03:10.585201+00:00 [running]> on host b0577ed9eb82
[2025-03-13T04:07:14.383+0000] {taskinstance.py:3134} INFO - Exporting env vars: AIRFLOW_CTX_DAG_OWNER='***' AIRFLOW_CTX_DAG_ID='data_ingestion_gcs_dag' AIRFLOW_CTX_TASK_ID='download_2023_q4' AIRFLOW_CTX_EXECUTION_DATE='2025-03-13T04:03:10.585201+00:00' AIRFLOW_CTX_TRY_NUMBER='1' AIRFLOW_CTX_DAG_RUN_ID='manual__2025-03-13T04:03:10.585201+00:00'
[2025-03-13T04:07:14.390+0000] {logging_mixin.py:190} INFO - Task instance is in running state
[2025-03-13T04:07:14.403+0000] {logging_mixin.py:190} INFO -  Previous state of the Task instance: queued
[2025-03-13T04:07:14.405+0000] {logging_mixin.py:190} INFO - Current task name:download_2023_q4 state:running start_date:2025-03-13 04:07:13.903479+00:00
[2025-03-13T04:07:14.409+0000] {logging_mixin.py:190} INFO - Dag name:data_ingestion_gcs_dag and current dag run status:running
[2025-03-13T04:07:14.411+0000] {taskinstance.py:732} INFO - ::endgroup::
[2025-03-13T04:07:14.414+0000] {subprocess.py:78} INFO - Tmp dir root location: /tmp
[2025-03-13T04:07:14.417+0000] {subprocess.py:88} INFO - Running command: ['/usr/bin/bash', '-c', 'curl -sSL -o /opt/***/indego-trips-2023-q4.zip https://www.rideindego.com/wp-content/uploads/2024/01/indego-trips-2023-q4.zip && ls -lh /opt/***/indego-trips-2023-q4.zip']
[2025-03-13T04:07:14.453+0000] {subprocess.py:99} INFO - Output:
[2025-03-13T04:07:18.393+0000] {subprocess.py:106} INFO - -rw-rw-r-- 1 default root 5.4M Mar 13 04:07 /opt/***/indego-trips-2023-q4.zip
[2025-03-13T04:07:18.405+0000] {subprocess.py:110} INFO - Command exited with return code 0
[2025-03-13T04:07:18.564+0000] {taskinstance.py:341} INFO - ::group::Post task execution logs
[2025-03-13T04:07:18.573+0000] {taskinstance.py:353} INFO - Marking task as SUCCESS. dag_id=data_ingestion_gcs_dag, task_id=download_2023_q4, run_id=manual__2025-03-13T04:03:10.585201+00:00, execution_date=20250313T040310, start_date=20250313T040713, end_date=20250313T040718
[2025-03-13T04:07:18.765+0000] {logging_mixin.py:190} INFO - Task instance in success state
[2025-03-13T04:07:18.769+0000] {logging_mixin.py:190} INFO -  Previous state of the Task instance: running
[2025-03-13T04:07:18.780+0000] {logging_mixin.py:190} INFO - Dag name:data_ingestion_gcs_dag queued_at:2025-03-13 04:03:10.603838+00:00
[2025-03-13T04:07:18.785+0000] {logging_mixin.py:190} INFO - Task hostname:b0577ed9eb82 operator:BashOperator
[2025-03-13T04:07:18.873+0000] {local_task_job_runner.py:266} INFO - Task exited with return code 0
[2025-03-13T04:07:18.987+0000] {standard_task_runner.py:217} INFO - Process not found (most likely exited), stop collecting metrics
[2025-03-13T04:07:18.991+0000] {local_task_job_runner.py:245} INFO - ::endgroup::
