[2025-03-16T17:53:03.331+0000] {local_task_job_runner.py:123} INFO - ::group::Pre task execution logs
[2025-03-16T17:53:03.363+0000] {taskinstance.py:2614} INFO - Dependencies all met for dep_context=non-requeueable deps ti=<TaskInstance: data_ingestion_gcs_dag.download_2023_q3 scheduled__2025-03-15T00:00:00+00:00 [queued]>
[2025-03-16T17:53:03.390+0000] {taskinstance.py:2614} INFO - Dependencies all met for dep_context=requeueable deps ti=<TaskInstance: data_ingestion_gcs_dag.download_2023_q3 scheduled__2025-03-15T00:00:00+00:00 [queued]>
[2025-03-16T17:53:03.392+0000] {taskinstance.py:2867} INFO - Starting attempt 1 of 2
[2025-03-16T17:53:03.454+0000] {taskinstance.py:2890} INFO - Executing <Task(BashOperator): download_2023_q3> on 2025-03-15 00:00:00+00:00
[2025-03-16T17:53:03.464+0000] {warnings.py:112} WARNING - /home/***/.local/lib/python3.12/site-packages/***/task/task_runner/standard_task_runner.py:70: DeprecationWarning: This process (pid=276) is multi-threaded, use of fork() may lead to deadlocks in the child.
  pid = os.fork()

[2025-03-16T17:53:03.470+0000] {standard_task_runner.py:72} INFO - Started process 294 to run task
[2025-03-16T17:53:03.473+0000] {standard_task_runner.py:104} INFO - Running: ['***', 'tasks', 'run', 'data_ingestion_gcs_dag', 'download_2023_q3', 'scheduled__2025-03-15T00:00:00+00:00', '--job-id', '645', '--raw', '--subdir', 'DAGS_FOLDER/data_ingestion_gcs_dag.py', '--cfg-path', '/tmp/tmpx6p5geha']
[2025-03-16T17:53:03.475+0000] {standard_task_runner.py:105} INFO - Job 645: Subtask download_2023_q3
[2025-03-16T17:53:03.665+0000] {task_command.py:467} INFO - Running <TaskInstance: data_ingestion_gcs_dag.download_2023_q3 scheduled__2025-03-15T00:00:00+00:00 [running]> on host b0577ed9eb82
[2025-03-16T17:53:03.921+0000] {taskinstance.py:3134} INFO - Exporting env vars: AIRFLOW_CTX_DAG_OWNER='***' AIRFLOW_CTX_DAG_ID='data_ingestion_gcs_dag' AIRFLOW_CTX_TASK_ID='download_2023_q3' AIRFLOW_CTX_EXECUTION_DATE='2025-03-15T00:00:00+00:00' AIRFLOW_CTX_TRY_NUMBER='1' AIRFLOW_CTX_DAG_RUN_ID='scheduled__2025-03-15T00:00:00+00:00'
[2025-03-16T17:53:03.930+0000] {logging_mixin.py:190} INFO - Task instance is in running state
[2025-03-16T17:53:03.932+0000] {logging_mixin.py:190} INFO -  Previous state of the Task instance: queued
[2025-03-16T17:53:03.944+0000] {logging_mixin.py:190} INFO - Current task name:download_2023_q3 state:running start_date:2025-03-16 17:53:03.364795+00:00
[2025-03-16T17:53:03.952+0000] {logging_mixin.py:190} INFO - Dag name:data_ingestion_gcs_dag and current dag run status:running
[2025-03-16T17:53:03.961+0000] {taskinstance.py:732} INFO - ::endgroup::
[2025-03-16T17:53:03.964+0000] {subprocess.py:78} INFO - Tmp dir root location: /tmp
[2025-03-16T17:53:03.971+0000] {subprocess.py:88} INFO - Running command: ['/usr/bin/bash', '-c', 'curl -sSL -o /opt/***/indego-trips-2023-q3.zip https://www.rideindego.com/wp-content/uploads/2023/10/indego-trips-2023-q3.zip && ls -lh /opt/***/indego-trips-2023-q3.zip']
[2025-03-16T17:53:04.032+0000] {subprocess.py:99} INFO - Output:
[2025-03-16T17:53:04.943+0000] {subprocess.py:106} INFO - -rw-rw-r-- 1 default root 6.8M Mar 16 17:53 /opt/***/indego-trips-2023-q3.zip
[2025-03-16T17:53:04.944+0000] {subprocess.py:110} INFO - Command exited with return code 0
[2025-03-16T17:53:05.014+0000] {taskinstance.py:341} INFO - ::group::Post task execution logs
[2025-03-16T17:53:05.019+0000] {taskinstance.py:353} INFO - Marking task as SUCCESS. dag_id=data_ingestion_gcs_dag, task_id=download_2023_q3, run_id=scheduled__2025-03-15T00:00:00+00:00, execution_date=20250315T000000, start_date=20250316T175303, end_date=20250316T175305
[2025-03-16T17:53:05.111+0000] {logging_mixin.py:190} INFO - Task instance in success state
[2025-03-16T17:53:05.113+0000] {logging_mixin.py:190} INFO -  Previous state of the Task instance: running
[2025-03-16T17:53:05.128+0000] {logging_mixin.py:190} INFO - Dag name:data_ingestion_gcs_dag queued_at:2025-03-16 17:52:58.267919+00:00
[2025-03-16T17:53:05.133+0000] {logging_mixin.py:190} INFO - Task hostname:b0577ed9eb82 operator:BashOperator
[2025-03-16T17:53:05.173+0000] {local_task_job_runner.py:266} INFO - Task exited with return code 0
[2025-03-16T17:53:05.247+0000] {taskinstance.py:3901} INFO - 1 downstream tasks scheduled from follow-on schedule check
[2025-03-16T17:53:05.257+0000] {local_task_job_runner.py:245} INFO - ::endgroup::
[2025-03-16T18:50:18.674+0000] {local_task_job_runner.py:123} INFO - ::group::Pre task execution logs
[2025-03-16T18:50:18.845+0000] {taskinstance.py:2614} INFO - Dependencies all met for dep_context=non-requeueable deps ti=<TaskInstance: data_ingestion_gcs_dag.download_2023_q3 scheduled__2025-03-15T00:00:00+00:00 [queued]>
[2025-03-16T18:50:18.956+0000] {taskinstance.py:2614} INFO - Dependencies all met for dep_context=requeueable deps ti=<TaskInstance: data_ingestion_gcs_dag.download_2023_q3 scheduled__2025-03-15T00:00:00+00:00 [queued]>
[2025-03-16T18:50:18.959+0000] {taskinstance.py:2867} INFO - Starting attempt 1 of 2
[2025-03-16T18:50:19.080+0000] {taskinstance.py:2890} INFO - Executing <Task(BashOperator): download_2023_q3> on 2025-03-15 00:00:00+00:00
[2025-03-16T18:50:19.117+0000] {standard_task_runner.py:104} INFO - Running: ['***', 'tasks', 'run', 'data_ingestion_gcs_dag', 'download_2023_q3', 'scheduled__2025-03-15T00:00:00+00:00', '--job-id', '10', '--raw', '--subdir', 'DAGS_FOLDER/data_ingestion_gcs.py', '--cfg-path', '/tmp/tmpq52m77_h']
[2025-03-16T18:50:19.123+0000] {standard_task_runner.py:105} INFO - Job 10: Subtask download_2023_q3
[2025-03-16T18:50:19.135+0000] {warnings.py:112} WARNING - /home/***/.local/lib/python3.12/site-packages/***/task/task_runner/standard_task_runner.py:70: DeprecationWarning: This process (pid=181) is multi-threaded, use of fork() may lead to deadlocks in the child.
  pid = os.fork()

[2025-03-16T18:50:19.142+0000] {standard_task_runner.py:72} INFO - Started process 210 to run task
[2025-03-16T18:50:19.443+0000] {task_command.py:467} INFO - Running <TaskInstance: data_ingestion_gcs_dag.download_2023_q3 scheduled__2025-03-15T00:00:00+00:00 [running]> on host ea596c643a9a
[2025-03-16T18:50:20.193+0000] {taskinstance.py:3134} INFO - Exporting env vars: AIRFLOW_CTX_DAG_OWNER='***' AIRFLOW_CTX_DAG_ID='data_ingestion_gcs_dag' AIRFLOW_CTX_TASK_ID='download_2023_q3' AIRFLOW_CTX_EXECUTION_DATE='2025-03-15T00:00:00+00:00' AIRFLOW_CTX_TRY_NUMBER='1' AIRFLOW_CTX_DAG_RUN_ID='scheduled__2025-03-15T00:00:00+00:00'
[2025-03-16T18:50:20.213+0000] {logging_mixin.py:190} INFO - Task instance is in running state
[2025-03-16T18:50:20.237+0000] {logging_mixin.py:190} INFO -  Previous state of the Task instance: queued
[2025-03-16T18:50:20.266+0000] {logging_mixin.py:190} INFO - Current task name:download_2023_q3 state:running start_date:2025-03-16 18:50:18.888470+00:00
[2025-03-16T18:50:20.280+0000] {logging_mixin.py:190} INFO - Dag name:data_ingestion_gcs_dag and current dag run status:running
[2025-03-16T18:50:20.281+0000] {taskinstance.py:732} INFO - ::endgroup::
[2025-03-16T18:50:20.297+0000] {subprocess.py:78} INFO - Tmp dir root location: /tmp
[2025-03-16T18:50:20.299+0000] {subprocess.py:88} INFO - Running command: ['/usr/bin/bash', '-c', 'curl -sSL -o /opt/***/indego-trips-2023-q3.zip https://www.rideindego.com/wp-content/uploads/2023/10/indego-trips-2023-q3.zip && ls -lh /opt/***/indego-trips-2023-q3.zip']
[2025-03-16T18:50:20.493+0000] {subprocess.py:99} INFO - Output:
[2025-03-16T18:50:21.922+0000] {subprocess.py:106} INFO - -rw-rw-r-- 1 default root 6.8M Mar 16 18:50 /opt/***/indego-trips-2023-q3.zip
[2025-03-16T18:50:21.924+0000] {subprocess.py:110} INFO - Command exited with return code 0
[2025-03-16T18:50:22.090+0000] {taskinstance.py:341} INFO - ::group::Post task execution logs
[2025-03-16T18:50:22.102+0000] {taskinstance.py:353} INFO - Marking task as SUCCESS. dag_id=data_ingestion_gcs_dag, task_id=download_2023_q3, run_id=scheduled__2025-03-15T00:00:00+00:00, execution_date=20250315T000000, start_date=20250316T185018, end_date=20250316T185022
[2025-03-16T18:50:22.245+0000] {logging_mixin.py:190} INFO - Task instance in success state
[2025-03-16T18:50:22.251+0000] {logging_mixin.py:190} INFO -  Previous state of the Task instance: running
[2025-03-16T18:50:22.255+0000] {logging_mixin.py:190} INFO - Dag name:data_ingestion_gcs_dag queued_at:2025-03-16 18:49:30.868563+00:00
[2025-03-16T18:50:22.257+0000] {logging_mixin.py:190} INFO - Task hostname:ea596c643a9a operator:BashOperator
[2025-03-16T18:50:22.385+0000] {local_task_job_runner.py:266} INFO - Task exited with return code 0
[2025-03-16T18:50:22.531+0000] {taskinstance.py:3901} INFO - 1 downstream tasks scheduled from follow-on schedule check
[2025-03-16T18:50:22.550+0000] {local_task_job_runner.py:245} INFO - ::endgroup::
