[2025-03-16T21:51:57.736+0000] {local_task_job_runner.py:123} INFO - ::group::Pre task execution logs
[2025-03-16T21:51:57.817+0000] {taskinstance.py:2614} INFO - Dependencies all met for dep_context=non-requeueable deps ti=<TaskInstance: data_ingestion_gcs_dag.download_2023_q1 manual__2025-03-16T21:51:17.045850+00:00 [queued]>
[2025-03-16T21:51:57.851+0000] {taskinstance.py:2614} INFO - Dependencies all met for dep_context=requeueable deps ti=<TaskInstance: data_ingestion_gcs_dag.download_2023_q1 manual__2025-03-16T21:51:17.045850+00:00 [queued]>
[2025-03-16T21:51:57.852+0000] {taskinstance.py:2867} INFO - Starting attempt 1 of 2
[2025-03-16T21:51:57.954+0000] {taskinstance.py:2890} INFO - Executing <Task(BashOperator): download_2023_q1> on 2025-03-16 21:51:17.045850+00:00
[2025-03-16T21:51:58.016+0000] {warnings.py:112} WARNING - /home/***/.local/lib/python3.12/site-packages/***/task/task_runner/standard_task_runner.py:70: DeprecationWarning: This process (pid=573) is multi-threaded, use of fork() may lead to deadlocks in the child.
  pid = os.fork()

[2025-03-16T21:51:58.030+0000] {standard_task_runner.py:72} INFO - Started process 728 to run task
[2025-03-16T21:51:58.028+0000] {standard_task_runner.py:104} INFO - Running: ['***', 'tasks', 'run', 'data_ingestion_gcs_dag', 'download_2023_q1', 'manual__2025-03-16T21:51:17.045850+00:00', '--job-id', '701', '--raw', '--subdir', 'DAGS_FOLDER/data_ingestion_gcs_dag.py', '--cfg-path', '/tmp/tmp5jfpgamn']
[2025-03-16T21:51:58.059+0000] {standard_task_runner.py:105} INFO - Job 701: Subtask download_2023_q1
[2025-03-16T21:51:58.287+0000] {task_command.py:467} INFO - Running <TaskInstance: data_ingestion_gcs_dag.download_2023_q1 manual__2025-03-16T21:51:17.045850+00:00 [running]> on host 5c7a1daace86
[2025-03-16T21:51:58.832+0000] {taskinstance.py:3134} INFO - Exporting env vars: AIRFLOW_CTX_DAG_OWNER='***' AIRFLOW_CTX_DAG_ID='data_ingestion_gcs_dag' AIRFLOW_CTX_TASK_ID='download_2023_q1' AIRFLOW_CTX_EXECUTION_DATE='2025-03-16T21:51:17.045850+00:00' AIRFLOW_CTX_TRY_NUMBER='1' AIRFLOW_CTX_DAG_RUN_ID='manual__2025-03-16T21:51:17.045850+00:00'
[2025-03-16T21:51:58.838+0000] {logging_mixin.py:190} INFO - Task instance is in running state
[2025-03-16T21:51:58.843+0000] {logging_mixin.py:190} INFO -  Previous state of the Task instance: queued
[2025-03-16T21:51:58.844+0000] {logging_mixin.py:190} INFO - Current task name:download_2023_q1 state:running start_date:2025-03-16 21:51:57.818328+00:00
[2025-03-16T21:51:58.855+0000] {logging_mixin.py:190} INFO - Dag name:data_ingestion_gcs_dag and current dag run status:running
[2025-03-16T21:51:58.860+0000] {taskinstance.py:732} INFO - ::endgroup::
[2025-03-16T21:51:58.865+0000] {subprocess.py:78} INFO - Tmp dir root location: /tmp
[2025-03-16T21:51:58.868+0000] {subprocess.py:88} INFO - Running command: ['/usr/bin/bash', '-c', 'curl -sSL -o /opt/***/indego-trips-2023-q1.zip https://www.rideindego.com/wp-content/uploads/2023/04/indego-trips-2023-q1.zip && ls -lh /opt/***/indego-trips-2023-q1.zip']
[2025-03-16T21:51:58.949+0000] {subprocess.py:99} INFO - Output:
[2025-03-16T21:52:00.698+0000] {subprocess.py:106} INFO - -rw-rw-r-- 1 default root 3.2M Mar 16 21:52 /opt/***/indego-trips-2023-q1.zip
[2025-03-16T21:52:00.714+0000] {subprocess.py:110} INFO - Command exited with return code 0
[2025-03-16T21:52:00.909+0000] {taskinstance.py:341} INFO - ::group::Post task execution logs
[2025-03-16T21:52:00.940+0000] {taskinstance.py:353} INFO - Marking task as SUCCESS. dag_id=data_ingestion_gcs_dag, task_id=download_2023_q1, run_id=manual__2025-03-16T21:51:17.045850+00:00, execution_date=20250316T215117, start_date=20250316T215157, end_date=20250316T215200
[2025-03-16T21:52:01.013+0000] {logging_mixin.py:190} INFO - Task instance in success state
[2025-03-16T21:52:01.017+0000] {logging_mixin.py:190} INFO -  Previous state of the Task instance: running
[2025-03-16T21:52:01.019+0000] {logging_mixin.py:190} INFO - Dag name:data_ingestion_gcs_dag queued_at:2025-03-16 21:51:17.198952+00:00
[2025-03-16T21:52:01.020+0000] {logging_mixin.py:190} INFO - Task hostname:5c7a1daace86 operator:BashOperator
[2025-03-16T21:52:01.080+0000] {local_task_job_runner.py:266} INFO - Task exited with return code 0
[2025-03-16T21:52:01.207+0000] {taskinstance.py:3901} INFO - 1 downstream tasks scheduled from follow-on schedule check
[2025-03-16T21:52:01.211+0000] {local_task_job_runner.py:245} INFO - ::endgroup::
