[2025-03-12T03:43:08.960+0000] {local_task_job_runner.py:123} INFO - ::group::Pre task execution logs
[2025-03-12T03:43:08.985+0000] {taskinstance.py:2614} INFO - Dependencies all met for dep_context=non-requeueable deps ti=<TaskInstance: data_ingestion_gcs_dag.download_dataset_task manual__2025-03-12T03:43:04.214407+00:00 [queued]>
[2025-03-12T03:43:08.996+0000] {taskinstance.py:2614} INFO - Dependencies all met for dep_context=requeueable deps ti=<TaskInstance: data_ingestion_gcs_dag.download_dataset_task manual__2025-03-12T03:43:04.214407+00:00 [queued]>
[2025-03-12T03:43:08.997+0000] {taskinstance.py:2867} INFO - Starting attempt 1 of 2
[2025-03-12T03:43:09.015+0000] {taskinstance.py:2890} INFO - Executing <Task(BashOperator): download_dataset_task> on 2025-03-12 03:43:04.214407+00:00
[2025-03-12T03:43:09.023+0000] {warnings.py:112} WARNING - /home/***/.local/lib/python3.12/site-packages/***/task/task_runner/standard_task_runner.py:70: DeprecationWarning: This process (pid=322) is multi-threaded, use of fork() may lead to deadlocks in the child.
  pid = os.fork()

[2025-03-12T03:43:09.025+0000] {standard_task_runner.py:72} INFO - Started process 331 to run task
[2025-03-12T03:43:09.025+0000] {standard_task_runner.py:104} INFO - Running: ['***', 'tasks', 'run', 'data_ingestion_gcs_dag', 'download_dataset_task', 'manual__2025-03-12T03:43:04.214407+00:00', '--job-id', '288', '--raw', '--subdir', 'DAGS_FOLDER/data_ingestion_gcs_dag.py', '--cfg-path', '/tmp/tmp4viwff11']
[2025-03-12T03:43:09.027+0000] {standard_task_runner.py:105} INFO - Job 288: Subtask download_dataset_task
[2025-03-12T03:43:09.078+0000] {task_command.py:467} INFO - Running <TaskInstance: data_ingestion_gcs_dag.download_dataset_task manual__2025-03-12T03:43:04.214407+00:00 [running]> on host b0577ed9eb82
[2025-03-12T03:43:09.179+0000] {taskinstance.py:3134} INFO - Exporting env vars: AIRFLOW_CTX_DAG_OWNER='***' AIRFLOW_CTX_DAG_ID='data_ingestion_gcs_dag' AIRFLOW_CTX_TASK_ID='download_dataset_task' AIRFLOW_CTX_EXECUTION_DATE='2025-03-12T03:43:04.214407+00:00' AIRFLOW_CTX_TRY_NUMBER='1' AIRFLOW_CTX_DAG_RUN_ID='manual__2025-03-12T03:43:04.214407+00:00'
[2025-03-12T03:43:09.181+0000] {logging_mixin.py:190} INFO - Task instance is in running state
[2025-03-12T03:43:09.182+0000] {logging_mixin.py:190} INFO -  Previous state of the Task instance: queued
[2025-03-12T03:43:09.182+0000] {logging_mixin.py:190} INFO - Current task name:download_dataset_task state:running start_date:2025-03-12 03:43:08.986138+00:00
[2025-03-12T03:43:09.183+0000] {logging_mixin.py:190} INFO - Dag name:data_ingestion_gcs_dag and current dag run status:running
[2025-03-12T03:43:09.183+0000] {taskinstance.py:732} INFO - ::endgroup::
[2025-03-12T03:43:09.184+0000] {subprocess.py:78} INFO - Tmp dir root location: /tmp
[2025-03-12T03:43:09.185+0000] {subprocess.py:88} INFO - Running command: ['/usr/bin/bash', '-c', 'curl -sSL https://www.rideindego.com/wp-content/uploads/2025/01/indego-trips-2024-q4.zip > /opt/***/indego-trips-2024-q4.zip']
[2025-03-12T03:43:09.201+0000] {subprocess.py:99} INFO - Output:
[2025-03-12T03:43:10.896+0000] {subprocess.py:110} INFO - Command exited with return code 0
[2025-03-12T03:43:10.932+0000] {taskinstance.py:341} INFO - ::group::Post task execution logs
[2025-03-12T03:43:10.932+0000] {taskinstance.py:353} INFO - Marking task as SUCCESS. dag_id=data_ingestion_gcs_dag, task_id=download_dataset_task, run_id=manual__2025-03-12T03:43:04.214407+00:00, execution_date=20250312T034304, start_date=20250312T034308, end_date=20250312T034310
[2025-03-12T03:43:10.968+0000] {logging_mixin.py:190} INFO - Task instance in success state
[2025-03-12T03:43:10.969+0000] {logging_mixin.py:190} INFO -  Previous state of the Task instance: running
[2025-03-12T03:43:10.970+0000] {logging_mixin.py:190} INFO - Dag name:data_ingestion_gcs_dag queued_at:2025-03-12 03:43:04.245499+00:00
[2025-03-12T03:43:10.970+0000] {logging_mixin.py:190} INFO - Task hostname:b0577ed9eb82 operator:BashOperator
[2025-03-12T03:43:11.010+0000] {local_task_job_runner.py:266} INFO - Task exited with return code 0
[2025-03-12T03:43:11.059+0000] {taskinstance.py:3901} INFO - 1 downstream tasks scheduled from follow-on schedule check
[2025-03-12T03:43:11.062+0000] {local_task_job_runner.py:245} INFO - ::endgroup::
