[2025-03-16T18:56:38.714+0000] {local_task_job_runner.py:123} INFO - ::group::Pre task execution logs
[2025-03-16T18:56:38.872+0000] {taskinstance.py:2614} INFO - Dependencies all met for dep_context=non-requeueable deps ti=<TaskInstance: data_ingestion_gcs_dag.download_2024_q1 manual__2025-03-16T18:49:29.914483+00:00 [queued]>
[2025-03-16T18:56:38.946+0000] {taskinstance.py:2614} INFO - Dependencies all met for dep_context=requeueable deps ti=<TaskInstance: data_ingestion_gcs_dag.download_2024_q1 manual__2025-03-16T18:49:29.914483+00:00 [queued]>
[2025-03-16T18:56:38.961+0000] {taskinstance.py:2867} INFO - Starting attempt 1 of 2
[2025-03-16T18:56:39.079+0000] {taskinstance.py:2890} INFO - Executing <Task(BashOperator): download_2024_q1> on 2025-03-16 18:49:29.914483+00:00
[2025-03-16T18:56:39.150+0000] {warnings.py:112} WARNING - /home/***/.local/lib/python3.12/site-packages/***/task/task_runner/standard_task_runner.py:70: DeprecationWarning: This process (pid=442) is multi-threaded, use of fork() may lead to deadlocks in the child.
  pid = os.fork()

[2025-03-16T18:56:39.167+0000] {standard_task_runner.py:72} INFO - Started process 465 to run task
[2025-03-16T18:56:39.188+0000] {standard_task_runner.py:104} INFO - Running: ['***', 'tasks', 'run', 'data_ingestion_gcs_dag', 'download_2024_q1', 'manual__2025-03-16T18:49:29.914483+00:00', '--job-id', '28', '--raw', '--subdir', 'DAGS_FOLDER/data_ingestion_gcs.py', '--cfg-path', '/tmp/tmpblvoapsj']
[2025-03-16T18:56:39.238+0000] {standard_task_runner.py:105} INFO - Job 28: Subtask download_2024_q1
[2025-03-16T18:56:39.995+0000] {task_command.py:467} INFO - Running <TaskInstance: data_ingestion_gcs_dag.download_2024_q1 manual__2025-03-16T18:49:29.914483+00:00 [running]> on host ea596c643a9a
[2025-03-16T18:56:40.648+0000] {taskinstance.py:3134} INFO - Exporting env vars: AIRFLOW_CTX_DAG_OWNER='***' AIRFLOW_CTX_DAG_ID='data_ingestion_gcs_dag' AIRFLOW_CTX_TASK_ID='download_2024_q1' AIRFLOW_CTX_EXECUTION_DATE='2025-03-16T18:49:29.914483+00:00' AIRFLOW_CTX_TRY_NUMBER='1' AIRFLOW_CTX_DAG_RUN_ID='manual__2025-03-16T18:49:29.914483+00:00'
[2025-03-16T18:56:40.656+0000] {logging_mixin.py:190} INFO - Task instance is in running state
[2025-03-16T18:56:40.666+0000] {logging_mixin.py:190} INFO -  Previous state of the Task instance: queued
[2025-03-16T18:56:40.669+0000] {logging_mixin.py:190} INFO - Current task name:download_2024_q1 state:running start_date:2025-03-16 18:56:38.875737+00:00
[2025-03-16T18:56:40.683+0000] {logging_mixin.py:190} INFO - Dag name:data_ingestion_gcs_dag and current dag run status:running
[2025-03-16T18:56:40.684+0000] {taskinstance.py:732} INFO - ::endgroup::
[2025-03-16T18:56:40.687+0000] {subprocess.py:78} INFO - Tmp dir root location: /tmp
[2025-03-16T18:56:40.694+0000] {subprocess.py:88} INFO - Running command: ['/usr/bin/bash', '-c', 'curl -sSL -o /opt/***/indego-trips-2024-q1.zip https://www.rideindego.com/wp-content/uploads/2024/04/indego-trips-2024-q1.zip && ls -lh /opt/***/indego-trips-2024-q1.zip']
[2025-03-16T18:56:40.827+0000] {subprocess.py:99} INFO - Output:
[2025-03-16T18:56:44.244+0000] {subprocess.py:106} INFO - -rw-rw-r-- 1 default root 3.9M Mar 16 18:56 /opt/***/indego-trips-2024-q1.zip
[2025-03-16T18:56:44.262+0000] {subprocess.py:110} INFO - Command exited with return code 0
[2025-03-16T18:56:44.518+0000] {taskinstance.py:341} INFO - ::group::Post task execution logs
[2025-03-16T18:56:44.533+0000] {taskinstance.py:353} INFO - Marking task as SUCCESS. dag_id=data_ingestion_gcs_dag, task_id=download_2024_q1, run_id=manual__2025-03-16T18:49:29.914483+00:00, execution_date=20250316T184929, start_date=20250316T185638, end_date=20250316T185644
[2025-03-16T18:56:44.827+0000] {logging_mixin.py:190} INFO - Task instance in success state
[2025-03-16T18:56:44.833+0000] {logging_mixin.py:190} INFO -  Previous state of the Task instance: running
[2025-03-16T18:56:44.835+0000] {logging_mixin.py:190} INFO - Dag name:data_ingestion_gcs_dag queued_at:2025-03-16 18:49:29.948895+00:00
[2025-03-16T18:56:44.840+0000] {logging_mixin.py:190} INFO - Task hostname:ea596c643a9a operator:BashOperator
[2025-03-16T18:56:44.904+0000] {local_task_job_runner.py:266} INFO - Task exited with return code 0
[2025-03-16T18:56:44.973+0000] {local_task_job_runner.py:245} INFO - ::endgroup::
