[2025-03-12T04:42:17.327+0000] {local_task_job_runner.py:123} INFO - ::group::Pre task execution logs
[2025-03-12T04:42:17.421+0000] {taskinstance.py:2614} INFO - Dependencies all met for dep_context=non-requeueable deps ti=<TaskInstance: data_ingestion_gcs_dag.download_2024_q1 manual__2025-03-12T04:42:07.897134+00:00 [queued]>
[2025-03-12T04:42:17.463+0000] {taskinstance.py:2614} INFO - Dependencies all met for dep_context=requeueable deps ti=<TaskInstance: data_ingestion_gcs_dag.download_2024_q1 manual__2025-03-12T04:42:07.897134+00:00 [queued]>
[2025-03-12T04:42:17.478+0000] {taskinstance.py:2867} INFO - Starting attempt 1 of 2
[2025-03-12T04:42:17.575+0000] {taskinstance.py:2890} INFO - Executing <Task(BashOperator): download_2024_q1> on 2025-03-12 04:42:07.897134+00:00
[2025-03-12T04:42:17.601+0000] {warnings.py:112} WARNING - /home/***/.local/lib/python3.12/site-packages/***/task/task_runner/standard_task_runner.py:70: DeprecationWarning: This process (pid=1353) is multi-threaded, use of fork() may lead to deadlocks in the child.
  pid = os.fork()

[2025-03-12T04:42:17.661+0000] {standard_task_runner.py:72} INFO - Started process 1377 to run task
[2025-03-12T04:42:17.648+0000] {standard_task_runner.py:104} INFO - Running: ['***', 'tasks', 'run', 'data_ingestion_gcs_dag', 'download_2024_q1', 'manual__2025-03-12T04:42:07.897134+00:00', '--job-id', '332', '--raw', '--subdir', 'DAGS_FOLDER/data_ingestion_gcs_dag.py', '--cfg-path', '/tmp/tmp5qadlfed']
[2025-03-12T04:42:17.672+0000] {standard_task_runner.py:105} INFO - Job 332: Subtask download_2024_q1
[2025-03-12T04:42:18.252+0000] {task_command.py:467} INFO - Running <TaskInstance: data_ingestion_gcs_dag.download_2024_q1 manual__2025-03-12T04:42:07.897134+00:00 [running]> on host b0577ed9eb82
[2025-03-12T04:42:19.363+0000] {taskinstance.py:3134} INFO - Exporting env vars: AIRFLOW_CTX_DAG_OWNER='***' AIRFLOW_CTX_DAG_ID='data_ingestion_gcs_dag' AIRFLOW_CTX_TASK_ID='download_2024_q1' AIRFLOW_CTX_EXECUTION_DATE='2025-03-12T04:42:07.897134+00:00' AIRFLOW_CTX_TRY_NUMBER='1' AIRFLOW_CTX_DAG_RUN_ID='manual__2025-03-12T04:42:07.897134+00:00'
[2025-03-12T04:42:19.366+0000] {logging_mixin.py:190} INFO - Task instance is in running state
[2025-03-12T04:42:19.367+0000] {logging_mixin.py:190} INFO -  Previous state of the Task instance: queued
[2025-03-12T04:42:19.368+0000] {logging_mixin.py:190} INFO - Current task name:download_2024_q1 state:running start_date:2025-03-12 04:42:17.425435+00:00
[2025-03-12T04:42:19.369+0000] {logging_mixin.py:190} INFO - Dag name:data_ingestion_gcs_dag and current dag run status:running
[2025-03-12T04:42:19.369+0000] {taskinstance.py:732} INFO - ::endgroup::
[2025-03-12T04:42:19.375+0000] {subprocess.py:78} INFO - Tmp dir root location: /tmp
[2025-03-12T04:42:19.387+0000] {subprocess.py:88} INFO - Running command: ['/usr/bin/bash', '-c', 'curl -sSL -o /opt/***/indego-trips-2024-q1.zip https://www.rideindego.com/wp-content/uploads/2024/04/indego-trips-2024-q1.zip && ls -lh /opt/***/indego-trips-2024-q1.zip']
[2025-03-12T04:42:19.478+0000] {subprocess.py:99} INFO - Output:
[2025-03-12T04:42:21.166+0000] {subprocess.py:106} INFO - -rw-rw-r-- 1 default root 3.9M Mar 12 04:42 /opt/***/indego-trips-2024-q1.zip
[2025-03-12T04:42:21.174+0000] {subprocess.py:110} INFO - Command exited with return code 0
[2025-03-12T04:42:21.462+0000] {taskinstance.py:341} INFO - ::group::Post task execution logs
[2025-03-12T04:42:21.498+0000] {taskinstance.py:353} INFO - Marking task as SUCCESS. dag_id=data_ingestion_gcs_dag, task_id=download_2024_q1, run_id=manual__2025-03-12T04:42:07.897134+00:00, execution_date=20250312T044207, start_date=20250312T044217, end_date=20250312T044221
[2025-03-12T04:42:21.732+0000] {logging_mixin.py:190} INFO - Task instance in success state
[2025-03-12T04:42:21.742+0000] {logging_mixin.py:190} INFO -  Previous state of the Task instance: running
[2025-03-12T04:42:21.761+0000] {logging_mixin.py:190} INFO - Dag name:data_ingestion_gcs_dag queued_at:2025-03-12 04:42:07.935918+00:00
[2025-03-12T04:42:21.770+0000] {logging_mixin.py:190} INFO - Task hostname:b0577ed9eb82 operator:BashOperator
[2025-03-12T04:42:21.854+0000] {local_task_job_runner.py:266} INFO - Task exited with return code 0
[2025-03-12T04:42:21.974+0000] {local_task_job_runner.py:245} INFO - ::endgroup::
