[2025-03-16T22:05:54.846+0000] {local_task_job_runner.py:123} INFO - ::group::Pre task execution logs
[2025-03-16T22:05:55.013+0000] {taskinstance.py:2614} INFO - Dependencies all met for dep_context=non-requeueable deps ti=<TaskInstance: data_ingestion_gcs_dag.format_parquet_2023_q3 manual__2025-03-16T22:05:14.553483+00:00 [queued]>
[2025-03-16T22:05:55.093+0000] {taskinstance.py:2614} INFO - Dependencies all met for dep_context=requeueable deps ti=<TaskInstance: data_ingestion_gcs_dag.format_parquet_2023_q3 manual__2025-03-16T22:05:14.553483+00:00 [queued]>
[2025-03-16T22:05:55.121+0000] {taskinstance.py:2867} INFO - Starting attempt 1 of 2
[2025-03-16T22:05:55.599+0000] {taskinstance.py:2890} INFO - Executing <Task(PythonOperator): format_parquet_2023_q3> on 2025-03-16 22:05:14.553483+00:00
[2025-03-16T22:05:55.716+0000] {warnings.py:112} WARNING - /home/***/.local/lib/python3.12/site-packages/***/task/task_runner/standard_task_runner.py:70: DeprecationWarning: This process (pid=1228) is multi-threaded, use of fork() may lead to deadlocks in the child.
  pid = os.fork()

[2025-03-16T22:05:55.771+0000] {standard_task_runner.py:72} INFO - Started process 1266 to run task
[2025-03-16T22:05:55.785+0000] {standard_task_runner.py:104} INFO - Running: ['***', 'tasks', 'run', 'data_ingestion_gcs_dag', 'format_parquet_2023_q3', 'manual__2025-03-16T22:05:14.553483+00:00', '--job-id', '741', '--raw', '--subdir', 'DAGS_FOLDER/data_ingestion_gcs_dag.py', '--cfg-path', '/tmp/tmpwqp92zjq']
[2025-03-16T22:05:55.824+0000] {standard_task_runner.py:105} INFO - Job 741: Subtask format_parquet_2023_q3
[2025-03-16T22:05:56.881+0000] {task_command.py:467} INFO - Running <TaskInstance: data_ingestion_gcs_dag.format_parquet_2023_q3 manual__2025-03-16T22:05:14.553483+00:00 [running]> on host 5c7a1daace86
[2025-03-16T22:05:58.198+0000] {taskinstance.py:3134} INFO - Exporting env vars: AIRFLOW_CTX_DAG_OWNER='***' AIRFLOW_CTX_DAG_ID='data_ingestion_gcs_dag' AIRFLOW_CTX_TASK_ID='format_parquet_2023_q3' AIRFLOW_CTX_EXECUTION_DATE='2025-03-16T22:05:14.553483+00:00' AIRFLOW_CTX_TRY_NUMBER='1' AIRFLOW_CTX_DAG_RUN_ID='manual__2025-03-16T22:05:14.553483+00:00'
[2025-03-16T22:05:58.211+0000] {logging_mixin.py:190} INFO - Task instance is in running state
[2025-03-16T22:05:58.233+0000] {logging_mixin.py:190} INFO -  Previous state of the Task instance: queued
[2025-03-16T22:05:58.247+0000] {logging_mixin.py:190} INFO - Current task name:format_parquet_2023_q3 state:running start_date:2025-03-16 22:05:55.021641+00:00
[2025-03-16T22:05:58.249+0000] {logging_mixin.py:190} INFO - Dag name:data_ingestion_gcs_dag and current dag run status:running
[2025-03-16T22:05:58.249+0000] {taskinstance.py:732} INFO - ::endgroup::
[2025-03-16T22:06:03.580+0000] {data_ingestion_gcs_dag.py:67} INFO - Converted indego-trips-2023-q3-2.csv to /opt/***/indego-trips-2023-q3.parquet
[2025-03-16T22:06:03.587+0000] {python.py:240} INFO - Done. Returned value was: None
[2025-03-16T22:06:03.648+0000] {taskinstance.py:341} INFO - ::group::Post task execution logs
[2025-03-16T22:06:03.651+0000] {taskinstance.py:353} INFO - Marking task as SUCCESS. dag_id=data_ingestion_gcs_dag, task_id=format_parquet_2023_q3, run_id=manual__2025-03-16T22:05:14.553483+00:00, execution_date=20250316T220514, start_date=20250316T220555, end_date=20250316T220603
[2025-03-16T22:06:03.812+0000] {logging_mixin.py:190} INFO - Task instance in success state
[2025-03-16T22:06:03.813+0000] {logging_mixin.py:190} INFO -  Previous state of the Task instance: running
[2025-03-16T22:06:03.823+0000] {logging_mixin.py:190} INFO - Dag name:data_ingestion_gcs_dag queued_at:2025-03-16 22:05:14.676788+00:00
[2025-03-16T22:06:03.828+0000] {logging_mixin.py:190} INFO - Task hostname:5c7a1daace86 operator:PythonOperator
[2025-03-16T22:06:04.011+0000] {local_task_job_runner.py:266} INFO - Task exited with return code 0
[2025-03-16T22:06:04.142+0000] {taskinstance.py:3901} INFO - 0 downstream tasks scheduled from follow-on schedule check
[2025-03-16T22:06:04.166+0000] {local_task_job_runner.py:245} INFO - ::endgroup::
