[2025-03-16T17:53:19.545+0000] {local_task_job_runner.py:123} INFO - ::group::Pre task execution logs
[2025-03-16T17:53:19.587+0000] {taskinstance.py:2614} INFO - Dependencies all met for dep_context=non-requeueable deps ti=<TaskInstance: data_ingestion_gcs_dag.merge_all_trips scheduled__2025-03-15T00:00:00+00:00 [queued]>
[2025-03-16T17:53:19.609+0000] {taskinstance.py:2614} INFO - Dependencies all met for dep_context=requeueable deps ti=<TaskInstance: data_ingestion_gcs_dag.merge_all_trips scheduled__2025-03-15T00:00:00+00:00 [queued]>
[2025-03-16T17:53:19.610+0000] {taskinstance.py:2867} INFO - Starting attempt 1 of 2
[2025-03-16T17:53:19.629+0000] {taskinstance.py:2890} INFO - Executing <Task(PythonOperator): merge_all_trips> on 2025-03-15 00:00:00+00:00
[2025-03-16T17:53:19.637+0000] {warnings.py:112} WARNING - /home/***/.local/lib/python3.12/site-packages/***/task/task_runner/standard_task_runner.py:70: DeprecationWarning: This process (pid=445) is multi-threaded, use of fork() may lead to deadlocks in the child.
  pid = os.fork()

[2025-03-16T17:53:19.639+0000] {standard_task_runner.py:72} INFO - Started process 447 to run task
[2025-03-16T17:53:19.640+0000] {standard_task_runner.py:104} INFO - Running: ['***', 'tasks', 'run', 'data_ingestion_gcs_dag', 'merge_all_trips', 'scheduled__2025-03-15T00:00:00+00:00', '--job-id', '660', '--raw', '--subdir', 'DAGS_FOLDER/data_ingestion_gcs_dag.py', '--cfg-path', '/tmp/tmpak_ae5si']
[2025-03-16T17:53:19.642+0000] {standard_task_runner.py:105} INFO - Job 660: Subtask merge_all_trips
[2025-03-16T17:53:19.700+0000] {task_command.py:467} INFO - Running <TaskInstance: data_ingestion_gcs_dag.merge_all_trips scheduled__2025-03-15T00:00:00+00:00 [running]> on host b0577ed9eb82
[2025-03-16T17:53:19.795+0000] {taskinstance.py:3134} INFO - Exporting env vars: AIRFLOW_CTX_DAG_OWNER='***' AIRFLOW_CTX_DAG_ID='data_ingestion_gcs_dag' AIRFLOW_CTX_TASK_ID='merge_all_trips' AIRFLOW_CTX_EXECUTION_DATE='2025-03-15T00:00:00+00:00' AIRFLOW_CTX_TRY_NUMBER='1' AIRFLOW_CTX_DAG_RUN_ID='scheduled__2025-03-15T00:00:00+00:00'
[2025-03-16T17:53:19.797+0000] {logging_mixin.py:190} INFO - Task instance is in running state
[2025-03-16T17:53:19.798+0000] {logging_mixin.py:190} INFO -  Previous state of the Task instance: queued
[2025-03-16T17:53:19.798+0000] {logging_mixin.py:190} INFO - Current task name:merge_all_trips state:running start_date:2025-03-16 17:53:19.588237+00:00
[2025-03-16T17:53:19.799+0000] {logging_mixin.py:190} INFO - Dag name:data_ingestion_gcs_dag and current dag run status:running
[2025-03-16T17:53:19.799+0000] {taskinstance.py:732} INFO - ::endgroup::
[2025-03-16T17:53:35.230+0000] {python.py:240} INFO - Done. Returned value was: None
[2025-03-16T17:53:35.242+0000] {taskinstance.py:341} INFO - ::group::Post task execution logs
[2025-03-16T17:53:35.243+0000] {taskinstance.py:353} INFO - Marking task as SUCCESS. dag_id=data_ingestion_gcs_dag, task_id=merge_all_trips, run_id=scheduled__2025-03-15T00:00:00+00:00, execution_date=20250315T000000, start_date=20250316T175319, end_date=20250316T175335
[2025-03-16T17:53:35.268+0000] {logging_mixin.py:190} INFO - Task instance in success state
[2025-03-16T17:53:35.269+0000] {logging_mixin.py:190} INFO -  Previous state of the Task instance: running
[2025-03-16T17:53:35.269+0000] {logging_mixin.py:190} INFO - Dag name:data_ingestion_gcs_dag queued_at:2025-03-16 17:52:58.267919+00:00
[2025-03-16T17:53:35.270+0000] {logging_mixin.py:190} INFO - Task hostname:b0577ed9eb82 operator:PythonOperator
[2025-03-16T17:53:35.329+0000] {local_task_job_runner.py:266} INFO - Task exited with return code 0
[2025-03-16T17:53:35.351+0000] {taskinstance.py:3901} INFO - 1 downstream tasks scheduled from follow-on schedule check
[2025-03-16T17:53:35.353+0000] {local_task_job_runner.py:245} INFO - ::endgroup::
[2025-03-16T18:55:22.491+0000] {local_task_job_runner.py:123} INFO - ::group::Pre task execution logs
[2025-03-16T18:55:23.037+0000] {taskinstance.py:2614} INFO - Dependencies all met for dep_context=non-requeueable deps ti=<TaskInstance: data_ingestion_gcs_dag.merge_all_trips scheduled__2025-03-15T00:00:00+00:00 [queued]>
[2025-03-16T18:55:23.258+0000] {taskinstance.py:2614} INFO - Dependencies all met for dep_context=requeueable deps ti=<TaskInstance: data_ingestion_gcs_dag.merge_all_trips scheduled__2025-03-15T00:00:00+00:00 [queued]>
[2025-03-16T18:55:23.260+0000] {taskinstance.py:2867} INFO - Starting attempt 1 of 2
[2025-03-16T18:55:23.489+0000] {taskinstance.py:2890} INFO - Executing <Task(PythonOperator): merge_all_trips> on 2025-03-15 00:00:00+00:00
[2025-03-16T18:55:23.634+0000] {warnings.py:112} WARNING - /home/***/.local/lib/python3.12/site-packages/***/task/task_runner/standard_task_runner.py:70: DeprecationWarning: This process (pid=405) is multi-threaded, use of fork() may lead to deadlocks in the child.
  pid = os.fork()

[2025-03-16T18:55:23.690+0000] {standard_task_runner.py:72} INFO - Started process 407 to run task
[2025-03-16T18:55:23.664+0000] {standard_task_runner.py:104} INFO - Running: ['***', 'tasks', 'run', 'data_ingestion_gcs_dag', 'merge_all_trips', 'scheduled__2025-03-15T00:00:00+00:00', '--job-id', '23', '--raw', '--subdir', 'DAGS_FOLDER/data_ingestion_gcs.py', '--cfg-path', '/tmp/tmpsdwazifd']
[2025-03-16T18:55:23.707+0000] {standard_task_runner.py:105} INFO - Job 23: Subtask merge_all_trips
[2025-03-16T18:55:24.303+0000] {task_command.py:467} INFO - Running <TaskInstance: data_ingestion_gcs_dag.merge_all_trips scheduled__2025-03-15T00:00:00+00:00 [running]> on host ea596c643a9a
[2025-03-16T18:55:24.885+0000] {taskinstance.py:3134} INFO - Exporting env vars: AIRFLOW_CTX_DAG_OWNER='***' AIRFLOW_CTX_DAG_ID='data_ingestion_gcs_dag' AIRFLOW_CTX_TASK_ID='merge_all_trips' AIRFLOW_CTX_EXECUTION_DATE='2025-03-15T00:00:00+00:00' AIRFLOW_CTX_TRY_NUMBER='1' AIRFLOW_CTX_DAG_RUN_ID='scheduled__2025-03-15T00:00:00+00:00'
[2025-03-16T18:55:24.900+0000] {logging_mixin.py:190} INFO - Task instance is in running state
[2025-03-16T18:55:24.921+0000] {logging_mixin.py:190} INFO -  Previous state of the Task instance: queued
[2025-03-16T18:55:24.944+0000] {logging_mixin.py:190} INFO - Current task name:merge_all_trips state:running start_date:2025-03-16 18:55:23.061320+00:00
[2025-03-16T18:55:24.973+0000] {logging_mixin.py:190} INFO - Dag name:data_ingestion_gcs_dag and current dag run status:running
[2025-03-16T18:55:24.975+0000] {taskinstance.py:732} INFO - ::endgroup::
[2025-03-16T18:56:08.373+0000] {python.py:240} INFO - Done. Returned value was: None
[2025-03-16T18:56:08.402+0000] {taskinstance.py:341} INFO - ::group::Post task execution logs
[2025-03-16T18:56:08.404+0000] {taskinstance.py:353} INFO - Marking task as SUCCESS. dag_id=data_ingestion_gcs_dag, task_id=merge_all_trips, run_id=scheduled__2025-03-15T00:00:00+00:00, execution_date=20250315T000000, start_date=20250316T185523, end_date=20250316T185608
[2025-03-16T18:56:08.459+0000] {logging_mixin.py:190} INFO - Task instance in success state
[2025-03-16T18:56:08.460+0000] {logging_mixin.py:190} INFO -  Previous state of the Task instance: running
[2025-03-16T18:56:08.461+0000] {logging_mixin.py:190} INFO - Dag name:data_ingestion_gcs_dag queued_at:2025-03-16 18:49:30.868563+00:00
[2025-03-16T18:56:08.462+0000] {logging_mixin.py:190} INFO - Task hostname:ea596c643a9a operator:PythonOperator
[2025-03-16T18:56:08.656+0000] {local_task_job_runner.py:266} INFO - Task exited with return code 0
[2025-03-16T18:56:08.779+0000] {taskinstance.py:3901} INFO - 1 downstream tasks scheduled from follow-on schedule check
[2025-03-16T18:56:08.782+0000] {local_task_job_runner.py:245} INFO - ::endgroup::
[2025-03-16T18:56:08.785+0000] {standard_task_runner.py:217} INFO - Process not found (most likely exited), stop collecting metrics
