[2025-03-12T04:01:53.231+0000] {local_task_job_runner.py:123} INFO - ::group::Pre task execution logs
[2025-03-12T04:01:53.254+0000] {taskinstance.py:2614} INFO - Dependencies all met for dep_context=non-requeueable deps ti=<TaskInstance: data_ingestion_gcs_dag.get_parquet_filename manual__2025-03-12T04:01:41.022774+00:00 [queued]>
[2025-03-12T04:01:53.266+0000] {taskinstance.py:2614} INFO - Dependencies all met for dep_context=requeueable deps ti=<TaskInstance: data_ingestion_gcs_dag.get_parquet_filename manual__2025-03-12T04:01:41.022774+00:00 [queued]>
[2025-03-12T04:01:53.267+0000] {taskinstance.py:2867} INFO - Starting attempt 1 of 2
[2025-03-12T04:01:53.283+0000] {taskinstance.py:2890} INFO - Executing <Task(PythonOperator): get_parquet_filename> on 2025-03-12 04:01:41.022774+00:00
[2025-03-12T04:01:53.292+0000] {warnings.py:112} WARNING - /home/***/.local/lib/python3.12/site-packages/***/task/task_runner/standard_task_runner.py:70: DeprecationWarning: This process (pid=626) is multi-threaded, use of fork() may lead to deadlocks in the child.
  pid = os.fork()

[2025-03-12T04:01:53.295+0000] {standard_task_runner.py:72} INFO - Started process 628 to run task
[2025-03-12T04:01:53.295+0000] {standard_task_runner.py:104} INFO - Running: ['***', 'tasks', 'run', 'data_ingestion_gcs_dag', 'get_parquet_filename', 'manual__2025-03-12T04:01:41.022774+00:00', '--job-id', '297', '--raw', '--subdir', 'DAGS_FOLDER/data_ingestion_gcs_dag.py', '--cfg-path', '/tmp/tmp9v7899rr']
[2025-03-12T04:01:53.296+0000] {standard_task_runner.py:105} INFO - Job 297: Subtask get_parquet_filename
[2025-03-12T04:01:53.348+0000] {task_command.py:467} INFO - Running <TaskInstance: data_ingestion_gcs_dag.get_parquet_filename manual__2025-03-12T04:01:41.022774+00:00 [running]> on host b0577ed9eb82
[2025-03-12T04:01:53.446+0000] {taskinstance.py:3134} INFO - Exporting env vars: AIRFLOW_CTX_DAG_OWNER='***' AIRFLOW_CTX_DAG_ID='data_ingestion_gcs_dag' AIRFLOW_CTX_TASK_ID='get_parquet_filename' AIRFLOW_CTX_EXECUTION_DATE='2025-03-12T04:01:41.022774+00:00' AIRFLOW_CTX_TRY_NUMBER='1' AIRFLOW_CTX_DAG_RUN_ID='manual__2025-03-12T04:01:41.022774+00:00'
[2025-03-12T04:01:53.448+0000] {logging_mixin.py:190} INFO - Task instance is in running state
[2025-03-12T04:01:53.449+0000] {logging_mixin.py:190} INFO -  Previous state of the Task instance: queued
[2025-03-12T04:01:53.449+0000] {logging_mixin.py:190} INFO - Current task name:get_parquet_filename state:running start_date:2025-03-12 04:01:53.255078+00:00
[2025-03-12T04:01:53.450+0000] {logging_mixin.py:190} INFO - Dag name:data_ingestion_gcs_dag and current dag run status:running
[2025-03-12T04:01:53.450+0000] {taskinstance.py:732} INFO - ::endgroup::
[2025-03-12T04:01:53.460+0000] {python.py:240} INFO - Done. Returned value was: /opt/***/indego-trips-2024-q4.parquet
[2025-03-12T04:01:53.483+0000] {taskinstance.py:341} INFO - ::group::Post task execution logs
[2025-03-12T04:01:53.484+0000] {taskinstance.py:353} INFO - Marking task as SUCCESS. dag_id=data_ingestion_gcs_dag, task_id=get_parquet_filename, run_id=manual__2025-03-12T04:01:41.022774+00:00, execution_date=20250312T040141, start_date=20250312T040153, end_date=20250312T040153
[2025-03-12T04:01:53.508+0000] {logging_mixin.py:190} INFO - Task instance in success state
[2025-03-12T04:01:53.509+0000] {logging_mixin.py:190} INFO -  Previous state of the Task instance: running
[2025-03-12T04:01:53.509+0000] {logging_mixin.py:190} INFO - Dag name:data_ingestion_gcs_dag queued_at:2025-03-12 04:01:41.056742+00:00
[2025-03-12T04:01:53.510+0000] {logging_mixin.py:190} INFO - Task hostname:b0577ed9eb82 operator:PythonOperator
[2025-03-12T04:01:53.550+0000] {local_task_job_runner.py:266} INFO - Task exited with return code 0
[2025-03-12T04:01:53.579+0000] {taskinstance.py:3901} INFO - 1 downstream tasks scheduled from follow-on schedule check
[2025-03-12T04:01:53.581+0000] {local_task_job_runner.py:245} INFO - ::endgroup::
