[2025-03-12T04:31:26.596+0000] {local_task_job_runner.py:123} INFO - ::group::Pre task execution logs
[2025-03-12T04:31:26.719+0000] {taskinstance.py:2614} INFO - Dependencies all met for dep_context=non-requeueable deps ti=<TaskInstance: data_ingestion_gcs_dag.bigquery_external_table_task manual__2025-03-12T04:31:17.767540+00:00 [queued]>
[2025-03-12T04:31:26.764+0000] {taskinstance.py:2614} INFO - Dependencies all met for dep_context=requeueable deps ti=<TaskInstance: data_ingestion_gcs_dag.bigquery_external_table_task manual__2025-03-12T04:31:17.767540+00:00 [queued]>
[2025-03-12T04:31:26.769+0000] {taskinstance.py:2867} INFO - Starting attempt 1 of 2
[2025-03-12T04:31:26.878+0000] {taskinstance.py:2890} INFO - Executing <Task(BigQueryCreateExternalTableOperator): bigquery_external_table_task> on 2025-03-12 04:31:17.767540+00:00
[2025-03-12T04:31:26.901+0000] {warnings.py:112} WARNING - /home/***/.local/lib/python3.12/site-packages/***/task/task_runner/standard_task_runner.py:70: DeprecationWarning: This process (pid=1052) is multi-threaded, use of fork() may lead to deadlocks in the child.
  pid = os.fork()

[2025-03-12T04:31:26.920+0000] {standard_task_runner.py:72} INFO - Started process 1070 to run task
[2025-03-12T04:31:26.926+0000] {standard_task_runner.py:104} INFO - Running: ['***', 'tasks', 'run', 'data_ingestion_gcs_dag', 'bigquery_external_table_task', 'manual__2025-03-12T04:31:17.767540+00:00', '--job-id', '305', '--raw', '--subdir', 'DAGS_FOLDER/data_ingestion_gcs_dag.py', '--cfg-path', '/tmp/tmpq5ttq0eq']
[2025-03-12T04:31:26.958+0000] {standard_task_runner.py:105} INFO - Job 305: Subtask bigquery_external_table_task
[2025-03-12T04:31:27.366+0000] {task_command.py:467} INFO - Running <TaskInstance: data_ingestion_gcs_dag.bigquery_external_table_task manual__2025-03-12T04:31:17.767540+00:00 [running]> on host b0577ed9eb82
[2025-03-12T04:31:28.259+0000] {taskinstance.py:3134} INFO - Exporting env vars: AIRFLOW_CTX_DAG_OWNER='***' AIRFLOW_CTX_DAG_ID='data_ingestion_gcs_dag' AIRFLOW_CTX_TASK_ID='bigquery_external_table_task' AIRFLOW_CTX_EXECUTION_DATE='2025-03-12T04:31:17.767540+00:00' AIRFLOW_CTX_TRY_NUMBER='1' AIRFLOW_CTX_DAG_RUN_ID='manual__2025-03-12T04:31:17.767540+00:00'
[2025-03-12T04:31:28.279+0000] {logging_mixin.py:190} INFO - Task instance is in running state
[2025-03-12T04:31:28.293+0000] {logging_mixin.py:190} INFO -  Previous state of the Task instance: queued
[2025-03-12T04:31:28.309+0000] {logging_mixin.py:190} INFO - Current task name:bigquery_external_table_task state:running start_date:2025-03-12 04:31:26.733789+00:00
[2025-03-12T04:31:28.319+0000] {logging_mixin.py:190} INFO - Dag name:data_ingestion_gcs_dag and current dag run status:running
[2025-03-12T04:31:28.326+0000] {taskinstance.py:732} INFO - ::endgroup::
[2025-03-12T04:31:28.332+0000] {crypto.py:82} WARNING - empty cryptography key - values will not be stored encrypted.
[2025-03-12T04:31:28.418+0000] {connection.py:277} WARNING - Connection schemes (type: google_cloud_platform) shall not contain '_' according to RFC3986.
[2025-03-12T04:31:28.461+0000] {base.py:84} INFO - Retrieving connection 'google_cloud_default'
[2025-03-12T04:31:30.391+0000] {taskinstance.py:341} INFO - ::group::Post task execution logs
[2025-03-12T04:31:30.393+0000] {taskinstance.py:353} INFO - Marking task as SUCCESS. dag_id=data_ingestion_gcs_dag, task_id=bigquery_external_table_task, run_id=manual__2025-03-12T04:31:17.767540+00:00, execution_date=20250312T043117, start_date=20250312T043126, end_date=20250312T043130
[2025-03-12T04:31:30.429+0000] {logging_mixin.py:190} INFO - Task instance in success state
[2025-03-12T04:31:30.430+0000] {logging_mixin.py:190} INFO -  Previous state of the Task instance: running
[2025-03-12T04:31:30.431+0000] {logging_mixin.py:190} INFO - Dag name:data_ingestion_gcs_dag queued_at:2025-03-12 04:31:17.799588+00:00
[2025-03-12T04:31:30.431+0000] {logging_mixin.py:190} INFO - Task hostname:b0577ed9eb82 operator:BigQueryCreateExternalTableOperator
[2025-03-12T04:31:30.470+0000] {local_task_job_runner.py:266} INFO - Task exited with return code 0
[2025-03-12T04:31:30.484+0000] {local_task_job_runner.py:245} INFO - ::endgroup::
