[2025-03-13T04:06:39.936+0000] {local_task_job_runner.py:123} INFO - ::group::Pre task execution logs
[2025-03-13T04:06:40.038+0000] {taskinstance.py:2614} INFO - Dependencies all met for dep_context=non-requeueable deps ti=<TaskInstance: data_ingestion_gcs_dag.upload_gcs_2023_q2 manual__2025-03-13T04:00:50.830640+00:00 [queued]>
[2025-03-13T04:06:40.078+0000] {taskinstance.py:2614} INFO - Dependencies all met for dep_context=requeueable deps ti=<TaskInstance: data_ingestion_gcs_dag.upload_gcs_2023_q2 manual__2025-03-13T04:00:50.830640+00:00 [queued]>
[2025-03-13T04:06:40.079+0000] {taskinstance.py:2867} INFO - Starting attempt 1 of 2
[2025-03-13T04:06:40.145+0000] {taskinstance.py:2890} INFO - Executing <Task(PythonOperator): upload_gcs_2023_q2> on 2025-03-13 04:00:50.830640+00:00
[2025-03-13T04:06:40.172+0000] {warnings.py:112} WARNING - /home/***/.local/lib/python3.12/site-packages/***/task/task_runner/standard_task_runner.py:70: DeprecationWarning: This process (pid=1219) is multi-threaded, use of fork() may lead to deadlocks in the child.
  pid = os.fork()

[2025-03-13T04:06:40.186+0000] {standard_task_runner.py:72} INFO - Started process 1299 to run task
[2025-03-13T04:06:40.195+0000] {standard_task_runner.py:104} INFO - Running: ['***', 'tasks', 'run', 'data_ingestion_gcs_dag', 'upload_gcs_2023_q2', 'manual__2025-03-13T04:00:50.830640+00:00', '--job-id', '502', '--raw', '--subdir', 'DAGS_FOLDER/data_ingestion_gcs_dag.py', '--cfg-path', '/tmp/tmpplnwknnf']
[2025-03-13T04:06:40.204+0000] {standard_task_runner.py:105} INFO - Job 502: Subtask upload_gcs_2023_q2
[2025-03-13T04:06:40.441+0000] {task_command.py:467} INFO - Running <TaskInstance: data_ingestion_gcs_dag.upload_gcs_2023_q2 manual__2025-03-13T04:00:50.830640+00:00 [running]> on host b0577ed9eb82
[2025-03-13T04:06:40.821+0000] {taskinstance.py:3134} INFO - Exporting env vars: AIRFLOW_CTX_DAG_OWNER='***' AIRFLOW_CTX_DAG_ID='data_ingestion_gcs_dag' AIRFLOW_CTX_TASK_ID='upload_gcs_2023_q2' AIRFLOW_CTX_EXECUTION_DATE='2025-03-13T04:00:50.830640+00:00' AIRFLOW_CTX_TRY_NUMBER='1' AIRFLOW_CTX_DAG_RUN_ID='manual__2025-03-13T04:00:50.830640+00:00'
[2025-03-13T04:06:40.826+0000] {logging_mixin.py:190} INFO - Task instance is in running state
[2025-03-13T04:06:40.828+0000] {logging_mixin.py:190} INFO -  Previous state of the Task instance: queued
[2025-03-13T04:06:40.831+0000] {logging_mixin.py:190} INFO - Current task name:upload_gcs_2023_q2 state:running start_date:2025-03-13 04:06:40.041211+00:00
[2025-03-13T04:06:40.833+0000] {logging_mixin.py:190} INFO - Dag name:data_ingestion_gcs_dag and current dag run status:running
[2025-03-13T04:06:40.834+0000] {taskinstance.py:732} INFO - ::endgroup::
[2025-03-13T04:06:46.850+0000] {python.py:240} INFO - Done. Returned value was: None
[2025-03-13T04:06:46.882+0000] {taskinstance.py:341} INFO - ::group::Post task execution logs
[2025-03-13T04:06:46.884+0000] {taskinstance.py:353} INFO - Marking task as SUCCESS. dag_id=data_ingestion_gcs_dag, task_id=upload_gcs_2023_q2, run_id=manual__2025-03-13T04:00:50.830640+00:00, execution_date=20250313T040050, start_date=20250313T040640, end_date=20250313T040646
[2025-03-13T04:06:46.954+0000] {logging_mixin.py:190} INFO - Task instance in success state
[2025-03-13T04:06:46.955+0000] {logging_mixin.py:190} INFO -  Previous state of the Task instance: running
[2025-03-13T04:06:46.956+0000] {logging_mixin.py:190} INFO - Dag name:data_ingestion_gcs_dag queued_at:2025-03-13 04:00:50.872907+00:00
[2025-03-13T04:06:46.957+0000] {logging_mixin.py:190} INFO - Task hostname:b0577ed9eb82 operator:PythonOperator
[2025-03-13T04:06:46.985+0000] {local_task_job_runner.py:266} INFO - Task exited with return code 0
[2025-03-13T04:06:47.060+0000] {taskinstance.py:3901} INFO - 0 downstream tasks scheduled from follow-on schedule check
[2025-03-13T04:06:47.070+0000] {local_task_job_runner.py:245} INFO - ::endgroup::
