[2025-03-12T04:47:58.171+0000] {local_task_job_runner.py:123} INFO - ::group::Pre task execution logs
[2025-03-12T04:47:58.214+0000] {taskinstance.py:2614} INFO - Dependencies all met for dep_context=non-requeueable deps ti=<TaskInstance: data_ingestion_gcs_dag.download_2025_q1 manual__2025-03-12T04:45:25.650021+00:00 [queued]>
[2025-03-12T04:47:58.261+0000] {taskinstance.py:2614} INFO - Dependencies all met for dep_context=requeueable deps ti=<TaskInstance: data_ingestion_gcs_dag.download_2025_q1 manual__2025-03-12T04:45:25.650021+00:00 [queued]>
[2025-03-12T04:47:58.269+0000] {taskinstance.py:2867} INFO - Starting attempt 1 of 2
[2025-03-12T04:47:58.337+0000] {taskinstance.py:2890} INFO - Executing <Task(BashOperator): download_2025_q1> on 2025-03-12 04:45:25.650021+00:00
[2025-03-12T04:47:58.352+0000] {warnings.py:112} WARNING - /home/***/.local/lib/python3.12/site-packages/***/task/task_runner/standard_task_runner.py:70: DeprecationWarning: This process (pid=1775) is multi-threaded, use of fork() may lead to deadlocks in the child.
  pid = os.fork()

[2025-03-12T04:47:58.355+0000] {standard_task_runner.py:72} INFO - Started process 1816 to run task
[2025-03-12T04:47:58.358+0000] {standard_task_runner.py:104} INFO - Running: ['***', 'tasks', 'run', 'data_ingestion_gcs_dag', 'download_2025_q1', 'manual__2025-03-12T04:45:25.650021+00:00', '--job-id', '374', '--raw', '--subdir', 'DAGS_FOLDER/data_ingestion_gcs_dag.py', '--cfg-path', '/tmp/tmp97zfpwyy']
[2025-03-12T04:47:58.366+0000] {standard_task_runner.py:105} INFO - Job 374: Subtask download_2025_q1
[2025-03-12T04:47:58.507+0000] {task_command.py:467} INFO - Running <TaskInstance: data_ingestion_gcs_dag.download_2025_q1 manual__2025-03-12T04:45:25.650021+00:00 [running]> on host b0577ed9eb82
[2025-03-12T04:47:59.062+0000] {taskinstance.py:3134} INFO - Exporting env vars: AIRFLOW_CTX_DAG_OWNER='***' AIRFLOW_CTX_DAG_ID='data_ingestion_gcs_dag' AIRFLOW_CTX_TASK_ID='download_2025_q1' AIRFLOW_CTX_EXECUTION_DATE='2025-03-12T04:45:25.650021+00:00' AIRFLOW_CTX_TRY_NUMBER='1' AIRFLOW_CTX_DAG_RUN_ID='manual__2025-03-12T04:45:25.650021+00:00'
[2025-03-12T04:47:59.071+0000] {logging_mixin.py:190} INFO - Task instance is in running state
[2025-03-12T04:47:59.105+0000] {logging_mixin.py:190} INFO -  Previous state of the Task instance: queued
[2025-03-12T04:47:59.127+0000] {logging_mixin.py:190} INFO - Current task name:download_2025_q1 state:running start_date:2025-03-12 04:47:58.233530+00:00
[2025-03-12T04:47:59.132+0000] {logging_mixin.py:190} INFO - Dag name:data_ingestion_gcs_dag and current dag run status:running
[2025-03-12T04:47:59.138+0000] {taskinstance.py:732} INFO - ::endgroup::
[2025-03-12T04:47:59.144+0000] {subprocess.py:78} INFO - Tmp dir root location: /tmp
[2025-03-12T04:47:59.161+0000] {subprocess.py:88} INFO - Running command: ['/usr/bin/bash', '-c', 'curl -sSL -o /opt/***/indego-trips-2025-q1.zip https://www.rideindego.com/wp-content/uploads/2025/04/indego-trips-2025-q1.zip && ls -lh /opt/***/indego-trips-2025-q1.zip']
[2025-03-12T04:47:59.291+0000] {subprocess.py:99} INFO - Output:
[2025-03-12T04:48:00.140+0000] {subprocess.py:106} INFO - -rw-rw-r-- 1 default root 146 Mar 12 04:48 /opt/***/indego-trips-2025-q1.zip
[2025-03-12T04:48:00.141+0000] {subprocess.py:110} INFO - Command exited with return code 0
[2025-03-12T04:48:00.267+0000] {taskinstance.py:341} INFO - ::group::Post task execution logs
[2025-03-12T04:48:00.268+0000] {taskinstance.py:353} INFO - Marking task as SUCCESS. dag_id=data_ingestion_gcs_dag, task_id=download_2025_q1, run_id=manual__2025-03-12T04:45:25.650021+00:00, execution_date=20250312T044525, start_date=20250312T044758, end_date=20250312T044800
[2025-03-12T04:48:00.421+0000] {logging_mixin.py:190} INFO - Task instance in success state
[2025-03-12T04:48:00.425+0000] {logging_mixin.py:190} INFO -  Previous state of the Task instance: running
[2025-03-12T04:48:00.427+0000] {logging_mixin.py:190} INFO - Dag name:data_ingestion_gcs_dag queued_at:2025-03-12 04:45:25.691040+00:00
[2025-03-12T04:48:00.428+0000] {logging_mixin.py:190} INFO - Task hostname:b0577ed9eb82 operator:BashOperator
[2025-03-12T04:48:00.467+0000] {local_task_job_runner.py:266} INFO - Task exited with return code 0
[2025-03-12T04:48:00.605+0000] {taskinstance.py:3901} INFO - 1 downstream tasks scheduled from follow-on schedule check
[2025-03-12T04:48:00.610+0000] {local_task_job_runner.py:245} INFO - ::endgroup::
