[2025-03-13T04:06:46.518+0000] {local_task_job_runner.py:123} INFO - ::group::Pre task execution logs
[2025-03-13T04:06:46.601+0000] {taskinstance.py:2614} INFO - Dependencies all met for dep_context=non-requeueable deps ti=<TaskInstance: data_ingestion_gcs_dag.upload_gcs_2023_q3 manual__2025-03-13T04:00:50.830640+00:00 [queued]>
[2025-03-13T04:06:46.631+0000] {taskinstance.py:2614} INFO - Dependencies all met for dep_context=requeueable deps ti=<TaskInstance: data_ingestion_gcs_dag.upload_gcs_2023_q3 manual__2025-03-13T04:00:50.830640+00:00 [queued]>
[2025-03-13T04:06:46.633+0000] {taskinstance.py:2867} INFO - Starting attempt 1 of 2
[2025-03-13T04:06:46.752+0000] {taskinstance.py:2890} INFO - Executing <Task(PythonOperator): upload_gcs_2023_q3> on 2025-03-13 04:00:50.830640+00:00
[2025-03-13T04:06:46.766+0000] {warnings.py:112} WARNING - /home/***/.local/lib/python3.12/site-packages/***/task/task_runner/standard_task_runner.py:70: DeprecationWarning: This process (pid=1290) is multi-threaded, use of fork() may lead to deadlocks in the child.
  pid = os.fork()

[2025-03-13T04:06:46.771+0000] {standard_task_runner.py:72} INFO - Started process 1315 to run task
[2025-03-13T04:06:46.771+0000] {standard_task_runner.py:104} INFO - Running: ['***', 'tasks', 'run', 'data_ingestion_gcs_dag', 'upload_gcs_2023_q3', 'manual__2025-03-13T04:00:50.830640+00:00', '--job-id', '505', '--raw', '--subdir', 'DAGS_FOLDER/data_ingestion_gcs_dag.py', '--cfg-path', '/tmp/tmpkwh_tla1']
[2025-03-13T04:06:46.776+0000] {standard_task_runner.py:105} INFO - Job 505: Subtask upload_gcs_2023_q3
[2025-03-13T04:06:46.897+0000] {task_command.py:467} INFO - Running <TaskInstance: data_ingestion_gcs_dag.upload_gcs_2023_q3 manual__2025-03-13T04:00:50.830640+00:00 [running]> on host b0577ed9eb82
[2025-03-13T04:06:47.290+0000] {taskinstance.py:3134} INFO - Exporting env vars: AIRFLOW_CTX_DAG_OWNER='***' AIRFLOW_CTX_DAG_ID='data_ingestion_gcs_dag' AIRFLOW_CTX_TASK_ID='upload_gcs_2023_q3' AIRFLOW_CTX_EXECUTION_DATE='2025-03-13T04:00:50.830640+00:00' AIRFLOW_CTX_TRY_NUMBER='1' AIRFLOW_CTX_DAG_RUN_ID='manual__2025-03-13T04:00:50.830640+00:00'
[2025-03-13T04:06:47.295+0000] {logging_mixin.py:190} INFO - Task instance is in running state
[2025-03-13T04:06:47.296+0000] {logging_mixin.py:190} INFO -  Previous state of the Task instance: queued
[2025-03-13T04:06:47.301+0000] {logging_mixin.py:190} INFO - Current task name:upload_gcs_2023_q3 state:running start_date:2025-03-13 04:06:46.603031+00:00
[2025-03-13T04:06:47.302+0000] {logging_mixin.py:190} INFO - Dag name:data_ingestion_gcs_dag and current dag run status:running
[2025-03-13T04:06:47.303+0000] {taskinstance.py:732} INFO - ::endgroup::
[2025-03-13T04:06:55.865+0000] {python.py:240} INFO - Done. Returned value was: None
[2025-03-13T04:06:55.891+0000] {taskinstance.py:341} INFO - ::group::Post task execution logs
[2025-03-13T04:06:55.895+0000] {taskinstance.py:353} INFO - Marking task as SUCCESS. dag_id=data_ingestion_gcs_dag, task_id=upload_gcs_2023_q3, run_id=manual__2025-03-13T04:00:50.830640+00:00, execution_date=20250313T040050, start_date=20250313T040646, end_date=20250313T040655
[2025-03-13T04:06:55.952+0000] {logging_mixin.py:190} INFO - Task instance in success state
[2025-03-13T04:06:55.953+0000] {logging_mixin.py:190} INFO -  Previous state of the Task instance: running
[2025-03-13T04:06:55.955+0000] {logging_mixin.py:190} INFO - Dag name:data_ingestion_gcs_dag queued_at:2025-03-13 04:00:50.872907+00:00
[2025-03-13T04:06:55.956+0000] {logging_mixin.py:190} INFO - Task hostname:b0577ed9eb82 operator:PythonOperator
[2025-03-13T04:06:56.021+0000] {local_task_job_runner.py:266} INFO - Task exited with return code 0
[2025-03-13T04:06:56.067+0000] {local_task_job_runner.py:245} INFO - ::endgroup::
