[2025-03-16T20:48:33.816+0000] {local_task_job_runner.py:123} INFO - ::group::Pre task execution logs
[2025-03-16T20:48:33.970+0000] {taskinstance.py:2614} INFO - Dependencies all met for dep_context=non-requeueable deps ti=<TaskInstance: data_ingestion_gcs_dag.format_parquet_2024_q2 manual__2025-03-16T19:47:29.679651+00:00 [queued]>
[2025-03-16T20:48:34.077+0000] {taskinstance.py:2614} INFO - Dependencies all met for dep_context=requeueable deps ti=<TaskInstance: data_ingestion_gcs_dag.format_parquet_2024_q2 manual__2025-03-16T19:47:29.679651+00:00 [queued]>
[2025-03-16T20:48:34.085+0000] {taskinstance.py:2867} INFO - Starting attempt 1 of 2
[2025-03-16T20:48:34.380+0000] {taskinstance.py:2890} INFO - Executing <Task(PythonOperator): format_parquet_2024_q2> on 2025-03-16 19:47:29.679651+00:00
[2025-03-16T20:48:34.691+0000] {warnings.py:112} WARNING - /home/***/.local/lib/python3.12/site-packages/***/task/task_runner/standard_task_runner.py:70: DeprecationWarning: This process (pid=1885) is multi-threaded, use of fork() may lead to deadlocks in the child.
  pid = os.fork()

[2025-03-16T20:48:34.737+0000] {standard_task_runner.py:72} INFO - Started process 1905 to run task
[2025-03-16T20:48:34.712+0000] {standard_task_runner.py:104} INFO - Running: ['***', 'tasks', 'run', 'data_ingestion_gcs_dag', 'format_parquet_2024_q2', 'manual__2025-03-16T19:47:29.679651+00:00', '--job-id', '65', '--raw', '--subdir', 'DAGS_FOLDER/data_ingestion_gcs.py', '--cfg-path', '/tmp/tmprr8jxpf5']
[2025-03-16T20:48:34.844+0000] {standard_task_runner.py:105} INFO - Job 65: Subtask format_parquet_2024_q2
[2025-03-16T20:48:36.109+0000] {task_command.py:467} INFO - Running <TaskInstance: data_ingestion_gcs_dag.format_parquet_2024_q2 manual__2025-03-16T19:47:29.679651+00:00 [running]> on host ea596c643a9a
[2025-03-16T20:48:37.799+0000] {taskinstance.py:3134} INFO - Exporting env vars: AIRFLOW_CTX_DAG_OWNER='***' AIRFLOW_CTX_DAG_ID='data_ingestion_gcs_dag' AIRFLOW_CTX_TASK_ID='format_parquet_2024_q2' AIRFLOW_CTX_EXECUTION_DATE='2025-03-16T19:47:29.679651+00:00' AIRFLOW_CTX_TRY_NUMBER='1' AIRFLOW_CTX_DAG_RUN_ID='manual__2025-03-16T19:47:29.679651+00:00'
[2025-03-16T20:48:37.838+0000] {logging_mixin.py:190} INFO - Task instance is in running state
[2025-03-16T20:48:37.841+0000] {logging_mixin.py:190} INFO -  Previous state of the Task instance: queued
[2025-03-16T20:48:37.856+0000] {logging_mixin.py:190} INFO - Current task name:format_parquet_2024_q2 state:running start_date:2025-03-16 20:48:33.991995+00:00
[2025-03-16T20:48:37.867+0000] {logging_mixin.py:190} INFO - Dag name:data_ingestion_gcs_dag and current dag run status:running
[2025-03-16T20:48:37.877+0000] {taskinstance.py:732} INFO - ::endgroup::
[2025-03-16T20:49:31.366+0000] {job.py:229} INFO - Heartbeat recovered after 48.89 seconds
[2025-03-16T20:49:31.442+0000] {local_task_job_runner.py:266} INFO - Task exited with return code -9. For more information, see https://***.apache.org/docs/apache-***/stable/troubleshooting.html#LocalTaskJob-killed
[2025-03-16T20:49:31.556+0000] {taskinstance.py:3901} INFO - 0 downstream tasks scheduled from follow-on schedule check
[2025-03-16T20:49:31.581+0000] {local_task_job_runner.py:245} INFO - ::endgroup::
