[2025-03-13T04:06:48.585+0000] {local_task_job_runner.py:123} INFO - ::group::Pre task execution logs
[2025-03-13T04:06:48.623+0000] {taskinstance.py:2614} INFO - Dependencies all met for dep_context=non-requeueable deps ti=<TaskInstance: data_ingestion_gcs_dag.upload_gcs_2024_q4 manual__2025-03-13T04:00:50.830640+00:00 [queued]>
[2025-03-13T04:06:48.644+0000] {taskinstance.py:2614} INFO - Dependencies all met for dep_context=requeueable deps ti=<TaskInstance: data_ingestion_gcs_dag.upload_gcs_2024_q4 manual__2025-03-13T04:00:50.830640+00:00 [queued]>
[2025-03-13T04:06:48.646+0000] {taskinstance.py:2867} INFO - Starting attempt 1 of 2
[2025-03-13T04:06:48.670+0000] {taskinstance.py:2890} INFO - Executing <Task(PythonOperator): upload_gcs_2024_q4> on 2025-03-13 04:00:50.830640+00:00
[2025-03-13T04:06:48.679+0000] {warnings.py:112} WARNING - /home/***/.local/lib/python3.12/site-packages/***/task/task_runner/standard_task_runner.py:70: DeprecationWarning: This process (pid=1297) is multi-threaded, use of fork() may lead to deadlocks in the child.
  pid = os.fork()

[2025-03-13T04:06:48.682+0000] {standard_task_runner.py:72} INFO - Started process 1325 to run task
[2025-03-13T04:06:48.684+0000] {standard_task_runner.py:104} INFO - Running: ['***', 'tasks', 'run', 'data_ingestion_gcs_dag', 'upload_gcs_2024_q4', 'manual__2025-03-13T04:00:50.830640+00:00', '--job-id', '509', '--raw', '--subdir', 'DAGS_FOLDER/data_ingestion_gcs_dag.py', '--cfg-path', '/tmp/tmpcw79se7n']
[2025-03-13T04:06:48.686+0000] {standard_task_runner.py:105} INFO - Job 509: Subtask upload_gcs_2024_q4
[2025-03-13T04:06:48.754+0000] {task_command.py:467} INFO - Running <TaskInstance: data_ingestion_gcs_dag.upload_gcs_2024_q4 manual__2025-03-13T04:00:50.830640+00:00 [running]> on host b0577ed9eb82
[2025-03-13T04:06:48.912+0000] {taskinstance.py:3134} INFO - Exporting env vars: AIRFLOW_CTX_DAG_OWNER='***' AIRFLOW_CTX_DAG_ID='data_ingestion_gcs_dag' AIRFLOW_CTX_TASK_ID='upload_gcs_2024_q4' AIRFLOW_CTX_EXECUTION_DATE='2025-03-13T04:00:50.830640+00:00' AIRFLOW_CTX_TRY_NUMBER='1' AIRFLOW_CTX_DAG_RUN_ID='manual__2025-03-13T04:00:50.830640+00:00'
[2025-03-13T04:06:48.915+0000] {logging_mixin.py:190} INFO - Task instance is in running state
[2025-03-13T04:06:48.916+0000] {logging_mixin.py:190} INFO -  Previous state of the Task instance: queued
[2025-03-13T04:06:48.916+0000] {logging_mixin.py:190} INFO - Current task name:upload_gcs_2024_q4 state:running start_date:2025-03-13 04:06:48.624099+00:00
[2025-03-13T04:06:48.917+0000] {logging_mixin.py:190} INFO - Dag name:data_ingestion_gcs_dag and current dag run status:running
[2025-03-13T04:06:48.917+0000] {taskinstance.py:732} INFO - ::endgroup::
[2025-03-13T04:06:56.740+0000] {python.py:240} INFO - Done. Returned value was: None
[2025-03-13T04:06:56.762+0000] {taskinstance.py:341} INFO - ::group::Post task execution logs
[2025-03-13T04:06:56.764+0000] {taskinstance.py:353} INFO - Marking task as SUCCESS. dag_id=data_ingestion_gcs_dag, task_id=upload_gcs_2024_q4, run_id=manual__2025-03-13T04:00:50.830640+00:00, execution_date=20250313T040050, start_date=20250313T040648, end_date=20250313T040656
[2025-03-13T04:06:56.804+0000] {logging_mixin.py:190} INFO - Task instance in success state
[2025-03-13T04:06:56.805+0000] {logging_mixin.py:190} INFO -  Previous state of the Task instance: running
[2025-03-13T04:06:56.806+0000] {logging_mixin.py:190} INFO - Dag name:data_ingestion_gcs_dag queued_at:2025-03-13 04:00:50.872907+00:00
[2025-03-13T04:06:56.806+0000] {logging_mixin.py:190} INFO - Task hostname:b0577ed9eb82 operator:PythonOperator
[2025-03-13T04:06:56.861+0000] {local_task_job_runner.py:266} INFO - Task exited with return code 0
[2025-03-13T04:06:56.915+0000] {taskinstance.py:3901} INFO - 0 downstream tasks scheduled from follow-on schedule check
[2025-03-13T04:06:56.918+0000] {local_task_job_runner.py:245} INFO - ::endgroup::
