[2025-03-16T17:53:11.943+0000] {local_task_job_runner.py:123} INFO - ::group::Pre task execution logs
[2025-03-16T17:53:12.007+0000] {taskinstance.py:2614} INFO - Dependencies all met for dep_context=non-requeueable deps ti=<TaskInstance: data_ingestion_gcs_dag.format_parquet_2023_q1 scheduled__2025-03-15T00:00:00+00:00 [queued]>
[2025-03-16T17:53:12.033+0000] {taskinstance.py:2614} INFO - Dependencies all met for dep_context=requeueable deps ti=<TaskInstance: data_ingestion_gcs_dag.format_parquet_2023_q1 scheduled__2025-03-15T00:00:00+00:00 [queued]>
[2025-03-16T17:53:12.035+0000] {taskinstance.py:2867} INFO - Starting attempt 1 of 2
[2025-03-16T17:53:12.065+0000] {taskinstance.py:2890} INFO - Executing <Task(PythonOperator): format_parquet_2023_q1> on 2025-03-15 00:00:00+00:00
[2025-03-16T17:53:12.078+0000] {warnings.py:112} WARNING - /home/***/.local/lib/python3.12/site-packages/***/task/task_runner/standard_task_runner.py:70: DeprecationWarning: This process (pid=333) is multi-threaded, use of fork() may lead to deadlocks in the child.
  pid = os.fork()

[2025-03-16T17:53:12.080+0000] {standard_task_runner.py:72} INFO - Started process 353 to run task
[2025-03-16T17:53:12.106+0000] {standard_task_runner.py:104} INFO - Running: ['***', 'tasks', 'run', 'data_ingestion_gcs_dag', 'format_parquet_2023_q1', 'scheduled__2025-03-15T00:00:00+00:00', '--job-id', '654', '--raw', '--subdir', 'DAGS_FOLDER/data_ingestion_gcs_dag.py', '--cfg-path', '/tmp/tmpwc3i1lj5']
[2025-03-16T17:53:12.108+0000] {standard_task_runner.py:105} INFO - Job 654: Subtask format_parquet_2023_q1
[2025-03-16T17:53:12.276+0000] {task_command.py:467} INFO - Running <TaskInstance: data_ingestion_gcs_dag.format_parquet_2023_q1 scheduled__2025-03-15T00:00:00+00:00 [running]> on host b0577ed9eb82
[2025-03-16T17:53:12.650+0000] {taskinstance.py:3134} INFO - Exporting env vars: AIRFLOW_CTX_DAG_OWNER='***' AIRFLOW_CTX_DAG_ID='data_ingestion_gcs_dag' AIRFLOW_CTX_TASK_ID='format_parquet_2023_q1' AIRFLOW_CTX_EXECUTION_DATE='2025-03-15T00:00:00+00:00' AIRFLOW_CTX_TRY_NUMBER='1' AIRFLOW_CTX_DAG_RUN_ID='scheduled__2025-03-15T00:00:00+00:00'
[2025-03-16T17:53:12.653+0000] {logging_mixin.py:190} INFO - Task instance is in running state
[2025-03-16T17:53:12.654+0000] {logging_mixin.py:190} INFO -  Previous state of the Task instance: queued
[2025-03-16T17:53:12.655+0000] {logging_mixin.py:190} INFO - Current task name:format_parquet_2023_q1 state:running start_date:2025-03-16 17:53:12.011643+00:00
[2025-03-16T17:53:12.655+0000] {logging_mixin.py:190} INFO - Dag name:data_ingestion_gcs_dag and current dag run status:running
[2025-03-16T17:53:12.656+0000] {taskinstance.py:732} INFO - ::endgroup::
[2025-03-16T17:53:15.030+0000] {data_ingestion_gcs_dag.py:61} INFO - Converted indego-trips-2023-q1.csv to /opt/***/indego-trips-2023-q1.parquet
[2025-03-16T17:53:15.032+0000] {python.py:240} INFO - Done. Returned value was: None
[2025-03-16T17:53:15.063+0000] {taskinstance.py:341} INFO - ::group::Post task execution logs
[2025-03-16T17:53:15.080+0000] {taskinstance.py:353} INFO - Marking task as SUCCESS. dag_id=data_ingestion_gcs_dag, task_id=format_parquet_2023_q1, run_id=scheduled__2025-03-15T00:00:00+00:00, execution_date=20250315T000000, start_date=20250316T175312, end_date=20250316T175315
[2025-03-16T17:53:15.215+0000] {logging_mixin.py:190} INFO - Task instance in success state
[2025-03-16T17:53:15.220+0000] {logging_mixin.py:190} INFO -  Previous state of the Task instance: running
[2025-03-16T17:53:15.222+0000] {logging_mixin.py:190} INFO - Dag name:data_ingestion_gcs_dag queued_at:2025-03-16 17:52:58.267919+00:00
[2025-03-16T17:53:15.225+0000] {logging_mixin.py:190} INFO - Task hostname:b0577ed9eb82 operator:PythonOperator
[2025-03-16T17:53:15.311+0000] {local_task_job_runner.py:266} INFO - Task exited with return code 0
[2025-03-16T17:53:15.423+0000] {taskinstance.py:3901} INFO - 0 downstream tasks scheduled from follow-on schedule check
[2025-03-16T17:53:15.441+0000] {local_task_job_runner.py:245} INFO - ::endgroup::
[2025-03-16T18:50:28.644+0000] {local_task_job_runner.py:123} INFO - ::group::Pre task execution logs
[2025-03-16T18:50:28.811+0000] {taskinstance.py:2614} INFO - Dependencies all met for dep_context=non-requeueable deps ti=<TaskInstance: data_ingestion_gcs_dag.format_parquet_2023_q1 scheduled__2025-03-15T00:00:00+00:00 [queued]>
[2025-03-16T18:50:28.903+0000] {taskinstance.py:2614} INFO - Dependencies all met for dep_context=requeueable deps ti=<TaskInstance: data_ingestion_gcs_dag.format_parquet_2023_q1 scheduled__2025-03-15T00:00:00+00:00 [queued]>
[2025-03-16T18:50:28.919+0000] {taskinstance.py:2867} INFO - Starting attempt 1 of 2
[2025-03-16T18:50:29.111+0000] {taskinstance.py:2890} INFO - Executing <Task(PythonOperator): format_parquet_2023_q1> on 2025-03-15 00:00:00+00:00
[2025-03-16T18:50:29.292+0000] {warnings.py:112} WARNING - /home/***/.local/lib/python3.12/site-packages/***/task/task_runner/standard_task_runner.py:70: DeprecationWarning: This process (pid=201) is multi-threaded, use of fork() may lead to deadlocks in the child.
  pid = os.fork()

[2025-03-16T18:50:29.320+0000] {standard_task_runner.py:72} INFO - Started process 226 to run task
[2025-03-16T18:50:29.328+0000] {standard_task_runner.py:104} INFO - Running: ['***', 'tasks', 'run', 'data_ingestion_gcs_dag', 'format_parquet_2023_q1', 'scheduled__2025-03-15T00:00:00+00:00', '--job-id', '11', '--raw', '--subdir', 'DAGS_FOLDER/data_ingestion_gcs.py', '--cfg-path', '/tmp/tmpos8y8ylz']
[2025-03-16T18:50:29.355+0000] {standard_task_runner.py:105} INFO - Job 11: Subtask format_parquet_2023_q1
[2025-03-16T18:50:30.041+0000] {task_command.py:467} INFO - Running <TaskInstance: data_ingestion_gcs_dag.format_parquet_2023_q1 scheduled__2025-03-15T00:00:00+00:00 [running]> on host ea596c643a9a
[2025-03-16T18:50:31.191+0000] {taskinstance.py:3134} INFO - Exporting env vars: AIRFLOW_CTX_DAG_OWNER='***' AIRFLOW_CTX_DAG_ID='data_ingestion_gcs_dag' AIRFLOW_CTX_TASK_ID='format_parquet_2023_q1' AIRFLOW_CTX_EXECUTION_DATE='2025-03-15T00:00:00+00:00' AIRFLOW_CTX_TRY_NUMBER='1' AIRFLOW_CTX_DAG_RUN_ID='scheduled__2025-03-15T00:00:00+00:00'
[2025-03-16T18:50:31.209+0000] {logging_mixin.py:190} INFO - Task instance is in running state
[2025-03-16T18:50:31.234+0000] {logging_mixin.py:190} INFO -  Previous state of the Task instance: queued
[2025-03-16T18:50:31.238+0000] {logging_mixin.py:190} INFO - Current task name:format_parquet_2023_q1 state:running start_date:2025-03-16 18:50:28.825471+00:00
[2025-03-16T18:50:31.244+0000] {logging_mixin.py:190} INFO - Dag name:data_ingestion_gcs_dag and current dag run status:running
[2025-03-16T18:50:31.255+0000] {taskinstance.py:732} INFO - ::endgroup::
[2025-03-16T18:50:36.959+0000] {data_ingestion_gcs.py:61} INFO - Converted indego-trips-2023-q1.csv to /opt/***/indego-trips-2023-q1.parquet
[2025-03-16T18:50:36.976+0000] {python.py:240} INFO - Done. Returned value was: None
[2025-03-16T18:50:37.061+0000] {taskinstance.py:341} INFO - ::group::Post task execution logs
[2025-03-16T18:50:37.065+0000] {taskinstance.py:353} INFO - Marking task as SUCCESS. dag_id=data_ingestion_gcs_dag, task_id=format_parquet_2023_q1, run_id=scheduled__2025-03-15T00:00:00+00:00, execution_date=20250315T000000, start_date=20250316T185028, end_date=20250316T185037
[2025-03-16T18:50:37.196+0000] {logging_mixin.py:190} INFO - Task instance in success state
[2025-03-16T18:50:37.197+0000] {logging_mixin.py:190} INFO -  Previous state of the Task instance: running
[2025-03-16T18:50:37.200+0000] {logging_mixin.py:190} INFO - Dag name:data_ingestion_gcs_dag queued_at:2025-03-16 18:49:30.868563+00:00
[2025-03-16T18:50:37.202+0000] {logging_mixin.py:190} INFO - Task hostname:ea596c643a9a operator:PythonOperator
[2025-03-16T18:50:37.365+0000] {local_task_job_runner.py:266} INFO - Task exited with return code 0
[2025-03-16T18:50:37.495+0000] {taskinstance.py:3901} INFO - 0 downstream tasks scheduled from follow-on schedule check
[2025-03-16T18:50:37.528+0000] {local_task_job_runner.py:245} INFO - ::endgroup::
