[2025-03-13T04:54:50.828+0000] {local_task_job_runner.py:123} INFO - ::group::Pre task execution logs
[2025-03-13T04:54:50.944+0000] {taskinstance.py:2614} INFO - Dependencies all met for dep_context=non-requeueable deps ti=<TaskInstance: data_ingestion_gcs_dag.download_2023_q2 manual__2025-03-13T04:53:20.200428+00:00 [queued]>
[2025-03-13T04:54:50.986+0000] {taskinstance.py:2614} INFO - Dependencies all met for dep_context=requeueable deps ti=<TaskInstance: data_ingestion_gcs_dag.download_2023_q2 manual__2025-03-13T04:53:20.200428+00:00 [queued]>
[2025-03-13T04:54:50.987+0000] {taskinstance.py:2867} INFO - Starting attempt 1 of 2
[2025-03-13T04:54:51.035+0000] {taskinstance.py:2890} INFO - Executing <Task(BashOperator): download_2023_q2> on 2025-03-13 04:53:20.200428+00:00
[2025-03-13T04:54:51.053+0000] {warnings.py:112} WARNING - /home/***/.local/lib/python3.12/site-packages/***/task/task_runner/standard_task_runner.py:70: DeprecationWarning: This process (pid=2523) is multi-threaded, use of fork() may lead to deadlocks in the child.
  pid = os.fork()

[2025-03-13T04:54:51.057+0000] {standard_task_runner.py:72} INFO - Started process 2544 to run task
[2025-03-13T04:54:51.065+0000] {standard_task_runner.py:104} INFO - Running: ['***', 'tasks', 'run', 'data_ingestion_gcs_dag', 'download_2023_q2', 'manual__2025-03-13T04:53:20.200428+00:00', '--job-id', '578', '--raw', '--subdir', 'DAGS_FOLDER/data_ingestion_gcs_dag.py', '--cfg-path', '/tmp/tmp40o6q5n8']
[2025-03-13T04:54:51.069+0000] {standard_task_runner.py:105} INFO - Job 578: Subtask download_2023_q2
[2025-03-13T04:54:51.223+0000] {task_command.py:467} INFO - Running <TaskInstance: data_ingestion_gcs_dag.download_2023_q2 manual__2025-03-13T04:53:20.200428+00:00 [running]> on host b0577ed9eb82
[2025-03-13T04:54:51.524+0000] {taskinstance.py:3134} INFO - Exporting env vars: AIRFLOW_CTX_DAG_OWNER='***' AIRFLOW_CTX_DAG_ID='data_ingestion_gcs_dag' AIRFLOW_CTX_TASK_ID='download_2023_q2' AIRFLOW_CTX_EXECUTION_DATE='2025-03-13T04:53:20.200428+00:00' AIRFLOW_CTX_TRY_NUMBER='1' AIRFLOW_CTX_DAG_RUN_ID='manual__2025-03-13T04:53:20.200428+00:00'
[2025-03-13T04:54:51.537+0000] {logging_mixin.py:190} INFO - Task instance is in running state
[2025-03-13T04:54:51.541+0000] {logging_mixin.py:190} INFO -  Previous state of the Task instance: queued
[2025-03-13T04:54:51.544+0000] {logging_mixin.py:190} INFO - Current task name:download_2023_q2 state:running start_date:2025-03-13 04:54:50.945715+00:00
[2025-03-13T04:54:51.545+0000] {logging_mixin.py:190} INFO - Dag name:data_ingestion_gcs_dag and current dag run status:running
[2025-03-13T04:54:51.546+0000] {taskinstance.py:732} INFO - ::endgroup::
[2025-03-13T04:54:51.548+0000] {subprocess.py:78} INFO - Tmp dir root location: /tmp
[2025-03-13T04:54:51.560+0000] {subprocess.py:88} INFO - Running command: ['/usr/bin/bash', '-c', 'curl -sSL -o /opt/***/indego-trips-2023-q2.zip https://www.rideindego.com/wp-content/uploads/2023/07/indego-trips-2023-q2.zip && ls -lh /opt/***/indego-trips-2023-q2.zip']
[2025-03-13T04:54:51.616+0000] {subprocess.py:99} INFO - Output:
[2025-03-13T04:54:53.239+0000] {subprocess.py:106} INFO - -rw-rw-r-- 1 default root 5.6M Mar 13 04:54 /opt/***/indego-trips-2023-q2.zip
[2025-03-13T04:54:53.240+0000] {subprocess.py:110} INFO - Command exited with return code 0
[2025-03-13T04:54:53.326+0000] {taskinstance.py:341} INFO - ::group::Post task execution logs
[2025-03-13T04:54:53.330+0000] {taskinstance.py:353} INFO - Marking task as SUCCESS. dag_id=data_ingestion_gcs_dag, task_id=download_2023_q2, run_id=manual__2025-03-13T04:53:20.200428+00:00, execution_date=20250313T045320, start_date=20250313T045450, end_date=20250313T045453
[2025-03-13T04:54:53.437+0000] {logging_mixin.py:190} INFO - Task instance in success state
[2025-03-13T04:54:53.439+0000] {logging_mixin.py:190} INFO -  Previous state of the Task instance: running
[2025-03-13T04:54:53.439+0000] {logging_mixin.py:190} INFO - Dag name:data_ingestion_gcs_dag queued_at:2025-03-13 04:53:20.246651+00:00
[2025-03-13T04:54:53.442+0000] {logging_mixin.py:190} INFO - Task hostname:b0577ed9eb82 operator:BashOperator
[2025-03-13T04:54:53.493+0000] {local_task_job_runner.py:266} INFO - Task exited with return code 0
[2025-03-13T04:54:53.610+0000] {taskinstance.py:3901} INFO - 1 downstream tasks scheduled from follow-on schedule check
[2025-03-13T04:54:53.630+0000] {local_task_job_runner.py:245} INFO - ::endgroup::
