[2025-03-16T21:33:19.938+0000] {local_task_job_runner.py:123} INFO - ::group::Pre task execution logs
[2025-03-16T21:33:20.040+0000] {taskinstance.py:2614} INFO - Dependencies all met for dep_context=non-requeueable deps ti=<TaskInstance: data_ingestion_gcs_dag.download_2023_q4 manual__2025-03-16T21:32:51.604296+00:00 [queued]>
[2025-03-16T21:33:20.088+0000] {taskinstance.py:2614} INFO - Dependencies all met for dep_context=requeueable deps ti=<TaskInstance: data_ingestion_gcs_dag.download_2023_q4 manual__2025-03-16T21:32:51.604296+00:00 [queued]>
[2025-03-16T21:33:20.106+0000] {taskinstance.py:2867} INFO - Starting attempt 1 of 2
[2025-03-16T21:33:20.221+0000] {taskinstance.py:2890} INFO - Executing <Task(BashOperator): download_2023_q4> on 2025-03-16 21:32:51.604296+00:00
[2025-03-16T21:33:20.264+0000] {warnings.py:112} WARNING - /home/***/.local/lib/python3.12/site-packages/***/task/task_runner/standard_task_runner.py:70: DeprecationWarning: This process (pid=169) is multi-threaded, use of fork() may lead to deadlocks in the child.
  pid = os.fork()

[2025-03-16T21:33:20.285+0000] {standard_task_runner.py:72} INFO - Started process 186 to run task
[2025-03-16T21:33:20.324+0000] {standard_task_runner.py:104} INFO - Running: ['***', 'tasks', 'run', 'data_ingestion_gcs_dag', 'download_2023_q4', 'manual__2025-03-16T21:32:51.604296+00:00', '--job-id', '671', '--raw', '--subdir', 'DAGS_FOLDER/data_ingestion_gcs_dag.py', '--cfg-path', '/tmp/tmpg4e7h9r3']
[2025-03-16T21:33:20.338+0000] {standard_task_runner.py:105} INFO - Job 671: Subtask download_2023_q4
[2025-03-16T21:33:20.618+0000] {task_command.py:467} INFO - Running <TaskInstance: data_ingestion_gcs_dag.download_2023_q4 manual__2025-03-16T21:32:51.604296+00:00 [running]> on host 5c7a1daace86
[2025-03-16T21:33:21.142+0000] {taskinstance.py:3134} INFO - Exporting env vars: AIRFLOW_CTX_DAG_OWNER='***' AIRFLOW_CTX_DAG_ID='data_ingestion_gcs_dag' AIRFLOW_CTX_TASK_ID='download_2023_q4' AIRFLOW_CTX_EXECUTION_DATE='2025-03-16T21:32:51.604296+00:00' AIRFLOW_CTX_TRY_NUMBER='1' AIRFLOW_CTX_DAG_RUN_ID='manual__2025-03-16T21:32:51.604296+00:00'
[2025-03-16T21:33:21.181+0000] {logging_mixin.py:190} INFO - Task instance is in running state
[2025-03-16T21:33:21.190+0000] {logging_mixin.py:190} INFO -  Previous state of the Task instance: queued
[2025-03-16T21:33:21.204+0000] {logging_mixin.py:190} INFO - Current task name:download_2023_q4 state:running start_date:2025-03-16 21:33:20.059180+00:00
[2025-03-16T21:33:21.211+0000] {logging_mixin.py:190} INFO - Dag name:data_ingestion_gcs_dag and current dag run status:running
[2025-03-16T21:33:21.212+0000] {taskinstance.py:732} INFO - ::endgroup::
[2025-03-16T21:33:21.214+0000] {subprocess.py:78} INFO - Tmp dir root location: /tmp
[2025-03-16T21:33:21.216+0000] {subprocess.py:88} INFO - Running command: ['/usr/bin/bash', '-c', 'curl -sSL -o /opt/***/indego-trips-2023-q4.zip https://www.rideindego.com/wp-content/uploads/2024/01/indego-trips-2023-q4.zip && ls -lh /opt/***/indego-trips-2023-q4.zip']
[2025-03-16T21:33:21.259+0000] {subprocess.py:99} INFO - Output:
[2025-03-16T21:33:24.962+0000] {subprocess.py:106} INFO - -rw-rw-r-- 1 default root 5.4M Mar 16 21:33 /opt/***/indego-trips-2023-q4.zip
[2025-03-16T21:33:24.967+0000] {subprocess.py:110} INFO - Command exited with return code 0
[2025-03-16T21:33:25.100+0000] {taskinstance.py:341} INFO - ::group::Post task execution logs
[2025-03-16T21:33:25.112+0000] {taskinstance.py:353} INFO - Marking task as SUCCESS. dag_id=data_ingestion_gcs_dag, task_id=download_2023_q4, run_id=manual__2025-03-16T21:32:51.604296+00:00, execution_date=20250316T213251, start_date=20250316T213320, end_date=20250316T213325
[2025-03-16T21:33:25.509+0000] {logging_mixin.py:190} INFO - Task instance in success state
[2025-03-16T21:33:25.527+0000] {logging_mixin.py:190} INFO -  Previous state of the Task instance: running
[2025-03-16T21:33:25.538+0000] {logging_mixin.py:190} INFO - Dag name:data_ingestion_gcs_dag queued_at:2025-03-16 21:32:52.596176+00:00
[2025-03-16T21:33:25.541+0000] {logging_mixin.py:190} INFO - Task hostname:5c7a1daace86 operator:BashOperator
[2025-03-16T21:33:25.585+0000] {local_task_job_runner.py:266} INFO - Task exited with return code 0
[2025-03-16T21:33:25.632+0000] {local_task_job_runner.py:245} INFO - ::endgroup::
