[2025-03-16T17:53:03.731+0000] {local_task_job_runner.py:123} INFO - ::group::Pre task execution logs
[2025-03-16T17:53:03.784+0000] {taskinstance.py:2614} INFO - Dependencies all met for dep_context=non-requeueable deps ti=<TaskInstance: data_ingestion_gcs_dag.download_2024_q1 scheduled__2025-03-15T00:00:00+00:00 [queued]>
[2025-03-16T17:53:03.816+0000] {taskinstance.py:2614} INFO - Dependencies all met for dep_context=requeueable deps ti=<TaskInstance: data_ingestion_gcs_dag.download_2024_q1 scheduled__2025-03-15T00:00:00+00:00 [queued]>
[2025-03-16T17:53:03.819+0000] {taskinstance.py:2867} INFO - Starting attempt 1 of 2
[2025-03-16T17:53:03.863+0000] {taskinstance.py:2890} INFO - Executing <Task(BashOperator): download_2024_q1> on 2025-03-15 00:00:00+00:00
[2025-03-16T17:53:03.884+0000] {warnings.py:112} WARNING - /home/***/.local/lib/python3.12/site-packages/***/task/task_runner/standard_task_runner.py:70: DeprecationWarning: This process (pid=275) is multi-threaded, use of fork() may lead to deadlocks in the child.
  pid = os.fork()

[2025-03-16T17:53:03.890+0000] {standard_task_runner.py:72} INFO - Started process 299 to run task
[2025-03-16T17:53:03.885+0000] {standard_task_runner.py:104} INFO - Running: ['***', 'tasks', 'run', 'data_ingestion_gcs_dag', 'download_2024_q1', 'scheduled__2025-03-15T00:00:00+00:00', '--job-id', '647', '--raw', '--subdir', 'DAGS_FOLDER/data_ingestion_gcs_dag.py', '--cfg-path', '/tmp/tmpi2m4nonk']
[2025-03-16T17:53:03.896+0000] {standard_task_runner.py:105} INFO - Job 647: Subtask download_2024_q1
[2025-03-16T17:53:04.025+0000] {task_command.py:467} INFO - Running <TaskInstance: data_ingestion_gcs_dag.download_2024_q1 scheduled__2025-03-15T00:00:00+00:00 [running]> on host b0577ed9eb82
[2025-03-16T17:53:04.305+0000] {taskinstance.py:3134} INFO - Exporting env vars: AIRFLOW_CTX_DAG_OWNER='***' AIRFLOW_CTX_DAG_ID='data_ingestion_gcs_dag' AIRFLOW_CTX_TASK_ID='download_2024_q1' AIRFLOW_CTX_EXECUTION_DATE='2025-03-15T00:00:00+00:00' AIRFLOW_CTX_TRY_NUMBER='1' AIRFLOW_CTX_DAG_RUN_ID='scheduled__2025-03-15T00:00:00+00:00'
[2025-03-16T17:53:04.310+0000] {logging_mixin.py:190} INFO - Task instance is in running state
[2025-03-16T17:53:04.312+0000] {logging_mixin.py:190} INFO -  Previous state of the Task instance: queued
[2025-03-16T17:53:04.318+0000] {logging_mixin.py:190} INFO - Current task name:download_2024_q1 state:running start_date:2025-03-16 17:53:03.790256+00:00
[2025-03-16T17:53:04.327+0000] {logging_mixin.py:190} INFO - Dag name:data_ingestion_gcs_dag and current dag run status:running
[2025-03-16T17:53:04.340+0000] {taskinstance.py:732} INFO - ::endgroup::
[2025-03-16T17:53:04.343+0000] {subprocess.py:78} INFO - Tmp dir root location: /tmp
[2025-03-16T17:53:04.350+0000] {subprocess.py:88} INFO - Running command: ['/usr/bin/bash', '-c', 'curl -sSL -o /opt/***/indego-trips-2024-q1.zip https://www.rideindego.com/wp-content/uploads/2024/04/indego-trips-2024-q1.zip && ls -lh /opt/***/indego-trips-2024-q1.zip']
[2025-03-16T17:53:04.413+0000] {subprocess.py:99} INFO - Output:
[2025-03-16T17:53:06.064+0000] {subprocess.py:106} INFO - -rw-rw-r-- 1 default root 3.9M Mar 16 17:53 /opt/***/indego-trips-2024-q1.zip
[2025-03-16T17:53:06.075+0000] {subprocess.py:110} INFO - Command exited with return code 0
[2025-03-16T17:53:06.139+0000] {taskinstance.py:341} INFO - ::group::Post task execution logs
[2025-03-16T17:53:06.145+0000] {taskinstance.py:353} INFO - Marking task as SUCCESS. dag_id=data_ingestion_gcs_dag, task_id=download_2024_q1, run_id=scheduled__2025-03-15T00:00:00+00:00, execution_date=20250315T000000, start_date=20250316T175303, end_date=20250316T175306
[2025-03-16T17:53:06.227+0000] {logging_mixin.py:190} INFO - Task instance in success state
[2025-03-16T17:53:06.230+0000] {logging_mixin.py:190} INFO -  Previous state of the Task instance: running
[2025-03-16T17:53:06.231+0000] {logging_mixin.py:190} INFO - Dag name:data_ingestion_gcs_dag queued_at:2025-03-16 17:52:58.267919+00:00
[2025-03-16T17:53:06.242+0000] {logging_mixin.py:190} INFO - Task hostname:b0577ed9eb82 operator:BashOperator
[2025-03-16T17:53:06.287+0000] {local_task_job_runner.py:266} INFO - Task exited with return code 0
[2025-03-16T17:53:06.500+0000] {taskinstance.py:3901} INFO - 1 downstream tasks scheduled from follow-on schedule check
[2025-03-16T17:53:06.536+0000] {local_task_job_runner.py:245} INFO - ::endgroup::
[2025-03-16T18:50:16.080+0000] {local_task_job_runner.py:123} INFO - ::group::Pre task execution logs
[2025-03-16T18:50:16.352+0000] {taskinstance.py:2614} INFO - Dependencies all met for dep_context=non-requeueable deps ti=<TaskInstance: data_ingestion_gcs_dag.download_2024_q1 scheduled__2025-03-15T00:00:00+00:00 [queued]>
[2025-03-16T18:50:16.429+0000] {taskinstance.py:2614} INFO - Dependencies all met for dep_context=requeueable deps ti=<TaskInstance: data_ingestion_gcs_dag.download_2024_q1 scheduled__2025-03-15T00:00:00+00:00 [queued]>
[2025-03-16T18:50:16.431+0000] {taskinstance.py:2867} INFO - Starting attempt 1 of 2
[2025-03-16T18:50:16.538+0000] {taskinstance.py:2890} INFO - Executing <Task(BashOperator): download_2024_q1> on 2025-03-15 00:00:00+00:00
[2025-03-16T18:50:16.570+0000] {warnings.py:112} WARNING - /home/***/.local/lib/python3.12/site-packages/***/task/task_runner/standard_task_runner.py:70: DeprecationWarning: This process (pid=180) is multi-threaded, use of fork() may lead to deadlocks in the child.
  pid = os.fork()

[2025-03-16T18:50:16.580+0000] {standard_task_runner.py:72} INFO - Started process 205 to run task
[2025-03-16T18:50:16.603+0000] {standard_task_runner.py:104} INFO - Running: ['***', 'tasks', 'run', 'data_ingestion_gcs_dag', 'download_2024_q1', 'scheduled__2025-03-15T00:00:00+00:00', '--job-id', '9', '--raw', '--subdir', 'DAGS_FOLDER/data_ingestion_gcs.py', '--cfg-path', '/tmp/tmpv_7oac5e']
[2025-03-16T18:50:16.607+0000] {standard_task_runner.py:105} INFO - Job 9: Subtask download_2024_q1
[2025-03-16T18:50:16.994+0000] {task_command.py:467} INFO - Running <TaskInstance: data_ingestion_gcs_dag.download_2024_q1 scheduled__2025-03-15T00:00:00+00:00 [running]> on host ea596c643a9a
[2025-03-16T18:50:17.369+0000] {taskinstance.py:3134} INFO - Exporting env vars: AIRFLOW_CTX_DAG_OWNER='***' AIRFLOW_CTX_DAG_ID='data_ingestion_gcs_dag' AIRFLOW_CTX_TASK_ID='download_2024_q1' AIRFLOW_CTX_EXECUTION_DATE='2025-03-15T00:00:00+00:00' AIRFLOW_CTX_TRY_NUMBER='1' AIRFLOW_CTX_DAG_RUN_ID='scheduled__2025-03-15T00:00:00+00:00'
[2025-03-16T18:50:17.378+0000] {logging_mixin.py:190} INFO - Task instance is in running state
[2025-03-16T18:50:17.380+0000] {logging_mixin.py:190} INFO -  Previous state of the Task instance: queued
[2025-03-16T18:50:17.392+0000] {logging_mixin.py:190} INFO - Current task name:download_2024_q1 state:running start_date:2025-03-16 18:50:16.374768+00:00
[2025-03-16T18:50:17.393+0000] {logging_mixin.py:190} INFO - Dag name:data_ingestion_gcs_dag and current dag run status:running
[2025-03-16T18:50:17.397+0000] {taskinstance.py:732} INFO - ::endgroup::
[2025-03-16T18:50:17.409+0000] {subprocess.py:78} INFO - Tmp dir root location: /tmp
[2025-03-16T18:50:17.414+0000] {subprocess.py:88} INFO - Running command: ['/usr/bin/bash', '-c', 'curl -sSL -o /opt/***/indego-trips-2024-q1.zip https://www.rideindego.com/wp-content/uploads/2024/04/indego-trips-2024-q1.zip && ls -lh /opt/***/indego-trips-2024-q1.zip']
[2025-03-16T18:50:17.508+0000] {subprocess.py:99} INFO - Output:
[2025-03-16T18:50:18.732+0000] {subprocess.py:106} INFO - -rw-rw-r-- 1 default root 3.9M Mar 16 18:50 /opt/***/indego-trips-2024-q1.zip
[2025-03-16T18:50:18.745+0000] {subprocess.py:110} INFO - Command exited with return code 0
[2025-03-16T18:50:18.972+0000] {taskinstance.py:341} INFO - ::group::Post task execution logs
[2025-03-16T18:50:18.978+0000] {taskinstance.py:353} INFO - Marking task as SUCCESS. dag_id=data_ingestion_gcs_dag, task_id=download_2024_q1, run_id=scheduled__2025-03-15T00:00:00+00:00, execution_date=20250315T000000, start_date=20250316T185016, end_date=20250316T185018
[2025-03-16T18:50:19.107+0000] {logging_mixin.py:190} INFO - Task instance in success state
[2025-03-16T18:50:19.108+0000] {logging_mixin.py:190} INFO -  Previous state of the Task instance: running
[2025-03-16T18:50:19.109+0000] {logging_mixin.py:190} INFO - Dag name:data_ingestion_gcs_dag queued_at:2025-03-16 18:49:30.868563+00:00
[2025-03-16T18:50:19.110+0000] {logging_mixin.py:190} INFO - Task hostname:ea596c643a9a operator:BashOperator
[2025-03-16T18:50:19.193+0000] {local_task_job_runner.py:266} INFO - Task exited with return code 0
[2025-03-16T18:50:19.374+0000] {taskinstance.py:3901} INFO - 1 downstream tasks scheduled from follow-on schedule check
[2025-03-16T18:50:19.390+0000] {local_task_job_runner.py:245} INFO - ::endgroup::
