[2025-03-12T04:48:10.034+0000] {local_task_job_runner.py:123} INFO - ::group::Pre task execution logs
[2025-03-12T04:48:10.115+0000] {taskinstance.py:2614} INFO - Dependencies all met for dep_context=non-requeueable deps ti=<TaskInstance: data_ingestion_gcs_dag.format_parquet_2025_q3 manual__2025-03-12T04:45:25.650021+00:00 [queued]>
[2025-03-12T04:48:10.150+0000] {taskinstance.py:2614} INFO - Dependencies all met for dep_context=requeueable deps ti=<TaskInstance: data_ingestion_gcs_dag.format_parquet_2025_q3 manual__2025-03-12T04:45:25.650021+00:00 [queued]>
[2025-03-12T04:48:10.152+0000] {taskinstance.py:2867} INFO - Starting attempt 1 of 2
[2025-03-12T04:48:10.190+0000] {taskinstance.py:2890} INFO - Executing <Task(PythonOperator): format_parquet_2025_q3> on 2025-03-12 04:45:25.650021+00:00
[2025-03-12T04:48:10.210+0000] {warnings.py:112} WARNING - /home/***/.local/lib/python3.12/site-packages/***/task/task_runner/standard_task_runner.py:70: DeprecationWarning: This process (pid=1864) is multi-threaded, use of fork() may lead to deadlocks in the child.
  pid = os.fork()

[2025-03-12T04:48:10.224+0000] {standard_task_runner.py:72} INFO - Started process 1907 to run task
[2025-03-12T04:48:10.220+0000] {standard_task_runner.py:104} INFO - Running: ['***', 'tasks', 'run', 'data_ingestion_gcs_dag', 'format_parquet_2025_q3', 'manual__2025-03-12T04:45:25.650021+00:00', '--job-id', '389', '--raw', '--subdir', 'DAGS_FOLDER/data_ingestion_gcs_dag.py', '--cfg-path', '/tmp/tmpb5m5payc']
[2025-03-12T04:48:10.225+0000] {standard_task_runner.py:105} INFO - Job 389: Subtask format_parquet_2025_q3
[2025-03-12T04:48:10.514+0000] {task_command.py:467} INFO - Running <TaskInstance: data_ingestion_gcs_dag.format_parquet_2025_q3 manual__2025-03-12T04:45:25.650021+00:00 [running]> on host b0577ed9eb82
[2025-03-12T04:48:10.846+0000] {taskinstance.py:3134} INFO - Exporting env vars: AIRFLOW_CTX_DAG_OWNER='***' AIRFLOW_CTX_DAG_ID='data_ingestion_gcs_dag' AIRFLOW_CTX_TASK_ID='format_parquet_2025_q3' AIRFLOW_CTX_EXECUTION_DATE='2025-03-12T04:45:25.650021+00:00' AIRFLOW_CTX_TRY_NUMBER='1' AIRFLOW_CTX_DAG_RUN_ID='manual__2025-03-12T04:45:25.650021+00:00'
[2025-03-12T04:48:10.852+0000] {logging_mixin.py:190} INFO - Task instance is in running state
[2025-03-12T04:48:10.855+0000] {logging_mixin.py:190} INFO -  Previous state of the Task instance: queued
[2025-03-12T04:48:10.857+0000] {logging_mixin.py:190} INFO - Current task name:format_parquet_2025_q3 state:running start_date:2025-03-12 04:48:10.116155+00:00
[2025-03-12T04:48:10.859+0000] {logging_mixin.py:190} INFO - Dag name:data_ingestion_gcs_dag and current dag run status:running
[2025-03-12T04:48:10.860+0000] {taskinstance.py:732} INFO - ::endgroup::
[2025-03-12T04:48:10.861+0000] {data_ingestion_gcs_dag.py:72} ERROR - Invalid ZIP file: /opt/***/indego-trips-2025-q3.zip
[2025-03-12T04:48:10.862+0000] {python.py:240} INFO - Done. Returned value was: None
[2025-03-12T04:48:10.902+0000] {taskinstance.py:341} INFO - ::group::Post task execution logs
[2025-03-12T04:48:10.916+0000] {taskinstance.py:353} INFO - Marking task as SUCCESS. dag_id=data_ingestion_gcs_dag, task_id=format_parquet_2025_q3, run_id=manual__2025-03-12T04:45:25.650021+00:00, execution_date=20250312T044525, start_date=20250312T044810, end_date=20250312T044810
[2025-03-12T04:48:11.006+0000] {logging_mixin.py:190} INFO - Task instance in success state
[2025-03-12T04:48:11.007+0000] {logging_mixin.py:190} INFO -  Previous state of the Task instance: running
[2025-03-12T04:48:11.008+0000] {logging_mixin.py:190} INFO - Dag name:data_ingestion_gcs_dag queued_at:2025-03-12 04:45:25.691040+00:00
[2025-03-12T04:48:11.009+0000] {logging_mixin.py:190} INFO - Task hostname:b0577ed9eb82 operator:PythonOperator
[2025-03-12T04:48:11.041+0000] {local_task_job_runner.py:266} INFO - Task exited with return code 0
[2025-03-12T04:48:11.152+0000] {taskinstance.py:3901} INFO - 1 downstream tasks scheduled from follow-on schedule check
[2025-03-12T04:48:11.160+0000] {local_task_job_runner.py:245} INFO - ::endgroup::
