[2025-03-12T04:47:57.328+0000] {local_task_job_runner.py:123} INFO - ::group::Pre task execution logs
[2025-03-12T04:47:57.425+0000] {taskinstance.py:2614} INFO - Dependencies all met for dep_context=non-requeueable deps ti=<TaskInstance: data_ingestion_gcs_dag.download_2024_q3 manual__2025-03-12T04:45:25.650021+00:00 [queued]>
[2025-03-12T04:47:57.467+0000] {taskinstance.py:2614} INFO - Dependencies all met for dep_context=requeueable deps ti=<TaskInstance: data_ingestion_gcs_dag.download_2024_q3 manual__2025-03-12T04:45:25.650021+00:00 [queued]>
[2025-03-12T04:47:57.468+0000] {taskinstance.py:2867} INFO - Starting attempt 1 of 2
[2025-03-12T04:47:57.519+0000] {taskinstance.py:2890} INFO - Executing <Task(BashOperator): download_2024_q3> on 2025-03-12 04:45:25.650021+00:00
[2025-03-12T04:47:57.551+0000] {warnings.py:112} WARNING - /home/***/.local/lib/python3.12/site-packages/***/task/task_runner/standard_task_runner.py:70: DeprecationWarning: This process (pid=1781) is multi-threaded, use of fork() may lead to deadlocks in the child.
  pid = os.fork()

[2025-03-12T04:47:57.562+0000] {standard_task_runner.py:72} INFO - Started process 1799 to run task
[2025-03-12T04:47:57.561+0000] {standard_task_runner.py:104} INFO - Running: ['***', 'tasks', 'run', 'data_ingestion_gcs_dag', 'download_2024_q3', 'manual__2025-03-12T04:45:25.650021+00:00', '--job-id', '370', '--raw', '--subdir', 'DAGS_FOLDER/data_ingestion_gcs_dag.py', '--cfg-path', '/tmp/tmpgjd9daem']
[2025-03-12T04:47:57.574+0000] {standard_task_runner.py:105} INFO - Job 370: Subtask download_2024_q3
[2025-03-12T04:47:57.723+0000] {task_command.py:467} INFO - Running <TaskInstance: data_ingestion_gcs_dag.download_2024_q3 manual__2025-03-12T04:45:25.650021+00:00 [running]> on host b0577ed9eb82
[2025-03-12T04:47:57.960+0000] {taskinstance.py:3134} INFO - Exporting env vars: AIRFLOW_CTX_DAG_OWNER='***' AIRFLOW_CTX_DAG_ID='data_ingestion_gcs_dag' AIRFLOW_CTX_TASK_ID='download_2024_q3' AIRFLOW_CTX_EXECUTION_DATE='2025-03-12T04:45:25.650021+00:00' AIRFLOW_CTX_TRY_NUMBER='1' AIRFLOW_CTX_DAG_RUN_ID='manual__2025-03-12T04:45:25.650021+00:00'
[2025-03-12T04:47:57.965+0000] {logging_mixin.py:190} INFO - Task instance is in running state
[2025-03-12T04:47:57.966+0000] {logging_mixin.py:190} INFO -  Previous state of the Task instance: queued
[2025-03-12T04:47:57.967+0000] {logging_mixin.py:190} INFO - Current task name:download_2024_q3 state:running start_date:2025-03-12 04:47:57.427688+00:00
[2025-03-12T04:47:57.969+0000] {logging_mixin.py:190} INFO - Dag name:data_ingestion_gcs_dag and current dag run status:running
[2025-03-12T04:47:57.971+0000] {taskinstance.py:732} INFO - ::endgroup::
[2025-03-12T04:47:57.973+0000] {subprocess.py:78} INFO - Tmp dir root location: /tmp
[2025-03-12T04:47:57.977+0000] {subprocess.py:88} INFO - Running command: ['/usr/bin/bash', '-c', 'curl -sSL -o /opt/***/indego-trips-2024-q3.zip https://www.rideindego.com/wp-content/uploads/2024/10/indego-trips-2024-q3.zip && ls -lh /opt/***/indego-trips-2024-q3.zip']
[2025-03-12T04:47:58.038+0000] {subprocess.py:99} INFO - Output:
[2025-03-12T04:47:59.826+0000] {subprocess.py:106} INFO - -rw-rw-r-- 1 default root 8.1M Mar 12 04:47 /opt/***/indego-trips-2024-q3.zip
[2025-03-12T04:47:59.828+0000] {subprocess.py:110} INFO - Command exited with return code 0
[2025-03-12T04:48:00.011+0000] {taskinstance.py:341} INFO - ::group::Post task execution logs
[2025-03-12T04:48:00.015+0000] {taskinstance.py:353} INFO - Marking task as SUCCESS. dag_id=data_ingestion_gcs_dag, task_id=download_2024_q3, run_id=manual__2025-03-12T04:45:25.650021+00:00, execution_date=20250312T044525, start_date=20250312T044757, end_date=20250312T044800
[2025-03-12T04:48:00.182+0000] {logging_mixin.py:190} INFO - Task instance in success state
[2025-03-12T04:48:00.185+0000] {logging_mixin.py:190} INFO -  Previous state of the Task instance: running
[2025-03-12T04:48:00.195+0000] {logging_mixin.py:190} INFO - Dag name:data_ingestion_gcs_dag queued_at:2025-03-12 04:45:25.691040+00:00
[2025-03-12T04:48:00.196+0000] {logging_mixin.py:190} INFO - Task hostname:b0577ed9eb82 operator:BashOperator
[2025-03-12T04:48:00.264+0000] {local_task_job_runner.py:266} INFO - Task exited with return code 0
[2025-03-12T04:48:00.308+0000] {local_task_job_runner.py:245} INFO - ::endgroup::
