[2025-03-16T21:38:25.676+0000] {local_task_job_runner.py:123} INFO - ::group::Pre task execution logs
[2025-03-16T21:38:25.743+0000] {taskinstance.py:2614} INFO - Dependencies all met for dep_context=non-requeueable deps ti=<TaskInstance: data_ingestion_gcs_dag.merge_all_trips manual__2025-03-16T21:32:51.604296+00:00 [queued]>
[2025-03-16T21:38:25.789+0000] {taskinstance.py:2614} INFO - Dependencies all met for dep_context=requeueable deps ti=<TaskInstance: data_ingestion_gcs_dag.merge_all_trips manual__2025-03-16T21:32:51.604296+00:00 [queued]>
[2025-03-16T21:38:25.790+0000] {taskinstance.py:2867} INFO - Starting attempt 1 of 2
[2025-03-16T21:38:25.813+0000] {taskinstance.py:2890} INFO - Executing <Task(PythonOperator): merge_all_trips> on 2025-03-16 21:32:51.604296+00:00
[2025-03-16T21:38:25.823+0000] {warnings.py:112} WARNING - /home/***/.local/lib/python3.12/site-packages/***/task/task_runner/standard_task_runner.py:70: DeprecationWarning: This process (pid=396) is multi-threaded, use of fork() may lead to deadlocks in the child.
  pid = os.fork()

[2025-03-16T21:38:25.825+0000] {standard_task_runner.py:72} INFO - Started process 398 to run task
[2025-03-16T21:38:25.825+0000] {standard_task_runner.py:104} INFO - Running: ['***', 'tasks', 'run', 'data_ingestion_gcs_dag', 'merge_all_trips', 'manual__2025-03-16T21:32:51.604296+00:00', '--job-id', '684', '--raw', '--subdir', 'DAGS_FOLDER/data_ingestion_gcs_dag.py', '--cfg-path', '/tmp/tmpi1gwooa4']
[2025-03-16T21:38:25.827+0000] {standard_task_runner.py:105} INFO - Job 684: Subtask merge_all_trips
[2025-03-16T21:38:25.886+0000] {task_command.py:467} INFO - Running <TaskInstance: data_ingestion_gcs_dag.merge_all_trips manual__2025-03-16T21:32:51.604296+00:00 [running]> on host 5c7a1daace86
[2025-03-16T21:38:26.019+0000] {taskinstance.py:3134} INFO - Exporting env vars: AIRFLOW_CTX_DAG_OWNER='***' AIRFLOW_CTX_DAG_ID='data_ingestion_gcs_dag' AIRFLOW_CTX_TASK_ID='merge_all_trips' AIRFLOW_CTX_EXECUTION_DATE='2025-03-16T21:32:51.604296+00:00' AIRFLOW_CTX_TRY_NUMBER='1' AIRFLOW_CTX_DAG_RUN_ID='manual__2025-03-16T21:32:51.604296+00:00'
[2025-03-16T21:38:26.021+0000] {logging_mixin.py:190} INFO - Task instance is in running state
[2025-03-16T21:38:26.022+0000] {logging_mixin.py:190} INFO -  Previous state of the Task instance: queued
[2025-03-16T21:38:26.023+0000] {logging_mixin.py:190} INFO - Current task name:merge_all_trips state:running start_date:2025-03-16 21:38:25.744344+00:00
[2025-03-16T21:38:26.023+0000] {logging_mixin.py:190} INFO - Dag name:data_ingestion_gcs_dag and current dag run status:running
[2025-03-16T21:38:26.024+0000] {taskinstance.py:732} INFO - ::endgroup::
[2025-03-16T21:38:46.088+0000] {data_ingestion_gcs_dag.py:82} INFO - Uploaded /opt/***/indego_all_trips.parquet to gs://<Bucket: kestra-de-zoomcamp-bucket-kelly>/raw/indego_all_trips.parquet
[2025-03-16T21:38:46.089+0000] {data_ingestion_gcs_dag.py:126} INFO - Merged all trip files into a single Parquet file and uploaded to GCS.
[2025-03-16T21:38:46.097+0000] {python.py:240} INFO - Done. Returned value was: None
[2025-03-16T21:38:46.114+0000] {taskinstance.py:341} INFO - ::group::Post task execution logs
[2025-03-16T21:38:46.115+0000] {taskinstance.py:353} INFO - Marking task as SUCCESS. dag_id=data_ingestion_gcs_dag, task_id=merge_all_trips, run_id=manual__2025-03-16T21:32:51.604296+00:00, execution_date=20250316T213251, start_date=20250316T213825, end_date=20250316T213846
[2025-03-16T21:38:46.153+0000] {logging_mixin.py:190} INFO - Task instance in success state
[2025-03-16T21:38:46.154+0000] {logging_mixin.py:190} INFO -  Previous state of the Task instance: running
[2025-03-16T21:38:46.155+0000] {logging_mixin.py:190} INFO - Dag name:data_ingestion_gcs_dag queued_at:2025-03-16 21:32:52.596176+00:00
[2025-03-16T21:38:46.156+0000] {logging_mixin.py:190} INFO - Task hostname:5c7a1daace86 operator:PythonOperator
[2025-03-16T21:38:46.253+0000] {local_task_job_runner.py:266} INFO - Task exited with return code 0
[2025-03-16T21:38:46.298+0000] {taskinstance.py:3901} INFO - 1 downstream tasks scheduled from follow-on schedule check
[2025-03-16T21:38:46.301+0000] {local_task_job_runner.py:245} INFO - ::endgroup::
