[2025-03-16T18:54:41.252+0000] {local_task_job_runner.py:123} INFO - ::group::Pre task execution logs
[2025-03-16T18:54:41.339+0000] {taskinstance.py:2614} INFO - Dependencies all met for dep_context=non-requeueable deps ti=<TaskInstance: data_ingestion_gcs_dag.download_2023_q2 scheduled__2025-03-15T00:00:00+00:00 [queued]>
[2025-03-16T18:54:41.444+0000] {taskinstance.py:2614} INFO - Dependencies all met for dep_context=requeueable deps ti=<TaskInstance: data_ingestion_gcs_dag.download_2023_q2 scheduled__2025-03-15T00:00:00+00:00 [queued]>
[2025-03-16T18:54:41.449+0000] {taskinstance.py:2867} INFO - Starting attempt 2 of 2
[2025-03-16T18:54:41.540+0000] {taskinstance.py:2890} INFO - Executing <Task(BashOperator): download_2023_q2> on 2025-03-15 00:00:00+00:00
[2025-03-16T18:54:41.572+0000] {warnings.py:112} WARNING - /home/***/.local/lib/python3.12/site-packages/***/task/task_runner/standard_task_runner.py:70: DeprecationWarning: This process (pid=314) is multi-threaded, use of fork() may lead to deadlocks in the child.
  pid = os.fork()

[2025-03-16T18:54:41.580+0000] {standard_task_runner.py:72} INFO - Started process 324 to run task
[2025-03-16T18:54:41.581+0000] {standard_task_runner.py:104} INFO - Running: ['***', 'tasks', 'run', 'data_ingestion_gcs_dag', 'download_2023_q2', 'scheduled__2025-03-15T00:00:00+00:00', '--job-id', '16', '--raw', '--subdir', 'DAGS_FOLDER/data_ingestion_gcs.py', '--cfg-path', '/tmp/tmpjnbmq2bq']
[2025-03-16T18:54:41.590+0000] {standard_task_runner.py:105} INFO - Job 16: Subtask download_2023_q2
[2025-03-16T18:54:41.867+0000] {task_command.py:467} INFO - Running <TaskInstance: data_ingestion_gcs_dag.download_2023_q2 scheduled__2025-03-15T00:00:00+00:00 [running]> on host ea596c643a9a
[2025-03-16T18:54:42.174+0000] {taskinstance.py:3134} INFO - Exporting env vars: AIRFLOW_CTX_DAG_OWNER='***' AIRFLOW_CTX_DAG_ID='data_ingestion_gcs_dag' AIRFLOW_CTX_TASK_ID='download_2023_q2' AIRFLOW_CTX_EXECUTION_DATE='2025-03-15T00:00:00+00:00' AIRFLOW_CTX_TRY_NUMBER='2' AIRFLOW_CTX_DAG_RUN_ID='scheduled__2025-03-15T00:00:00+00:00'
[2025-03-16T18:54:42.178+0000] {logging_mixin.py:190} INFO - Task instance is in running state
[2025-03-16T18:54:42.179+0000] {logging_mixin.py:190} INFO -  Previous state of the Task instance: queued
[2025-03-16T18:54:42.181+0000] {logging_mixin.py:190} INFO - Current task name:download_2023_q2 state:running start_date:2025-03-16 18:54:41.355202+00:00
[2025-03-16T18:54:42.182+0000] {logging_mixin.py:190} INFO - Dag name:data_ingestion_gcs_dag and current dag run status:running
[2025-03-16T18:54:42.183+0000] {taskinstance.py:732} INFO - ::endgroup::
[2025-03-16T18:54:42.186+0000] {subprocess.py:78} INFO - Tmp dir root location: /tmp
[2025-03-16T18:54:42.189+0000] {subprocess.py:88} INFO - Running command: ['/usr/bin/bash', '-c', 'curl -sSL -o /opt/***/indego-trips-2023-q2.zip https://www.rideindego.com/wp-content/uploads/2023/07/indego-trips-2023-q2.zip && ls -lh /opt/***/indego-trips-2023-q2.zip']
[2025-03-16T18:54:42.226+0000] {subprocess.py:99} INFO - Output:
[2025-03-16T18:54:46.885+0000] {subprocess.py:106} INFO - -rw-rw-r-- 1 default root 5.6M Mar 16 18:54 /opt/***/indego-trips-2023-q2.zip
[2025-03-16T18:54:46.887+0000] {subprocess.py:110} INFO - Command exited with return code 0
[2025-03-16T18:54:47.068+0000] {taskinstance.py:341} INFO - ::group::Post task execution logs
[2025-03-16T18:54:47.089+0000] {taskinstance.py:353} INFO - Marking task as SUCCESS. dag_id=data_ingestion_gcs_dag, task_id=download_2023_q2, run_id=scheduled__2025-03-15T00:00:00+00:00, execution_date=20250315T000000, start_date=20250316T185441, end_date=20250316T185447
[2025-03-16T18:54:47.406+0000] {logging_mixin.py:190} INFO - Task instance in success state
[2025-03-16T18:54:47.411+0000] {logging_mixin.py:190} INFO -  Previous state of the Task instance: running
[2025-03-16T18:54:47.431+0000] {logging_mixin.py:190} INFO - Dag name:data_ingestion_gcs_dag queued_at:2025-03-16 18:49:30.868563+00:00
[2025-03-16T18:54:47.434+0000] {logging_mixin.py:190} INFO - Task hostname:ea596c643a9a operator:BashOperator
[2025-03-16T18:54:47.557+0000] {local_task_job_runner.py:266} INFO - Task exited with return code 0
[2025-03-16T18:54:47.766+0000] {taskinstance.py:3901} INFO - 1 downstream tasks scheduled from follow-on schedule check
[2025-03-16T18:54:47.834+0000] {local_task_job_runner.py:245} INFO - ::endgroup::
