[2025-03-13T04:55:04.615+0000] {local_task_job_runner.py:123} INFO - ::group::Pre task execution logs
[2025-03-13T04:55:04.763+0000] {taskinstance.py:2614} INFO - Dependencies all met for dep_context=non-requeueable deps ti=<TaskInstance: data_ingestion_gcs_dag.format_parquet_2024_q3 manual__2025-03-13T04:53:20.200428+00:00 [queued]>
[2025-03-13T04:55:04.792+0000] {taskinstance.py:2614} INFO - Dependencies all met for dep_context=requeueable deps ti=<TaskInstance: data_ingestion_gcs_dag.format_parquet_2024_q3 manual__2025-03-13T04:53:20.200428+00:00 [queued]>
[2025-03-13T04:55:04.804+0000] {taskinstance.py:2867} INFO - Starting attempt 1 of 2
[2025-03-13T04:55:04.932+0000] {taskinstance.py:2890} INFO - Executing <Task(PythonOperator): format_parquet_2024_q3> on 2025-03-13 04:53:20.200428+00:00
[2025-03-13T04:55:04.974+0000] {warnings.py:112} WARNING - /home/***/.local/lib/python3.12/site-packages/***/task/task_runner/standard_task_runner.py:70: DeprecationWarning: This process (pid=2592) is multi-threaded, use of fork() may lead to deadlocks in the child.
  pid = os.fork()

[2025-03-13T04:55:04.991+0000] {standard_task_runner.py:72} INFO - Started process 2644 to run task
[2025-03-13T04:55:04.998+0000] {standard_task_runner.py:104} INFO - Running: ['***', 'tasks', 'run', 'data_ingestion_gcs_dag', 'format_parquet_2024_q3', 'manual__2025-03-13T04:53:20.200428+00:00', '--job-id', '590', '--raw', '--subdir', 'DAGS_FOLDER/data_ingestion_gcs_dag.py', '--cfg-path', '/tmp/tmprqwjny14']
[2025-03-13T04:55:05.001+0000] {standard_task_runner.py:105} INFO - Job 590: Subtask format_parquet_2024_q3
[2025-03-13T04:55:05.209+0000] {task_command.py:467} INFO - Running <TaskInstance: data_ingestion_gcs_dag.format_parquet_2024_q3 manual__2025-03-13T04:53:20.200428+00:00 [running]> on host b0577ed9eb82
[2025-03-13T04:55:06.043+0000] {taskinstance.py:3134} INFO - Exporting env vars: AIRFLOW_CTX_DAG_OWNER='***' AIRFLOW_CTX_DAG_ID='data_ingestion_gcs_dag' AIRFLOW_CTX_TASK_ID='format_parquet_2024_q3' AIRFLOW_CTX_EXECUTION_DATE='2025-03-13T04:53:20.200428+00:00' AIRFLOW_CTX_TRY_NUMBER='1' AIRFLOW_CTX_DAG_RUN_ID='manual__2025-03-13T04:53:20.200428+00:00'
[2025-03-13T04:55:06.174+0000] {logging_mixin.py:190} INFO - Task instance is in running state
[2025-03-13T04:55:06.254+0000] {logging_mixin.py:190} INFO -  Previous state of the Task instance: queued
[2025-03-13T04:55:06.271+0000] {logging_mixin.py:190} INFO - Current task name:format_parquet_2024_q3 state:running start_date:2025-03-13 04:55:04.764438+00:00
[2025-03-13T04:55:06.275+0000] {logging_mixin.py:190} INFO - Dag name:data_ingestion_gcs_dag and current dag run status:running
[2025-03-13T04:55:06.278+0000] {taskinstance.py:732} INFO - ::endgroup::
[2025-03-13T04:55:09.477+0000] {data_ingestion_gcs_dag.py:61} INFO - Converted indego-trips-2024-q3.csv to /opt/***/indego-trips-2024-q3.parquet
[2025-03-13T04:55:09.480+0000] {python.py:240} INFO - Done. Returned value was: None
[2025-03-13T04:55:09.503+0000] {taskinstance.py:341} INFO - ::group::Post task execution logs
[2025-03-13T04:55:09.505+0000] {taskinstance.py:353} INFO - Marking task as SUCCESS. dag_id=data_ingestion_gcs_dag, task_id=format_parquet_2024_q3, run_id=manual__2025-03-13T04:53:20.200428+00:00, execution_date=20250313T045320, start_date=20250313T045504, end_date=20250313T045509
[2025-03-13T04:55:09.554+0000] {logging_mixin.py:190} INFO - Task instance in success state
[2025-03-13T04:55:09.555+0000] {logging_mixin.py:190} INFO -  Previous state of the Task instance: running
[2025-03-13T04:55:09.555+0000] {logging_mixin.py:190} INFO - Dag name:data_ingestion_gcs_dag queued_at:2025-03-13 04:53:20.246651+00:00
[2025-03-13T04:55:09.556+0000] {logging_mixin.py:190} INFO - Task hostname:b0577ed9eb82 operator:PythonOperator
[2025-03-13T04:55:09.617+0000] {local_task_job_runner.py:266} INFO - Task exited with return code 0
[2025-03-13T04:55:09.683+0000] {taskinstance.py:3901} INFO - 0 downstream tasks scheduled from follow-on schedule check
[2025-03-13T04:55:09.686+0000] {local_task_job_runner.py:245} INFO - ::endgroup::
