[2025-03-13T04:07:14.088+0000] {local_task_job_runner.py:123} INFO - ::group::Pre task execution logs
[2025-03-13T04:07:14.135+0000] {taskinstance.py:2614} INFO - Dependencies all met for dep_context=non-requeueable deps ti=<TaskInstance: data_ingestion_gcs_dag.download_2023_q1 manual__2025-03-13T04:03:10.585201+00:00 [queued]>
[2025-03-13T04:07:14.158+0000] {taskinstance.py:2614} INFO - Dependencies all met for dep_context=requeueable deps ti=<TaskInstance: data_ingestion_gcs_dag.download_2023_q1 manual__2025-03-13T04:03:10.585201+00:00 [queued]>
[2025-03-13T04:07:14.203+0000] {taskinstance.py:2867} INFO - Starting attempt 1 of 2
[2025-03-13T04:07:14.284+0000] {taskinstance.py:2890} INFO - Executing <Task(BashOperator): download_2023_q1> on 2025-03-13 04:03:10.585201+00:00
[2025-03-13T04:07:14.301+0000] {warnings.py:112} WARNING - /home/***/.local/lib/python3.12/site-packages/***/task/task_runner/standard_task_runner.py:70: DeprecationWarning: This process (pid=1339) is multi-threaded, use of fork() may lead to deadlocks in the child.
  pid = os.fork()

[2025-03-13T04:07:14.305+0000] {standard_task_runner.py:72} INFO - Started process 1365 to run task
[2025-03-13T04:07:14.306+0000] {standard_task_runner.py:104} INFO - Running: ['***', 'tasks', 'run', 'data_ingestion_gcs_dag', 'download_2023_q1', 'manual__2025-03-13T04:03:10.585201+00:00', '--job-id', '518', '--raw', '--subdir', 'DAGS_FOLDER/data_ingestion_gcs_dag.py', '--cfg-path', '/tmp/tmp930n4oju']
[2025-03-13T04:07:14.315+0000] {standard_task_runner.py:105} INFO - Job 518: Subtask download_2023_q1
[2025-03-13T04:07:14.459+0000] {task_command.py:467} INFO - Running <TaskInstance: data_ingestion_gcs_dag.download_2023_q1 manual__2025-03-13T04:03:10.585201+00:00 [running]> on host b0577ed9eb82
[2025-03-13T04:07:14.727+0000] {taskinstance.py:3134} INFO - Exporting env vars: AIRFLOW_CTX_DAG_OWNER='***' AIRFLOW_CTX_DAG_ID='data_ingestion_gcs_dag' AIRFLOW_CTX_TASK_ID='download_2023_q1' AIRFLOW_CTX_EXECUTION_DATE='2025-03-13T04:03:10.585201+00:00' AIRFLOW_CTX_TRY_NUMBER='1' AIRFLOW_CTX_DAG_RUN_ID='manual__2025-03-13T04:03:10.585201+00:00'
[2025-03-13T04:07:14.737+0000] {logging_mixin.py:190} INFO - Task instance is in running state
[2025-03-13T04:07:14.739+0000] {logging_mixin.py:190} INFO -  Previous state of the Task instance: queued
[2025-03-13T04:07:14.740+0000] {logging_mixin.py:190} INFO - Current task name:download_2023_q1 state:running start_date:2025-03-13 04:07:14.136952+00:00
[2025-03-13T04:07:14.741+0000] {logging_mixin.py:190} INFO - Dag name:data_ingestion_gcs_dag and current dag run status:running
[2025-03-13T04:07:14.742+0000] {taskinstance.py:732} INFO - ::endgroup::
[2025-03-13T04:07:14.744+0000] {subprocess.py:78} INFO - Tmp dir root location: /tmp
[2025-03-13T04:07:14.752+0000] {subprocess.py:88} INFO - Running command: ['/usr/bin/bash', '-c', 'curl -sSL -o /opt/***/indego-trips-2023-q1.zip https://www.rideindego.com/wp-content/uploads/2023/04/indego-trips-2023-q1.zip && ls -lh /opt/***/indego-trips-2023-q1.zip']
[2025-03-13T04:07:14.774+0000] {subprocess.py:99} INFO - Output:
[2025-03-13T04:07:18.767+0000] {subprocess.py:106} INFO - -rw-rw-r-- 1 default root 3.2M Mar 13 04:07 /opt/***/indego-trips-2023-q1.zip
[2025-03-13T04:07:18.780+0000] {subprocess.py:110} INFO - Command exited with return code 0
[2025-03-13T04:07:19.020+0000] {taskinstance.py:341} INFO - ::group::Post task execution logs
[2025-03-13T04:07:19.037+0000] {taskinstance.py:353} INFO - Marking task as SUCCESS. dag_id=data_ingestion_gcs_dag, task_id=download_2023_q1, run_id=manual__2025-03-13T04:03:10.585201+00:00, execution_date=20250313T040310, start_date=20250313T040714, end_date=20250313T040719
[2025-03-13T04:07:19.161+0000] {logging_mixin.py:190} INFO - Task instance in success state
[2025-03-13T04:07:19.166+0000] {logging_mixin.py:190} INFO -  Previous state of the Task instance: running
[2025-03-13T04:07:19.171+0000] {logging_mixin.py:190} INFO - Dag name:data_ingestion_gcs_dag queued_at:2025-03-13 04:03:10.603838+00:00
[2025-03-13T04:07:19.178+0000] {logging_mixin.py:190} INFO - Task hostname:b0577ed9eb82 operator:BashOperator
[2025-03-13T04:07:19.237+0000] {local_task_job_runner.py:266} INFO - Task exited with return code 0
[2025-03-13T04:07:19.270+0000] {local_task_job_runner.py:245} INFO - ::endgroup::
