[2025-03-16T17:52:51.235+0000] {local_task_job_runner.py:123} INFO - ::group::Pre task execution logs
[2025-03-16T17:52:51.257+0000] {taskinstance.py:2614} INFO - Dependencies all met for dep_context=non-requeueable deps ti=<TaskInstance: data_ingestion_gcs_dag.upload_indego_station scheduled__2025-03-13T00:00:00+00:00 [queued]>
[2025-03-16T17:52:51.267+0000] {taskinstance.py:2614} INFO - Dependencies all met for dep_context=requeueable deps ti=<TaskInstance: data_ingestion_gcs_dag.upload_indego_station scheduled__2025-03-13T00:00:00+00:00 [queued]>
[2025-03-16T17:52:51.268+0000] {taskinstance.py:2867} INFO - Starting attempt 1 of 2
[2025-03-16T17:52:51.281+0000] {taskinstance.py:2890} INFO - Executing <Task(PythonOperator): upload_indego_station> on 2025-03-13 00:00:00+00:00
[2025-03-16T17:52:51.289+0000] {warnings.py:112} WARNING - /home/***/.local/lib/python3.12/site-packages/***/task/task_runner/standard_task_runner.py:70: DeprecationWarning: This process (pid=263) is multi-threaded, use of fork() may lead to deadlocks in the child.
  pid = os.fork()

[2025-03-16T17:52:51.291+0000] {standard_task_runner.py:72} INFO - Started process 265 to run task
[2025-03-16T17:52:51.291+0000] {standard_task_runner.py:104} INFO - Running: ['***', 'tasks', 'run', 'data_ingestion_gcs_dag', 'upload_indego_station', 'scheduled__2025-03-13T00:00:00+00:00', '--job-id', '643', '--raw', '--subdir', 'DAGS_FOLDER/data_ingestion_gcs_dag.py', '--cfg-path', '/tmp/tmptsxa6ugz']
[2025-03-16T17:52:51.293+0000] {standard_task_runner.py:105} INFO - Job 643: Subtask upload_indego_station
[2025-03-16T17:52:51.336+0000] {task_command.py:467} INFO - Running <TaskInstance: data_ingestion_gcs_dag.upload_indego_station scheduled__2025-03-13T00:00:00+00:00 [running]> on host b0577ed9eb82
[2025-03-16T17:52:51.417+0000] {taskinstance.py:3134} INFO - Exporting env vars: AIRFLOW_CTX_DAG_OWNER='***' AIRFLOW_CTX_DAG_ID='data_ingestion_gcs_dag' AIRFLOW_CTX_TASK_ID='upload_indego_station' AIRFLOW_CTX_EXECUTION_DATE='2025-03-13T00:00:00+00:00' AIRFLOW_CTX_TRY_NUMBER='1' AIRFLOW_CTX_DAG_RUN_ID='scheduled__2025-03-13T00:00:00+00:00'
[2025-03-16T17:52:51.419+0000] {logging_mixin.py:190} INFO - Task instance is in running state
[2025-03-16T17:52:51.420+0000] {logging_mixin.py:190} INFO -  Previous state of the Task instance: queued
[2025-03-16T17:52:51.420+0000] {logging_mixin.py:190} INFO - Current task name:upload_indego_station state:running start_date:2025-03-16 17:52:51.258065+00:00
[2025-03-16T17:52:51.420+0000] {logging_mixin.py:190} INFO - Dag name:data_ingestion_gcs_dag and current dag run status:running
[2025-03-16T17:52:51.421+0000] {taskinstance.py:732} INFO - ::endgroup::
[2025-03-16T17:52:57.047+0000] {python.py:240} INFO - Done. Returned value was: None
[2025-03-16T17:52:57.057+0000] {taskinstance.py:341} INFO - ::group::Post task execution logs
[2025-03-16T17:52:57.057+0000] {taskinstance.py:353} INFO - Marking task as SUCCESS. dag_id=data_ingestion_gcs_dag, task_id=upload_indego_station, run_id=scheduled__2025-03-13T00:00:00+00:00, execution_date=20250313T000000, start_date=20250316T175251, end_date=20250316T175257
[2025-03-16T17:52:57.082+0000] {logging_mixin.py:190} INFO - Task instance in success state
[2025-03-16T17:52:57.083+0000] {logging_mixin.py:190} INFO -  Previous state of the Task instance: running
[2025-03-16T17:52:57.084+0000] {logging_mixin.py:190} INFO - Dag name:data_ingestion_gcs_dag queued_at:2025-03-16 17:51:33.666601+00:00
[2025-03-16T17:52:57.084+0000] {logging_mixin.py:190} INFO - Task hostname:b0577ed9eb82 operator:PythonOperator
[2025-03-16T17:52:57.122+0000] {local_task_job_runner.py:266} INFO - Task exited with return code 0
[2025-03-16T17:52:57.138+0000] {taskinstance.py:3901} INFO - 0 downstream tasks scheduled from follow-on schedule check
[2025-03-16T17:52:57.140+0000] {local_task_job_runner.py:245} INFO - ::endgroup::
