[2025-03-12T04:42:33.159+0000] {local_task_job_runner.py:123} INFO - ::group::Pre task execution logs
[2025-03-12T04:42:33.284+0000] {taskinstance.py:2614} INFO - Dependencies all met for dep_context=non-requeueable deps ti=<TaskInstance: data_ingestion_gcs_dag.format_parquet_2025_q4 manual__2025-03-12T04:42:07.897134+00:00 [queued]>
[2025-03-12T04:42:33.361+0000] {taskinstance.py:2614} INFO - Dependencies all met for dep_context=requeueable deps ti=<TaskInstance: data_ingestion_gcs_dag.format_parquet_2025_q4 manual__2025-03-12T04:42:07.897134+00:00 [queued]>
[2025-03-12T04:42:33.362+0000] {taskinstance.py:2867} INFO - Starting attempt 1 of 2
[2025-03-12T04:42:33.420+0000] {taskinstance.py:2890} INFO - Executing <Task(PythonOperator): format_parquet_2025_q4> on 2025-03-12 04:42:07.897134+00:00
[2025-03-12T04:42:33.450+0000] {standard_task_runner.py:104} INFO - Running: ['***', 'tasks', 'run', 'data_ingestion_gcs_dag', 'format_parquet_2025_q4', 'manual__2025-03-12T04:42:07.897134+00:00', '--job-id', '346', '--raw', '--subdir', 'DAGS_FOLDER/data_ingestion_gcs_dag.py', '--cfg-path', '/tmp/tmpizrmpt34']
[2025-03-12T04:42:33.453+0000] {standard_task_runner.py:105} INFO - Job 346: Subtask format_parquet_2025_q4
[2025-03-12T04:42:33.439+0000] {warnings.py:112} WARNING - /home/***/.local/lib/python3.12/site-packages/***/task/task_runner/standard_task_runner.py:70: DeprecationWarning: This process (pid=1441) is multi-threaded, use of fork() may lead to deadlocks in the child.
  pid = os.fork()

[2025-03-12T04:42:33.468+0000] {standard_task_runner.py:72} INFO - Started process 1486 to run task
[2025-03-12T04:42:33.617+0000] {task_command.py:467} INFO - Running <TaskInstance: data_ingestion_gcs_dag.format_parquet_2025_q4 manual__2025-03-12T04:42:07.897134+00:00 [running]> on host b0577ed9eb82
[2025-03-12T04:42:34.035+0000] {taskinstance.py:3134} INFO - Exporting env vars: AIRFLOW_CTX_DAG_OWNER='***' AIRFLOW_CTX_DAG_ID='data_ingestion_gcs_dag' AIRFLOW_CTX_TASK_ID='format_parquet_2025_q4' AIRFLOW_CTX_EXECUTION_DATE='2025-03-12T04:42:07.897134+00:00' AIRFLOW_CTX_TRY_NUMBER='1' AIRFLOW_CTX_DAG_RUN_ID='manual__2025-03-12T04:42:07.897134+00:00'
[2025-03-12T04:42:34.038+0000] {logging_mixin.py:190} INFO - Task instance is in running state
[2025-03-12T04:42:34.040+0000] {logging_mixin.py:190} INFO -  Previous state of the Task instance: queued
[2025-03-12T04:42:34.041+0000] {logging_mixin.py:190} INFO - Current task name:format_parquet_2025_q4 state:running start_date:2025-03-12 04:42:33.302280+00:00
[2025-03-12T04:42:34.043+0000] {logging_mixin.py:190} INFO - Dag name:data_ingestion_gcs_dag and current dag run status:running
[2025-03-12T04:42:34.048+0000] {taskinstance.py:732} INFO - ::endgroup::
[2025-03-12T04:42:34.055+0000] {data_ingestion_gcs_dag.py:68} ERROR - Invalid ZIP file: /opt/***/indego-trips-2025-q4.zip
[2025-03-12T04:42:34.056+0000] {python.py:240} INFO - Done. Returned value was: None
[2025-03-12T04:42:34.127+0000] {taskinstance.py:341} INFO - ::group::Post task execution logs
[2025-03-12T04:42:34.128+0000] {taskinstance.py:353} INFO - Marking task as SUCCESS. dag_id=data_ingestion_gcs_dag, task_id=format_parquet_2025_q4, run_id=manual__2025-03-12T04:42:07.897134+00:00, execution_date=20250312T044207, start_date=20250312T044233, end_date=20250312T044234
[2025-03-12T04:42:34.348+0000] {logging_mixin.py:190} INFO - Task instance in success state
[2025-03-12T04:42:34.356+0000] {logging_mixin.py:190} INFO -  Previous state of the Task instance: running
[2025-03-12T04:42:34.359+0000] {logging_mixin.py:190} INFO - Dag name:data_ingestion_gcs_dag queued_at:2025-03-12 04:42:07.935918+00:00
[2025-03-12T04:42:34.360+0000] {logging_mixin.py:190} INFO - Task hostname:b0577ed9eb82 operator:PythonOperator
[2025-03-12T04:42:34.407+0000] {local_task_job_runner.py:266} INFO - Task exited with return code 0
[2025-03-12T04:42:34.459+0000] {local_task_job_runner.py:245} INFO - ::endgroup::
