[2025-03-16T19:02:17.867+0000] {local_task_job_runner.py:123} INFO - ::group::Pre task execution logs
[2025-03-16T19:02:17.997+0000] {taskinstance.py:2614} INFO - Dependencies all met for dep_context=non-requeueable deps ti=<TaskInstance: data_ingestion_gcs_dag.format_parquet_2024_q3 manual__2025-03-16T18:49:29.914483+00:00 [queued]>
[2025-03-16T19:02:18.108+0000] {taskinstance.py:2614} INFO - Dependencies all met for dep_context=requeueable deps ti=<TaskInstance: data_ingestion_gcs_dag.format_parquet_2024_q3 manual__2025-03-16T18:49:29.914483+00:00 [queued]>
[2025-03-16T19:02:18.114+0000] {taskinstance.py:2867} INFO - Starting attempt 1 of 2
[2025-03-16T19:02:18.208+0000] {taskinstance.py:2890} INFO - Executing <Task(PythonOperator): format_parquet_2024_q3> on 2025-03-16 18:49:29.914483+00:00
[2025-03-16T19:02:18.249+0000] {warnings.py:112} WARNING - /home/***/.local/lib/python3.12/site-packages/***/task/task_runner/standard_task_runner.py:70: DeprecationWarning: This process (pid=572) is multi-threaded, use of fork() may lead to deadlocks in the child.
  pid = os.fork()

[2025-03-16T19:02:18.264+0000] {standard_task_runner.py:72} INFO - Started process 605 to run task
[2025-03-16T19:02:18.265+0000] {standard_task_runner.py:104} INFO - Running: ['***', 'tasks', 'run', 'data_ingestion_gcs_dag', 'format_parquet_2024_q3', 'manual__2025-03-16T18:49:29.914483+00:00', '--job-id', '39', '--raw', '--subdir', 'DAGS_FOLDER/data_ingestion_gcs.py', '--cfg-path', '/tmp/tmpmgxol6jb']
[2025-03-16T19:02:18.272+0000] {standard_task_runner.py:105} INFO - Job 39: Subtask format_parquet_2024_q3
[2025-03-16T19:02:18.583+0000] {task_command.py:467} INFO - Running <TaskInstance: data_ingestion_gcs_dag.format_parquet_2024_q3 manual__2025-03-16T18:49:29.914483+00:00 [running]> on host ea596c643a9a
[2025-03-16T19:02:19.497+0000] {taskinstance.py:3134} INFO - Exporting env vars: AIRFLOW_CTX_DAG_OWNER='***' AIRFLOW_CTX_DAG_ID='data_ingestion_gcs_dag' AIRFLOW_CTX_TASK_ID='format_parquet_2024_q3' AIRFLOW_CTX_EXECUTION_DATE='2025-03-16T18:49:29.914483+00:00' AIRFLOW_CTX_TRY_NUMBER='1' AIRFLOW_CTX_DAG_RUN_ID='manual__2025-03-16T18:49:29.914483+00:00'
[2025-03-16T19:02:19.514+0000] {logging_mixin.py:190} INFO - Task instance is in running state
[2025-03-16T19:02:19.515+0000] {logging_mixin.py:190} INFO -  Previous state of the Task instance: queued
[2025-03-16T19:02:19.521+0000] {logging_mixin.py:190} INFO - Current task name:format_parquet_2024_q3 state:running start_date:2025-03-16 19:02:18.003291+00:00
[2025-03-16T19:02:19.529+0000] {logging_mixin.py:190} INFO - Dag name:data_ingestion_gcs_dag and current dag run status:running
[2025-03-16T19:02:19.536+0000] {taskinstance.py:732} INFO - ::endgroup::
[2025-03-16T19:02:25.959+0000] {data_ingestion_gcs.py:61} INFO - Converted indego-trips-2024-q3.csv to /opt/***/indego-trips-2024-q3.parquet
[2025-03-16T19:02:25.977+0000] {python.py:240} INFO - Done. Returned value was: None
[2025-03-16T19:02:26.317+0000] {taskinstance.py:341} INFO - ::group::Post task execution logs
[2025-03-16T19:02:26.330+0000] {taskinstance.py:353} INFO - Marking task as SUCCESS. dag_id=data_ingestion_gcs_dag, task_id=format_parquet_2024_q3, run_id=manual__2025-03-16T18:49:29.914483+00:00, execution_date=20250316T184929, start_date=20250316T190218, end_date=20250316T190226
[2025-03-16T19:02:26.676+0000] {logging_mixin.py:190} INFO - Task instance in success state
[2025-03-16T19:02:26.687+0000] {logging_mixin.py:190} INFO -  Previous state of the Task instance: running
[2025-03-16T19:02:26.702+0000] {logging_mixin.py:190} INFO - Dag name:data_ingestion_gcs_dag queued_at:2025-03-16 18:49:29.948895+00:00
[2025-03-16T19:02:26.730+0000] {logging_mixin.py:190} INFO - Task hostname:ea596c643a9a operator:PythonOperator
[2025-03-16T19:02:26.973+0000] {local_task_job_runner.py:266} INFO - Task exited with return code 0
[2025-03-16T19:02:27.378+0000] {taskinstance.py:3901} INFO - 0 downstream tasks scheduled from follow-on schedule check
[2025-03-16T19:02:27.400+0000] {local_task_job_runner.py:245} INFO - ::endgroup::
