[2025-03-13T04:07:41.627+0000] {local_task_job_runner.py:123} INFO - ::group::Pre task execution logs
[2025-03-13T04:07:41.820+0000] {taskinstance.py:2614} INFO - Dependencies all met for dep_context=non-requeueable deps ti=<TaskInstance: data_ingestion_gcs_dag.upload_gcs_2024_q1 manual__2025-03-13T04:03:10.585201+00:00 [queued]>
[2025-03-13T04:07:41.935+0000] {taskinstance.py:2614} INFO - Dependencies all met for dep_context=requeueable deps ti=<TaskInstance: data_ingestion_gcs_dag.upload_gcs_2024_q1 manual__2025-03-13T04:03:10.585201+00:00 [queued]>
[2025-03-13T04:07:41.943+0000] {taskinstance.py:2867} INFO - Starting attempt 1 of 2
[2025-03-13T04:07:42.071+0000] {taskinstance.py:2890} INFO - Executing <Task(PythonOperator): upload_gcs_2024_q1> on 2025-03-13 04:03:10.585201+00:00
[2025-03-13T04:07:42.108+0000] {warnings.py:112} WARNING - /home/***/.local/lib/python3.12/site-packages/***/task/task_runner/standard_task_runner.py:70: DeprecationWarning: This process (pid=1511) is multi-threaded, use of fork() may lead to deadlocks in the child.
  pid = os.fork()

[2025-03-13T04:07:42.113+0000] {standard_task_runner.py:72} INFO - Started process 1526 to run task
[2025-03-13T04:07:42.125+0000] {standard_task_runner.py:104} INFO - Running: ['***', 'tasks', 'run', 'data_ingestion_gcs_dag', 'upload_gcs_2024_q1', 'manual__2025-03-13T04:03:10.585201+00:00', '--job-id', '529', '--raw', '--subdir', 'DAGS_FOLDER/data_ingestion_gcs_dag.py', '--cfg-path', '/tmp/tmp86epejrm']
[2025-03-13T04:07:42.199+0000] {standard_task_runner.py:105} INFO - Job 529: Subtask upload_gcs_2024_q1
[2025-03-13T04:07:42.526+0000] {task_command.py:467} INFO - Running <TaskInstance: data_ingestion_gcs_dag.upload_gcs_2024_q1 manual__2025-03-13T04:03:10.585201+00:00 [running]> on host b0577ed9eb82
[2025-03-13T04:07:43.035+0000] {taskinstance.py:3134} INFO - Exporting env vars: AIRFLOW_CTX_DAG_OWNER='***' AIRFLOW_CTX_DAG_ID='data_ingestion_gcs_dag' AIRFLOW_CTX_TASK_ID='upload_gcs_2024_q1' AIRFLOW_CTX_EXECUTION_DATE='2025-03-13T04:03:10.585201+00:00' AIRFLOW_CTX_TRY_NUMBER='1' AIRFLOW_CTX_DAG_RUN_ID='manual__2025-03-13T04:03:10.585201+00:00'
[2025-03-13T04:07:43.046+0000] {logging_mixin.py:190} INFO - Task instance is in running state
[2025-03-13T04:07:43.047+0000] {logging_mixin.py:190} INFO -  Previous state of the Task instance: queued
[2025-03-13T04:07:43.048+0000] {logging_mixin.py:190} INFO - Current task name:upload_gcs_2024_q1 state:running start_date:2025-03-13 04:07:41.848271+00:00
[2025-03-13T04:07:43.049+0000] {logging_mixin.py:190} INFO - Dag name:data_ingestion_gcs_dag and current dag run status:running
[2025-03-13T04:07:43.052+0000] {taskinstance.py:732} INFO - ::endgroup::
[2025-03-13T04:07:45.982+0000] {python.py:240} INFO - Done. Returned value was: None
[2025-03-13T04:07:46.007+0000] {taskinstance.py:341} INFO - ::group::Post task execution logs
[2025-03-13T04:07:46.008+0000] {taskinstance.py:353} INFO - Marking task as SUCCESS. dag_id=data_ingestion_gcs_dag, task_id=upload_gcs_2024_q1, run_id=manual__2025-03-13T04:03:10.585201+00:00, execution_date=20250313T040310, start_date=20250313T040741, end_date=20250313T040746
[2025-03-13T04:07:46.062+0000] {logging_mixin.py:190} INFO - Task instance in success state
[2025-03-13T04:07:46.067+0000] {logging_mixin.py:190} INFO -  Previous state of the Task instance: running
[2025-03-13T04:07:46.070+0000] {logging_mixin.py:190} INFO - Dag name:data_ingestion_gcs_dag queued_at:2025-03-13 04:03:10.603838+00:00
[2025-03-13T04:07:46.071+0000] {logging_mixin.py:190} INFO - Task hostname:b0577ed9eb82 operator:PythonOperator
[2025-03-13T04:07:46.134+0000] {local_task_job_runner.py:266} INFO - Task exited with return code 0
[2025-03-13T04:07:46.211+0000] {taskinstance.py:3901} INFO - 0 downstream tasks scheduled from follow-on schedule check
[2025-03-13T04:07:46.214+0000] {local_task_job_runner.py:245} INFO - ::endgroup::
