[2025-03-12T04:01:49.209+0000] {local_task_job_runner.py:123} INFO - ::group::Pre task execution logs
[2025-03-12T04:01:49.237+0000] {taskinstance.py:2614} INFO - Dependencies all met for dep_context=non-requeueable deps ti=<TaskInstance: data_ingestion_gcs_dag.format_to_parquet_task manual__2025-03-12T04:01:41.022774+00:00 [queued]>
[2025-03-12T04:01:49.264+0000] {taskinstance.py:2614} INFO - Dependencies all met for dep_context=requeueable deps ti=<TaskInstance: data_ingestion_gcs_dag.format_to_parquet_task manual__2025-03-12T04:01:41.022774+00:00 [queued]>
[2025-03-12T04:01:49.266+0000] {taskinstance.py:2867} INFO - Starting attempt 1 of 2
[2025-03-12T04:01:49.297+0000] {taskinstance.py:2890} INFO - Executing <Task(PythonOperator): format_to_parquet_task> on 2025-03-12 04:01:41.022774+00:00
[2025-03-12T04:01:49.306+0000] {warnings.py:112} WARNING - /home/***/.local/lib/python3.12/site-packages/***/task/task_runner/standard_task_runner.py:70: DeprecationWarning: This process (pid=612) is multi-threaded, use of fork() may lead to deadlocks in the child.
  pid = os.fork()

[2025-03-12T04:01:49.309+0000] {standard_task_runner.py:72} INFO - Started process 614 to run task
[2025-03-12T04:01:49.310+0000] {standard_task_runner.py:104} INFO - Running: ['***', 'tasks', 'run', 'data_ingestion_gcs_dag', 'format_to_parquet_task', 'manual__2025-03-12T04:01:41.022774+00:00', '--job-id', '296', '--raw', '--subdir', 'DAGS_FOLDER/data_ingestion_gcs_dag.py', '--cfg-path', '/tmp/tmpxf449a0s']
[2025-03-12T04:01:49.311+0000] {standard_task_runner.py:105} INFO - Job 296: Subtask format_to_parquet_task
[2025-03-12T04:01:49.370+0000] {task_command.py:467} INFO - Running <TaskInstance: data_ingestion_gcs_dag.format_to_parquet_task manual__2025-03-12T04:01:41.022774+00:00 [running]> on host b0577ed9eb82
[2025-03-12T04:01:49.475+0000] {taskinstance.py:3134} INFO - Exporting env vars: AIRFLOW_CTX_DAG_OWNER='***' AIRFLOW_CTX_DAG_ID='data_ingestion_gcs_dag' AIRFLOW_CTX_TASK_ID='format_to_parquet_task' AIRFLOW_CTX_EXECUTION_DATE='2025-03-12T04:01:41.022774+00:00' AIRFLOW_CTX_TRY_NUMBER='1' AIRFLOW_CTX_DAG_RUN_ID='manual__2025-03-12T04:01:41.022774+00:00'
[2025-03-12T04:01:49.477+0000] {logging_mixin.py:190} INFO - Task instance is in running state
[2025-03-12T04:01:49.478+0000] {logging_mixin.py:190} INFO -  Previous state of the Task instance: queued
[2025-03-12T04:01:49.478+0000] {logging_mixin.py:190} INFO - Current task name:format_to_parquet_task state:running start_date:2025-03-12 04:01:49.238685+00:00
[2025-03-12T04:01:49.478+0000] {logging_mixin.py:190} INFO - Dag name:data_ingestion_gcs_dag and current dag run status:running
[2025-03-12T04:01:49.479+0000] {taskinstance.py:732} INFO - ::endgroup::
[2025-03-12T04:01:49.941+0000] {data_ingestion_gcs_dag.py:40} INFO - Converted indego-trips-2024-q4.csv to /opt/***/indego-trips-2024-q4.parquet
[2025-03-12T04:01:49.943+0000] {python.py:240} INFO - Done. Returned value was: /opt/***/indego-trips-2024-q4.parquet
[2025-03-12T04:01:49.970+0000] {taskinstance.py:341} INFO - ::group::Post task execution logs
[2025-03-12T04:01:49.971+0000] {taskinstance.py:353} INFO - Marking task as SUCCESS. dag_id=data_ingestion_gcs_dag, task_id=format_to_parquet_task, run_id=manual__2025-03-12T04:01:41.022774+00:00, execution_date=20250312T040141, start_date=20250312T040149, end_date=20250312T040149
[2025-03-12T04:01:49.997+0000] {logging_mixin.py:190} INFO - Task instance in success state
[2025-03-12T04:01:49.998+0000] {logging_mixin.py:190} INFO -  Previous state of the Task instance: running
[2025-03-12T04:01:49.998+0000] {logging_mixin.py:190} INFO - Dag name:data_ingestion_gcs_dag queued_at:2025-03-12 04:01:41.056742+00:00
[2025-03-12T04:01:49.999+0000] {logging_mixin.py:190} INFO - Task hostname:b0577ed9eb82 operator:PythonOperator
[2025-03-12T04:01:50.047+0000] {local_task_job_runner.py:266} INFO - Task exited with return code 0
[2025-03-12T04:01:50.078+0000] {taskinstance.py:3901} INFO - 1 downstream tasks scheduled from follow-on schedule check
[2025-03-12T04:01:50.080+0000] {local_task_job_runner.py:245} INFO - ::endgroup::
