[2025-03-12T04:31:28.594+0000] {local_task_job_runner.py:123} INFO - ::group::Pre task execution logs
[2025-03-12T04:31:28.792+0000] {taskinstance.py:2614} INFO - Dependencies all met for dep_context=non-requeueable deps ti=<TaskInstance: data_ingestion_gcs_dag.download_2023_q1 manual__2025-03-12T04:31:17.767540+00:00 [queued]>
[2025-03-12T04:31:28.829+0000] {taskinstance.py:2614} INFO - Dependencies all met for dep_context=requeueable deps ti=<TaskInstance: data_ingestion_gcs_dag.download_2023_q1 manual__2025-03-12T04:31:17.767540+00:00 [queued]>
[2025-03-12T04:31:28.830+0000] {taskinstance.py:2867} INFO - Starting attempt 1 of 2
[2025-03-12T04:31:28.905+0000] {taskinstance.py:2890} INFO - Executing <Task(BashOperator): download_2023_q1> on 2025-03-12 04:31:17.767540+00:00
[2025-03-12T04:31:28.996+0000] {warnings.py:112} WARNING - /home/***/.local/lib/python3.12/site-packages/***/task/task_runner/standard_task_runner.py:70: DeprecationWarning: This process (pid=1061) is multi-threaded, use of fork() may lead to deadlocks in the child.
  pid = os.fork()

[2025-03-12T04:31:29.020+0000] {standard_task_runner.py:72} INFO - Started process 1091 to run task
[2025-03-12T04:31:29.043+0000] {standard_task_runner.py:104} INFO - Running: ['***', 'tasks', 'run', 'data_ingestion_gcs_dag', 'download_2023_q1', 'manual__2025-03-12T04:31:17.767540+00:00', '--job-id', '313', '--raw', '--subdir', 'DAGS_FOLDER/data_ingestion_gcs_dag.py', '--cfg-path', '/tmp/tmp15h1cp7y']
[2025-03-12T04:31:29.046+0000] {standard_task_runner.py:105} INFO - Job 313: Subtask download_2023_q1
[2025-03-12T04:31:29.146+0000] {task_command.py:467} INFO - Running <TaskInstance: data_ingestion_gcs_dag.download_2023_q1 manual__2025-03-12T04:31:17.767540+00:00 [running]> on host b0577ed9eb82
[2025-03-12T04:31:29.307+0000] {taskinstance.py:3134} INFO - Exporting env vars: AIRFLOW_CTX_DAG_OWNER='***' AIRFLOW_CTX_DAG_ID='data_ingestion_gcs_dag' AIRFLOW_CTX_TASK_ID='download_2023_q1' AIRFLOW_CTX_EXECUTION_DATE='2025-03-12T04:31:17.767540+00:00' AIRFLOW_CTX_TRY_NUMBER='1' AIRFLOW_CTX_DAG_RUN_ID='manual__2025-03-12T04:31:17.767540+00:00'
[2025-03-12T04:31:29.311+0000] {logging_mixin.py:190} INFO - Task instance is in running state
[2025-03-12T04:31:29.312+0000] {logging_mixin.py:190} INFO -  Previous state of the Task instance: queued
[2025-03-12T04:31:29.313+0000] {logging_mixin.py:190} INFO - Current task name:download_2023_q1 state:running start_date:2025-03-12 04:31:28.794379+00:00
[2025-03-12T04:31:29.313+0000] {logging_mixin.py:190} INFO - Dag name:data_ingestion_gcs_dag and current dag run status:running
[2025-03-12T04:31:29.314+0000] {taskinstance.py:732} INFO - ::endgroup::
[2025-03-12T04:31:29.316+0000] {subprocess.py:78} INFO - Tmp dir root location: /tmp
[2025-03-12T04:31:29.320+0000] {subprocess.py:88} INFO - Running command: ['/usr/bin/bash', '-c', 'curl -sSL https://www.rideindego.com/wp-content/uploads/2024/01/indego-trips-2023-q1.zip > /opt/***/indego-trips-2023-q1.zip']
[2025-03-12T04:31:29.343+0000] {subprocess.py:99} INFO - Output:
[2025-03-12T04:31:30.272+0000] {subprocess.py:110} INFO - Command exited with return code 0
[2025-03-12T04:31:30.348+0000] {taskinstance.py:341} INFO - ::group::Post task execution logs
[2025-03-12T04:31:30.353+0000] {taskinstance.py:353} INFO - Marking task as SUCCESS. dag_id=data_ingestion_gcs_dag, task_id=download_2023_q1, run_id=manual__2025-03-12T04:31:17.767540+00:00, execution_date=20250312T043117, start_date=20250312T043128, end_date=20250312T043130
[2025-03-12T04:31:30.414+0000] {logging_mixin.py:190} INFO - Task instance in success state
[2025-03-12T04:31:30.416+0000] {logging_mixin.py:190} INFO -  Previous state of the Task instance: running
[2025-03-12T04:31:30.417+0000] {logging_mixin.py:190} INFO - Dag name:data_ingestion_gcs_dag queued_at:2025-03-12 04:31:17.799588+00:00
[2025-03-12T04:31:30.417+0000] {logging_mixin.py:190} INFO - Task hostname:b0577ed9eb82 operator:BashOperator
[2025-03-12T04:31:30.450+0000] {local_task_job_runner.py:266} INFO - Task exited with return code 0
[2025-03-12T04:31:30.532+0000] {taskinstance.py:3901} INFO - 1 downstream tasks scheduled from follow-on schedule check
[2025-03-12T04:31:30.535+0000] {local_task_job_runner.py:245} INFO - ::endgroup::
