[2025-03-16T17:53:03.294+0000] {local_task_job_runner.py:123} INFO - ::group::Pre task execution logs
[2025-03-16T17:53:03.354+0000] {taskinstance.py:2614} INFO - Dependencies all met for dep_context=non-requeueable deps ti=<TaskInstance: data_ingestion_gcs_dag.download_2024_q3 scheduled__2025-03-15T00:00:00+00:00 [queued]>
[2025-03-16T17:53:03.390+0000] {taskinstance.py:2614} INFO - Dependencies all met for dep_context=requeueable deps ti=<TaskInstance: data_ingestion_gcs_dag.download_2024_q3 scheduled__2025-03-15T00:00:00+00:00 [queued]>
[2025-03-16T17:53:03.392+0000] {taskinstance.py:2867} INFO - Starting attempt 1 of 2
[2025-03-16T17:53:03.442+0000] {taskinstance.py:2890} INFO - Executing <Task(BashOperator): download_2024_q3> on 2025-03-15 00:00:00+00:00
[2025-03-16T17:53:03.456+0000] {warnings.py:112} WARNING - /home/***/.local/lib/python3.12/site-packages/***/task/task_runner/standard_task_runner.py:70: DeprecationWarning: This process (pid=272) is multi-threaded, use of fork() may lead to deadlocks in the child.
  pid = os.fork()

[2025-03-16T17:53:03.465+0000] {standard_task_runner.py:104} INFO - Running: ['***', 'tasks', 'run', 'data_ingestion_gcs_dag', 'download_2024_q3', 'scheduled__2025-03-15T00:00:00+00:00', '--job-id', '644', '--raw', '--subdir', 'DAGS_FOLDER/data_ingestion_gcs_dag.py', '--cfg-path', '/tmp/tmpy98zzmj1']
[2025-03-16T17:53:03.475+0000] {standard_task_runner.py:105} INFO - Job 644: Subtask download_2024_q3
[2025-03-16T17:53:03.467+0000] {standard_task_runner.py:72} INFO - Started process 293 to run task
[2025-03-16T17:53:03.624+0000] {task_command.py:467} INFO - Running <TaskInstance: data_ingestion_gcs_dag.download_2024_q3 scheduled__2025-03-15T00:00:00+00:00 [running]> on host b0577ed9eb82
[2025-03-16T17:53:03.931+0000] {taskinstance.py:3134} INFO - Exporting env vars: AIRFLOW_CTX_DAG_OWNER='***' AIRFLOW_CTX_DAG_ID='data_ingestion_gcs_dag' AIRFLOW_CTX_TASK_ID='download_2024_q3' AIRFLOW_CTX_EXECUTION_DATE='2025-03-15T00:00:00+00:00' AIRFLOW_CTX_TRY_NUMBER='1' AIRFLOW_CTX_DAG_RUN_ID='scheduled__2025-03-15T00:00:00+00:00'
[2025-03-16T17:53:03.937+0000] {logging_mixin.py:190} INFO - Task instance is in running state
[2025-03-16T17:53:03.938+0000] {logging_mixin.py:190} INFO -  Previous state of the Task instance: queued
[2025-03-16T17:53:03.939+0000] {logging_mixin.py:190} INFO - Current task name:download_2024_q3 state:running start_date:2025-03-16 17:53:03.354884+00:00
[2025-03-16T17:53:03.939+0000] {logging_mixin.py:190} INFO - Dag name:data_ingestion_gcs_dag and current dag run status:running
[2025-03-16T17:53:03.941+0000] {taskinstance.py:732} INFO - ::endgroup::
[2025-03-16T17:53:03.943+0000] {subprocess.py:78} INFO - Tmp dir root location: /tmp
[2025-03-16T17:53:03.951+0000] {subprocess.py:88} INFO - Running command: ['/usr/bin/bash', '-c', 'curl -sSL -o /opt/***/indego-trips-2024-q3.zip https://www.rideindego.com/wp-content/uploads/2024/10/indego-trips-2024-q3.zip && ls -lh /opt/***/indego-trips-2024-q3.zip']
[2025-03-16T17:53:03.981+0000] {subprocess.py:99} INFO - Output:
[2025-03-16T17:53:05.410+0000] {subprocess.py:106} INFO - -rw-rw-r-- 1 default root 8.1M Mar 16 17:53 /opt/***/indego-trips-2024-q3.zip
[2025-03-16T17:53:05.413+0000] {subprocess.py:110} INFO - Command exited with return code 0
[2025-03-16T17:53:05.507+0000] {taskinstance.py:341} INFO - ::group::Post task execution logs
[2025-03-16T17:53:05.508+0000] {taskinstance.py:353} INFO - Marking task as SUCCESS. dag_id=data_ingestion_gcs_dag, task_id=download_2024_q3, run_id=scheduled__2025-03-15T00:00:00+00:00, execution_date=20250315T000000, start_date=20250316T175303, end_date=20250316T175305
[2025-03-16T17:53:05.563+0000] {logging_mixin.py:190} INFO - Task instance in success state
[2025-03-16T17:53:05.564+0000] {logging_mixin.py:190} INFO -  Previous state of the Task instance: running
[2025-03-16T17:53:05.565+0000] {logging_mixin.py:190} INFO - Dag name:data_ingestion_gcs_dag queued_at:2025-03-16 17:52:58.267919+00:00
[2025-03-16T17:53:05.566+0000] {logging_mixin.py:190} INFO - Task hostname:b0577ed9eb82 operator:BashOperator
[2025-03-16T17:53:05.611+0000] {local_task_job_runner.py:266} INFO - Task exited with return code 0
[2025-03-16T17:53:05.693+0000] {taskinstance.py:3901} INFO - 1 downstream tasks scheduled from follow-on schedule check
[2025-03-16T17:53:05.701+0000] {local_task_job_runner.py:245} INFO - ::endgroup::
[2025-03-16T18:50:07.242+0000] {local_task_job_runner.py:123} INFO - ::group::Pre task execution logs
[2025-03-16T18:50:07.374+0000] {taskinstance.py:2614} INFO - Dependencies all met for dep_context=non-requeueable deps ti=<TaskInstance: data_ingestion_gcs_dag.download_2024_q3 scheduled__2025-03-15T00:00:00+00:00 [queued]>
[2025-03-16T18:50:07.473+0000] {taskinstance.py:2614} INFO - Dependencies all met for dep_context=requeueable deps ti=<TaskInstance: data_ingestion_gcs_dag.download_2024_q3 scheduled__2025-03-15T00:00:00+00:00 [queued]>
[2025-03-16T18:50:07.506+0000] {taskinstance.py:2867} INFO - Starting attempt 1 of 2
[2025-03-16T18:50:07.721+0000] {taskinstance.py:2890} INFO - Executing <Task(BashOperator): download_2024_q3> on 2025-03-15 00:00:00+00:00
[2025-03-16T18:50:07.791+0000] {warnings.py:112} WARNING - /home/***/.local/lib/python3.12/site-packages/***/task/task_runner/standard_task_runner.py:70: DeprecationWarning: This process (pid=177) is multi-threaded, use of fork() may lead to deadlocks in the child.
  pid = os.fork()

[2025-03-16T18:50:07.843+0000] {standard_task_runner.py:72} INFO - Started process 191 to run task
[2025-03-16T18:50:07.844+0000] {standard_task_runner.py:104} INFO - Running: ['***', 'tasks', 'run', 'data_ingestion_gcs_dag', 'download_2024_q3', 'scheduled__2025-03-15T00:00:00+00:00', '--job-id', '7', '--raw', '--subdir', 'DAGS_FOLDER/data_ingestion_gcs.py', '--cfg-path', '/tmp/tmp6dwrwjck']
[2025-03-16T18:50:07.909+0000] {standard_task_runner.py:105} INFO - Job 7: Subtask download_2024_q3
[2025-03-16T18:50:08.465+0000] {task_command.py:467} INFO - Running <TaskInstance: data_ingestion_gcs_dag.download_2024_q3 scheduled__2025-03-15T00:00:00+00:00 [running]> on host ea596c643a9a
[2025-03-16T18:50:10.161+0000] {taskinstance.py:3134} INFO - Exporting env vars: AIRFLOW_CTX_DAG_OWNER='***' AIRFLOW_CTX_DAG_ID='data_ingestion_gcs_dag' AIRFLOW_CTX_TASK_ID='download_2024_q3' AIRFLOW_CTX_EXECUTION_DATE='2025-03-15T00:00:00+00:00' AIRFLOW_CTX_TRY_NUMBER='1' AIRFLOW_CTX_DAG_RUN_ID='scheduled__2025-03-15T00:00:00+00:00'
[2025-03-16T18:50:10.185+0000] {logging_mixin.py:190} INFO - Task instance is in running state
[2025-03-16T18:50:10.204+0000] {logging_mixin.py:190} INFO -  Previous state of the Task instance: queued
[2025-03-16T18:50:10.212+0000] {logging_mixin.py:190} INFO - Current task name:download_2024_q3 state:running start_date:2025-03-16 18:50:07.406127+00:00
[2025-03-16T18:50:10.221+0000] {logging_mixin.py:190} INFO - Dag name:data_ingestion_gcs_dag and current dag run status:running
[2025-03-16T18:50:10.224+0000] {taskinstance.py:732} INFO - ::endgroup::
[2025-03-16T18:50:10.241+0000] {subprocess.py:78} INFO - Tmp dir root location: /tmp
[2025-03-16T18:50:10.261+0000] {subprocess.py:88} INFO - Running command: ['/usr/bin/bash', '-c', 'curl -sSL -o /opt/***/indego-trips-2024-q3.zip https://www.rideindego.com/wp-content/uploads/2024/10/indego-trips-2024-q3.zip && ls -lh /opt/***/indego-trips-2024-q3.zip']
[2025-03-16T18:50:10.394+0000] {subprocess.py:99} INFO - Output:
[2025-03-16T18:50:12.776+0000] {subprocess.py:106} INFO - -rw-rw-r-- 1 default root 8.1M Mar 16 18:50 /opt/***/indego-trips-2024-q3.zip
[2025-03-16T18:50:12.778+0000] {subprocess.py:110} INFO - Command exited with return code 0
[2025-03-16T18:50:13.014+0000] {taskinstance.py:341} INFO - ::group::Post task execution logs
[2025-03-16T18:50:13.020+0000] {taskinstance.py:353} INFO - Marking task as SUCCESS. dag_id=data_ingestion_gcs_dag, task_id=download_2024_q3, run_id=scheduled__2025-03-15T00:00:00+00:00, execution_date=20250315T000000, start_date=20250316T185007, end_date=20250316T185013
[2025-03-16T18:50:13.346+0000] {logging_mixin.py:190} INFO - Task instance in success state
[2025-03-16T18:50:13.348+0000] {logging_mixin.py:190} INFO -  Previous state of the Task instance: running
[2025-03-16T18:50:13.350+0000] {logging_mixin.py:190} INFO - Dag name:data_ingestion_gcs_dag queued_at:2025-03-16 18:49:30.868563+00:00
[2025-03-16T18:50:13.375+0000] {logging_mixin.py:190} INFO - Task hostname:ea596c643a9a operator:BashOperator
[2025-03-16T18:50:13.475+0000] {local_task_job_runner.py:266} INFO - Task exited with return code 0
[2025-03-16T18:50:13.771+0000] {taskinstance.py:3901} INFO - 1 downstream tasks scheduled from follow-on schedule check
[2025-03-16T18:50:13.826+0000] {local_task_job_runner.py:245} INFO - ::endgroup::
