[2025-03-13T04:01:04.167+0000] {local_task_job_runner.py:123} INFO - ::group::Pre task execution logs
[2025-03-13T04:01:04.236+0000] {taskinstance.py:2614} INFO - Dependencies all met for dep_context=non-requeueable deps ti=<TaskInstance: data_ingestion_gcs_dag.download_2024_q1 manual__2025-03-13T04:00:50.830640+00:00 [queued]>
[2025-03-13T04:01:04.279+0000] {taskinstance.py:2614} INFO - Dependencies all met for dep_context=requeueable deps ti=<TaskInstance: data_ingestion_gcs_dag.download_2024_q1 manual__2025-03-13T04:00:50.830640+00:00 [queued]>
[2025-03-13T04:01:04.286+0000] {taskinstance.py:2867} INFO - Starting attempt 1 of 2
[2025-03-13T04:01:04.371+0000] {taskinstance.py:2890} INFO - Executing <Task(BashOperator): download_2024_q1> on 2025-03-13 04:00:50.830640+00:00
[2025-03-13T04:01:04.426+0000] {warnings.py:112} WARNING - /home/***/.local/lib/python3.12/site-packages/***/task/task_runner/standard_task_runner.py:70: DeprecationWarning: This process (pid=955) is multi-threaded, use of fork() may lead to deadlocks in the child.
  pid = os.fork()

[2025-03-13T04:01:04.431+0000] {standard_task_runner.py:72} INFO - Started process 967 to run task
[2025-03-13T04:01:04.437+0000] {standard_task_runner.py:104} INFO - Running: ['***', 'tasks', 'run', 'data_ingestion_gcs_dag', 'download_2024_q1', 'manual__2025-03-13T04:00:50.830640+00:00', '--job-id', '480', '--raw', '--subdir', 'DAGS_FOLDER/data_ingestion_gcs_dag.py', '--cfg-path', '/tmp/tmp36ax7wu3']
[2025-03-13T04:01:04.443+0000] {standard_task_runner.py:105} INFO - Job 480: Subtask download_2024_q1
[2025-03-13T04:01:04.627+0000] {task_command.py:467} INFO - Running <TaskInstance: data_ingestion_gcs_dag.download_2024_q1 manual__2025-03-13T04:00:50.830640+00:00 [running]> on host b0577ed9eb82
[2025-03-13T04:01:05.037+0000] {taskinstance.py:3134} INFO - Exporting env vars: AIRFLOW_CTX_DAG_OWNER='***' AIRFLOW_CTX_DAG_ID='data_ingestion_gcs_dag' AIRFLOW_CTX_TASK_ID='download_2024_q1' AIRFLOW_CTX_EXECUTION_DATE='2025-03-13T04:00:50.830640+00:00' AIRFLOW_CTX_TRY_NUMBER='1' AIRFLOW_CTX_DAG_RUN_ID='manual__2025-03-13T04:00:50.830640+00:00'
[2025-03-13T04:01:05.057+0000] {logging_mixin.py:190} INFO - Task instance is in running state
[2025-03-13T04:01:05.063+0000] {logging_mixin.py:190} INFO -  Previous state of the Task instance: queued
[2025-03-13T04:01:05.064+0000] {logging_mixin.py:190} INFO - Current task name:download_2024_q1 state:running start_date:2025-03-13 04:01:04.239788+00:00
[2025-03-13T04:01:05.067+0000] {logging_mixin.py:190} INFO - Dag name:data_ingestion_gcs_dag and current dag run status:running
[2025-03-13T04:01:05.082+0000] {taskinstance.py:732} INFO - ::endgroup::
[2025-03-13T04:01:05.097+0000] {subprocess.py:78} INFO - Tmp dir root location: /tmp
[2025-03-13T04:01:05.102+0000] {subprocess.py:88} INFO - Running command: ['/usr/bin/bash', '-c', 'curl -sSL -o /opt/***/indego-trips-2024-q1.zip https://www.rideindego.com/wp-content/uploads/2024/04/indego-trips-2024-q1.zip && ls -lh /opt/***/indego-trips-2024-q1.zip']
[2025-03-13T04:01:05.166+0000] {subprocess.py:99} INFO - Output:
[2025-03-13T04:01:08.567+0000] {subprocess.py:106} INFO - -rw-rw-r-- 1 default root 3.9M Mar 13 04:01 /opt/***/indego-trips-2024-q1.zip
[2025-03-13T04:01:08.569+0000] {subprocess.py:110} INFO - Command exited with return code 0
[2025-03-13T04:01:08.659+0000] {taskinstance.py:341} INFO - ::group::Post task execution logs
[2025-03-13T04:01:08.663+0000] {taskinstance.py:353} INFO - Marking task as SUCCESS. dag_id=data_ingestion_gcs_dag, task_id=download_2024_q1, run_id=manual__2025-03-13T04:00:50.830640+00:00, execution_date=20250313T040050, start_date=20250313T040104, end_date=20250313T040108
[2025-03-13T04:01:08.763+0000] {logging_mixin.py:190} INFO - Task instance in success state
[2025-03-13T04:01:08.769+0000] {logging_mixin.py:190} INFO -  Previous state of the Task instance: running
[2025-03-13T04:01:08.773+0000] {logging_mixin.py:190} INFO - Dag name:data_ingestion_gcs_dag queued_at:2025-03-13 04:00:50.872907+00:00
[2025-03-13T04:01:08.775+0000] {logging_mixin.py:190} INFO - Task hostname:b0577ed9eb82 operator:BashOperator
[2025-03-13T04:01:08.814+0000] {local_task_job_runner.py:266} INFO - Task exited with return code 0
[2025-03-13T04:01:08.940+0000] {taskinstance.py:3901} INFO - 1 downstream tasks scheduled from follow-on schedule check
[2025-03-13T04:01:08.967+0000] {local_task_job_runner.py:245} INFO - ::endgroup::
