[2025-03-12T04:03:31.729+0000] {local_task_job_runner.py:123} INFO - ::group::Pre task execution logs
[2025-03-12T04:03:31.752+0000] {taskinstance.py:2614} INFO - Dependencies all met for dep_context=non-requeueable deps ti=<TaskInstance: data_ingestion_gcs_dag.local_to_gcs_task manual__2025-03-12T04:03:18.597769+00:00 [queued]>
[2025-03-12T04:03:31.762+0000] {taskinstance.py:2614} INFO - Dependencies all met for dep_context=requeueable deps ti=<TaskInstance: data_ingestion_gcs_dag.local_to_gcs_task manual__2025-03-12T04:03:18.597769+00:00 [queued]>
[2025-03-12T04:03:31.763+0000] {taskinstance.py:2867} INFO - Starting attempt 1 of 2
[2025-03-12T04:03:31.778+0000] {taskinstance.py:2890} INFO - Executing <Task(PythonOperator): local_to_gcs_task> on 2025-03-12 04:03:18.597769+00:00
[2025-03-12T04:03:31.786+0000] {warnings.py:112} WARNING - /home/***/.local/lib/python3.12/site-packages/***/task/task_runner/standard_task_runner.py:70: DeprecationWarning: This process (pid=684) is multi-threaded, use of fork() may lead to deadlocks in the child.
  pid = os.fork()

[2025-03-12T04:03:31.788+0000] {standard_task_runner.py:72} INFO - Started process 686 to run task
[2025-03-12T04:03:31.787+0000] {standard_task_runner.py:104} INFO - Running: ['***', 'tasks', 'run', 'data_ingestion_gcs_dag', 'local_to_gcs_task', 'manual__2025-03-12T04:03:18.597769+00:00', '--job-id', '303', '--raw', '--subdir', 'DAGS_FOLDER/data_ingestion_gcs_dag.py', '--cfg-path', '/tmp/tmp1s6mrw9h']
[2025-03-12T04:03:31.789+0000] {standard_task_runner.py:105} INFO - Job 303: Subtask local_to_gcs_task
[2025-03-12T04:03:31.833+0000] {task_command.py:467} INFO - Running <TaskInstance: data_ingestion_gcs_dag.local_to_gcs_task manual__2025-03-12T04:03:18.597769+00:00 [running]> on host b0577ed9eb82
[2025-03-12T04:03:31.920+0000] {taskinstance.py:3134} INFO - Exporting env vars: AIRFLOW_CTX_DAG_OWNER='***' AIRFLOW_CTX_DAG_ID='data_ingestion_gcs_dag' AIRFLOW_CTX_TASK_ID='local_to_gcs_task' AIRFLOW_CTX_EXECUTION_DATE='2025-03-12T04:03:18.597769+00:00' AIRFLOW_CTX_TRY_NUMBER='1' AIRFLOW_CTX_DAG_RUN_ID='manual__2025-03-12T04:03:18.597769+00:00'
[2025-03-12T04:03:31.921+0000] {logging_mixin.py:190} INFO - Task instance is in running state
[2025-03-12T04:03:31.922+0000] {logging_mixin.py:190} INFO -  Previous state of the Task instance: queued
[2025-03-12T04:03:31.923+0000] {logging_mixin.py:190} INFO - Current task name:local_to_gcs_task state:running start_date:2025-03-12 04:03:31.752789+00:00
[2025-03-12T04:03:31.923+0000] {logging_mixin.py:190} INFO - Dag name:data_ingestion_gcs_dag and current dag run status:running
[2025-03-12T04:03:31.924+0000] {taskinstance.py:732} INFO - ::endgroup::
[2025-03-12T04:03:35.345+0000] {python.py:240} INFO - Done. Returned value was: None
[2025-03-12T04:03:35.354+0000] {taskinstance.py:341} INFO - ::group::Post task execution logs
[2025-03-12T04:03:35.355+0000] {taskinstance.py:353} INFO - Marking task as SUCCESS. dag_id=data_ingestion_gcs_dag, task_id=local_to_gcs_task, run_id=manual__2025-03-12T04:03:18.597769+00:00, execution_date=20250312T040318, start_date=20250312T040331, end_date=20250312T040335
[2025-03-12T04:03:35.378+0000] {logging_mixin.py:190} INFO - Task instance in success state
[2025-03-12T04:03:35.379+0000] {logging_mixin.py:190} INFO -  Previous state of the Task instance: running
[2025-03-12T04:03:35.380+0000] {logging_mixin.py:190} INFO - Dag name:data_ingestion_gcs_dag queued_at:2025-03-12 04:03:18.612503+00:00
[2025-03-12T04:03:35.380+0000] {logging_mixin.py:190} INFO - Task hostname:b0577ed9eb82 operator:PythonOperator
[2025-03-12T04:03:35.418+0000] {local_task_job_runner.py:266} INFO - Task exited with return code 0
[2025-03-12T04:03:35.441+0000] {taskinstance.py:3901} INFO - 1 downstream tasks scheduled from follow-on schedule check
[2025-03-12T04:03:35.444+0000] {local_task_job_runner.py:245} INFO - ::endgroup::
