[2025-03-16T22:06:24.031+0000] {local_task_job_runner.py:123} INFO - ::group::Pre task execution logs
[2025-03-16T22:06:24.081+0000] {taskinstance.py:2614} INFO - Dependencies all met for dep_context=non-requeueable deps ti=<TaskInstance: data_ingestion_gcs_dag.merge_all_trips manual__2025-03-16T22:05:14.553483+00:00 [queued]>
[2025-03-16T22:06:24.113+0000] {taskinstance.py:2614} INFO - Dependencies all met for dep_context=requeueable deps ti=<TaskInstance: data_ingestion_gcs_dag.merge_all_trips manual__2025-03-16T22:05:14.553483+00:00 [queued]>
[2025-03-16T22:06:24.115+0000] {taskinstance.py:2867} INFO - Starting attempt 1 of 2
[2025-03-16T22:06:24.140+0000] {taskinstance.py:2890} INFO - Executing <Task(PythonOperator): merge_all_trips> on 2025-03-16 22:05:14.553483+00:00
[2025-03-16T22:06:24.150+0000] {warnings.py:112} WARNING - /home/***/.local/lib/python3.12/site-packages/***/task/task_runner/standard_task_runner.py:70: DeprecationWarning: This process (pid=1343) is multi-threaded, use of fork() may lead to deadlocks in the child.
  pid = os.fork()

[2025-03-16T22:06:24.152+0000] {standard_task_runner.py:72} INFO - Started process 1345 to run task
[2025-03-16T22:06:24.154+0000] {standard_task_runner.py:104} INFO - Running: ['***', 'tasks', 'run', 'data_ingestion_gcs_dag', 'merge_all_trips', 'manual__2025-03-16T22:05:14.553483+00:00', '--job-id', '745', '--raw', '--subdir', 'DAGS_FOLDER/data_ingestion_gcs_dag.py', '--cfg-path', '/tmp/tmpmc0x9s76']
[2025-03-16T22:06:24.155+0000] {standard_task_runner.py:105} INFO - Job 745: Subtask merge_all_trips
[2025-03-16T22:06:24.219+0000] {task_command.py:467} INFO - Running <TaskInstance: data_ingestion_gcs_dag.merge_all_trips manual__2025-03-16T22:05:14.553483+00:00 [running]> on host 5c7a1daace86
[2025-03-16T22:06:24.341+0000] {taskinstance.py:3134} INFO - Exporting env vars: AIRFLOW_CTX_DAG_OWNER='***' AIRFLOW_CTX_DAG_ID='data_ingestion_gcs_dag' AIRFLOW_CTX_TASK_ID='merge_all_trips' AIRFLOW_CTX_EXECUTION_DATE='2025-03-16T22:05:14.553483+00:00' AIRFLOW_CTX_TRY_NUMBER='1' AIRFLOW_CTX_DAG_RUN_ID='manual__2025-03-16T22:05:14.553483+00:00'
[2025-03-16T22:06:24.344+0000] {logging_mixin.py:190} INFO - Task instance is in running state
[2025-03-16T22:06:24.345+0000] {logging_mixin.py:190} INFO -  Previous state of the Task instance: queued
[2025-03-16T22:06:24.345+0000] {logging_mixin.py:190} INFO - Current task name:merge_all_trips state:running start_date:2025-03-16 22:06:24.082254+00:00
[2025-03-16T22:06:24.346+0000] {logging_mixin.py:190} INFO - Dag name:data_ingestion_gcs_dag and current dag run status:running
[2025-03-16T22:06:24.347+0000] {taskinstance.py:732} INFO - ::endgroup::
[2025-03-16T22:06:43.163+0000] {data_ingestion_gcs_dag.py:82} INFO - Uploaded /opt/***/indego_all_trips.parquet to gs://<Bucket: kestra-de-zoomcamp-bucket-kelly>/raw/indego_all_trips.parquet
[2025-03-16T22:06:43.164+0000] {data_ingestion_gcs_dag.py:126} INFO - Merged all trip files into a single Parquet file and uploaded to GCS.
[2025-03-16T22:06:43.173+0000] {python.py:240} INFO - Done. Returned value was: None
[2025-03-16T22:06:43.192+0000] {taskinstance.py:341} INFO - ::group::Post task execution logs
[2025-03-16T22:06:43.194+0000] {taskinstance.py:353} INFO - Marking task as SUCCESS. dag_id=data_ingestion_gcs_dag, task_id=merge_all_trips, run_id=manual__2025-03-16T22:05:14.553483+00:00, execution_date=20250316T220514, start_date=20250316T220624, end_date=20250316T220643
[2025-03-16T22:06:43.234+0000] {logging_mixin.py:190} INFO - Task instance in success state
[2025-03-16T22:06:43.236+0000] {logging_mixin.py:190} INFO -  Previous state of the Task instance: running
[2025-03-16T22:06:43.237+0000] {logging_mixin.py:190} INFO - Dag name:data_ingestion_gcs_dag queued_at:2025-03-16 22:05:14.676788+00:00
[2025-03-16T22:06:43.237+0000] {logging_mixin.py:190} INFO - Task hostname:5c7a1daace86 operator:PythonOperator
[2025-03-16T22:06:43.383+0000] {local_task_job_runner.py:266} INFO - Task exited with return code 0
[2025-03-16T22:06:43.432+0000] {taskinstance.py:3901} INFO - 1 downstream tasks scheduled from follow-on schedule check
[2025-03-16T22:06:43.436+0000] {local_task_job_runner.py:245} INFO - ::endgroup::
