[2025-03-13T04:01:04.487+0000] {local_task_job_runner.py:123} INFO - ::group::Pre task execution logs
[2025-03-13T04:01:04.541+0000] {taskinstance.py:2614} INFO - Dependencies all met for dep_context=non-requeueable deps ti=<TaskInstance: data_ingestion_gcs_dag.download_2023_q2 manual__2025-03-13T04:00:50.830640+00:00 [queued]>
[2025-03-13T04:01:04.568+0000] {taskinstance.py:2614} INFO - Dependencies all met for dep_context=requeueable deps ti=<TaskInstance: data_ingestion_gcs_dag.download_2023_q2 manual__2025-03-13T04:00:50.830640+00:00 [queued]>
[2025-03-13T04:01:04.571+0000] {taskinstance.py:2867} INFO - Starting attempt 1 of 2
[2025-03-13T04:01:04.641+0000] {taskinstance.py:2890} INFO - Executing <Task(BashOperator): download_2023_q2> on 2025-03-13 04:00:50.830640+00:00
[2025-03-13T04:01:04.662+0000] {warnings.py:112} WARNING - /home/***/.local/lib/python3.12/site-packages/***/task/task_runner/standard_task_runner.py:70: DeprecationWarning: This process (pid=951) is multi-threaded, use of fork() may lead to deadlocks in the child.
  pid = os.fork()

[2025-03-13T04:01:04.668+0000] {standard_task_runner.py:104} INFO - Running: ['***', 'tasks', 'run', 'data_ingestion_gcs_dag', 'download_2023_q2', 'manual__2025-03-13T04:00:50.830640+00:00', '--job-id', '484', '--raw', '--subdir', 'DAGS_FOLDER/data_ingestion_gcs_dag.py', '--cfg-path', '/tmp/tmpo9uy9uug']
[2025-03-13T04:01:04.677+0000] {standard_task_runner.py:105} INFO - Job 484: Subtask download_2023_q2
[2025-03-13T04:01:04.676+0000] {standard_task_runner.py:72} INFO - Started process 975 to run task
[2025-03-13T04:01:04.897+0000] {task_command.py:467} INFO - Running <TaskInstance: data_ingestion_gcs_dag.download_2023_q2 manual__2025-03-13T04:00:50.830640+00:00 [running]> on host b0577ed9eb82
[2025-03-13T04:01:05.410+0000] {taskinstance.py:3134} INFO - Exporting env vars: AIRFLOW_CTX_DAG_OWNER='***' AIRFLOW_CTX_DAG_ID='data_ingestion_gcs_dag' AIRFLOW_CTX_TASK_ID='download_2023_q2' AIRFLOW_CTX_EXECUTION_DATE='2025-03-13T04:00:50.830640+00:00' AIRFLOW_CTX_TRY_NUMBER='1' AIRFLOW_CTX_DAG_RUN_ID='manual__2025-03-13T04:00:50.830640+00:00'
[2025-03-13T04:01:05.428+0000] {logging_mixin.py:190} INFO - Task instance is in running state
[2025-03-13T04:01:05.429+0000] {logging_mixin.py:190} INFO -  Previous state of the Task instance: queued
[2025-03-13T04:01:05.431+0000] {logging_mixin.py:190} INFO - Current task name:download_2023_q2 state:running start_date:2025-03-13 04:01:04.544825+00:00
[2025-03-13T04:01:05.446+0000] {logging_mixin.py:190} INFO - Dag name:data_ingestion_gcs_dag and current dag run status:running
[2025-03-13T04:01:05.447+0000] {taskinstance.py:732} INFO - ::endgroup::
[2025-03-13T04:01:05.461+0000] {subprocess.py:78} INFO - Tmp dir root location: /tmp
[2025-03-13T04:01:05.464+0000] {subprocess.py:88} INFO - Running command: ['/usr/bin/bash', '-c', 'curl -sSL -o /opt/***/indego-trips-2023-q2.zip https://www.rideindego.com/wp-content/uploads/2023/07/indego-trips-2023-q2.zip && ls -lh /opt/***/indego-trips-2023-q2.zip']
[2025-03-13T04:01:05.567+0000] {subprocess.py:99} INFO - Output:
[2025-03-13T04:01:09.352+0000] {subprocess.py:106} INFO - -rw-rw-r-- 1 default root 5.6M Mar 13 04:01 /opt/***/indego-trips-2023-q2.zip
[2025-03-13T04:01:09.355+0000] {subprocess.py:110} INFO - Command exited with return code 0
[2025-03-13T04:01:09.440+0000] {taskinstance.py:341} INFO - ::group::Post task execution logs
[2025-03-13T04:01:09.442+0000] {taskinstance.py:353} INFO - Marking task as SUCCESS. dag_id=data_ingestion_gcs_dag, task_id=download_2023_q2, run_id=manual__2025-03-13T04:00:50.830640+00:00, execution_date=20250313T040050, start_date=20250313T040104, end_date=20250313T040109
[2025-03-13T04:01:09.548+0000] {logging_mixin.py:190} INFO - Task instance in success state
[2025-03-13T04:01:09.549+0000] {logging_mixin.py:190} INFO -  Previous state of the Task instance: running
[2025-03-13T04:01:09.550+0000] {logging_mixin.py:190} INFO - Dag name:data_ingestion_gcs_dag queued_at:2025-03-13 04:00:50.872907+00:00
[2025-03-13T04:01:09.551+0000] {logging_mixin.py:190} INFO - Task hostname:b0577ed9eb82 operator:BashOperator
[2025-03-13T04:01:09.577+0000] {local_task_job_runner.py:266} INFO - Task exited with return code 0
[2025-03-13T04:01:09.598+0000] {local_task_job_runner.py:245} INFO - ::endgroup::
