[2025-03-16T21:52:09.879+0000] {local_task_job_runner.py:123} INFO - ::group::Pre task execution logs
[2025-03-16T21:52:09.952+0000] {taskinstance.py:2614} INFO - Dependencies all met for dep_context=non-requeueable deps ti=<TaskInstance: data_ingestion_gcs_dag.merge_all_trips manual__2025-03-16T21:51:17.045850+00:00 [queued]>
[2025-03-16T21:52:10.005+0000] {taskinstance.py:2614} INFO - Dependencies all met for dep_context=requeueable deps ti=<TaskInstance: data_ingestion_gcs_dag.merge_all_trips manual__2025-03-16T21:51:17.045850+00:00 [queued]>
[2025-03-16T21:52:10.006+0000] {taskinstance.py:2867} INFO - Starting attempt 1 of 2
[2025-03-16T21:52:10.032+0000] {taskinstance.py:2890} INFO - Executing <Task(PythonOperator): merge_all_trips> on 2025-03-16 21:51:17.045850+00:00
[2025-03-16T21:52:10.046+0000] {warnings.py:112} WARNING - /home/***/.local/lib/python3.12/site-packages/***/task/task_runner/standard_task_runner.py:70: DeprecationWarning: This process (pid=765) is multi-threaded, use of fork() may lead to deadlocks in the child.
  pid = os.fork()

[2025-03-16T21:52:10.049+0000] {standard_task_runner.py:72} INFO - Started process 767 to run task
[2025-03-16T21:52:10.049+0000] {standard_task_runner.py:104} INFO - Running: ['***', 'tasks', 'run', 'data_ingestion_gcs_dag', 'merge_all_trips', 'manual__2025-03-16T21:51:17.045850+00:00', '--job-id', '704', '--raw', '--subdir', 'DAGS_FOLDER/data_ingestion_gcs_dag.py', '--cfg-path', '/tmp/tmppwn3e3_n']
[2025-03-16T21:52:10.052+0000] {standard_task_runner.py:105} INFO - Job 704: Subtask merge_all_trips
[2025-03-16T21:52:10.200+0000] {task_command.py:467} INFO - Running <TaskInstance: data_ingestion_gcs_dag.merge_all_trips manual__2025-03-16T21:51:17.045850+00:00 [running]> on host 5c7a1daace86
[2025-03-16T21:52:10.369+0000] {taskinstance.py:3134} INFO - Exporting env vars: AIRFLOW_CTX_DAG_OWNER='***' AIRFLOW_CTX_DAG_ID='data_ingestion_gcs_dag' AIRFLOW_CTX_TASK_ID='merge_all_trips' AIRFLOW_CTX_EXECUTION_DATE='2025-03-16T21:51:17.045850+00:00' AIRFLOW_CTX_TRY_NUMBER='1' AIRFLOW_CTX_DAG_RUN_ID='manual__2025-03-16T21:51:17.045850+00:00'
[2025-03-16T21:52:10.371+0000] {logging_mixin.py:190} INFO - Task instance is in running state
[2025-03-16T21:52:10.372+0000] {logging_mixin.py:190} INFO -  Previous state of the Task instance: queued
[2025-03-16T21:52:10.373+0000] {logging_mixin.py:190} INFO - Current task name:merge_all_trips state:running start_date:2025-03-16 21:52:09.953498+00:00
[2025-03-16T21:52:10.374+0000] {logging_mixin.py:190} INFO - Dag name:data_ingestion_gcs_dag and current dag run status:running
[2025-03-16T21:52:10.374+0000] {taskinstance.py:732} INFO - ::endgroup::
[2025-03-16T21:52:26.615+0000] {data_ingestion_gcs_dag.py:82} INFO - Uploaded /opt/***/indego_all_trips.parquet to gs://<Bucket: kestra-de-zoomcamp-bucket-kelly>/raw/indego_all_trips.parquet
[2025-03-16T21:52:26.617+0000] {data_ingestion_gcs_dag.py:126} INFO - Merged all trip files into a single Parquet file and uploaded to GCS.
[2025-03-16T21:52:26.634+0000] {python.py:240} INFO - Done. Returned value was: None
[2025-03-16T21:52:26.654+0000] {taskinstance.py:341} INFO - ::group::Post task execution logs
[2025-03-16T21:52:26.659+0000] {taskinstance.py:353} INFO - Marking task as SUCCESS. dag_id=data_ingestion_gcs_dag, task_id=merge_all_trips, run_id=manual__2025-03-16T21:51:17.045850+00:00, execution_date=20250316T215117, start_date=20250316T215209, end_date=20250316T215226
[2025-03-16T21:52:26.747+0000] {logging_mixin.py:190} INFO - Task instance in success state
[2025-03-16T21:52:26.748+0000] {logging_mixin.py:190} INFO -  Previous state of the Task instance: running
[2025-03-16T21:52:26.750+0000] {logging_mixin.py:190} INFO - Dag name:data_ingestion_gcs_dag queued_at:2025-03-16 21:51:17.198952+00:00
[2025-03-16T21:52:26.752+0000] {logging_mixin.py:190} INFO - Task hostname:5c7a1daace86 operator:PythonOperator
[2025-03-16T21:52:27.048+0000] {local_task_job_runner.py:266} INFO - Task exited with return code 0
[2025-03-16T21:52:27.296+0000] {taskinstance.py:3901} INFO - 1 downstream tasks scheduled from follow-on schedule check
[2025-03-16T21:52:27.333+0000] {local_task_job_runner.py:245} INFO - ::endgroup::
