[2025-03-16T19:08:50.672+0000] {local_task_job_runner.py:123} INFO - ::group::Pre task execution logs
[2025-03-16T19:08:50.822+0000] {taskinstance.py:2614} INFO - Dependencies all met for dep_context=non-requeueable deps ti=<TaskInstance: data_ingestion_gcs_dag.get_parquet_filename manual__2025-03-16T18:49:29.914483+00:00 [queued]>
[2025-03-16T19:08:50.907+0000] {taskinstance.py:2614} INFO - Dependencies all met for dep_context=requeueable deps ti=<TaskInstance: data_ingestion_gcs_dag.get_parquet_filename manual__2025-03-16T18:49:29.914483+00:00 [queued]>
[2025-03-16T19:08:50.913+0000] {taskinstance.py:2867} INFO - Starting attempt 1 of 2
[2025-03-16T19:08:51.012+0000] {taskinstance.py:2890} INFO - Executing <Task(PythonOperator): get_parquet_filename> on 2025-03-16 18:49:29.914483+00:00
[2025-03-16T19:08:51.045+0000] {warnings.py:112} WARNING - /home/***/.local/lib/python3.12/site-packages/***/task/task_runner/standard_task_runner.py:70: DeprecationWarning: This process (pid=708) is multi-threaded, use of fork() may lead to deadlocks in the child.
  pid = os.fork()

[2025-03-16T19:08:51.051+0000] {standard_task_runner.py:72} INFO - Started process 710 to run task
[2025-03-16T19:08:51.060+0000] {standard_task_runner.py:104} INFO - Running: ['***', 'tasks', 'run', 'data_ingestion_gcs_dag', 'get_parquet_filename', 'manual__2025-03-16T18:49:29.914483+00:00', '--job-id', '42', '--raw', '--subdir', 'DAGS_FOLDER/data_ingestion_gcs.py', '--cfg-path', '/tmp/tmpzxp152uc']
[2025-03-16T19:08:51.062+0000] {standard_task_runner.py:105} INFO - Job 42: Subtask get_parquet_filename
[2025-03-16T19:08:51.375+0000] {task_command.py:467} INFO - Running <TaskInstance: data_ingestion_gcs_dag.get_parquet_filename manual__2025-03-16T18:49:29.914483+00:00 [running]> on host ea596c643a9a
[2025-03-16T19:08:52.030+0000] {taskinstance.py:3134} INFO - Exporting env vars: AIRFLOW_CTX_DAG_OWNER='***' AIRFLOW_CTX_DAG_ID='data_ingestion_gcs_dag' AIRFLOW_CTX_TASK_ID='get_parquet_filename' AIRFLOW_CTX_EXECUTION_DATE='2025-03-16T18:49:29.914483+00:00' AIRFLOW_CTX_TRY_NUMBER='1' AIRFLOW_CTX_DAG_RUN_ID='manual__2025-03-16T18:49:29.914483+00:00'
[2025-03-16T19:08:52.050+0000] {logging_mixin.py:190} INFO - Task instance is in running state
[2025-03-16T19:08:52.055+0000] {logging_mixin.py:190} INFO -  Previous state of the Task instance: queued
[2025-03-16T19:08:52.060+0000] {logging_mixin.py:190} INFO - Current task name:get_parquet_filename state:running start_date:2025-03-16 19:08:50.833221+00:00
[2025-03-16T19:08:52.063+0000] {logging_mixin.py:190} INFO - Dag name:data_ingestion_gcs_dag and current dag run status:running
[2025-03-16T19:08:52.067+0000] {taskinstance.py:732} INFO - ::endgroup::
[2025-03-16T19:08:52.135+0000] {python.py:240} INFO - Done. Returned value was: /opt/***/indego-trips-2024-q4.parquet
[2025-03-16T19:08:52.357+0000] {taskinstance.py:341} INFO - ::group::Post task execution logs
[2025-03-16T19:08:52.365+0000] {taskinstance.py:353} INFO - Marking task as SUCCESS. dag_id=data_ingestion_gcs_dag, task_id=get_parquet_filename, run_id=manual__2025-03-16T18:49:29.914483+00:00, execution_date=20250316T184929, start_date=20250316T190850, end_date=20250316T190852
[2025-03-16T19:08:52.493+0000] {logging_mixin.py:190} INFO - Task instance in success state
[2025-03-16T19:08:52.497+0000] {logging_mixin.py:190} INFO -  Previous state of the Task instance: running
[2025-03-16T19:08:52.505+0000] {logging_mixin.py:190} INFO - Dag name:data_ingestion_gcs_dag queued_at:2025-03-16 18:49:29.948895+00:00
[2025-03-16T19:08:52.506+0000] {logging_mixin.py:190} INFO - Task hostname:ea596c643a9a operator:PythonOperator
[2025-03-16T19:08:52.576+0000] {local_task_job_runner.py:266} INFO - Task exited with return code 0
[2025-03-16T19:08:52.727+0000] {taskinstance.py:3901} INFO - 1 downstream tasks scheduled from follow-on schedule check
[2025-03-16T19:08:52.738+0000] {local_task_job_runner.py:245} INFO - ::endgroup::
