[2025-03-16T17:53:14.842+0000] {local_task_job_runner.py:123} INFO - ::group::Pre task execution logs
[2025-03-16T17:53:14.928+0000] {taskinstance.py:2614} INFO - Dependencies all met for dep_context=non-requeueable deps ti=<TaskInstance: data_ingestion_gcs_dag.format_parquet_2024_q4 scheduled__2025-03-15T00:00:00+00:00 [queued]>
[2025-03-16T17:53:14.958+0000] {taskinstance.py:2614} INFO - Dependencies all met for dep_context=requeueable deps ti=<TaskInstance: data_ingestion_gcs_dag.format_parquet_2024_q4 scheduled__2025-03-15T00:00:00+00:00 [queued]>
[2025-03-16T17:53:14.966+0000] {taskinstance.py:2867} INFO - Starting attempt 1 of 2
[2025-03-16T17:53:15.025+0000] {taskinstance.py:2890} INFO - Executing <Task(PythonOperator): format_parquet_2024_q4> on 2025-03-15 00:00:00+00:00
[2025-03-16T17:53:15.061+0000] {warnings.py:112} WARNING - /home/***/.local/lib/python3.12/site-packages/***/task/task_runner/standard_task_runner.py:70: DeprecationWarning: This process (pid=345) is multi-threaded, use of fork() may lead to deadlocks in the child.
  pid = os.fork()

[2025-03-16T17:53:15.072+0000] {standard_task_runner.py:72} INFO - Started process 411 to run task
[2025-03-16T17:53:15.073+0000] {standard_task_runner.py:104} INFO - Running: ['***', 'tasks', 'run', 'data_ingestion_gcs_dag', 'format_parquet_2024_q4', 'scheduled__2025-03-15T00:00:00+00:00', '--job-id', '658', '--raw', '--subdir', 'DAGS_FOLDER/data_ingestion_gcs_dag.py', '--cfg-path', '/tmp/tmpcai8c1mu']
[2025-03-16T17:53:15.075+0000] {standard_task_runner.py:105} INFO - Job 658: Subtask format_parquet_2024_q4
[2025-03-16T17:53:15.251+0000] {task_command.py:467} INFO - Running <TaskInstance: data_ingestion_gcs_dag.format_parquet_2024_q4 scheduled__2025-03-15T00:00:00+00:00 [running]> on host b0577ed9eb82
[2025-03-16T17:53:15.543+0000] {taskinstance.py:3134} INFO - Exporting env vars: AIRFLOW_CTX_DAG_OWNER='***' AIRFLOW_CTX_DAG_ID='data_ingestion_gcs_dag' AIRFLOW_CTX_TASK_ID='format_parquet_2024_q4' AIRFLOW_CTX_EXECUTION_DATE='2025-03-15T00:00:00+00:00' AIRFLOW_CTX_TRY_NUMBER='1' AIRFLOW_CTX_DAG_RUN_ID='scheduled__2025-03-15T00:00:00+00:00'
[2025-03-16T17:53:15.549+0000] {logging_mixin.py:190} INFO - Task instance is in running state
[2025-03-16T17:53:15.551+0000] {logging_mixin.py:190} INFO -  Previous state of the Task instance: queued
[2025-03-16T17:53:15.555+0000] {logging_mixin.py:190} INFO - Current task name:format_parquet_2024_q4 state:running start_date:2025-03-16 17:53:14.931217+00:00
[2025-03-16T17:53:15.558+0000] {logging_mixin.py:190} INFO - Dag name:data_ingestion_gcs_dag and current dag run status:running
[2025-03-16T17:53:15.560+0000] {taskinstance.py:732} INFO - ::endgroup::
[2025-03-16T17:53:16.377+0000] {data_ingestion_gcs_dag.py:61} INFO - Converted indego-trips-2024-q4.csv to /opt/***/indego-trips-2024-q4.parquet
[2025-03-16T17:53:16.379+0000] {python.py:240} INFO - Done. Returned value was: None
[2025-03-16T17:53:16.395+0000] {taskinstance.py:341} INFO - ::group::Post task execution logs
[2025-03-16T17:53:16.397+0000] {taskinstance.py:353} INFO - Marking task as SUCCESS. dag_id=data_ingestion_gcs_dag, task_id=format_parquet_2024_q4, run_id=scheduled__2025-03-15T00:00:00+00:00, execution_date=20250315T000000, start_date=20250316T175314, end_date=20250316T175316
[2025-03-16T17:53:16.433+0000] {logging_mixin.py:190} INFO - Task instance in success state
[2025-03-16T17:53:16.434+0000] {logging_mixin.py:190} INFO -  Previous state of the Task instance: running
[2025-03-16T17:53:16.435+0000] {logging_mixin.py:190} INFO - Dag name:data_ingestion_gcs_dag queued_at:2025-03-16 17:52:58.267919+00:00
[2025-03-16T17:53:16.435+0000] {logging_mixin.py:190} INFO - Task hostname:b0577ed9eb82 operator:PythonOperator
[2025-03-16T17:53:16.479+0000] {local_task_job_runner.py:266} INFO - Task exited with return code 0
[2025-03-16T17:53:16.517+0000] {taskinstance.py:3901} INFO - 0 downstream tasks scheduled from follow-on schedule check
[2025-03-16T17:53:16.519+0000] {local_task_job_runner.py:245} INFO - ::endgroup::
[2025-03-16T18:54:58.229+0000] {local_task_job_runner.py:123} INFO - ::group::Pre task execution logs
[2025-03-16T18:54:58.343+0000] {taskinstance.py:2614} INFO - Dependencies all met for dep_context=non-requeueable deps ti=<TaskInstance: data_ingestion_gcs_dag.format_parquet_2024_q4 scheduled__2025-03-15T00:00:00+00:00 [queued]>
[2025-03-16T18:54:58.373+0000] {taskinstance.py:2614} INFO - Dependencies all met for dep_context=requeueable deps ti=<TaskInstance: data_ingestion_gcs_dag.format_parquet_2024_q4 scheduled__2025-03-15T00:00:00+00:00 [queued]>
[2025-03-16T18:54:58.376+0000] {taskinstance.py:2867} INFO - Starting attempt 1 of 2
[2025-03-16T18:54:58.914+0000] {taskinstance.py:2890} INFO - Executing <Task(PythonOperator): format_parquet_2024_q4> on 2025-03-15 00:00:00+00:00
[2025-03-16T18:54:58.948+0000] {warnings.py:112} WARNING - /home/***/.local/lib/python3.12/site-packages/***/task/task_runner/standard_task_runner.py:70: DeprecationWarning: This process (pid=346) is multi-threaded, use of fork() may lead to deadlocks in the child.
  pid = os.fork()

[2025-03-16T18:54:58.953+0000] {standard_task_runner.py:72} INFO - Started process 361 to run task
[2025-03-16T18:54:58.959+0000] {standard_task_runner.py:104} INFO - Running: ['***', 'tasks', 'run', 'data_ingestion_gcs_dag', 'format_parquet_2024_q4', 'scheduled__2025-03-15T00:00:00+00:00', '--job-id', '21', '--raw', '--subdir', 'DAGS_FOLDER/data_ingestion_gcs.py', '--cfg-path', '/tmp/tmpthehkjz3']
[2025-03-16T18:54:58.969+0000] {standard_task_runner.py:105} INFO - Job 21: Subtask format_parquet_2024_q4
[2025-03-16T18:54:59.323+0000] {task_command.py:467} INFO - Running <TaskInstance: data_ingestion_gcs_dag.format_parquet_2024_q4 scheduled__2025-03-15T00:00:00+00:00 [running]> on host ea596c643a9a
[2025-03-16T18:55:00.370+0000] {taskinstance.py:3134} INFO - Exporting env vars: AIRFLOW_CTX_DAG_OWNER='***' AIRFLOW_CTX_DAG_ID='data_ingestion_gcs_dag' AIRFLOW_CTX_TASK_ID='format_parquet_2024_q4' AIRFLOW_CTX_EXECUTION_DATE='2025-03-15T00:00:00+00:00' AIRFLOW_CTX_TRY_NUMBER='1' AIRFLOW_CTX_DAG_RUN_ID='scheduled__2025-03-15T00:00:00+00:00'
[2025-03-16T18:55:00.402+0000] {logging_mixin.py:190} INFO - Task instance is in running state
[2025-03-16T18:55:00.403+0000] {logging_mixin.py:190} INFO -  Previous state of the Task instance: queued
[2025-03-16T18:55:00.416+0000] {logging_mixin.py:190} INFO - Current task name:format_parquet_2024_q4 state:running start_date:2025-03-16 18:54:58.344733+00:00
[2025-03-16T18:55:00.417+0000] {logging_mixin.py:190} INFO - Dag name:data_ingestion_gcs_dag and current dag run status:running
[2025-03-16T18:55:00.418+0000] {taskinstance.py:732} INFO - ::endgroup::
[2025-03-16T18:55:04.480+0000] {data_ingestion_gcs.py:61} INFO - Converted indego-trips-2024-q4.csv to /opt/***/indego-trips-2024-q4.parquet
[2025-03-16T18:55:04.487+0000] {python.py:240} INFO - Done. Returned value was: None
[2025-03-16T18:55:04.616+0000] {taskinstance.py:341} INFO - ::group::Post task execution logs
[2025-03-16T18:55:04.619+0000] {taskinstance.py:353} INFO - Marking task as SUCCESS. dag_id=data_ingestion_gcs_dag, task_id=format_parquet_2024_q4, run_id=scheduled__2025-03-15T00:00:00+00:00, execution_date=20250315T000000, start_date=20250316T185458, end_date=20250316T185504
[2025-03-16T18:55:04.785+0000] {logging_mixin.py:190} INFO - Task instance in success state
[2025-03-16T18:55:04.790+0000] {logging_mixin.py:190} INFO -  Previous state of the Task instance: running
[2025-03-16T18:55:04.794+0000] {logging_mixin.py:190} INFO - Dag name:data_ingestion_gcs_dag queued_at:2025-03-16 18:49:30.868563+00:00
[2025-03-16T18:55:04.795+0000] {logging_mixin.py:190} INFO - Task hostname:ea596c643a9a operator:PythonOperator
[2025-03-16T18:55:04.931+0000] {local_task_job_runner.py:266} INFO - Task exited with return code 0
[2025-03-16T18:55:05.076+0000] {taskinstance.py:3901} INFO - 0 downstream tasks scheduled from follow-on schedule check
[2025-03-16T18:55:05.118+0000] {local_task_job_runner.py:245} INFO - ::endgroup::
