[2025-03-13T04:34:05.129+0000] {local_task_job_runner.py:123} INFO - ::group::Pre task execution logs
[2025-03-13T04:34:05.175+0000] {taskinstance.py:2614} INFO - Dependencies all met for dep_context=non-requeueable deps ti=<TaskInstance: data_ingestion_gcs_dag.merge_all_trips manual__2025-03-13T04:29:56.060629+00:00 [queued]>
[2025-03-13T04:34:05.203+0000] {taskinstance.py:2614} INFO - Dependencies all met for dep_context=requeueable deps ti=<TaskInstance: data_ingestion_gcs_dag.merge_all_trips manual__2025-03-13T04:29:56.060629+00:00 [queued]>
[2025-03-13T04:34:05.204+0000] {taskinstance.py:2867} INFO - Starting attempt 1 of 2
[2025-03-13T04:34:05.224+0000] {taskinstance.py:2890} INFO - Executing <Task(PythonOperator): merge_all_trips> on 2025-03-13 04:29:56.060629+00:00
[2025-03-13T04:34:05.234+0000] {warnings.py:112} WARNING - /home/***/.local/lib/python3.12/site-packages/***/task/task_runner/standard_task_runner.py:70: DeprecationWarning: This process (pid=2240) is multi-threaded, use of fork() may lead to deadlocks in the child.
  pid = os.fork()

[2025-03-13T04:34:05.237+0000] {standard_task_runner.py:72} INFO - Started process 2242 to run task
[2025-03-13T04:34:05.237+0000] {standard_task_runner.py:104} INFO - Running: ['***', 'tasks', 'run', 'data_ingestion_gcs_dag', 'merge_all_trips', 'manual__2025-03-13T04:29:56.060629+00:00', '--job-id', '572', '--raw', '--subdir', 'DAGS_FOLDER/data_ingestion_gcs_dag.py', '--cfg-path', '/tmp/tmp_r6mqmlk']
[2025-03-13T04:34:05.239+0000] {standard_task_runner.py:105} INFO - Job 572: Subtask merge_all_trips
[2025-03-13T04:34:05.300+0000] {task_command.py:467} INFO - Running <TaskInstance: data_ingestion_gcs_dag.merge_all_trips manual__2025-03-13T04:29:56.060629+00:00 [running]> on host b0577ed9eb82
[2025-03-13T04:34:05.423+0000] {taskinstance.py:3134} INFO - Exporting env vars: AIRFLOW_CTX_DAG_OWNER='***' AIRFLOW_CTX_DAG_ID='data_ingestion_gcs_dag' AIRFLOW_CTX_TASK_ID='merge_all_trips' AIRFLOW_CTX_EXECUTION_DATE='2025-03-13T04:29:56.060629+00:00' AIRFLOW_CTX_TRY_NUMBER='1' AIRFLOW_CTX_DAG_RUN_ID='manual__2025-03-13T04:29:56.060629+00:00'
[2025-03-13T04:34:05.426+0000] {logging_mixin.py:190} INFO - Task instance is in running state
[2025-03-13T04:34:05.427+0000] {logging_mixin.py:190} INFO -  Previous state of the Task instance: queued
[2025-03-13T04:34:05.427+0000] {logging_mixin.py:190} INFO - Current task name:merge_all_trips state:running start_date:2025-03-13 04:34:05.175667+00:00
[2025-03-13T04:34:05.428+0000] {logging_mixin.py:190} INFO - Dag name:data_ingestion_gcs_dag and current dag run status:running
[2025-03-13T04:34:05.428+0000] {taskinstance.py:732} INFO - ::endgroup::
[2025-03-13T04:34:21.901+0000] {python.py:240} INFO - Done. Returned value was: None
[2025-03-13T04:34:21.912+0000] {taskinstance.py:341} INFO - ::group::Post task execution logs
[2025-03-13T04:34:21.913+0000] {taskinstance.py:353} INFO - Marking task as SUCCESS. dag_id=data_ingestion_gcs_dag, task_id=merge_all_trips, run_id=manual__2025-03-13T04:29:56.060629+00:00, execution_date=20250313T042956, start_date=20250313T043405, end_date=20250313T043421
[2025-03-13T04:34:21.939+0000] {logging_mixin.py:190} INFO - Task instance in success state
[2025-03-13T04:34:21.939+0000] {logging_mixin.py:190} INFO -  Previous state of the Task instance: running
[2025-03-13T04:34:21.940+0000] {logging_mixin.py:190} INFO - Dag name:data_ingestion_gcs_dag queued_at:2025-03-13 04:29:56.110489+00:00
[2025-03-13T04:34:21.940+0000] {logging_mixin.py:190} INFO - Task hostname:b0577ed9eb82 operator:PythonOperator
[2025-03-13T04:34:22.003+0000] {local_task_job_runner.py:266} INFO - Task exited with return code 0
[2025-03-13T04:34:22.027+0000] {taskinstance.py:3901} INFO - 1 downstream tasks scheduled from follow-on schedule check
[2025-03-13T04:34:22.030+0000] {local_task_job_runner.py:245} INFO - ::endgroup::
