[2025-03-16T20:48:33.766+0000] {local_task_job_runner.py:123} INFO - ::group::Pre task execution logs
[2025-03-16T20:48:34.166+0000] {taskinstance.py:2614} INFO - Dependencies all met for dep_context=non-requeueable deps ti=<TaskInstance: data_ingestion_gcs_dag.format_parquet_2024_q3 manual__2025-03-16T19:47:29.679651+00:00 [queued]>
[2025-03-16T20:48:34.550+0000] {taskinstance.py:2614} INFO - Dependencies all met for dep_context=requeueable deps ti=<TaskInstance: data_ingestion_gcs_dag.format_parquet_2024_q3 manual__2025-03-16T19:47:29.679651+00:00 [queued]>
[2025-03-16T20:48:34.579+0000] {taskinstance.py:2867} INFO - Starting attempt 1 of 2
[2025-03-16T20:48:35.084+0000] {taskinstance.py:2890} INFO - Executing <Task(PythonOperator): format_parquet_2024_q3> on 2025-03-16 19:47:29.679651+00:00
[2025-03-16T20:48:35.580+0000] {standard_task_runner.py:104} INFO - Running: ['***', 'tasks', 'run', 'data_ingestion_gcs_dag', 'format_parquet_2024_q3', 'manual__2025-03-16T19:47:29.679651+00:00', '--job-id', '63', '--raw', '--subdir', 'DAGS_FOLDER/data_ingestion_gcs.py', '--cfg-path', '/tmp/tmpsgk6gts1']
[2025-03-16T20:48:35.620+0000] {warnings.py:112} WARNING - /home/***/.local/lib/python3.12/site-packages/***/task/task_runner/standard_task_runner.py:70: DeprecationWarning: This process (pid=1881) is multi-threaded, use of fork() may lead to deadlocks in the child.
  pid = os.fork()

[2025-03-16T20:48:35.659+0000] {standard_task_runner.py:105} INFO - Job 63: Subtask format_parquet_2024_q3
[2025-03-16T20:48:35.680+0000] {standard_task_runner.py:72} INFO - Started process 1909 to run task
[2025-03-16T20:48:36.382+0000] {task_command.py:467} INFO - Running <TaskInstance: data_ingestion_gcs_dag.format_parquet_2024_q3 manual__2025-03-16T19:47:29.679651+00:00 [running]> on host ea596c643a9a
[2025-03-16T20:48:37.507+0000] {taskinstance.py:3134} INFO - Exporting env vars: AIRFLOW_CTX_DAG_OWNER='***' AIRFLOW_CTX_DAG_ID='data_ingestion_gcs_dag' AIRFLOW_CTX_TASK_ID='format_parquet_2024_q3' AIRFLOW_CTX_EXECUTION_DATE='2025-03-16T19:47:29.679651+00:00' AIRFLOW_CTX_TRY_NUMBER='1' AIRFLOW_CTX_DAG_RUN_ID='manual__2025-03-16T19:47:29.679651+00:00'
[2025-03-16T20:48:37.564+0000] {logging_mixin.py:190} INFO - Task instance is in running state
[2025-03-16T20:48:37.567+0000] {logging_mixin.py:190} INFO -  Previous state of the Task instance: queued
[2025-03-16T20:48:37.569+0000] {logging_mixin.py:190} INFO - Current task name:format_parquet_2024_q3 state:running start_date:2025-03-16 20:48:34.206556+00:00
[2025-03-16T20:48:37.570+0000] {logging_mixin.py:190} INFO - Dag name:data_ingestion_gcs_dag and current dag run status:running
[2025-03-16T20:48:37.571+0000] {taskinstance.py:732} INFO - ::endgroup::
[2025-03-16T20:49:30.536+0000] {data_ingestion_gcs.py:61} INFO - Converted indego-trips-2024-q3.csv to /opt/***/indego-trips-2024-q3.parquet
[2025-03-16T20:49:30.542+0000] {python.py:240} INFO - Done. Returned value was: None
[2025-03-16T20:49:31.325+0000] {taskinstance.py:341} INFO - ::group::Post task execution logs
[2025-03-16T20:49:31.374+0000] {taskinstance.py:353} INFO - Marking task as SUCCESS. dag_id=data_ingestion_gcs_dag, task_id=format_parquet_2024_q3, run_id=manual__2025-03-16T19:47:29.679651+00:00, execution_date=20250316T194729, start_date=20250316T204834, end_date=20250316T204931
[2025-03-16T20:49:31.371+0000] {job.py:229} INFO - Heartbeat recovered after 49.75 seconds
[2025-03-16T20:49:31.736+0000] {logging_mixin.py:190} INFO - Task instance in success state
[2025-03-16T20:49:31.737+0000] {logging_mixin.py:190} INFO -  Previous state of the Task instance: running
[2025-03-16T20:49:31.738+0000] {logging_mixin.py:190} INFO - Dag name:data_ingestion_gcs_dag queued_at:2025-03-16 19:47:30.509701+00:00
[2025-03-16T20:49:31.739+0000] {logging_mixin.py:190} INFO - Task hostname:ea596c643a9a operator:PythonOperator
[2025-03-16T20:49:31.947+0000] {local_task_job_runner.py:266} INFO - Task exited with return code 0
[2025-03-16T20:49:32.038+0000] {taskinstance.py:3901} INFO - 0 downstream tasks scheduled from follow-on schedule check
[2025-03-16T20:49:32.043+0000] {local_task_job_runner.py:245} INFO - ::endgroup::
