[2025-03-16T22:05:28.974+0000] {local_task_job_runner.py:123} INFO - ::group::Pre task execution logs
[2025-03-16T22:05:29.187+0000] {taskinstance.py:2614} INFO - Dependencies all met for dep_context=non-requeueable deps ti=<TaskInstance: data_ingestion_gcs_dag.process_stations_data manual__2025-03-16T22:05:14.553483+00:00 [queued]>
[2025-03-16T22:05:29.274+0000] {taskinstance.py:2614} INFO - Dependencies all met for dep_context=requeueable deps ti=<TaskInstance: data_ingestion_gcs_dag.process_stations_data manual__2025-03-16T22:05:14.553483+00:00 [queued]>
[2025-03-16T22:05:29.289+0000] {taskinstance.py:2867} INFO - Starting attempt 1 of 2
[2025-03-16T22:05:29.423+0000] {taskinstance.py:2890} INFO - Executing <Task(PythonOperator): process_stations_data> on 2025-03-16 22:05:14.553483+00:00
[2025-03-16T22:05:29.510+0000] {standard_task_runner.py:104} INFO - Running: ['***', 'tasks', 'run', 'data_ingestion_gcs_dag', 'process_stations_data', 'manual__2025-03-16T22:05:14.553483+00:00', '--job-id', '727', '--raw', '--subdir', 'DAGS_FOLDER/data_ingestion_gcs_dag.py', '--cfg-path', '/tmp/tmp5jan50ed']
[2025-03-16T22:05:29.521+0000] {standard_task_runner.py:105} INFO - Job 727: Subtask process_stations_data
[2025-03-16T22:05:29.505+0000] {warnings.py:112} WARNING - /home/***/.local/lib/python3.12/site-packages/***/task/task_runner/standard_task_runner.py:70: DeprecationWarning: This process (pid=1153) is multi-threaded, use of fork() may lead to deadlocks in the child.
  pid = os.fork()

[2025-03-16T22:05:29.593+0000] {standard_task_runner.py:72} INFO - Started process 1169 to run task
[2025-03-16T22:05:29.838+0000] {task_command.py:467} INFO - Running <TaskInstance: data_ingestion_gcs_dag.process_stations_data manual__2025-03-16T22:05:14.553483+00:00 [running]> on host 5c7a1daace86
[2025-03-16T22:05:30.338+0000] {taskinstance.py:3134} INFO - Exporting env vars: AIRFLOW_CTX_DAG_OWNER='***' AIRFLOW_CTX_DAG_ID='data_ingestion_gcs_dag' AIRFLOW_CTX_TASK_ID='process_stations_data' AIRFLOW_CTX_EXECUTION_DATE='2025-03-16T22:05:14.553483+00:00' AIRFLOW_CTX_TRY_NUMBER='1' AIRFLOW_CTX_DAG_RUN_ID='manual__2025-03-16T22:05:14.553483+00:00'
[2025-03-16T22:05:30.354+0000] {logging_mixin.py:190} INFO - Task instance is in running state
[2025-03-16T22:05:30.367+0000] {logging_mixin.py:190} INFO -  Previous state of the Task instance: queued
[2025-03-16T22:05:30.371+0000] {logging_mixin.py:190} INFO - Current task name:process_stations_data state:running start_date:2025-03-16 22:05:29.197169+00:00
[2025-03-16T22:05:30.383+0000] {logging_mixin.py:190} INFO - Dag name:data_ingestion_gcs_dag and current dag run status:running
[2025-03-16T22:05:30.403+0000] {taskinstance.py:732} INFO - ::endgroup::
[2025-03-16T22:05:36.169+0000] {data_ingestion_gcs_dag.py:82} INFO - Uploaded /opt/***/indego-stations-2025-01-01.parquet to gs://<Bucket: kestra-de-zoomcamp-bucket-kelly>/raw/indego_stations.parquet
[2025-03-16T22:05:36.170+0000] {data_ingestion_gcs_dag.py:156} INFO - Uploaded /opt/***/indego-stations-2025-01-01.parquet to GCS.
[2025-03-16T22:05:36.173+0000] {python.py:240} INFO - Done. Returned value was: None
[2025-03-16T22:05:36.206+0000] {taskinstance.py:341} INFO - ::group::Post task execution logs
[2025-03-16T22:05:36.220+0000] {taskinstance.py:353} INFO - Marking task as SUCCESS. dag_id=data_ingestion_gcs_dag, task_id=process_stations_data, run_id=manual__2025-03-16T22:05:14.553483+00:00, execution_date=20250316T220514, start_date=20250316T220529, end_date=20250316T220536
[2025-03-16T22:05:36.411+0000] {logging_mixin.py:190} INFO - Task instance in success state
[2025-03-16T22:05:36.418+0000] {logging_mixin.py:190} INFO -  Previous state of the Task instance: running
[2025-03-16T22:05:36.436+0000] {logging_mixin.py:190} INFO - Dag name:data_ingestion_gcs_dag queued_at:2025-03-16 22:05:14.676788+00:00
[2025-03-16T22:05:36.448+0000] {logging_mixin.py:190} INFO - Task hostname:5c7a1daace86 operator:PythonOperator
[2025-03-16T22:05:36.534+0000] {local_task_job_runner.py:266} INFO - Task exited with return code 0
[2025-03-16T22:05:36.670+0000] {local_task_job_runner.py:245} INFO - ::endgroup::
