[2025-03-16T19:08:28.745+0000] {local_task_job_runner.py:123} INFO - ::group::Pre task execution logs
[2025-03-16T19:08:28.934+0000] {taskinstance.py:2614} INFO - Dependencies all met for dep_context=non-requeueable deps ti=<TaskInstance: data_ingestion_gcs_dag.format_to_parquet_task manual__2025-03-16T18:49:29.914483+00:00 [queued]>
[2025-03-16T19:08:29.040+0000] {taskinstance.py:2614} INFO - Dependencies all met for dep_context=requeueable deps ti=<TaskInstance: data_ingestion_gcs_dag.format_to_parquet_task manual__2025-03-16T18:49:29.914483+00:00 [queued]>
[2025-03-16T19:08:29.043+0000] {taskinstance.py:2867} INFO - Starting attempt 1 of 2
[2025-03-16T19:08:29.173+0000] {taskinstance.py:2890} INFO - Executing <Task(PythonOperator): format_to_parquet_task> on 2025-03-16 18:49:29.914483+00:00
[2025-03-16T19:08:29.255+0000] {warnings.py:112} WARNING - /home/***/.local/lib/python3.12/site-packages/***/task/task_runner/standard_task_runner.py:70: DeprecationWarning: This process (pid=688) is multi-threaded, use of fork() may lead to deadlocks in the child.
  pid = os.fork()

[2025-03-16T19:08:29.262+0000] {standard_task_runner.py:72} INFO - Started process 696 to run task
[2025-03-16T19:08:29.289+0000] {standard_task_runner.py:104} INFO - Running: ['***', 'tasks', 'run', 'data_ingestion_gcs_dag', 'format_to_parquet_task', 'manual__2025-03-16T18:49:29.914483+00:00', '--job-id', '41', '--raw', '--subdir', 'DAGS_FOLDER/data_ingestion_gcs.py', '--cfg-path', '/tmp/tmpfq3w4ihp']
[2025-03-16T19:08:29.316+0000] {standard_task_runner.py:105} INFO - Job 41: Subtask format_to_parquet_task
[2025-03-16T19:08:29.559+0000] {task_command.py:467} INFO - Running <TaskInstance: data_ingestion_gcs_dag.format_to_parquet_task manual__2025-03-16T18:49:29.914483+00:00 [running]> on host ea596c643a9a
[2025-03-16T19:08:30.162+0000] {taskinstance.py:3134} INFO - Exporting env vars: AIRFLOW_CTX_DAG_OWNER='***' AIRFLOW_CTX_DAG_ID='data_ingestion_gcs_dag' AIRFLOW_CTX_TASK_ID='format_to_parquet_task' AIRFLOW_CTX_EXECUTION_DATE='2025-03-16T18:49:29.914483+00:00' AIRFLOW_CTX_TRY_NUMBER='1' AIRFLOW_CTX_DAG_RUN_ID='manual__2025-03-16T18:49:29.914483+00:00'
[2025-03-16T19:08:30.202+0000] {logging_mixin.py:190} INFO - Task instance is in running state
[2025-03-16T19:08:30.203+0000] {logging_mixin.py:190} INFO -  Previous state of the Task instance: queued
[2025-03-16T19:08:30.218+0000] {logging_mixin.py:190} INFO - Current task name:format_to_parquet_task state:running start_date:2025-03-16 19:08:28.946061+00:00
[2025-03-16T19:08:30.243+0000] {logging_mixin.py:190} INFO - Dag name:data_ingestion_gcs_dag and current dag run status:running
[2025-03-16T19:08:30.263+0000] {taskinstance.py:732} INFO - ::endgroup::
[2025-03-16T19:08:34.470+0000] {data_ingestion_gcs.py:40} INFO - Converted indego-trips-2024-q4.csv to /opt/***/indego-trips-2024-q4.parquet
[2025-03-16T19:08:34.486+0000] {python.py:240} INFO - Done. Returned value was: /opt/***/indego-trips-2024-q4.parquet
[2025-03-16T19:08:34.732+0000] {taskinstance.py:341} INFO - ::group::Post task execution logs
[2025-03-16T19:08:34.734+0000] {taskinstance.py:353} INFO - Marking task as SUCCESS. dag_id=data_ingestion_gcs_dag, task_id=format_to_parquet_task, run_id=manual__2025-03-16T18:49:29.914483+00:00, execution_date=20250316T184929, start_date=20250316T190828, end_date=20250316T190834
[2025-03-16T19:08:35.001+0000] {logging_mixin.py:190} INFO - Task instance in success state
[2025-03-16T19:08:35.009+0000] {logging_mixin.py:190} INFO -  Previous state of the Task instance: running
[2025-03-16T19:08:35.030+0000] {logging_mixin.py:190} INFO - Dag name:data_ingestion_gcs_dag queued_at:2025-03-16 18:49:29.948895+00:00
[2025-03-16T19:08:35.031+0000] {logging_mixin.py:190} INFO - Task hostname:ea596c643a9a operator:PythonOperator
[2025-03-16T19:08:35.226+0000] {local_task_job_runner.py:266} INFO - Task exited with return code 0
[2025-03-16T19:08:35.449+0000] {taskinstance.py:3901} INFO - 1 downstream tasks scheduled from follow-on schedule check
[2025-03-16T19:08:35.489+0000] {local_task_job_runner.py:245} INFO - ::endgroup::
