[2025-03-16T17:52:20.874+0000] {local_task_job_runner.py:123} INFO - ::group::Pre task execution logs
[2025-03-16T17:52:20.944+0000] {taskinstance.py:2614} INFO - Dependencies all met for dep_context=non-requeueable deps ti=<TaskInstance: data_ingestion_gcs_dag.format_parquet_2024_q2 scheduled__2025-03-13T00:00:00+00:00 [queued]>
[2025-03-16T17:52:21.001+0000] {taskinstance.py:2614} INFO - Dependencies all met for dep_context=requeueable deps ti=<TaskInstance: data_ingestion_gcs_dag.format_parquet_2024_q2 scheduled__2025-03-13T00:00:00+00:00 [queued]>
[2025-03-16T17:52:21.003+0000] {taskinstance.py:2867} INFO - Starting attempt 1 of 2
[2025-03-16T17:52:21.042+0000] {taskinstance.py:2890} INFO - Executing <Task(PythonOperator): format_parquet_2024_q2> on 2025-03-13 00:00:00+00:00
[2025-03-16T17:52:21.056+0000] {warnings.py:112} WARNING - /home/***/.local/lib/python3.12/site-packages/***/task/task_runner/standard_task_runner.py:70: DeprecationWarning: This process (pid=137) is multi-threaded, use of fork() may lead to deadlocks in the child.
  pid = os.fork()

[2025-03-16T17:52:21.060+0000] {standard_task_runner.py:72} INFO - Started process 180 to run task
[2025-03-16T17:52:21.061+0000] {standard_task_runner.py:104} INFO - Running: ['***', 'tasks', 'run', 'data_ingestion_gcs_dag', 'format_parquet_2024_q2', 'scheduled__2025-03-13T00:00:00+00:00', '--job-id', '641', '--raw', '--subdir', 'DAGS_FOLDER/data_ingestion_gcs_dag.py', '--cfg-path', '/tmp/tmpq_7ct_3d']
[2025-03-16T17:52:21.063+0000] {standard_task_runner.py:105} INFO - Job 641: Subtask format_parquet_2024_q2
[2025-03-16T17:52:21.198+0000] {task_command.py:467} INFO - Running <TaskInstance: data_ingestion_gcs_dag.format_parquet_2024_q2 scheduled__2025-03-13T00:00:00+00:00 [running]> on host b0577ed9eb82
[2025-03-16T17:52:21.515+0000] {taskinstance.py:3134} INFO - Exporting env vars: AIRFLOW_CTX_DAG_OWNER='***' AIRFLOW_CTX_DAG_ID='data_ingestion_gcs_dag' AIRFLOW_CTX_TASK_ID='format_parquet_2024_q2' AIRFLOW_CTX_EXECUTION_DATE='2025-03-13T00:00:00+00:00' AIRFLOW_CTX_TRY_NUMBER='1' AIRFLOW_CTX_DAG_RUN_ID='scheduled__2025-03-13T00:00:00+00:00'
[2025-03-16T17:52:21.520+0000] {logging_mixin.py:190} INFO - Task instance is in running state
[2025-03-16T17:52:21.532+0000] {logging_mixin.py:190} INFO -  Previous state of the Task instance: queued
[2025-03-16T17:52:21.533+0000] {logging_mixin.py:190} INFO - Current task name:format_parquet_2024_q2 state:running start_date:2025-03-16 17:52:20.945634+00:00
[2025-03-16T17:52:21.534+0000] {logging_mixin.py:190} INFO - Dag name:data_ingestion_gcs_dag and current dag run status:running
[2025-03-16T17:52:21.536+0000] {taskinstance.py:732} INFO - ::endgroup::
[2025-03-16T17:52:22.927+0000] {data_ingestion_gcs_dag.py:61} INFO - Converted indego-trips-2024-q2.csv to /opt/***/indego-trips-2024-q2.parquet
[2025-03-16T17:52:22.928+0000] {python.py:240} INFO - Done. Returned value was: None
[2025-03-16T17:52:22.943+0000] {taskinstance.py:341} INFO - ::group::Post task execution logs
[2025-03-16T17:52:22.944+0000] {taskinstance.py:353} INFO - Marking task as SUCCESS. dag_id=data_ingestion_gcs_dag, task_id=format_parquet_2024_q2, run_id=scheduled__2025-03-13T00:00:00+00:00, execution_date=20250313T000000, start_date=20250316T175220, end_date=20250316T175222
[2025-03-16T17:52:22.987+0000] {logging_mixin.py:190} INFO - Task instance in success state
[2025-03-16T17:52:22.988+0000] {logging_mixin.py:190} INFO -  Previous state of the Task instance: running
[2025-03-16T17:52:22.988+0000] {logging_mixin.py:190} INFO - Dag name:data_ingestion_gcs_dag queued_at:2025-03-16 17:51:33.666601+00:00
[2025-03-16T17:52:22.989+0000] {logging_mixin.py:190} INFO - Task hostname:b0577ed9eb82 operator:PythonOperator
[2025-03-16T17:52:23.043+0000] {local_task_job_runner.py:266} INFO - Task exited with return code 0
[2025-03-16T17:52:23.101+0000] {taskinstance.py:3901} INFO - 1 downstream tasks scheduled from follow-on schedule check
[2025-03-16T17:52:23.104+0000] {local_task_job_runner.py:245} INFO - ::endgroup::
