[2025-03-16T19:09:04.127+0000] {local_task_job_runner.py:123} INFO - ::group::Pre task execution logs
[2025-03-16T19:09:04.242+0000] {taskinstance.py:2614} INFO - Dependencies all met for dep_context=non-requeueable deps ti=<TaskInstance: data_ingestion_gcs_dag.local_to_gcs_task manual__2025-03-16T18:49:29.914483+00:00 [queued]>
[2025-03-16T19:09:04.281+0000] {taskinstance.py:2614} INFO - Dependencies all met for dep_context=requeueable deps ti=<TaskInstance: data_ingestion_gcs_dag.local_to_gcs_task manual__2025-03-16T18:49:29.914483+00:00 [queued]>
[2025-03-16T19:09:04.284+0000] {taskinstance.py:2867} INFO - Starting attempt 1 of 2
[2025-03-16T19:09:04.366+0000] {taskinstance.py:2890} INFO - Executing <Task(PythonOperator): local_to_gcs_task> on 2025-03-16 18:49:29.914483+00:00
[2025-03-16T19:09:04.398+0000] {warnings.py:112} WARNING - /home/***/.local/lib/python3.12/site-packages/***/task/task_runner/standard_task_runner.py:70: DeprecationWarning: This process (pid=719) is multi-threaded, use of fork() may lead to deadlocks in the child.
  pid = os.fork()

[2025-03-16T19:09:04.406+0000] {standard_task_runner.py:72} INFO - Started process 721 to run task
[2025-03-16T19:09:04.404+0000] {standard_task_runner.py:104} INFO - Running: ['***', 'tasks', 'run', 'data_ingestion_gcs_dag', 'local_to_gcs_task', 'manual__2025-03-16T18:49:29.914483+00:00', '--job-id', '43', '--raw', '--subdir', 'DAGS_FOLDER/data_ingestion_gcs.py', '--cfg-path', '/tmp/tmpwqnmezst']
[2025-03-16T19:09:04.455+0000] {standard_task_runner.py:105} INFO - Job 43: Subtask local_to_gcs_task
[2025-03-16T19:09:04.674+0000] {task_command.py:467} INFO - Running <TaskInstance: data_ingestion_gcs_dag.local_to_gcs_task manual__2025-03-16T18:49:29.914483+00:00 [running]> on host ea596c643a9a
[2025-03-16T19:09:05.331+0000] {taskinstance.py:3134} INFO - Exporting env vars: AIRFLOW_CTX_DAG_OWNER='***' AIRFLOW_CTX_DAG_ID='data_ingestion_gcs_dag' AIRFLOW_CTX_TASK_ID='local_to_gcs_task' AIRFLOW_CTX_EXECUTION_DATE='2025-03-16T18:49:29.914483+00:00' AIRFLOW_CTX_TRY_NUMBER='1' AIRFLOW_CTX_DAG_RUN_ID='manual__2025-03-16T18:49:29.914483+00:00'
[2025-03-16T19:09:05.372+0000] {logging_mixin.py:190} INFO - Task instance is in running state
[2025-03-16T19:09:05.385+0000] {logging_mixin.py:190} INFO -  Previous state of the Task instance: queued
[2025-03-16T19:09:05.399+0000] {logging_mixin.py:190} INFO - Current task name:local_to_gcs_task state:running start_date:2025-03-16 19:09:04.246456+00:00
[2025-03-16T19:09:05.413+0000] {logging_mixin.py:190} INFO - Dag name:data_ingestion_gcs_dag and current dag run status:running
[2025-03-16T19:09:05.420+0000] {taskinstance.py:732} INFO - ::endgroup::
[2025-03-16T19:09:13.091+0000] {python.py:240} INFO - Done. Returned value was: None
[2025-03-16T19:09:13.124+0000] {taskinstance.py:341} INFO - ::group::Post task execution logs
[2025-03-16T19:09:13.125+0000] {taskinstance.py:353} INFO - Marking task as SUCCESS. dag_id=data_ingestion_gcs_dag, task_id=local_to_gcs_task, run_id=manual__2025-03-16T18:49:29.914483+00:00, execution_date=20250316T184929, start_date=20250316T190904, end_date=20250316T190913
[2025-03-16T19:09:13.254+0000] {logging_mixin.py:190} INFO - Task instance in success state
[2025-03-16T19:09:13.255+0000] {logging_mixin.py:190} INFO -  Previous state of the Task instance: running
[2025-03-16T19:09:13.256+0000] {logging_mixin.py:190} INFO - Dag name:data_ingestion_gcs_dag queued_at:2025-03-16 18:49:29.948895+00:00
[2025-03-16T19:09:13.261+0000] {logging_mixin.py:190} INFO - Task hostname:ea596c643a9a operator:PythonOperator
[2025-03-16T19:09:13.356+0000] {local_task_job_runner.py:266} INFO - Task exited with return code 0
[2025-03-16T19:09:13.466+0000] {taskinstance.py:3901} INFO - 1 downstream tasks scheduled from follow-on schedule check
[2025-03-16T19:09:13.477+0000] {local_task_job_runner.py:245} INFO - ::endgroup::
