[2025-03-13T04:07:44.274+0000] {local_task_job_runner.py:123} INFO - ::group::Pre task execution logs
[2025-03-13T04:07:44.345+0000] {taskinstance.py:2614} INFO - Dependencies all met for dep_context=non-requeueable deps ti=<TaskInstance: data_ingestion_gcs_dag.upload_gcs_2024_q2 manual__2025-03-13T04:03:10.585201+00:00 [queued]>
[2025-03-13T04:07:44.378+0000] {taskinstance.py:2614} INFO - Dependencies all met for dep_context=requeueable deps ti=<TaskInstance: data_ingestion_gcs_dag.upload_gcs_2024_q2 manual__2025-03-13T04:03:10.585201+00:00 [queued]>
[2025-03-13T04:07:44.379+0000] {taskinstance.py:2867} INFO - Starting attempt 1 of 2
[2025-03-13T04:07:44.417+0000] {taskinstance.py:2890} INFO - Executing <Task(PythonOperator): upload_gcs_2024_q2> on 2025-03-13 04:03:10.585201+00:00
[2025-03-13T04:07:44.430+0000] {warnings.py:112} WARNING - /home/***/.local/lib/python3.12/site-packages/***/task/task_runner/standard_task_runner.py:70: DeprecationWarning: This process (pid=1514) is multi-threaded, use of fork() may lead to deadlocks in the child.
  pid = os.fork()

[2025-03-13T04:07:44.433+0000] {standard_task_runner.py:72} INFO - Started process 1532 to run task
[2025-03-13T04:07:44.435+0000] {standard_task_runner.py:104} INFO - Running: ['***', 'tasks', 'run', 'data_ingestion_gcs_dag', 'upload_gcs_2024_q2', 'manual__2025-03-13T04:03:10.585201+00:00', '--job-id', '532', '--raw', '--subdir', 'DAGS_FOLDER/data_ingestion_gcs_dag.py', '--cfg-path', '/tmp/tmppk92qcpd']
[2025-03-13T04:07:44.438+0000] {standard_task_runner.py:105} INFO - Job 532: Subtask upload_gcs_2024_q2
[2025-03-13T04:07:44.539+0000] {task_command.py:467} INFO - Running <TaskInstance: data_ingestion_gcs_dag.upload_gcs_2024_q2 manual__2025-03-13T04:03:10.585201+00:00 [running]> on host b0577ed9eb82
[2025-03-13T04:07:44.786+0000] {taskinstance.py:3134} INFO - Exporting env vars: AIRFLOW_CTX_DAG_OWNER='***' AIRFLOW_CTX_DAG_ID='data_ingestion_gcs_dag' AIRFLOW_CTX_TASK_ID='upload_gcs_2024_q2' AIRFLOW_CTX_EXECUTION_DATE='2025-03-13T04:03:10.585201+00:00' AIRFLOW_CTX_TRY_NUMBER='1' AIRFLOW_CTX_DAG_RUN_ID='manual__2025-03-13T04:03:10.585201+00:00'
[2025-03-13T04:07:44.790+0000] {logging_mixin.py:190} INFO - Task instance is in running state
[2025-03-13T04:07:44.791+0000] {logging_mixin.py:190} INFO -  Previous state of the Task instance: queued
[2025-03-13T04:07:44.792+0000] {logging_mixin.py:190} INFO - Current task name:upload_gcs_2024_q2 state:running start_date:2025-03-13 04:07:44.346938+00:00
[2025-03-13T04:07:44.793+0000] {logging_mixin.py:190} INFO - Dag name:data_ingestion_gcs_dag and current dag run status:running
[2025-03-13T04:07:44.796+0000] {taskinstance.py:732} INFO - ::endgroup::
[2025-03-13T04:07:52.185+0000] {python.py:240} INFO - Done. Returned value was: None
[2025-03-13T04:07:52.202+0000] {taskinstance.py:341} INFO - ::group::Post task execution logs
[2025-03-13T04:07:52.203+0000] {taskinstance.py:353} INFO - Marking task as SUCCESS. dag_id=data_ingestion_gcs_dag, task_id=upload_gcs_2024_q2, run_id=manual__2025-03-13T04:03:10.585201+00:00, execution_date=20250313T040310, start_date=20250313T040744, end_date=20250313T040752
[2025-03-13T04:07:52.830+0000] {logging_mixin.py:190} INFO - Task instance in success state
[2025-03-13T04:07:52.834+0000] {logging_mixin.py:190} INFO -  Previous state of the Task instance: running
[2025-03-13T04:07:52.836+0000] {logging_mixin.py:190} INFO - Dag name:data_ingestion_gcs_dag queued_at:2025-03-13 04:03:10.603838+00:00
[2025-03-13T04:07:52.840+0000] {logging_mixin.py:190} INFO - Task hostname:b0577ed9eb82 operator:PythonOperator
[2025-03-13T04:07:52.931+0000] {local_task_job_runner.py:266} INFO - Task exited with return code 0
[2025-03-13T04:07:53.050+0000] {taskinstance.py:3901} INFO - 0 downstream tasks scheduled from follow-on schedule check
[2025-03-13T04:07:53.053+0000] {local_task_job_runner.py:245} INFO - ::endgroup::
