[2025-03-16T22:05:54.866+0000] {local_task_job_runner.py:123} INFO - ::group::Pre task execution logs
[2025-03-16T22:05:55.111+0000] {taskinstance.py:2614} INFO - Dependencies all met for dep_context=non-requeueable deps ti=<TaskInstance: data_ingestion_gcs_dag.format_parquet_2023_q1 manual__2025-03-16T22:05:14.553483+00:00 [queued]>
[2025-03-16T22:05:55.211+0000] {taskinstance.py:2614} INFO - Dependencies all met for dep_context=requeueable deps ti=<TaskInstance: data_ingestion_gcs_dag.format_parquet_2023_q1 manual__2025-03-16T22:05:14.553483+00:00 [queued]>
[2025-03-16T22:05:55.218+0000] {taskinstance.py:2867} INFO - Starting attempt 1 of 2
[2025-03-16T22:05:55.680+0000] {taskinstance.py:2890} INFO - Executing <Task(PythonOperator): format_parquet_2023_q1> on 2025-03-16 22:05:14.553483+00:00
[2025-03-16T22:05:55.791+0000] {warnings.py:112} WARNING - /home/***/.local/lib/python3.12/site-packages/***/task/task_runner/standard_task_runner.py:70: DeprecationWarning: This process (pid=1223) is multi-threaded, use of fork() may lead to deadlocks in the child.
  pid = os.fork()

[2025-03-16T22:05:55.824+0000] {standard_task_runner.py:72} INFO - Started process 1270 to run task
[2025-03-16T22:05:55.927+0000] {standard_task_runner.py:104} INFO - Running: ['***', 'tasks', 'run', 'data_ingestion_gcs_dag', 'format_parquet_2023_q1', 'manual__2025-03-16T22:05:14.553483+00:00', '--job-id', '740', '--raw', '--subdir', 'DAGS_FOLDER/data_ingestion_gcs_dag.py', '--cfg-path', '/tmp/tmpsmr9az3g']
[2025-03-16T22:05:55.972+0000] {standard_task_runner.py:105} INFO - Job 740: Subtask format_parquet_2023_q1
[2025-03-16T22:05:56.636+0000] {task_command.py:467} INFO - Running <TaskInstance: data_ingestion_gcs_dag.format_parquet_2023_q1 manual__2025-03-16T22:05:14.553483+00:00 [running]> on host 5c7a1daace86
[2025-03-16T22:05:57.996+0000] {taskinstance.py:3134} INFO - Exporting env vars: AIRFLOW_CTX_DAG_OWNER='***' AIRFLOW_CTX_DAG_ID='data_ingestion_gcs_dag' AIRFLOW_CTX_TASK_ID='format_parquet_2023_q1' AIRFLOW_CTX_EXECUTION_DATE='2025-03-16T22:05:14.553483+00:00' AIRFLOW_CTX_TRY_NUMBER='1' AIRFLOW_CTX_DAG_RUN_ID='manual__2025-03-16T22:05:14.553483+00:00'
[2025-03-16T22:05:58.008+0000] {logging_mixin.py:190} INFO - Task instance is in running state
[2025-03-16T22:05:58.010+0000] {logging_mixin.py:190} INFO -  Previous state of the Task instance: queued
[2025-03-16T22:05:58.062+0000] {logging_mixin.py:190} INFO - Current task name:format_parquet_2023_q1 state:running start_date:2025-03-16 22:05:55.114011+00:00
[2025-03-16T22:05:58.089+0000] {logging_mixin.py:190} INFO - Dag name:data_ingestion_gcs_dag and current dag run status:running
[2025-03-16T22:05:58.137+0000] {taskinstance.py:732} INFO - ::endgroup::
[2025-03-16T22:06:00.779+0000] {data_ingestion_gcs_dag.py:67} INFO - Converted indego-trips-2023-q1.csv to /opt/***/indego-trips-2023-q1.parquet
[2025-03-16T22:06:00.807+0000] {python.py:240} INFO - Done. Returned value was: None
[2025-03-16T22:06:00.955+0000] {taskinstance.py:341} INFO - ::group::Post task execution logs
[2025-03-16T22:06:01.014+0000] {taskinstance.py:353} INFO - Marking task as SUCCESS. dag_id=data_ingestion_gcs_dag, task_id=format_parquet_2023_q1, run_id=manual__2025-03-16T22:05:14.553483+00:00, execution_date=20250316T220514, start_date=20250316T220555, end_date=20250316T220601
[2025-03-16T22:06:01.379+0000] {logging_mixin.py:190} INFO - Task instance in success state
[2025-03-16T22:06:01.400+0000] {logging_mixin.py:190} INFO -  Previous state of the Task instance: running
[2025-03-16T22:06:01.406+0000] {logging_mixin.py:190} INFO - Dag name:data_ingestion_gcs_dag queued_at:2025-03-16 22:05:14.676788+00:00
[2025-03-16T22:06:01.437+0000] {logging_mixin.py:190} INFO - Task hostname:5c7a1daace86 operator:PythonOperator
[2025-03-16T22:06:01.654+0000] {local_task_job_runner.py:266} INFO - Task exited with return code 0
[2025-03-16T22:06:01.718+0000] {local_task_job_runner.py:245} INFO - ::endgroup::
