[2025-03-13T04:06:31.195+0000] {local_task_job_runner.py:123} INFO - ::group::Pre task execution logs
[2025-03-13T04:06:31.266+0000] {taskinstance.py:2614} INFO - Dependencies all met for dep_context=non-requeueable deps ti=<TaskInstance: data_ingestion_gcs_dag.format_parquet_2024_q2 manual__2025-03-13T04:00:50.830640+00:00 [queued]>
[2025-03-13T04:06:31.293+0000] {taskinstance.py:2614} INFO - Dependencies all met for dep_context=requeueable deps ti=<TaskInstance: data_ingestion_gcs_dag.format_parquet_2024_q2 manual__2025-03-13T04:00:50.830640+00:00 [queued]>
[2025-03-13T04:06:31.296+0000] {taskinstance.py:2867} INFO - Starting attempt 2 of 2
[2025-03-13T04:06:31.340+0000] {taskinstance.py:2890} INFO - Executing <Task(PythonOperator): format_parquet_2024_q2> on 2025-03-13 04:00:50.830640+00:00
[2025-03-13T04:06:31.357+0000] {warnings.py:112} WARNING - /home/***/.local/lib/python3.12/site-packages/***/task/task_runner/standard_task_runner.py:70: DeprecationWarning: This process (pid=1190) is multi-threaded, use of fork() may lead to deadlocks in the child.
  pid = os.fork()

[2025-03-13T04:06:31.362+0000] {standard_task_runner.py:72} INFO - Started process 1225 to run task
[2025-03-13T04:06:31.363+0000] {standard_task_runner.py:104} INFO - Running: ['***', 'tasks', 'run', 'data_ingestion_gcs_dag', 'format_parquet_2024_q2', 'manual__2025-03-13T04:00:50.830640+00:00', '--job-id', '499', '--raw', '--subdir', 'DAGS_FOLDER/data_ingestion_gcs_dag.py', '--cfg-path', '/tmp/tmpo0ctc8us']
[2025-03-13T04:06:31.366+0000] {standard_task_runner.py:105} INFO - Job 499: Subtask format_parquet_2024_q2
[2025-03-13T04:06:31.499+0000] {task_command.py:467} INFO - Running <TaskInstance: data_ingestion_gcs_dag.format_parquet_2024_q2 manual__2025-03-13T04:00:50.830640+00:00 [running]> on host b0577ed9eb82
[2025-03-13T04:06:31.819+0000] {taskinstance.py:3134} INFO - Exporting env vars: AIRFLOW_CTX_DAG_OWNER='***' AIRFLOW_CTX_DAG_ID='data_ingestion_gcs_dag' AIRFLOW_CTX_TASK_ID='format_parquet_2024_q2' AIRFLOW_CTX_EXECUTION_DATE='2025-03-13T04:00:50.830640+00:00' AIRFLOW_CTX_TRY_NUMBER='2' AIRFLOW_CTX_DAG_RUN_ID='manual__2025-03-13T04:00:50.830640+00:00'
[2025-03-13T04:06:31.826+0000] {logging_mixin.py:190} INFO - Task instance is in running state
[2025-03-13T04:06:31.828+0000] {logging_mixin.py:190} INFO -  Previous state of the Task instance: queued
[2025-03-13T04:06:31.830+0000] {logging_mixin.py:190} INFO - Current task name:format_parquet_2024_q2 state:running start_date:2025-03-13 04:06:31.268706+00:00
[2025-03-13T04:06:31.833+0000] {logging_mixin.py:190} INFO - Dag name:data_ingestion_gcs_dag and current dag run status:running
[2025-03-13T04:06:31.834+0000] {taskinstance.py:732} INFO - ::endgroup::
[2025-03-13T04:06:34.460+0000] {data_ingestion_gcs_dag.py:58} INFO - Converted indego-trips-2024-q2.csv to /opt/***/indego-trips-2024-q2.parquet
[2025-03-13T04:06:34.465+0000] {python.py:240} INFO - Done. Returned value was: None
[2025-03-13T04:06:34.520+0000] {taskinstance.py:341} INFO - ::group::Post task execution logs
[2025-03-13T04:06:34.523+0000] {taskinstance.py:353} INFO - Marking task as SUCCESS. dag_id=data_ingestion_gcs_dag, task_id=format_parquet_2024_q2, run_id=manual__2025-03-13T04:00:50.830640+00:00, execution_date=20250313T040050, start_date=20250313T040631, end_date=20250313T040634
[2025-03-13T04:06:34.615+0000] {logging_mixin.py:190} INFO - Task instance in success state
[2025-03-13T04:06:34.620+0000] {logging_mixin.py:190} INFO -  Previous state of the Task instance: running
[2025-03-13T04:06:34.622+0000] {logging_mixin.py:190} INFO - Dag name:data_ingestion_gcs_dag queued_at:2025-03-13 04:00:50.872907+00:00
[2025-03-13T04:06:34.636+0000] {logging_mixin.py:190} INFO - Task hostname:b0577ed9eb82 operator:PythonOperator
[2025-03-13T04:06:34.689+0000] {local_task_job_runner.py:266} INFO - Task exited with return code 0
[2025-03-13T04:06:34.722+0000] {local_task_job_runner.py:245} INFO - ::endgroup::
