[2025-03-13T04:07:42.923+0000] {local_task_job_runner.py:123} INFO - ::group::Pre task execution logs
[2025-03-13T04:07:43.032+0000] {taskinstance.py:2614} INFO - Dependencies all met for dep_context=non-requeueable deps ti=<TaskInstance: data_ingestion_gcs_dag.upload_gcs_2023_q4 manual__2025-03-13T04:03:10.585201+00:00 [queued]>
[2025-03-13T04:07:43.117+0000] {taskinstance.py:2614} INFO - Dependencies all met for dep_context=requeueable deps ti=<TaskInstance: data_ingestion_gcs_dag.upload_gcs_2023_q4 manual__2025-03-13T04:03:10.585201+00:00 [queued]>
[2025-03-13T04:07:43.123+0000] {taskinstance.py:2867} INFO - Starting attempt 1 of 2
[2025-03-13T04:07:43.211+0000] {taskinstance.py:2890} INFO - Executing <Task(PythonOperator): upload_gcs_2023_q4> on 2025-03-13 04:03:10.585201+00:00
[2025-03-13T04:07:43.232+0000] {warnings.py:112} WARNING - /home/***/.local/lib/python3.12/site-packages/***/task/task_runner/standard_task_runner.py:70: DeprecationWarning: This process (pid=1513) is multi-threaded, use of fork() may lead to deadlocks in the child.
  pid = os.fork()

[2025-03-13T04:07:43.241+0000] {standard_task_runner.py:72} INFO - Started process 1528 to run task
[2025-03-13T04:07:43.267+0000] {standard_task_runner.py:104} INFO - Running: ['***', 'tasks', 'run', 'data_ingestion_gcs_dag', 'upload_gcs_2023_q4', 'manual__2025-03-13T04:03:10.585201+00:00', '--job-id', '530', '--raw', '--subdir', 'DAGS_FOLDER/data_ingestion_gcs_dag.py', '--cfg-path', '/tmp/tmpemjgx7pd']
[2025-03-13T04:07:43.273+0000] {standard_task_runner.py:105} INFO - Job 530: Subtask upload_gcs_2023_q4
[2025-03-13T04:07:43.520+0000] {task_command.py:467} INFO - Running <TaskInstance: data_ingestion_gcs_dag.upload_gcs_2023_q4 manual__2025-03-13T04:03:10.585201+00:00 [running]> on host b0577ed9eb82
[2025-03-13T04:07:43.935+0000] {taskinstance.py:3134} INFO - Exporting env vars: AIRFLOW_CTX_DAG_OWNER='***' AIRFLOW_CTX_DAG_ID='data_ingestion_gcs_dag' AIRFLOW_CTX_TASK_ID='upload_gcs_2023_q4' AIRFLOW_CTX_EXECUTION_DATE='2025-03-13T04:03:10.585201+00:00' AIRFLOW_CTX_TRY_NUMBER='1' AIRFLOW_CTX_DAG_RUN_ID='manual__2025-03-13T04:03:10.585201+00:00'
[2025-03-13T04:07:43.941+0000] {logging_mixin.py:190} INFO - Task instance is in running state
[2025-03-13T04:07:43.952+0000] {logging_mixin.py:190} INFO -  Previous state of the Task instance: queued
[2025-03-13T04:07:43.955+0000] {logging_mixin.py:190} INFO - Current task name:upload_gcs_2023_q4 state:running start_date:2025-03-13 04:07:43.033946+00:00
[2025-03-13T04:07:43.957+0000] {logging_mixin.py:190} INFO - Dag name:data_ingestion_gcs_dag and current dag run status:running
[2025-03-13T04:07:43.958+0000] {taskinstance.py:732} INFO - ::endgroup::
[2025-03-13T04:07:51.285+0000] {python.py:240} INFO - Done. Returned value was: None
[2025-03-13T04:07:51.296+0000] {taskinstance.py:341} INFO - ::group::Post task execution logs
[2025-03-13T04:07:51.297+0000] {taskinstance.py:353} INFO - Marking task as SUCCESS. dag_id=data_ingestion_gcs_dag, task_id=upload_gcs_2023_q4, run_id=manual__2025-03-13T04:03:10.585201+00:00, execution_date=20250313T040310, start_date=20250313T040743, end_date=20250313T040751
[2025-03-13T04:07:51.328+0000] {logging_mixin.py:190} INFO - Task instance in success state
[2025-03-13T04:07:51.328+0000] {logging_mixin.py:190} INFO -  Previous state of the Task instance: running
[2025-03-13T04:07:51.330+0000] {logging_mixin.py:190} INFO - Dag name:data_ingestion_gcs_dag queued_at:2025-03-13 04:03:10.603838+00:00
[2025-03-13T04:07:51.331+0000] {logging_mixin.py:190} INFO - Task hostname:b0577ed9eb82 operator:PythonOperator
[2025-03-13T04:07:51.372+0000] {local_task_job_runner.py:266} INFO - Task exited with return code 0
[2025-03-13T04:07:51.414+0000] {taskinstance.py:3901} INFO - 0 downstream tasks scheduled from follow-on schedule check
[2025-03-13T04:07:51.417+0000] {local_task_job_runner.py:245} INFO - ::endgroup::
