[2025-03-16T21:33:35.873+0000] {local_task_job_runner.py:123} INFO - ::group::Pre task execution logs
[2025-03-16T21:33:36.050+0000] {taskinstance.py:2614} INFO - Dependencies all met for dep_context=non-requeueable deps ti=<TaskInstance: data_ingestion_gcs_dag.format_parquet_2023_q4 manual__2025-03-16T21:32:51.604296+00:00 [queued]>
[2025-03-16T21:33:36.112+0000] {taskinstance.py:2614} INFO - Dependencies all met for dep_context=requeueable deps ti=<TaskInstance: data_ingestion_gcs_dag.format_parquet_2023_q4 manual__2025-03-16T21:32:51.604296+00:00 [queued]>
[2025-03-16T21:33:36.114+0000] {taskinstance.py:2867} INFO - Starting attempt 1 of 2
[2025-03-16T21:33:36.185+0000] {taskinstance.py:2890} INFO - Executing <Task(PythonOperator): format_parquet_2023_q4> on 2025-03-16 21:32:51.604296+00:00
[2025-03-16T21:33:36.209+0000] {standard_task_runner.py:104} INFO - Running: ['***', 'tasks', 'run', 'data_ingestion_gcs_dag', 'format_parquet_2023_q4', 'manual__2025-03-16T21:32:51.604296+00:00', '--job-id', '674', '--raw', '--subdir', 'DAGS_FOLDER/data_ingestion_gcs_dag.py', '--cfg-path', '/tmp/tmptiwowe7f']
[2025-03-16T21:33:36.219+0000] {standard_task_runner.py:105} INFO - Job 674: Subtask format_parquet_2023_q4
[2025-03-16T21:33:36.216+0000] {warnings.py:112} WARNING - /home/***/.local/lib/python3.12/site-packages/***/task/task_runner/standard_task_runner.py:70: DeprecationWarning: This process (pid=208) is multi-threaded, use of fork() may lead to deadlocks in the child.
  pid = os.fork()

[2025-03-16T21:33:36.232+0000] {standard_task_runner.py:72} INFO - Started process 217 to run task
[2025-03-16T21:33:36.397+0000] {task_command.py:467} INFO - Running <TaskInstance: data_ingestion_gcs_dag.format_parquet_2023_q4 manual__2025-03-16T21:32:51.604296+00:00 [running]> on host 5c7a1daace86
[2025-03-16T21:33:36.736+0000] {taskinstance.py:3134} INFO - Exporting env vars: AIRFLOW_CTX_DAG_OWNER='***' AIRFLOW_CTX_DAG_ID='data_ingestion_gcs_dag' AIRFLOW_CTX_TASK_ID='format_parquet_2023_q4' AIRFLOW_CTX_EXECUTION_DATE='2025-03-16T21:32:51.604296+00:00' AIRFLOW_CTX_TRY_NUMBER='1' AIRFLOW_CTX_DAG_RUN_ID='manual__2025-03-16T21:32:51.604296+00:00'
[2025-03-16T21:33:36.742+0000] {logging_mixin.py:190} INFO - Task instance is in running state
[2025-03-16T21:33:36.743+0000] {logging_mixin.py:190} INFO -  Previous state of the Task instance: queued
[2025-03-16T21:33:36.745+0000] {logging_mixin.py:190} INFO - Current task name:format_parquet_2023_q4 state:running start_date:2025-03-16 21:33:36.073458+00:00
[2025-03-16T21:33:36.745+0000] {logging_mixin.py:190} INFO - Dag name:data_ingestion_gcs_dag and current dag run status:running
[2025-03-16T21:33:36.746+0000] {taskinstance.py:732} INFO - ::endgroup::
[2025-03-16T21:33:38.328+0000] {data_ingestion_gcs_dag.py:67} INFO - Converted indego-trips-2023-q4.csv to /opt/***/indego-trips-2023-q4.parquet
[2025-03-16T21:33:38.329+0000] {python.py:240} INFO - Done. Returned value was: None
[2025-03-16T21:33:38.381+0000] {taskinstance.py:341} INFO - ::group::Post task execution logs
[2025-03-16T21:33:38.382+0000] {taskinstance.py:353} INFO - Marking task as SUCCESS. dag_id=data_ingestion_gcs_dag, task_id=format_parquet_2023_q4, run_id=manual__2025-03-16T21:32:51.604296+00:00, execution_date=20250316T213251, start_date=20250316T213336, end_date=20250316T213338
[2025-03-16T21:33:38.624+0000] {logging_mixin.py:190} INFO - Task instance in success state
[2025-03-16T21:33:38.647+0000] {logging_mixin.py:190} INFO -  Previous state of the Task instance: running
[2025-03-16T21:33:38.653+0000] {logging_mixin.py:190} INFO - Dag name:data_ingestion_gcs_dag queued_at:2025-03-16 21:32:52.596176+00:00
[2025-03-16T21:33:38.657+0000] {logging_mixin.py:190} INFO - Task hostname:5c7a1daace86 operator:PythonOperator
[2025-03-16T21:33:38.753+0000] {local_task_job_runner.py:266} INFO - Task exited with return code 0
[2025-03-16T21:33:38.798+0000] {local_task_job_runner.py:245} INFO - ::endgroup::
