[2025-03-16T17:53:11.994+0000] {local_task_job_runner.py:123} INFO - ::group::Pre task execution logs
[2025-03-16T17:53:12.040+0000] {taskinstance.py:2614} INFO - Dependencies all met for dep_context=non-requeueable deps ti=<TaskInstance: data_ingestion_gcs_dag.format_parquet_2024_q1 scheduled__2025-03-15T00:00:00+00:00 [queued]>
[2025-03-16T17:53:12.065+0000] {taskinstance.py:2614} INFO - Dependencies all met for dep_context=requeueable deps ti=<TaskInstance: data_ingestion_gcs_dag.format_parquet_2024_q1 scheduled__2025-03-15T00:00:00+00:00 [queued]>
[2025-03-16T17:53:12.067+0000] {taskinstance.py:2867} INFO - Starting attempt 1 of 2
[2025-03-16T17:53:12.106+0000] {taskinstance.py:2890} INFO - Executing <Task(PythonOperator): format_parquet_2024_q1> on 2025-03-15 00:00:00+00:00
[2025-03-16T17:53:12.118+0000] {warnings.py:112} WARNING - /home/***/.local/lib/python3.12/site-packages/***/task/task_runner/standard_task_runner.py:70: DeprecationWarning: This process (pid=338) is multi-threaded, use of fork() may lead to deadlocks in the child.
  pid = os.fork()

[2025-03-16T17:53:12.124+0000] {standard_task_runner.py:104} INFO - Running: ['***', 'tasks', 'run', 'data_ingestion_gcs_dag', 'format_parquet_2024_q1', 'scheduled__2025-03-15T00:00:00+00:00', '--job-id', '655', '--raw', '--subdir', 'DAGS_FOLDER/data_ingestion_gcs_dag.py', '--cfg-path', '/tmp/tmp1kagbpn1']
[2025-03-16T17:53:12.130+0000] {standard_task_runner.py:72} INFO - Started process 355 to run task
[2025-03-16T17:53:12.131+0000] {standard_task_runner.py:105} INFO - Job 655: Subtask format_parquet_2024_q1
[2025-03-16T17:53:12.269+0000] {task_command.py:467} INFO - Running <TaskInstance: data_ingestion_gcs_dag.format_parquet_2024_q1 scheduled__2025-03-15T00:00:00+00:00 [running]> on host b0577ed9eb82
[2025-03-16T17:53:12.647+0000] {taskinstance.py:3134} INFO - Exporting env vars: AIRFLOW_CTX_DAG_OWNER='***' AIRFLOW_CTX_DAG_ID='data_ingestion_gcs_dag' AIRFLOW_CTX_TASK_ID='format_parquet_2024_q1' AIRFLOW_CTX_EXECUTION_DATE='2025-03-15T00:00:00+00:00' AIRFLOW_CTX_TRY_NUMBER='1' AIRFLOW_CTX_DAG_RUN_ID='scheduled__2025-03-15T00:00:00+00:00'
[2025-03-16T17:53:12.650+0000] {logging_mixin.py:190} INFO - Task instance is in running state
[2025-03-16T17:53:12.651+0000] {logging_mixin.py:190} INFO -  Previous state of the Task instance: queued
[2025-03-16T17:53:12.651+0000] {logging_mixin.py:190} INFO - Current task name:format_parquet_2024_q1 state:running start_date:2025-03-16 17:53:12.041894+00:00
[2025-03-16T17:53:12.652+0000] {logging_mixin.py:190} INFO - Dag name:data_ingestion_gcs_dag and current dag run status:running
[2025-03-16T17:53:12.654+0000] {taskinstance.py:732} INFO - ::endgroup::
[2025-03-16T17:53:13.940+0000] {data_ingestion_gcs_dag.py:61} INFO - Converted indego-trips-2024-q1.csv to /opt/***/indego-trips-2024-q1.parquet
[2025-03-16T17:53:13.956+0000] {python.py:240} INFO - Done. Returned value was: None
[2025-03-16T17:53:14.065+0000] {taskinstance.py:341} INFO - ::group::Post task execution logs
[2025-03-16T17:53:14.068+0000] {taskinstance.py:353} INFO - Marking task as SUCCESS. dag_id=data_ingestion_gcs_dag, task_id=format_parquet_2024_q1, run_id=scheduled__2025-03-15T00:00:00+00:00, execution_date=20250315T000000, start_date=20250316T175312, end_date=20250316T175314
[2025-03-16T17:53:14.464+0000] {logging_mixin.py:190} INFO - Task instance in success state
[2025-03-16T17:53:14.465+0000] {logging_mixin.py:190} INFO -  Previous state of the Task instance: running
[2025-03-16T17:53:14.468+0000] {logging_mixin.py:190} INFO - Dag name:data_ingestion_gcs_dag queued_at:2025-03-16 17:52:58.267919+00:00
[2025-03-16T17:53:14.469+0000] {logging_mixin.py:190} INFO - Task hostname:b0577ed9eb82 operator:PythonOperator
[2025-03-16T17:53:14.621+0000] {local_task_job_runner.py:266} INFO - Task exited with return code 0
[2025-03-16T17:53:14.802+0000] {taskinstance.py:3901} INFO - 0 downstream tasks scheduled from follow-on schedule check
[2025-03-16T17:53:14.814+0000] {local_task_job_runner.py:245} INFO - ::endgroup::
[2025-03-16T18:50:38.246+0000] {local_task_job_runner.py:123} INFO - ::group::Pre task execution logs
[2025-03-16T18:50:38.495+0000] {taskinstance.py:2614} INFO - Dependencies all met for dep_context=non-requeueable deps ti=<TaskInstance: data_ingestion_gcs_dag.format_parquet_2024_q1 scheduled__2025-03-15T00:00:00+00:00 [queued]>
[2025-03-16T18:50:38.682+0000] {taskinstance.py:2614} INFO - Dependencies all met for dep_context=requeueable deps ti=<TaskInstance: data_ingestion_gcs_dag.format_parquet_2024_q1 scheduled__2025-03-15T00:00:00+00:00 [queued]>
[2025-03-16T18:50:38.693+0000] {taskinstance.py:2867} INFO - Starting attempt 1 of 2
[2025-03-16T18:50:38.929+0000] {taskinstance.py:2890} INFO - Executing <Task(PythonOperator): format_parquet_2024_q1> on 2025-03-15 00:00:00+00:00
[2025-03-16T18:50:39.053+0000] {standard_task_runner.py:104} INFO - Running: ['***', 'tasks', 'run', 'data_ingestion_gcs_dag', 'format_parquet_2024_q1', 'scheduled__2025-03-15T00:00:00+00:00', '--job-id', '13', '--raw', '--subdir', 'DAGS_FOLDER/data_ingestion_gcs.py', '--cfg-path', '/tmp/tmppmj0emzm']
[2025-03-16T18:50:39.076+0000] {standard_task_runner.py:105} INFO - Job 13: Subtask format_parquet_2024_q1
[2025-03-16T18:50:39.065+0000] {warnings.py:112} WARNING - /home/***/.local/lib/python3.12/site-packages/***/task/task_runner/standard_task_runner.py:70: DeprecationWarning: This process (pid=213) is multi-threaded, use of fork() may lead to deadlocks in the child.
  pid = os.fork()

[2025-03-16T18:50:39.087+0000] {standard_task_runner.py:72} INFO - Started process 250 to run task
[2025-03-16T18:50:39.518+0000] {task_command.py:467} INFO - Running <TaskInstance: data_ingestion_gcs_dag.format_parquet_2024_q1 scheduled__2025-03-15T00:00:00+00:00 [running]> on host ea596c643a9a
[2025-03-16T18:50:40.128+0000] {taskinstance.py:3134} INFO - Exporting env vars: AIRFLOW_CTX_DAG_OWNER='***' AIRFLOW_CTX_DAG_ID='data_ingestion_gcs_dag' AIRFLOW_CTX_TASK_ID='format_parquet_2024_q1' AIRFLOW_CTX_EXECUTION_DATE='2025-03-15T00:00:00+00:00' AIRFLOW_CTX_TRY_NUMBER='1' AIRFLOW_CTX_DAG_RUN_ID='scheduled__2025-03-15T00:00:00+00:00'
[2025-03-16T18:50:40.134+0000] {logging_mixin.py:190} INFO - Task instance is in running state
[2025-03-16T18:50:40.141+0000] {logging_mixin.py:190} INFO -  Previous state of the Task instance: queued
[2025-03-16T18:50:40.147+0000] {logging_mixin.py:190} INFO - Current task name:format_parquet_2024_q1 state:running start_date:2025-03-16 18:50:38.501894+00:00
[2025-03-16T18:50:40.149+0000] {logging_mixin.py:190} INFO - Dag name:data_ingestion_gcs_dag and current dag run status:running
[2025-03-16T18:50:40.150+0000] {taskinstance.py:732} INFO - ::endgroup::
[2025-03-16T18:50:42.070+0000] {data_ingestion_gcs.py:61} INFO - Converted indego-trips-2024-q1.csv to /opt/***/indego-trips-2024-q1.parquet
[2025-03-16T18:50:42.078+0000] {python.py:240} INFO - Done. Returned value was: None
[2025-03-16T18:50:42.132+0000] {taskinstance.py:341} INFO - ::group::Post task execution logs
[2025-03-16T18:50:42.135+0000] {taskinstance.py:353} INFO - Marking task as SUCCESS. dag_id=data_ingestion_gcs_dag, task_id=format_parquet_2024_q1, run_id=scheduled__2025-03-15T00:00:00+00:00, execution_date=20250315T000000, start_date=20250316T185038, end_date=20250316T185042
[2025-03-16T18:50:42.258+0000] {logging_mixin.py:190} INFO - Task instance in success state
[2025-03-16T18:50:42.269+0000] {logging_mixin.py:190} INFO -  Previous state of the Task instance: running
[2025-03-16T18:50:42.277+0000] {logging_mixin.py:190} INFO - Dag name:data_ingestion_gcs_dag queued_at:2025-03-16 18:49:30.868563+00:00
[2025-03-16T18:50:42.286+0000] {logging_mixin.py:190} INFO - Task hostname:ea596c643a9a operator:PythonOperator
[2025-03-16T18:50:42.464+0000] {local_task_job_runner.py:266} INFO - Task exited with return code 0
[2025-03-16T18:50:42.497+0000] {local_task_job_runner.py:245} INFO - ::endgroup::
