[2025-03-16T21:51:55.443+0000] {local_task_job_runner.py:123} INFO - ::group::Pre task execution logs
[2025-03-16T21:51:55.555+0000] {taskinstance.py:2614} INFO - Dependencies all met for dep_context=non-requeueable deps ti=<TaskInstance: data_ingestion_gcs_dag.format_parquet_2024_q3 manual__2025-03-16T21:51:17.045850+00:00 [queued]>
[2025-03-16T21:51:55.594+0000] {taskinstance.py:2614} INFO - Dependencies all met for dep_context=requeueable deps ti=<TaskInstance: data_ingestion_gcs_dag.format_parquet_2024_q3 manual__2025-03-16T21:51:17.045850+00:00 [queued]>
[2025-03-16T21:51:55.601+0000] {taskinstance.py:2867} INFO - Starting attempt 1 of 2
[2025-03-16T21:51:55.658+0000] {taskinstance.py:2890} INFO - Executing <Task(PythonOperator): format_parquet_2024_q3> on 2025-03-16 21:51:17.045850+00:00
[2025-03-16T21:51:55.724+0000] {warnings.py:112} WARNING - /home/***/.local/lib/python3.12/site-packages/***/task/task_runner/standard_task_runner.py:70: DeprecationWarning: This process (pid=644) is multi-threaded, use of fork() may lead to deadlocks in the child.
  pid = os.fork()

[2025-03-16T21:51:55.713+0000] {standard_task_runner.py:104} INFO - Running: ['***', 'tasks', 'run', 'data_ingestion_gcs_dag', 'format_parquet_2024_q3', 'manual__2025-03-16T21:51:17.045850+00:00', '--job-id', '699', '--raw', '--subdir', 'DAGS_FOLDER/data_ingestion_gcs_dag.py', '--cfg-path', '/tmp/tmp3n00atwr']
[2025-03-16T21:51:55.743+0000] {standard_task_runner.py:105} INFO - Job 699: Subtask format_parquet_2024_q3
[2025-03-16T21:51:55.743+0000] {standard_task_runner.py:72} INFO - Started process 705 to run task
[2025-03-16T21:51:55.957+0000] {task_command.py:467} INFO - Running <TaskInstance: data_ingestion_gcs_dag.format_parquet_2024_q3 manual__2025-03-16T21:51:17.045850+00:00 [running]> on host 5c7a1daace86
[2025-03-16T21:51:56.576+0000] {taskinstance.py:3134} INFO - Exporting env vars: AIRFLOW_CTX_DAG_OWNER='***' AIRFLOW_CTX_DAG_ID='data_ingestion_gcs_dag' AIRFLOW_CTX_TASK_ID='format_parquet_2024_q3' AIRFLOW_CTX_EXECUTION_DATE='2025-03-16T21:51:17.045850+00:00' AIRFLOW_CTX_TRY_NUMBER='1' AIRFLOW_CTX_DAG_RUN_ID='manual__2025-03-16T21:51:17.045850+00:00'
[2025-03-16T21:51:56.594+0000] {logging_mixin.py:190} INFO - Task instance is in running state
[2025-03-16T21:51:56.609+0000] {logging_mixin.py:190} INFO -  Previous state of the Task instance: queued
[2025-03-16T21:51:56.611+0000] {logging_mixin.py:190} INFO - Current task name:format_parquet_2024_q3 state:running start_date:2025-03-16 21:51:55.563129+00:00
[2025-03-16T21:51:56.628+0000] {logging_mixin.py:190} INFO - Dag name:data_ingestion_gcs_dag and current dag run status:running
[2025-03-16T21:51:56.642+0000] {taskinstance.py:732} INFO - ::endgroup::
[2025-03-16T21:51:59.577+0000] {data_ingestion_gcs_dag.py:67} INFO - Converted indego-trips-2024-q3.csv to /opt/***/indego-trips-2024-q3.parquet
[2025-03-16T21:51:59.580+0000] {python.py:240} INFO - Done. Returned value was: None
[2025-03-16T21:51:59.602+0000] {taskinstance.py:341} INFO - ::group::Post task execution logs
[2025-03-16T21:51:59.603+0000] {taskinstance.py:353} INFO - Marking task as SUCCESS. dag_id=data_ingestion_gcs_dag, task_id=format_parquet_2024_q3, run_id=manual__2025-03-16T21:51:17.045850+00:00, execution_date=20250316T215117, start_date=20250316T215155, end_date=20250316T215159
[2025-03-16T21:51:59.649+0000] {logging_mixin.py:190} INFO - Task instance in success state
[2025-03-16T21:51:59.650+0000] {logging_mixin.py:190} INFO -  Previous state of the Task instance: running
[2025-03-16T21:51:59.651+0000] {logging_mixin.py:190} INFO - Dag name:data_ingestion_gcs_dag queued_at:2025-03-16 21:51:17.198952+00:00
[2025-03-16T21:51:59.652+0000] {logging_mixin.py:190} INFO - Task hostname:5c7a1daace86 operator:PythonOperator
[2025-03-16T21:51:59.745+0000] {local_task_job_runner.py:266} INFO - Task exited with return code 0
[2025-03-16T21:51:59.898+0000] {taskinstance.py:3901} INFO - 0 downstream tasks scheduled from follow-on schedule check
[2025-03-16T21:51:59.920+0000] {local_task_job_runner.py:245} INFO - ::endgroup::
