[2025-03-16T17:53:15.206+0000] {local_task_job_runner.py:123} INFO - ::group::Pre task execution logs
[2025-03-16T17:53:15.298+0000] {taskinstance.py:2614} INFO - Dependencies all met for dep_context=non-requeueable deps ti=<TaskInstance: data_ingestion_gcs_dag.format_parquet_2023_q4 scheduled__2025-03-15T00:00:00+00:00 [queued]>
[2025-03-16T17:53:15.339+0000] {taskinstance.py:2614} INFO - Dependencies all met for dep_context=requeueable deps ti=<TaskInstance: data_ingestion_gcs_dag.format_parquet_2023_q4 scheduled__2025-03-15T00:00:00+00:00 [queued]>
[2025-03-16T17:53:15.350+0000] {taskinstance.py:2867} INFO - Starting attempt 1 of 2
[2025-03-16T17:53:15.470+0000] {taskinstance.py:2890} INFO - Executing <Task(PythonOperator): format_parquet_2023_q4> on 2025-03-15 00:00:00+00:00
[2025-03-16T17:53:15.492+0000] {warnings.py:112} WARNING - /home/***/.local/lib/python3.12/site-packages/***/task/task_runner/standard_task_runner.py:70: DeprecationWarning: This process (pid=344) is multi-threaded, use of fork() may lead to deadlocks in the child.
  pid = os.fork()

[2025-03-16T17:53:15.495+0000] {standard_task_runner.py:72} INFO - Started process 413 to run task
[2025-03-16T17:53:15.510+0000] {standard_task_runner.py:104} INFO - Running: ['***', 'tasks', 'run', 'data_ingestion_gcs_dag', 'format_parquet_2023_q4', 'scheduled__2025-03-15T00:00:00+00:00', '--job-id', '659', '--raw', '--subdir', 'DAGS_FOLDER/data_ingestion_gcs_dag.py', '--cfg-path', '/tmp/tmpkyw89v0x']
[2025-03-16T17:53:15.515+0000] {standard_task_runner.py:105} INFO - Job 659: Subtask format_parquet_2023_q4
[2025-03-16T17:53:15.626+0000] {task_command.py:467} INFO - Running <TaskInstance: data_ingestion_gcs_dag.format_parquet_2023_q4 scheduled__2025-03-15T00:00:00+00:00 [running]> on host b0577ed9eb82
[2025-03-16T17:53:15.890+0000] {taskinstance.py:3134} INFO - Exporting env vars: AIRFLOW_CTX_DAG_OWNER='***' AIRFLOW_CTX_DAG_ID='data_ingestion_gcs_dag' AIRFLOW_CTX_TASK_ID='format_parquet_2023_q4' AIRFLOW_CTX_EXECUTION_DATE='2025-03-15T00:00:00+00:00' AIRFLOW_CTX_TRY_NUMBER='1' AIRFLOW_CTX_DAG_RUN_ID='scheduled__2025-03-15T00:00:00+00:00'
[2025-03-16T17:53:15.893+0000] {logging_mixin.py:190} INFO - Task instance is in running state
[2025-03-16T17:53:15.894+0000] {logging_mixin.py:190} INFO -  Previous state of the Task instance: queued
[2025-03-16T17:53:15.895+0000] {logging_mixin.py:190} INFO - Current task name:format_parquet_2023_q4 state:running start_date:2025-03-16 17:53:15.300803+00:00
[2025-03-16T17:53:15.895+0000] {logging_mixin.py:190} INFO - Dag name:data_ingestion_gcs_dag and current dag run status:running
[2025-03-16T17:53:15.904+0000] {taskinstance.py:732} INFO - ::endgroup::
[2025-03-16T17:53:16.558+0000] {data_ingestion_gcs_dag.py:61} INFO - Converted indego-trips-2023-q4.csv to /opt/***/indego-trips-2023-q4.parquet
[2025-03-16T17:53:16.559+0000] {python.py:240} INFO - Done. Returned value was: None
[2025-03-16T17:53:16.573+0000] {taskinstance.py:341} INFO - ::group::Post task execution logs
[2025-03-16T17:53:16.573+0000] {taskinstance.py:353} INFO - Marking task as SUCCESS. dag_id=data_ingestion_gcs_dag, task_id=format_parquet_2023_q4, run_id=scheduled__2025-03-15T00:00:00+00:00, execution_date=20250315T000000, start_date=20250316T175315, end_date=20250316T175316
[2025-03-16T17:53:16.603+0000] {logging_mixin.py:190} INFO - Task instance in success state
[2025-03-16T17:53:16.604+0000] {logging_mixin.py:190} INFO -  Previous state of the Task instance: running
[2025-03-16T17:53:16.604+0000] {logging_mixin.py:190} INFO - Dag name:data_ingestion_gcs_dag queued_at:2025-03-16 17:52:58.267919+00:00
[2025-03-16T17:53:16.604+0000] {logging_mixin.py:190} INFO - Task hostname:b0577ed9eb82 operator:PythonOperator
[2025-03-16T17:53:16.634+0000] {local_task_job_runner.py:266} INFO - Task exited with return code 0
[2025-03-16T17:53:16.644+0000] {local_task_job_runner.py:245} INFO - ::endgroup::
[2025-03-16T18:54:58.104+0000] {local_task_job_runner.py:123} INFO - ::group::Pre task execution logs
[2025-03-16T18:54:58.265+0000] {taskinstance.py:2614} INFO - Dependencies all met for dep_context=non-requeueable deps ti=<TaskInstance: data_ingestion_gcs_dag.format_parquet_2023_q4 scheduled__2025-03-15T00:00:00+00:00 [queued]>
[2025-03-16T18:54:58.349+0000] {taskinstance.py:2614} INFO - Dependencies all met for dep_context=requeueable deps ti=<TaskInstance: data_ingestion_gcs_dag.format_parquet_2023_q4 scheduled__2025-03-15T00:00:00+00:00 [queued]>
[2025-03-16T18:54:58.350+0000] {taskinstance.py:2867} INFO - Starting attempt 1 of 2
[2025-03-16T18:54:58.845+0000] {taskinstance.py:2890} INFO - Executing <Task(PythonOperator): format_parquet_2023_q4> on 2025-03-15 00:00:00+00:00
[2025-03-16T18:54:58.919+0000] {warnings.py:112} WARNING - /home/***/.local/lib/python3.12/site-packages/***/task/task_runner/standard_task_runner.py:70: DeprecationWarning: This process (pid=343) is multi-threaded, use of fork() may lead to deadlocks in the child.
  pid = os.fork()

[2025-03-16T18:54:58.926+0000] {standard_task_runner.py:72} INFO - Started process 359 to run task
[2025-03-16T18:54:58.939+0000] {standard_task_runner.py:104} INFO - Running: ['***', 'tasks', 'run', 'data_ingestion_gcs_dag', 'format_parquet_2023_q4', 'scheduled__2025-03-15T00:00:00+00:00', '--job-id', '20', '--raw', '--subdir', 'DAGS_FOLDER/data_ingestion_gcs.py', '--cfg-path', '/tmp/tmp4g4szjxx']
[2025-03-16T18:54:58.943+0000] {standard_task_runner.py:105} INFO - Job 20: Subtask format_parquet_2023_q4
[2025-03-16T18:54:59.209+0000] {task_command.py:467} INFO - Running <TaskInstance: data_ingestion_gcs_dag.format_parquet_2023_q4 scheduled__2025-03-15T00:00:00+00:00 [running]> on host ea596c643a9a
[2025-03-16T18:54:59.830+0000] {taskinstance.py:3134} INFO - Exporting env vars: AIRFLOW_CTX_DAG_OWNER='***' AIRFLOW_CTX_DAG_ID='data_ingestion_gcs_dag' AIRFLOW_CTX_TASK_ID='format_parquet_2023_q4' AIRFLOW_CTX_EXECUTION_DATE='2025-03-15T00:00:00+00:00' AIRFLOW_CTX_TRY_NUMBER='1' AIRFLOW_CTX_DAG_RUN_ID='scheduled__2025-03-15T00:00:00+00:00'
[2025-03-16T18:54:59.833+0000] {logging_mixin.py:190} INFO - Task instance is in running state
[2025-03-16T18:54:59.863+0000] {logging_mixin.py:190} INFO -  Previous state of the Task instance: queued
[2025-03-16T18:54:59.882+0000] {logging_mixin.py:190} INFO - Current task name:format_parquet_2023_q4 state:running start_date:2025-03-16 18:54:58.297176+00:00
[2025-03-16T18:54:59.892+0000] {logging_mixin.py:190} INFO - Dag name:data_ingestion_gcs_dag and current dag run status:running
[2025-03-16T18:54:59.908+0000] {taskinstance.py:732} INFO - ::endgroup::
[2025-03-16T18:55:03.521+0000] {data_ingestion_gcs.py:61} INFO - Converted indego-trips-2023-q4.csv to /opt/***/indego-trips-2023-q4.parquet
[2025-03-16T18:55:03.577+0000] {python.py:240} INFO - Done. Returned value was: None
[2025-03-16T18:55:03.650+0000] {taskinstance.py:341} INFO - ::group::Post task execution logs
[2025-03-16T18:55:03.676+0000] {taskinstance.py:353} INFO - Marking task as SUCCESS. dag_id=data_ingestion_gcs_dag, task_id=format_parquet_2023_q4, run_id=scheduled__2025-03-15T00:00:00+00:00, execution_date=20250315T000000, start_date=20250316T185458, end_date=20250316T185503
[2025-03-16T18:55:03.941+0000] {logging_mixin.py:190} INFO - Task instance in success state
[2025-03-16T18:55:03.945+0000] {logging_mixin.py:190} INFO -  Previous state of the Task instance: running
[2025-03-16T18:55:03.949+0000] {logging_mixin.py:190} INFO - Dag name:data_ingestion_gcs_dag queued_at:2025-03-16 18:49:30.868563+00:00
[2025-03-16T18:55:03.950+0000] {logging_mixin.py:190} INFO - Task hostname:ea596c643a9a operator:PythonOperator
[2025-03-16T18:55:04.086+0000] {local_task_job_runner.py:266} INFO - Task exited with return code 0
[2025-03-16T18:55:04.193+0000] {taskinstance.py:3901} INFO - 0 downstream tasks scheduled from follow-on schedule check
[2025-03-16T18:55:04.206+0000] {local_task_job_runner.py:245} INFO - ::endgroup::
