[2025-03-13T04:06:28.838+0000] {local_task_job_runner.py:123} INFO - ::group::Pre task execution logs
[2025-03-13T04:06:28.909+0000] {taskinstance.py:2614} INFO - Dependencies all met for dep_context=non-requeueable deps ti=<TaskInstance: data_ingestion_gcs_dag.format_parquet_2023_q1 manual__2025-03-13T04:00:50.830640+00:00 [queued]>
[2025-03-13T04:06:28.952+0000] {taskinstance.py:2614} INFO - Dependencies all met for dep_context=requeueable deps ti=<TaskInstance: data_ingestion_gcs_dag.format_parquet_2023_q1 manual__2025-03-13T04:00:50.830640+00:00 [queued]>
[2025-03-13T04:06:28.957+0000] {taskinstance.py:2867} INFO - Starting attempt 2 of 2
[2025-03-13T04:06:29.015+0000] {taskinstance.py:2890} INFO - Executing <Task(PythonOperator): format_parquet_2023_q1> on 2025-03-13 04:00:50.830640+00:00
[2025-03-13T04:06:29.041+0000] {warnings.py:112} WARNING - /home/***/.local/lib/python3.12/site-packages/***/task/task_runner/standard_task_runner.py:70: DeprecationWarning: This process (pid=1181) is multi-threaded, use of fork() may lead to deadlocks in the child.
  pid = os.fork()

[2025-03-13T04:06:29.054+0000] {standard_task_runner.py:72} INFO - Started process 1207 to run task
[2025-03-13T04:06:29.058+0000] {standard_task_runner.py:104} INFO - Running: ['***', 'tasks', 'run', 'data_ingestion_gcs_dag', 'format_parquet_2023_q1', 'manual__2025-03-13T04:00:50.830640+00:00', '--job-id', '496', '--raw', '--subdir', 'DAGS_FOLDER/data_ingestion_gcs_dag.py', '--cfg-path', '/tmp/tmp8l3xt8fr']
[2025-03-13T04:06:29.065+0000] {standard_task_runner.py:105} INFO - Job 496: Subtask format_parquet_2023_q1
[2025-03-13T04:06:29.227+0000] {task_command.py:467} INFO - Running <TaskInstance: data_ingestion_gcs_dag.format_parquet_2023_q1 manual__2025-03-13T04:00:50.830640+00:00 [running]> on host b0577ed9eb82
[2025-03-13T04:06:29.723+0000] {taskinstance.py:3134} INFO - Exporting env vars: AIRFLOW_CTX_DAG_OWNER='***' AIRFLOW_CTX_DAG_ID='data_ingestion_gcs_dag' AIRFLOW_CTX_TASK_ID='format_parquet_2023_q1' AIRFLOW_CTX_EXECUTION_DATE='2025-03-13T04:00:50.830640+00:00' AIRFLOW_CTX_TRY_NUMBER='2' AIRFLOW_CTX_DAG_RUN_ID='manual__2025-03-13T04:00:50.830640+00:00'
[2025-03-13T04:06:29.728+0000] {logging_mixin.py:190} INFO - Task instance is in running state
[2025-03-13T04:06:29.734+0000] {logging_mixin.py:190} INFO -  Previous state of the Task instance: queued
[2025-03-13T04:06:29.736+0000] {logging_mixin.py:190} INFO - Current task name:format_parquet_2023_q1 state:running start_date:2025-03-13 04:06:28.911065+00:00
[2025-03-13T04:06:29.738+0000] {logging_mixin.py:190} INFO - Dag name:data_ingestion_gcs_dag and current dag run status:running
[2025-03-13T04:06:29.743+0000] {taskinstance.py:732} INFO - ::endgroup::
[2025-03-13T04:06:30.556+0000] {data_ingestion_gcs_dag.py:58} INFO - Converted indego-trips-2023-q1.csv to /opt/***/indego-trips-2023-q1.parquet
[2025-03-13T04:06:30.560+0000] {python.py:240} INFO - Done. Returned value was: None
[2025-03-13T04:06:30.584+0000] {taskinstance.py:341} INFO - ::group::Post task execution logs
[2025-03-13T04:06:30.586+0000] {taskinstance.py:353} INFO - Marking task as SUCCESS. dag_id=data_ingestion_gcs_dag, task_id=format_parquet_2023_q1, run_id=manual__2025-03-13T04:00:50.830640+00:00, execution_date=20250313T040050, start_date=20250313T040628, end_date=20250313T040630
[2025-03-13T04:06:30.659+0000] {logging_mixin.py:190} INFO - Task instance in success state
[2025-03-13T04:06:30.675+0000] {logging_mixin.py:190} INFO -  Previous state of the Task instance: running
[2025-03-13T04:06:30.688+0000] {logging_mixin.py:190} INFO - Dag name:data_ingestion_gcs_dag queued_at:2025-03-13 04:00:50.872907+00:00
[2025-03-13T04:06:30.690+0000] {logging_mixin.py:190} INFO - Task hostname:b0577ed9eb82 operator:PythonOperator
[2025-03-13T04:06:30.797+0000] {local_task_job_runner.py:266} INFO - Task exited with return code 0
[2025-03-13T04:06:30.911+0000] {taskinstance.py:3901} INFO - 1 downstream tasks scheduled from follow-on schedule check
[2025-03-13T04:06:30.917+0000] {local_task_job_runner.py:245} INFO - ::endgroup::
