[2025-03-13T03:53:05.973+0000] {local_task_job_runner.py:123} INFO - ::group::Pre task execution logs
[2025-03-13T03:53:06.292+0000] {taskinstance.py:2614} INFO - Dependencies all met for dep_context=non-requeueable deps ti=<TaskInstance: data_ingestion_gcs_dag.format_parquet_2025_q1 manual__2025-03-13T03:52:32.009969+00:00 [queued]>
[2025-03-13T03:53:06.423+0000] {taskinstance.py:2614} INFO - Dependencies all met for dep_context=requeueable deps ti=<TaskInstance: data_ingestion_gcs_dag.format_parquet_2025_q1 manual__2025-03-13T03:52:32.009969+00:00 [queued]>
[2025-03-13T03:53:06.437+0000] {taskinstance.py:2867} INFO - Starting attempt 1 of 2
[2025-03-13T03:53:06.533+0000] {taskinstance.py:2890} INFO - Executing <Task(PythonOperator): format_parquet_2025_q1> on 2025-03-13 03:52:32.009969+00:00
[2025-03-13T03:53:06.571+0000] {warnings.py:112} WARNING - /home/***/.local/lib/python3.12/site-packages/***/task/task_runner/standard_task_runner.py:70: DeprecationWarning: This process (pid=618) is multi-threaded, use of fork() may lead to deadlocks in the child.
  pid = os.fork()

[2025-03-13T03:53:06.576+0000] {standard_task_runner.py:72} INFO - Started process 642 to run task
[2025-03-13T03:53:06.588+0000] {standard_task_runner.py:104} INFO - Running: ['***', 'tasks', 'run', 'data_ingestion_gcs_dag', 'format_parquet_2025_q1', 'manual__2025-03-13T03:52:32.009969+00:00', '--job-id', '461', '--raw', '--subdir', 'DAGS_FOLDER/data_ingestion_gcs_dag.py', '--cfg-path', '/tmp/tmpph23obxf']
[2025-03-13T03:53:06.608+0000] {standard_task_runner.py:105} INFO - Job 461: Subtask format_parquet_2025_q1
[2025-03-13T03:53:06.820+0000] {task_command.py:467} INFO - Running <TaskInstance: data_ingestion_gcs_dag.format_parquet_2025_q1 manual__2025-03-13T03:52:32.009969+00:00 [running]> on host b0577ed9eb82
[2025-03-13T03:53:07.282+0000] {taskinstance.py:3134} INFO - Exporting env vars: AIRFLOW_CTX_DAG_OWNER='***' AIRFLOW_CTX_DAG_ID='data_ingestion_gcs_dag' AIRFLOW_CTX_TASK_ID='format_parquet_2025_q1' AIRFLOW_CTX_EXECUTION_DATE='2025-03-13T03:52:32.009969+00:00' AIRFLOW_CTX_TRY_NUMBER='1' AIRFLOW_CTX_DAG_RUN_ID='manual__2025-03-13T03:52:32.009969+00:00'
[2025-03-13T03:53:07.294+0000] {logging_mixin.py:190} INFO - Task instance is in running state
[2025-03-13T03:53:07.300+0000] {logging_mixin.py:190} INFO -  Previous state of the Task instance: queued
[2025-03-13T03:53:07.301+0000] {logging_mixin.py:190} INFO - Current task name:format_parquet_2025_q1 state:running start_date:2025-03-13 03:53:06.322394+00:00
[2025-03-13T03:53:07.302+0000] {logging_mixin.py:190} INFO - Dag name:data_ingestion_gcs_dag and current dag run status:running
[2025-03-13T03:53:07.304+0000] {taskinstance.py:732} INFO - ::endgroup::
[2025-03-13T03:53:07.309+0000] {data_ingestion_gcs_dag.py:71} ERROR - Invalid ZIP file: /opt/***/indego-trips-2025-q1.zip
[2025-03-13T03:53:07.321+0000] {python.py:240} INFO - Done. Returned value was: None
[2025-03-13T03:53:07.353+0000] {taskinstance.py:341} INFO - ::group::Post task execution logs
[2025-03-13T03:53:07.357+0000] {taskinstance.py:353} INFO - Marking task as SUCCESS. dag_id=data_ingestion_gcs_dag, task_id=format_parquet_2025_q1, run_id=manual__2025-03-13T03:52:32.009969+00:00, execution_date=20250313T035232, start_date=20250313T035306, end_date=20250313T035307
[2025-03-13T03:53:07.461+0000] {logging_mixin.py:190} INFO - Task instance in success state
[2025-03-13T03:53:07.465+0000] {logging_mixin.py:190} INFO -  Previous state of the Task instance: running
[2025-03-13T03:53:07.486+0000] {logging_mixin.py:190} INFO - Dag name:data_ingestion_gcs_dag queued_at:2025-03-13 03:52:32.040402+00:00
[2025-03-13T03:53:07.490+0000] {logging_mixin.py:190} INFO - Task hostname:b0577ed9eb82 operator:PythonOperator
[2025-03-13T03:53:07.541+0000] {local_task_job_runner.py:266} INFO - Task exited with return code 0
[2025-03-13T03:53:07.688+0000] {taskinstance.py:3901} INFO - 1 downstream tasks scheduled from follow-on schedule check
[2025-03-13T03:53:07.712+0000] {local_task_job_runner.py:245} INFO - ::endgroup::
