[2025-03-13T04:34:25.397+0000] {local_task_job_runner.py:123} INFO - ::group::Pre task execution logs
[2025-03-13T04:34:25.446+0000] {taskinstance.py:2614} INFO - Dependencies all met for dep_context=non-requeueable deps ti=<TaskInstance: data_ingestion_gcs_dag.upload_indego_station manual__2025-03-13T04:29:56.060629+00:00 [queued]>
[2025-03-13T04:34:25.471+0000] {taskinstance.py:2614} INFO - Dependencies all met for dep_context=requeueable deps ti=<TaskInstance: data_ingestion_gcs_dag.upload_indego_station manual__2025-03-13T04:29:56.060629+00:00 [queued]>
[2025-03-13T04:34:25.472+0000] {taskinstance.py:2867} INFO - Starting attempt 1 of 2
[2025-03-13T04:34:25.496+0000] {taskinstance.py:2890} INFO - Executing <Task(PythonOperator): upload_indego_station> on 2025-03-13 04:29:56.060629+00:00
[2025-03-13T04:34:25.506+0000] {warnings.py:112} WARNING - /home/***/.local/lib/python3.12/site-packages/***/task/task_runner/standard_task_runner.py:70: DeprecationWarning: This process (pid=2254) is multi-threaded, use of fork() may lead to deadlocks in the child.
  pid = os.fork()

[2025-03-13T04:34:25.509+0000] {standard_task_runner.py:72} INFO - Started process 2256 to run task
[2025-03-13T04:34:25.510+0000] {standard_task_runner.py:104} INFO - Running: ['***', 'tasks', 'run', 'data_ingestion_gcs_dag', 'upload_indego_station', 'manual__2025-03-13T04:29:56.060629+00:00', '--job-id', '573', '--raw', '--subdir', 'DAGS_FOLDER/data_ingestion_gcs_dag.py', '--cfg-path', '/tmp/tmpu9e4k3cw']
[2025-03-13T04:34:25.512+0000] {standard_task_runner.py:105} INFO - Job 573: Subtask upload_indego_station
[2025-03-13T04:34:25.593+0000] {task_command.py:467} INFO - Running <TaskInstance: data_ingestion_gcs_dag.upload_indego_station manual__2025-03-13T04:29:56.060629+00:00 [running]> on host b0577ed9eb82
[2025-03-13T04:34:25.739+0000] {taskinstance.py:3134} INFO - Exporting env vars: AIRFLOW_CTX_DAG_OWNER='***' AIRFLOW_CTX_DAG_ID='data_ingestion_gcs_dag' AIRFLOW_CTX_TASK_ID='upload_indego_station' AIRFLOW_CTX_EXECUTION_DATE='2025-03-13T04:29:56.060629+00:00' AIRFLOW_CTX_TRY_NUMBER='1' AIRFLOW_CTX_DAG_RUN_ID='manual__2025-03-13T04:29:56.060629+00:00'
[2025-03-13T04:34:25.743+0000] {logging_mixin.py:190} INFO - Task instance is in running state
[2025-03-13T04:34:25.743+0000] {logging_mixin.py:190} INFO -  Previous state of the Task instance: queued
[2025-03-13T04:34:25.744+0000] {logging_mixin.py:190} INFO - Current task name:upload_indego_station state:running start_date:2025-03-13 04:34:25.447015+00:00
[2025-03-13T04:34:25.745+0000] {logging_mixin.py:190} INFO - Dag name:data_ingestion_gcs_dag and current dag run status:running
[2025-03-13T04:34:25.745+0000] {taskinstance.py:732} INFO - ::endgroup::
[2025-03-13T04:34:27.264+0000] {python.py:240} INFO - Done. Returned value was: None
[2025-03-13T04:34:27.279+0000] {taskinstance.py:341} INFO - ::group::Post task execution logs
[2025-03-13T04:34:27.280+0000] {taskinstance.py:353} INFO - Marking task as SUCCESS. dag_id=data_ingestion_gcs_dag, task_id=upload_indego_station, run_id=manual__2025-03-13T04:29:56.060629+00:00, execution_date=20250313T042956, start_date=20250313T043425, end_date=20250313T043427
[2025-03-13T04:34:27.318+0000] {logging_mixin.py:190} INFO - Task instance in success state
[2025-03-13T04:34:27.320+0000] {logging_mixin.py:190} INFO -  Previous state of the Task instance: running
[2025-03-13T04:34:27.321+0000] {logging_mixin.py:190} INFO - Dag name:data_ingestion_gcs_dag queued_at:2025-03-13 04:29:56.110489+00:00
[2025-03-13T04:34:27.322+0000] {logging_mixin.py:190} INFO - Task hostname:b0577ed9eb82 operator:PythonOperator
[2025-03-13T04:34:27.373+0000] {local_task_job_runner.py:266} INFO - Task exited with return code 0
[2025-03-13T04:34:27.399+0000] {taskinstance.py:3901} INFO - 0 downstream tasks scheduled from follow-on schedule check
[2025-03-13T04:34:27.402+0000] {local_task_job_runner.py:245} INFO - ::endgroup::
