[2025-03-16T17:53:03.875+0000] {local_task_job_runner.py:123} INFO - ::group::Pre task execution logs
[2025-03-16T17:53:03.921+0000] {taskinstance.py:2614} INFO - Dependencies all met for dep_context=non-requeueable deps ti=<TaskInstance: data_ingestion_gcs_dag.download_2023_q4 scheduled__2025-03-15T00:00:00+00:00 [queued]>
[2025-03-16T17:53:03.945+0000] {taskinstance.py:2614} INFO - Dependencies all met for dep_context=requeueable deps ti=<TaskInstance: data_ingestion_gcs_dag.download_2023_q4 scheduled__2025-03-15T00:00:00+00:00 [queued]>
[2025-03-16T17:53:03.947+0000] {taskinstance.py:2867} INFO - Starting attempt 1 of 2
[2025-03-16T17:53:03.983+0000] {taskinstance.py:2890} INFO - Executing <Task(BashOperator): download_2023_q4> on 2025-03-15 00:00:00+00:00
[2025-03-16T17:53:04.001+0000] {warnings.py:112} WARNING - /home/***/.local/lib/python3.12/site-packages/***/task/task_runner/standard_task_runner.py:70: DeprecationWarning: This process (pid=273) is multi-threaded, use of fork() may lead to deadlocks in the child.
  pid = os.fork()

[2025-03-16T17:53:04.006+0000] {standard_task_runner.py:72} INFO - Started process 309 to run task
[2025-03-16T17:53:04.026+0000] {standard_task_runner.py:104} INFO - Running: ['***', 'tasks', 'run', 'data_ingestion_gcs_dag', 'download_2023_q4', 'scheduled__2025-03-15T00:00:00+00:00', '--job-id', '651', '--raw', '--subdir', 'DAGS_FOLDER/data_ingestion_gcs_dag.py', '--cfg-path', '/tmp/tmp110dcpc3']
[2025-03-16T17:53:04.033+0000] {standard_task_runner.py:105} INFO - Job 651: Subtask download_2023_q4
[2025-03-16T17:53:04.191+0000] {task_command.py:467} INFO - Running <TaskInstance: data_ingestion_gcs_dag.download_2023_q4 scheduled__2025-03-15T00:00:00+00:00 [running]> on host b0577ed9eb82
[2025-03-16T17:53:04.498+0000] {taskinstance.py:3134} INFO - Exporting env vars: AIRFLOW_CTX_DAG_OWNER='***' AIRFLOW_CTX_DAG_ID='data_ingestion_gcs_dag' AIRFLOW_CTX_TASK_ID='download_2023_q4' AIRFLOW_CTX_EXECUTION_DATE='2025-03-15T00:00:00+00:00' AIRFLOW_CTX_TRY_NUMBER='1' AIRFLOW_CTX_DAG_RUN_ID='scheduled__2025-03-15T00:00:00+00:00'
[2025-03-16T17:53:04.501+0000] {logging_mixin.py:190} INFO - Task instance is in running state
[2025-03-16T17:53:04.522+0000] {logging_mixin.py:190} INFO -  Previous state of the Task instance: queued
[2025-03-16T17:53:04.524+0000] {logging_mixin.py:190} INFO - Current task name:download_2023_q4 state:running start_date:2025-03-16 17:53:03.922296+00:00
[2025-03-16T17:53:04.525+0000] {logging_mixin.py:190} INFO - Dag name:data_ingestion_gcs_dag and current dag run status:running
[2025-03-16T17:53:04.531+0000] {taskinstance.py:732} INFO - ::endgroup::
[2025-03-16T17:53:04.535+0000] {subprocess.py:78} INFO - Tmp dir root location: /tmp
[2025-03-16T17:53:04.539+0000] {subprocess.py:88} INFO - Running command: ['/usr/bin/bash', '-c', 'curl -sSL -o /opt/***/indego-trips-2023-q4.zip https://www.rideindego.com/wp-content/uploads/2024/01/indego-trips-2023-q4.zip && ls -lh /opt/***/indego-trips-2023-q4.zip']
[2025-03-16T17:53:04.560+0000] {subprocess.py:99} INFO - Output:
[2025-03-16T17:53:06.951+0000] {subprocess.py:106} INFO - -rw-rw-r-- 1 default root 5.4M Mar 16 17:53 /opt/***/indego-trips-2023-q4.zip
[2025-03-16T17:53:06.960+0000] {subprocess.py:110} INFO - Command exited with return code 0
[2025-03-16T17:53:07.038+0000] {taskinstance.py:341} INFO - ::group::Post task execution logs
[2025-03-16T17:53:07.039+0000] {taskinstance.py:353} INFO - Marking task as SUCCESS. dag_id=data_ingestion_gcs_dag, task_id=download_2023_q4, run_id=scheduled__2025-03-15T00:00:00+00:00, execution_date=20250315T000000, start_date=20250316T175303, end_date=20250316T175307
[2025-03-16T17:53:07.210+0000] {logging_mixin.py:190} INFO - Task instance in success state
[2025-03-16T17:53:07.211+0000] {logging_mixin.py:190} INFO -  Previous state of the Task instance: running
[2025-03-16T17:53:07.212+0000] {logging_mixin.py:190} INFO - Dag name:data_ingestion_gcs_dag queued_at:2025-03-16 17:52:58.267919+00:00
[2025-03-16T17:53:07.213+0000] {logging_mixin.py:190} INFO - Task hostname:b0577ed9eb82 operator:BashOperator
[2025-03-16T17:53:07.273+0000] {local_task_job_runner.py:266} INFO - Task exited with return code 0
[2025-03-16T17:53:07.394+0000] {taskinstance.py:3901} INFO - 1 downstream tasks scheduled from follow-on schedule check
[2025-03-16T17:53:07.405+0000] {local_task_job_runner.py:245} INFO - ::endgroup::
