[2025-03-16T21:58:58.648+0000] {local_task_job_runner.py:123} INFO - ::group::Pre task execution logs
[2025-03-16T21:58:58.713+0000] {taskinstance.py:2614} INFO - Dependencies all met for dep_context=non-requeueable deps ti=<TaskInstance: data_ingestion_gcs_dag.merge_all_trips manual__2025-03-16T21:57:44.781145+00:00 [queued]>
[2025-03-16T21:58:58.752+0000] {taskinstance.py:2614} INFO - Dependencies all met for dep_context=requeueable deps ti=<TaskInstance: data_ingestion_gcs_dag.merge_all_trips manual__2025-03-16T21:57:44.781145+00:00 [queued]>
[2025-03-16T21:58:58.754+0000] {taskinstance.py:2867} INFO - Starting attempt 1 of 2
[2025-03-16T21:58:58.784+0000] {taskinstance.py:2890} INFO - Executing <Task(PythonOperator): merge_all_trips> on 2025-03-16 21:57:44.781145+00:00
[2025-03-16T21:58:58.798+0000] {warnings.py:112} WARNING - /home/***/.local/lib/python3.12/site-packages/***/task/task_runner/standard_task_runner.py:70: DeprecationWarning: This process (pid=1053) is multi-threaded, use of fork() may lead to deadlocks in the child.
  pid = os.fork()

[2025-03-16T21:58:58.801+0000] {standard_task_runner.py:72} INFO - Started process 1055 to run task
[2025-03-16T21:58:58.800+0000] {standard_task_runner.py:104} INFO - Running: ['***', 'tasks', 'run', 'data_ingestion_gcs_dag', 'merge_all_trips', 'manual__2025-03-16T21:57:44.781145+00:00', '--job-id', '725', '--raw', '--subdir', 'DAGS_FOLDER/data_ingestion_gcs_dag.py', '--cfg-path', '/tmp/tmp6h0rbvy1']
[2025-03-16T21:58:58.802+0000] {standard_task_runner.py:105} INFO - Job 725: Subtask merge_all_trips
[2025-03-16T21:58:58.897+0000] {task_command.py:467} INFO - Running <TaskInstance: data_ingestion_gcs_dag.merge_all_trips manual__2025-03-16T21:57:44.781145+00:00 [running]> on host 5c7a1daace86
[2025-03-16T21:58:59.051+0000] {taskinstance.py:3134} INFO - Exporting env vars: AIRFLOW_CTX_DAG_OWNER='***' AIRFLOW_CTX_DAG_ID='data_ingestion_gcs_dag' AIRFLOW_CTX_TASK_ID='merge_all_trips' AIRFLOW_CTX_EXECUTION_DATE='2025-03-16T21:57:44.781145+00:00' AIRFLOW_CTX_TRY_NUMBER='1' AIRFLOW_CTX_DAG_RUN_ID='manual__2025-03-16T21:57:44.781145+00:00'
[2025-03-16T21:58:59.053+0000] {logging_mixin.py:190} INFO - Task instance is in running state
[2025-03-16T21:58:59.054+0000] {logging_mixin.py:190} INFO -  Previous state of the Task instance: queued
[2025-03-16T21:58:59.054+0000] {logging_mixin.py:190} INFO - Current task name:merge_all_trips state:running start_date:2025-03-16 21:58:58.714764+00:00
[2025-03-16T21:58:59.055+0000] {logging_mixin.py:190} INFO - Dag name:data_ingestion_gcs_dag and current dag run status:running
[2025-03-16T21:58:59.056+0000] {taskinstance.py:732} INFO - ::endgroup::
[2025-03-16T21:59:21.487+0000] {data_ingestion_gcs_dag.py:82} INFO - Uploaded /opt/***/indego_all_trips.parquet to gs://<Bucket: kestra-de-zoomcamp-bucket-kelly>/raw/indego_all_trips.parquet
[2025-03-16T21:59:21.488+0000] {data_ingestion_gcs_dag.py:126} INFO - Merged all trip files into a single Parquet file and uploaded to GCS.
[2025-03-16T21:59:21.500+0000] {python.py:240} INFO - Done. Returned value was: None
[2025-03-16T21:59:21.520+0000] {taskinstance.py:341} INFO - ::group::Post task execution logs
[2025-03-16T21:59:21.521+0000] {taskinstance.py:353} INFO - Marking task as SUCCESS. dag_id=data_ingestion_gcs_dag, task_id=merge_all_trips, run_id=manual__2025-03-16T21:57:44.781145+00:00, execution_date=20250316T215744, start_date=20250316T215858, end_date=20250316T215921
[2025-03-16T21:59:21.575+0000] {logging_mixin.py:190} INFO - Task instance in success state
[2025-03-16T21:59:21.576+0000] {logging_mixin.py:190} INFO -  Previous state of the Task instance: running
[2025-03-16T21:59:21.577+0000] {logging_mixin.py:190} INFO - Dag name:data_ingestion_gcs_dag queued_at:2025-03-16 21:57:44.854634+00:00
[2025-03-16T21:59:21.578+0000] {logging_mixin.py:190} INFO - Task hostname:5c7a1daace86 operator:PythonOperator
[2025-03-16T21:59:21.709+0000] {local_task_job_runner.py:266} INFO - Task exited with return code 0
[2025-03-16T21:59:21.784+0000] {taskinstance.py:3901} INFO - 1 downstream tasks scheduled from follow-on schedule check
[2025-03-16T21:59:21.788+0000] {local_task_job_runner.py:245} INFO - ::endgroup::
