[2025-03-16T21:58:00.678+0000] {local_task_job_runner.py:123} INFO - ::group::Pre task execution logs
[2025-03-16T21:58:00.957+0000] {taskinstance.py:2614} INFO - Dependencies all met for dep_context=non-requeueable deps ti=<TaskInstance: data_ingestion_gcs_dag.download_2023_q3 manual__2025-03-16T21:57:44.781145+00:00 [queued]>
[2025-03-16T21:58:01.099+0000] {taskinstance.py:2614} INFO - Dependencies all met for dep_context=requeueable deps ti=<TaskInstance: data_ingestion_gcs_dag.download_2023_q3 manual__2025-03-16T21:57:44.781145+00:00 [queued]>
[2025-03-16T21:58:01.115+0000] {taskinstance.py:2867} INFO - Starting attempt 1 of 2
[2025-03-16T21:58:01.308+0000] {taskinstance.py:2890} INFO - Executing <Task(BashOperator): download_2023_q3> on 2025-03-16 21:57:44.781145+00:00
[2025-03-16T21:58:01.376+0000] {warnings.py:112} WARNING - /home/***/.local/lib/python3.12/site-packages/***/task/task_runner/standard_task_runner.py:70: DeprecationWarning: This process (pid=852) is multi-threaded, use of fork() may lead to deadlocks in the child.
  pid = os.fork()

[2025-03-16T21:58:01.385+0000] {standard_task_runner.py:72} INFO - Started process 884 to run task
[2025-03-16T21:58:01.428+0000] {standard_task_runner.py:104} INFO - Running: ['***', 'tasks', 'run', 'data_ingestion_gcs_dag', 'download_2023_q3', 'manual__2025-03-16T21:57:44.781145+00:00', '--job-id', '710', '--raw', '--subdir', 'DAGS_FOLDER/data_ingestion_gcs_dag.py', '--cfg-path', '/tmp/tmporart74p']
[2025-03-16T21:58:01.457+0000] {standard_task_runner.py:105} INFO - Job 710: Subtask download_2023_q3
[2025-03-16T21:58:01.892+0000] {task_command.py:467} INFO - Running <TaskInstance: data_ingestion_gcs_dag.download_2023_q3 manual__2025-03-16T21:57:44.781145+00:00 [running]> on host 5c7a1daace86
[2025-03-16T21:58:02.279+0000] {taskinstance.py:3134} INFO - Exporting env vars: AIRFLOW_CTX_DAG_OWNER='***' AIRFLOW_CTX_DAG_ID='data_ingestion_gcs_dag' AIRFLOW_CTX_TASK_ID='download_2023_q3' AIRFLOW_CTX_EXECUTION_DATE='2025-03-16T21:57:44.781145+00:00' AIRFLOW_CTX_TRY_NUMBER='1' AIRFLOW_CTX_DAG_RUN_ID='manual__2025-03-16T21:57:44.781145+00:00'
[2025-03-16T21:58:02.308+0000] {logging_mixin.py:190} INFO - Task instance is in running state
[2025-03-16T21:58:02.319+0000] {logging_mixin.py:190} INFO -  Previous state of the Task instance: queued
[2025-03-16T21:58:02.370+0000] {logging_mixin.py:190} INFO - Current task name:download_2023_q3 state:running start_date:2025-03-16 21:58:01.000997+00:00
[2025-03-16T21:58:02.392+0000] {logging_mixin.py:190} INFO - Dag name:data_ingestion_gcs_dag and current dag run status:running
[2025-03-16T21:58:02.406+0000] {taskinstance.py:732} INFO - ::endgroup::
[2025-03-16T21:58:02.430+0000] {subprocess.py:78} INFO - Tmp dir root location: /tmp
[2025-03-16T21:58:02.441+0000] {subprocess.py:88} INFO - Running command: ['/usr/bin/bash', '-c', 'curl -sSL -o /opt/***/indego-trips-2023-q3.zip https://www.rideindego.com/wp-content/uploads/2023/10/indego-trips-2023-q3.zip && ls -lh /opt/***/indego-trips-2023-q3.zip']
[2025-03-16T21:58:02.643+0000] {subprocess.py:99} INFO - Output:
[2025-03-16T21:58:04.814+0000] {subprocess.py:106} INFO - -rw-rw-r-- 1 default root 6.8M Mar 16 21:58 /opt/***/indego-trips-2023-q3.zip
[2025-03-16T21:58:04.830+0000] {subprocess.py:110} INFO - Command exited with return code 0
[2025-03-16T21:58:05.065+0000] {taskinstance.py:341} INFO - ::group::Post task execution logs
[2025-03-16T21:58:05.100+0000] {taskinstance.py:353} INFO - Marking task as SUCCESS. dag_id=data_ingestion_gcs_dag, task_id=download_2023_q3, run_id=manual__2025-03-16T21:57:44.781145+00:00, execution_date=20250316T215744, start_date=20250316T215801, end_date=20250316T215805
[2025-03-16T21:58:05.389+0000] {logging_mixin.py:190} INFO - Task instance in success state
[2025-03-16T21:58:05.404+0000] {logging_mixin.py:190} INFO -  Previous state of the Task instance: running
[2025-03-16T21:58:05.417+0000] {logging_mixin.py:190} INFO - Dag name:data_ingestion_gcs_dag queued_at:2025-03-16 21:57:44.854634+00:00
[2025-03-16T21:58:05.429+0000] {logging_mixin.py:190} INFO - Task hostname:5c7a1daace86 operator:BashOperator
[2025-03-16T21:58:05.588+0000] {local_task_job_runner.py:266} INFO - Task exited with return code 0
[2025-03-16T21:58:05.845+0000] {taskinstance.py:3901} INFO - 1 downstream tasks scheduled from follow-on schedule check
[2025-03-16T21:58:05.898+0000] {local_task_job_runner.py:245} INFO - ::endgroup::
