[2025-03-16T22:06:11.556+0000] {local_task_job_runner.py:123} INFO - ::group::Pre task execution logs
[2025-03-16T22:06:11.597+0000] {taskinstance.py:2614} INFO - Dependencies all met for dep_context=non-requeueable deps ti=<TaskInstance: data_ingestion_gcs_dag.download_2023_q2 manual__2025-03-16T22:05:14.553483+00:00 [queued]>
[2025-03-16T22:06:11.623+0000] {taskinstance.py:2614} INFO - Dependencies all met for dep_context=requeueable deps ti=<TaskInstance: data_ingestion_gcs_dag.download_2023_q2 manual__2025-03-16T22:05:14.553483+00:00 [queued]>
[2025-03-16T22:06:11.626+0000] {taskinstance.py:2867} INFO - Starting attempt 1 of 2
[2025-03-16T22:06:11.663+0000] {taskinstance.py:2890} INFO - Executing <Task(BashOperator): download_2023_q2> on 2025-03-16 22:05:14.553483+00:00
[2025-03-16T22:06:11.680+0000] {warnings.py:112} WARNING - /home/***/.local/lib/python3.12/site-packages/***/task/task_runner/standard_task_runner.py:70: DeprecationWarning: This process (pid=1155) is multi-threaded, use of fork() may lead to deadlocks in the child.
  pid = os.fork()

[2025-03-16T22:06:11.684+0000] {standard_task_runner.py:72} INFO - Started process 1312 to run task
[2025-03-16T22:06:11.682+0000] {standard_task_runner.py:104} INFO - Running: ['***', 'tasks', 'run', 'data_ingestion_gcs_dag', 'download_2023_q2', 'manual__2025-03-16T22:05:14.553483+00:00', '--job-id', '742', '--raw', '--subdir', 'DAGS_FOLDER/data_ingestion_gcs_dag.py', '--cfg-path', '/tmp/tmpo0ruj1w1']
[2025-03-16T22:06:11.688+0000] {standard_task_runner.py:105} INFO - Job 742: Subtask download_2023_q2
[2025-03-16T22:06:11.852+0000] {task_command.py:467} INFO - Running <TaskInstance: data_ingestion_gcs_dag.download_2023_q2 manual__2025-03-16T22:05:14.553483+00:00 [running]> on host 5c7a1daace86
[2025-03-16T22:06:12.083+0000] {taskinstance.py:3134} INFO - Exporting env vars: AIRFLOW_CTX_DAG_OWNER='***' AIRFLOW_CTX_DAG_ID='data_ingestion_gcs_dag' AIRFLOW_CTX_TASK_ID='download_2023_q2' AIRFLOW_CTX_EXECUTION_DATE='2025-03-16T22:05:14.553483+00:00' AIRFLOW_CTX_TRY_NUMBER='1' AIRFLOW_CTX_DAG_RUN_ID='manual__2025-03-16T22:05:14.553483+00:00'
[2025-03-16T22:06:12.086+0000] {logging_mixin.py:190} INFO - Task instance is in running state
[2025-03-16T22:06:12.087+0000] {logging_mixin.py:190} INFO -  Previous state of the Task instance: queued
[2025-03-16T22:06:12.088+0000] {logging_mixin.py:190} INFO - Current task name:download_2023_q2 state:running start_date:2025-03-16 22:06:11.600276+00:00
[2025-03-16T22:06:12.089+0000] {logging_mixin.py:190} INFO - Dag name:data_ingestion_gcs_dag and current dag run status:running
[2025-03-16T22:06:12.090+0000] {taskinstance.py:732} INFO - ::endgroup::
[2025-03-16T22:06:12.092+0000] {subprocess.py:78} INFO - Tmp dir root location: /tmp
[2025-03-16T22:06:12.094+0000] {subprocess.py:88} INFO - Running command: ['/usr/bin/bash', '-c', 'curl -sSL -o /opt/***/indego-trips-2023-q2.zip https://www.rideindego.com/wp-content/uploads/2023/07/indego-trips-2023-q2.zip && ls -lh /opt/***/indego-trips-2023-q2.zip']
[2025-03-16T22:06:12.126+0000] {subprocess.py:99} INFO - Output:
[2025-03-16T22:06:13.349+0000] {subprocess.py:106} INFO - -rw-rw-r-- 1 default root 5.6M Mar 16 22:06 /opt/***/indego-trips-2023-q2.zip
[2025-03-16T22:06:13.351+0000] {subprocess.py:110} INFO - Command exited with return code 0
[2025-03-16T22:06:13.424+0000] {taskinstance.py:341} INFO - ::group::Post task execution logs
[2025-03-16T22:06:13.426+0000] {taskinstance.py:353} INFO - Marking task as SUCCESS. dag_id=data_ingestion_gcs_dag, task_id=download_2023_q2, run_id=manual__2025-03-16T22:05:14.553483+00:00, execution_date=20250316T220514, start_date=20250316T220611, end_date=20250316T220613
[2025-03-16T22:06:13.480+0000] {logging_mixin.py:190} INFO - Task instance in success state
[2025-03-16T22:06:13.481+0000] {logging_mixin.py:190} INFO -  Previous state of the Task instance: running
[2025-03-16T22:06:13.482+0000] {logging_mixin.py:190} INFO - Dag name:data_ingestion_gcs_dag queued_at:2025-03-16 22:05:14.676788+00:00
[2025-03-16T22:06:13.483+0000] {logging_mixin.py:190} INFO - Task hostname:5c7a1daace86 operator:BashOperator
[2025-03-16T22:06:13.520+0000] {local_task_job_runner.py:266} INFO - Task exited with return code 0
[2025-03-16T22:06:13.667+0000] {taskinstance.py:3901} INFO - 1 downstream tasks scheduled from follow-on schedule check
[2025-03-16T22:06:13.673+0000] {local_task_job_runner.py:245} INFO - ::endgroup::
