[2025-03-12T04:42:18.557+0000] {local_task_job_runner.py:123} INFO - ::group::Pre task execution logs
[2025-03-12T04:42:18.692+0000] {taskinstance.py:2614} INFO - Dependencies all met for dep_context=non-requeueable deps ti=<TaskInstance: data_ingestion_gcs_dag.download_2024_q3 manual__2025-03-12T04:42:07.897134+00:00 [queued]>
[2025-03-12T04:42:18.726+0000] {taskinstance.py:2614} INFO - Dependencies all met for dep_context=requeueable deps ti=<TaskInstance: data_ingestion_gcs_dag.download_2024_q3 manual__2025-03-12T04:42:07.897134+00:00 [queued]>
[2025-03-12T04:42:18.744+0000] {taskinstance.py:2867} INFO - Starting attempt 1 of 2
[2025-03-12T04:42:18.954+0000] {taskinstance.py:2890} INFO - Executing <Task(BashOperator): download_2024_q3> on 2025-03-12 04:42:07.897134+00:00
[2025-03-12T04:42:19.004+0000] {warnings.py:112} WARNING - /home/***/.local/lib/python3.12/site-packages/***/task/task_runner/standard_task_runner.py:70: DeprecationWarning: This process (pid=1352) is multi-threaded, use of fork() may lead to deadlocks in the child.
  pid = os.fork()

[2025-03-12T04:42:19.038+0000] {standard_task_runner.py:72} INFO - Started process 1388 to run task
[2025-03-12T04:42:19.026+0000] {standard_task_runner.py:104} INFO - Running: ['***', 'tasks', 'run', 'data_ingestion_gcs_dag', 'download_2024_q3', 'manual__2025-03-12T04:42:07.897134+00:00', '--job-id', '337', '--raw', '--subdir', 'DAGS_FOLDER/data_ingestion_gcs_dag.py', '--cfg-path', '/tmp/tmpjaoryl96']
[2025-03-12T04:42:19.058+0000] {standard_task_runner.py:105} INFO - Job 337: Subtask download_2024_q3
[2025-03-12T04:42:19.743+0000] {task_command.py:467} INFO - Running <TaskInstance: data_ingestion_gcs_dag.download_2024_q3 manual__2025-03-12T04:42:07.897134+00:00 [running]> on host b0577ed9eb82
[2025-03-12T04:42:20.649+0000] {taskinstance.py:3134} INFO - Exporting env vars: AIRFLOW_CTX_DAG_OWNER='***' AIRFLOW_CTX_DAG_ID='data_ingestion_gcs_dag' AIRFLOW_CTX_TASK_ID='download_2024_q3' AIRFLOW_CTX_EXECUTION_DATE='2025-03-12T04:42:07.897134+00:00' AIRFLOW_CTX_TRY_NUMBER='1' AIRFLOW_CTX_DAG_RUN_ID='manual__2025-03-12T04:42:07.897134+00:00'
[2025-03-12T04:42:20.693+0000] {logging_mixin.py:190} INFO - Task instance is in running state
[2025-03-12T04:42:20.701+0000] {logging_mixin.py:190} INFO -  Previous state of the Task instance: queued
[2025-03-12T04:42:20.704+0000] {logging_mixin.py:190} INFO - Current task name:download_2024_q3 state:running start_date:2025-03-12 04:42:18.692947+00:00
[2025-03-12T04:42:20.707+0000] {logging_mixin.py:190} INFO - Dag name:data_ingestion_gcs_dag and current dag run status:running
[2025-03-12T04:42:20.709+0000] {taskinstance.py:732} INFO - ::endgroup::
[2025-03-12T04:42:20.714+0000] {subprocess.py:78} INFO - Tmp dir root location: /tmp
[2025-03-12T04:42:20.721+0000] {subprocess.py:88} INFO - Running command: ['/usr/bin/bash', '-c', 'curl -sSL -o /opt/***/indego-trips-2024-q3.zip https://www.rideindego.com/wp-content/uploads/2024/10/indego-trips-2024-q3.zip && ls -lh /opt/***/indego-trips-2024-q3.zip']
[2025-03-12T04:42:20.829+0000] {subprocess.py:99} INFO - Output:
[2025-03-12T04:42:23.206+0000] {subprocess.py:106} INFO - -rw-rw-r-- 1 default root 8.1M Mar 12 04:42 /opt/***/indego-trips-2024-q3.zip
[2025-03-12T04:42:23.213+0000] {subprocess.py:110} INFO - Command exited with return code 0
[2025-03-12T04:42:23.393+0000] {taskinstance.py:341} INFO - ::group::Post task execution logs
[2025-03-12T04:42:23.394+0000] {taskinstance.py:353} INFO - Marking task as SUCCESS. dag_id=data_ingestion_gcs_dag, task_id=download_2024_q3, run_id=manual__2025-03-12T04:42:07.897134+00:00, execution_date=20250312T044207, start_date=20250312T044218, end_date=20250312T044223
[2025-03-12T04:42:23.552+0000] {logging_mixin.py:190} INFO - Task instance in success state
[2025-03-12T04:42:23.560+0000] {logging_mixin.py:190} INFO -  Previous state of the Task instance: running
[2025-03-12T04:42:23.564+0000] {logging_mixin.py:190} INFO - Dag name:data_ingestion_gcs_dag queued_at:2025-03-12 04:42:07.935918+00:00
[2025-03-12T04:42:23.565+0000] {logging_mixin.py:190} INFO - Task hostname:b0577ed9eb82 operator:BashOperator
[2025-03-12T04:42:23.628+0000] {local_task_job_runner.py:266} INFO - Task exited with return code 0
[2025-03-12T04:42:23.769+0000] {taskinstance.py:3901} INFO - 1 downstream tasks scheduled from follow-on schedule check
[2025-03-12T04:42:23.779+0000] {local_task_job_runner.py:245} INFO - ::endgroup::
