[2025-03-13T04:01:04.120+0000] {local_task_job_runner.py:123} INFO - ::group::Pre task execution logs
[2025-03-13T04:01:04.176+0000] {taskinstance.py:2614} INFO - Dependencies all met for dep_context=non-requeueable deps ti=<TaskInstance: data_ingestion_gcs_dag.download_2024_q4 manual__2025-03-13T04:00:50.830640+00:00 [queued]>
[2025-03-13T04:01:04.198+0000] {taskinstance.py:2614} INFO - Dependencies all met for dep_context=requeueable deps ti=<TaskInstance: data_ingestion_gcs_dag.download_2024_q4 manual__2025-03-13T04:00:50.830640+00:00 [queued]>
[2025-03-13T04:01:04.199+0000] {taskinstance.py:2867} INFO - Starting attempt 1 of 2
[2025-03-13T04:01:04.270+0000] {taskinstance.py:2890} INFO - Executing <Task(BashOperator): download_2024_q4> on 2025-03-13 04:00:50.830640+00:00
[2025-03-13T04:01:04.287+0000] {warnings.py:112} WARNING - /home/***/.local/lib/python3.12/site-packages/***/task/task_runner/standard_task_runner.py:70: DeprecationWarning: This process (pid=949) is multi-threaded, use of fork() may lead to deadlocks in the child.
  pid = os.fork()

[2025-03-13T04:01:04.294+0000] {standard_task_runner.py:72} INFO - Started process 965 to run task
[2025-03-13T04:01:04.297+0000] {standard_task_runner.py:104} INFO - Running: ['***', 'tasks', 'run', 'data_ingestion_gcs_dag', 'download_2024_q4', 'manual__2025-03-13T04:00:50.830640+00:00', '--job-id', '479', '--raw', '--subdir', 'DAGS_FOLDER/data_ingestion_gcs_dag.py', '--cfg-path', '/tmp/tmp9_scjn4b']
[2025-03-13T04:01:04.301+0000] {standard_task_runner.py:105} INFO - Job 479: Subtask download_2024_q4
[2025-03-13T04:01:04.488+0000] {task_command.py:467} INFO - Running <TaskInstance: data_ingestion_gcs_dag.download_2024_q4 manual__2025-03-13T04:00:50.830640+00:00 [running]> on host b0577ed9eb82
[2025-03-13T04:01:04.844+0000] {taskinstance.py:3134} INFO - Exporting env vars: AIRFLOW_CTX_DAG_OWNER='***' AIRFLOW_CTX_DAG_ID='data_ingestion_gcs_dag' AIRFLOW_CTX_TASK_ID='download_2024_q4' AIRFLOW_CTX_EXECUTION_DATE='2025-03-13T04:00:50.830640+00:00' AIRFLOW_CTX_TRY_NUMBER='1' AIRFLOW_CTX_DAG_RUN_ID='manual__2025-03-13T04:00:50.830640+00:00'
[2025-03-13T04:01:04.851+0000] {logging_mixin.py:190} INFO - Task instance is in running state
[2025-03-13T04:01:04.853+0000] {logging_mixin.py:190} INFO -  Previous state of the Task instance: queued
[2025-03-13T04:01:04.855+0000] {logging_mixin.py:190} INFO - Current task name:download_2024_q4 state:running start_date:2025-03-13 04:01:04.179341+00:00
[2025-03-13T04:01:04.857+0000] {logging_mixin.py:190} INFO - Dag name:data_ingestion_gcs_dag and current dag run status:running
[2025-03-13T04:01:04.878+0000] {taskinstance.py:732} INFO - ::endgroup::
[2025-03-13T04:01:04.886+0000] {subprocess.py:78} INFO - Tmp dir root location: /tmp
[2025-03-13T04:01:04.897+0000] {subprocess.py:88} INFO - Running command: ['/usr/bin/bash', '-c', 'curl -sSL -o /opt/***/indego-trips-2024-q4.zip https://www.rideindego.com/wp-content/uploads/2025/01/indego-trips-2024-q4.zip && ls -lh /opt/***/indego-trips-2024-q4.zip']
[2025-03-13T04:01:04.962+0000] {subprocess.py:99} INFO - Output:
[2025-03-13T04:01:09.237+0000] {subprocess.py:106} INFO - -rw-rw-r-- 1 default root 5.9M Mar 13 04:01 /opt/***/indego-trips-2024-q4.zip
[2025-03-13T04:01:09.240+0000] {subprocess.py:110} INFO - Command exited with return code 0
[2025-03-13T04:01:09.318+0000] {taskinstance.py:341} INFO - ::group::Post task execution logs
[2025-03-13T04:01:09.321+0000] {taskinstance.py:353} INFO - Marking task as SUCCESS. dag_id=data_ingestion_gcs_dag, task_id=download_2024_q4, run_id=manual__2025-03-13T04:00:50.830640+00:00, execution_date=20250313T040050, start_date=20250313T040104, end_date=20250313T040109
[2025-03-13T04:01:09.468+0000] {logging_mixin.py:190} INFO - Task instance in success state
[2025-03-13T04:01:09.472+0000] {logging_mixin.py:190} INFO -  Previous state of the Task instance: running
[2025-03-13T04:01:09.474+0000] {logging_mixin.py:190} INFO - Dag name:data_ingestion_gcs_dag queued_at:2025-03-13 04:00:50.872907+00:00
[2025-03-13T04:01:09.475+0000] {logging_mixin.py:190} INFO - Task hostname:b0577ed9eb82 operator:BashOperator
[2025-03-13T04:01:09.538+0000] {local_task_job_runner.py:266} INFO - Task exited with return code 0
[2025-03-13T04:01:09.662+0000] {taskinstance.py:3901} INFO - 1 downstream tasks scheduled from follow-on schedule check
[2025-03-13T04:01:09.678+0000] {local_task_job_runner.py:245} INFO - ::endgroup::
