[2025-03-13T04:27:55.952+0000] {local_task_job_runner.py:123} INFO - ::group::Pre task execution logs
[2025-03-13T04:27:56.061+0000] {taskinstance.py:2614} INFO - Dependencies all met for dep_context=non-requeueable deps ti=<TaskInstance: data_ingestion_gcs_dag.format_parquet_2023_q2 manual__2025-03-13T04:27:29.456728+00:00 [queued]>
[2025-03-13T04:27:56.092+0000] {taskinstance.py:2614} INFO - Dependencies all met for dep_context=requeueable deps ti=<TaskInstance: data_ingestion_gcs_dag.format_parquet_2023_q2 manual__2025-03-13T04:27:29.456728+00:00 [queued]>
[2025-03-13T04:27:56.094+0000] {taskinstance.py:2867} INFO - Starting attempt 1 of 2
[2025-03-13T04:27:56.192+0000] {taskinstance.py:2890} INFO - Executing <Task(PythonOperator): format_parquet_2023_q2> on 2025-03-13 04:27:29.456728+00:00
[2025-03-13T04:27:56.261+0000] {warnings.py:112} WARNING - /home/***/.local/lib/python3.12/site-packages/***/task/task_runner/standard_task_runner.py:70: DeprecationWarning: This process (pid=1847) is multi-threaded, use of fork() may lead to deadlocks in the child.
  pid = os.fork()

[2025-03-13T04:27:56.264+0000] {standard_task_runner.py:72} INFO - Started process 1863 to run task
[2025-03-13T04:27:56.281+0000] {standard_task_runner.py:104} INFO - Running: ['***', 'tasks', 'run', 'data_ingestion_gcs_dag', 'format_parquet_2023_q2', 'manual__2025-03-13T04:27:29.456728+00:00', '--job-id', '545', '--raw', '--subdir', 'DAGS_FOLDER/data_ingestion_gcs_dag.py', '--cfg-path', '/tmp/tmpegxkr23t']
[2025-03-13T04:27:56.315+0000] {standard_task_runner.py:105} INFO - Job 545: Subtask format_parquet_2023_q2
[2025-03-13T04:27:56.677+0000] {task_command.py:467} INFO - Running <TaskInstance: data_ingestion_gcs_dag.format_parquet_2023_q2 manual__2025-03-13T04:27:29.456728+00:00 [running]> on host b0577ed9eb82
[2025-03-13T04:27:57.046+0000] {taskinstance.py:3134} INFO - Exporting env vars: AIRFLOW_CTX_DAG_OWNER='***' AIRFLOW_CTX_DAG_ID='data_ingestion_gcs_dag' AIRFLOW_CTX_TASK_ID='format_parquet_2023_q2' AIRFLOW_CTX_EXECUTION_DATE='2025-03-13T04:27:29.456728+00:00' AIRFLOW_CTX_TRY_NUMBER='1' AIRFLOW_CTX_DAG_RUN_ID='manual__2025-03-13T04:27:29.456728+00:00'
[2025-03-13T04:27:57.051+0000] {logging_mixin.py:190} INFO - Task instance is in running state
[2025-03-13T04:27:57.053+0000] {logging_mixin.py:190} INFO -  Previous state of the Task instance: queued
[2025-03-13T04:27:57.054+0000] {logging_mixin.py:190} INFO - Current task name:format_parquet_2023_q2 state:running start_date:2025-03-13 04:27:56.062339+00:00
[2025-03-13T04:27:57.056+0000] {logging_mixin.py:190} INFO - Dag name:data_ingestion_gcs_dag and current dag run status:running
[2025-03-13T04:27:57.058+0000] {taskinstance.py:732} INFO - ::endgroup::
[2025-03-13T04:27:59.354+0000] {data_ingestion_gcs_dag.py:61} INFO - Converted indego-trips-2023-q2.csv to /opt/***/indego-trips-2023-q2.parquet
[2025-03-13T04:27:59.371+0000] {python.py:240} INFO - Done. Returned value was: None
[2025-03-13T04:27:59.425+0000] {taskinstance.py:341} INFO - ::group::Post task execution logs
[2025-03-13T04:27:59.426+0000] {taskinstance.py:353} INFO - Marking task as SUCCESS. dag_id=data_ingestion_gcs_dag, task_id=format_parquet_2023_q2, run_id=manual__2025-03-13T04:27:29.456728+00:00, execution_date=20250313T042729, start_date=20250313T042756, end_date=20250313T042759
[2025-03-13T04:27:59.481+0000] {logging_mixin.py:190} INFO - Task instance in success state
[2025-03-13T04:27:59.482+0000] {logging_mixin.py:190} INFO -  Previous state of the Task instance: running
[2025-03-13T04:27:59.483+0000] {logging_mixin.py:190} INFO - Dag name:data_ingestion_gcs_dag queued_at:2025-03-13 04:27:29.553733+00:00
[2025-03-13T04:27:59.484+0000] {logging_mixin.py:190} INFO - Task hostname:b0577ed9eb82 operator:PythonOperator
[2025-03-13T04:27:59.581+0000] {local_task_job_runner.py:266} INFO - Task exited with return code 0
[2025-03-13T04:27:59.736+0000] {taskinstance.py:3901} INFO - 0 downstream tasks scheduled from follow-on schedule check
[2025-03-13T04:27:59.771+0000] {local_task_job_runner.py:245} INFO - ::endgroup::
