[2025-03-12T04:42:41.663+0000] {local_task_job_runner.py:123} INFO - ::group::Pre task execution logs
[2025-03-12T04:42:41.700+0000] {taskinstance.py:2614} INFO - Dependencies all met for dep_context=non-requeueable deps ti=<TaskInstance: data_ingestion_gcs_dag.format_parquet_2025_q3 manual__2025-03-12T04:42:07.897134+00:00 [queued]>
[2025-03-12T04:42:41.721+0000] {taskinstance.py:2614} INFO - Dependencies all met for dep_context=requeueable deps ti=<TaskInstance: data_ingestion_gcs_dag.format_parquet_2025_q3 manual__2025-03-12T04:42:07.897134+00:00 [queued]>
[2025-03-12T04:42:41.722+0000] {taskinstance.py:2867} INFO - Starting attempt 1 of 2
[2025-03-12T04:42:41.757+0000] {taskinstance.py:2890} INFO - Executing <Task(PythonOperator): format_parquet_2025_q3> on 2025-03-12 04:42:07.897134+00:00
[2025-03-12T04:42:41.780+0000] {warnings.py:112} WARNING - /home/***/.local/lib/python3.12/site-packages/***/task/task_runner/standard_task_runner.py:70: DeprecationWarning: This process (pid=1433) is multi-threaded, use of fork() may lead to deadlocks in the child.
  pid = os.fork()

[2025-03-12T04:42:41.783+0000] {standard_task_runner.py:72} INFO - Started process 1578 to run task
[2025-03-12T04:42:41.784+0000] {standard_task_runner.py:104} INFO - Running: ['***', 'tasks', 'run', 'data_ingestion_gcs_dag', 'format_parquet_2025_q3', 'manual__2025-03-12T04:42:07.897134+00:00', '--job-id', '356', '--raw', '--subdir', 'DAGS_FOLDER/data_ingestion_gcs_dag.py', '--cfg-path', '/tmp/tmpn1_5eev3']
[2025-03-12T04:42:41.794+0000] {standard_task_runner.py:105} INFO - Job 356: Subtask format_parquet_2025_q3
[2025-03-12T04:42:41.858+0000] {task_command.py:467} INFO - Running <TaskInstance: data_ingestion_gcs_dag.format_parquet_2025_q3 manual__2025-03-12T04:42:07.897134+00:00 [running]> on host b0577ed9eb82
[2025-03-12T04:42:41.985+0000] {taskinstance.py:3134} INFO - Exporting env vars: AIRFLOW_CTX_DAG_OWNER='***' AIRFLOW_CTX_DAG_ID='data_ingestion_gcs_dag' AIRFLOW_CTX_TASK_ID='format_parquet_2025_q3' AIRFLOW_CTX_EXECUTION_DATE='2025-03-12T04:42:07.897134+00:00' AIRFLOW_CTX_TRY_NUMBER='1' AIRFLOW_CTX_DAG_RUN_ID='manual__2025-03-12T04:42:07.897134+00:00'
[2025-03-12T04:42:41.990+0000] {logging_mixin.py:190} INFO - Task instance is in running state
[2025-03-12T04:42:41.991+0000] {logging_mixin.py:190} INFO -  Previous state of the Task instance: queued
[2025-03-12T04:42:41.992+0000] {logging_mixin.py:190} INFO - Current task name:format_parquet_2025_q3 state:running start_date:2025-03-12 04:42:41.701621+00:00
[2025-03-12T04:42:41.992+0000] {logging_mixin.py:190} INFO - Dag name:data_ingestion_gcs_dag and current dag run status:running
[2025-03-12T04:42:41.993+0000] {taskinstance.py:732} INFO - ::endgroup::
[2025-03-12T04:42:41.994+0000] {data_ingestion_gcs_dag.py:68} ERROR - Invalid ZIP file: /opt/***/indego-trips-2025-q3.zip
[2025-03-12T04:42:41.995+0000] {python.py:240} INFO - Done. Returned value was: None
[2025-03-12T04:42:42.012+0000] {taskinstance.py:341} INFO - ::group::Post task execution logs
[2025-03-12T04:42:42.013+0000] {taskinstance.py:353} INFO - Marking task as SUCCESS. dag_id=data_ingestion_gcs_dag, task_id=format_parquet_2025_q3, run_id=manual__2025-03-12T04:42:07.897134+00:00, execution_date=20250312T044207, start_date=20250312T044241, end_date=20250312T044242
[2025-03-12T04:42:42.040+0000] {logging_mixin.py:190} INFO - Task instance in success state
[2025-03-12T04:42:42.040+0000] {logging_mixin.py:190} INFO -  Previous state of the Task instance: running
[2025-03-12T04:42:42.041+0000] {logging_mixin.py:190} INFO - Dag name:data_ingestion_gcs_dag queued_at:2025-03-12 04:42:07.935918+00:00
[2025-03-12T04:42:42.041+0000] {logging_mixin.py:190} INFO - Task hostname:b0577ed9eb82 operator:PythonOperator
[2025-03-12T04:42:42.083+0000] {local_task_job_runner.py:266} INFO - Task exited with return code 0
[2025-03-12T04:42:42.137+0000] {taskinstance.py:3901} INFO - 1 downstream tasks scheduled from follow-on schedule check
[2025-03-12T04:42:42.139+0000] {local_task_job_runner.py:245} INFO - ::endgroup::
