[2025-03-12T04:42:34.935+0000] {local_task_job_runner.py:123} INFO - ::group::Pre task execution logs
[2025-03-12T04:42:34.986+0000] {taskinstance.py:2614} INFO - Dependencies all met for dep_context=non-requeueable deps ti=<TaskInstance: data_ingestion_gcs_dag.format_parquet_2025_q2 manual__2025-03-12T04:42:07.897134+00:00 [queued]>
[2025-03-12T04:42:35.010+0000] {taskinstance.py:2614} INFO - Dependencies all met for dep_context=requeueable deps ti=<TaskInstance: data_ingestion_gcs_dag.format_parquet_2025_q2 manual__2025-03-12T04:42:07.897134+00:00 [queued]>
[2025-03-12T04:42:35.027+0000] {taskinstance.py:2867} INFO - Starting attempt 1 of 2
[2025-03-12T04:42:35.079+0000] {taskinstance.py:2890} INFO - Executing <Task(PythonOperator): format_parquet_2025_q2> on 2025-03-12 04:42:07.897134+00:00
[2025-03-12T04:42:35.104+0000] {warnings.py:112} WARNING - /home/***/.local/lib/python3.12/site-packages/***/task/task_runner/standard_task_runner.py:70: DeprecationWarning: This process (pid=1449) is multi-threaded, use of fork() may lead to deadlocks in the child.
  pid = os.fork()

[2025-03-12T04:42:35.108+0000] {standard_task_runner.py:72} INFO - Started process 1516 to run task
[2025-03-12T04:42:35.117+0000] {standard_task_runner.py:104} INFO - Running: ['***', 'tasks', 'run', 'data_ingestion_gcs_dag', 'format_parquet_2025_q2', 'manual__2025-03-12T04:42:07.897134+00:00', '--job-id', '349', '--raw', '--subdir', 'DAGS_FOLDER/data_ingestion_gcs_dag.py', '--cfg-path', '/tmp/tmpysksiinw']
[2025-03-12T04:42:35.120+0000] {standard_task_runner.py:105} INFO - Job 349: Subtask format_parquet_2025_q2
[2025-03-12T04:42:35.261+0000] {task_command.py:467} INFO - Running <TaskInstance: data_ingestion_gcs_dag.format_parquet_2025_q2 manual__2025-03-12T04:42:07.897134+00:00 [running]> on host b0577ed9eb82
[2025-03-12T04:42:35.541+0000] {taskinstance.py:3134} INFO - Exporting env vars: AIRFLOW_CTX_DAG_OWNER='***' AIRFLOW_CTX_DAG_ID='data_ingestion_gcs_dag' AIRFLOW_CTX_TASK_ID='format_parquet_2025_q2' AIRFLOW_CTX_EXECUTION_DATE='2025-03-12T04:42:07.897134+00:00' AIRFLOW_CTX_TRY_NUMBER='1' AIRFLOW_CTX_DAG_RUN_ID='manual__2025-03-12T04:42:07.897134+00:00'
[2025-03-12T04:42:35.543+0000] {logging_mixin.py:190} INFO - Task instance is in running state
[2025-03-12T04:42:35.544+0000] {logging_mixin.py:190} INFO -  Previous state of the Task instance: queued
[2025-03-12T04:42:35.545+0000] {logging_mixin.py:190} INFO - Current task name:format_parquet_2025_q2 state:running start_date:2025-03-12 04:42:34.988636+00:00
[2025-03-12T04:42:35.547+0000] {logging_mixin.py:190} INFO - Dag name:data_ingestion_gcs_dag and current dag run status:running
[2025-03-12T04:42:35.547+0000] {taskinstance.py:732} INFO - ::endgroup::
[2025-03-12T04:42:35.549+0000] {data_ingestion_gcs_dag.py:68} ERROR - Invalid ZIP file: /opt/***/indego-trips-2025-q2.zip
[2025-03-12T04:42:35.550+0000] {python.py:240} INFO - Done. Returned value was: None
[2025-03-12T04:42:35.587+0000] {taskinstance.py:341} INFO - ::group::Post task execution logs
[2025-03-12T04:42:35.597+0000] {taskinstance.py:353} INFO - Marking task as SUCCESS. dag_id=data_ingestion_gcs_dag, task_id=format_parquet_2025_q2, run_id=manual__2025-03-12T04:42:07.897134+00:00, execution_date=20250312T044207, start_date=20250312T044234, end_date=20250312T044235
[2025-03-12T04:42:35.689+0000] {logging_mixin.py:190} INFO - Task instance in success state
[2025-03-12T04:42:35.709+0000] {logging_mixin.py:190} INFO -  Previous state of the Task instance: running
[2025-03-12T04:42:35.713+0000] {logging_mixin.py:190} INFO - Dag name:data_ingestion_gcs_dag queued_at:2025-03-12 04:42:07.935918+00:00
[2025-03-12T04:42:35.713+0000] {logging_mixin.py:190} INFO - Task hostname:b0577ed9eb82 operator:PythonOperator
[2025-03-12T04:42:35.733+0000] {local_task_job_runner.py:266} INFO - Task exited with return code 0
[2025-03-12T04:42:35.962+0000] {taskinstance.py:3901} INFO - 1 downstream tasks scheduled from follow-on schedule check
[2025-03-12T04:42:35.976+0000] {local_task_job_runner.py:245} INFO - ::endgroup::
