[2025-03-13T04:07:29.092+0000] {local_task_job_runner.py:123} INFO - ::group::Pre task execution logs
[2025-03-13T04:07:29.194+0000] {taskinstance.py:2614} INFO - Dependencies all met for dep_context=non-requeueable deps ti=<TaskInstance: data_ingestion_gcs_dag.format_parquet_2023_q3 manual__2025-03-13T04:03:10.585201+00:00 [queued]>
[2025-03-13T04:07:29.240+0000] {taskinstance.py:2614} INFO - Dependencies all met for dep_context=requeueable deps ti=<TaskInstance: data_ingestion_gcs_dag.format_parquet_2023_q3 manual__2025-03-13T04:03:10.585201+00:00 [queued]>
[2025-03-13T04:07:29.242+0000] {taskinstance.py:2867} INFO - Starting attempt 1 of 2
[2025-03-13T04:07:29.280+0000] {taskinstance.py:2890} INFO - Executing <Task(PythonOperator): format_parquet_2023_q3> on 2025-03-13 04:03:10.585201+00:00
[2025-03-13T04:07:29.306+0000] {warnings.py:112} WARNING - /home/***/.local/lib/python3.12/site-packages/***/task/task_runner/standard_task_runner.py:70: DeprecationWarning: This process (pid=1403) is multi-threaded, use of fork() may lead to deadlocks in the child.
  pid = os.fork()

[2025-03-13T04:07:29.314+0000] {standard_task_runner.py:72} INFO - Started process 1442 to run task
[2025-03-13T04:07:29.318+0000] {standard_task_runner.py:104} INFO - Running: ['***', 'tasks', 'run', 'data_ingestion_gcs_dag', 'format_parquet_2023_q3', 'manual__2025-03-13T04:03:10.585201+00:00', '--job-id', '527', '--raw', '--subdir', 'DAGS_FOLDER/data_ingestion_gcs_dag.py', '--cfg-path', '/tmp/tmpof4vf17q']
[2025-03-13T04:07:29.322+0000] {standard_task_runner.py:105} INFO - Job 527: Subtask format_parquet_2023_q3
[2025-03-13T04:07:29.571+0000] {task_command.py:467} INFO - Running <TaskInstance: data_ingestion_gcs_dag.format_parquet_2023_q3 manual__2025-03-13T04:03:10.585201+00:00 [running]> on host b0577ed9eb82
[2025-03-13T04:07:29.978+0000] {taskinstance.py:3134} INFO - Exporting env vars: AIRFLOW_CTX_DAG_OWNER='***' AIRFLOW_CTX_DAG_ID='data_ingestion_gcs_dag' AIRFLOW_CTX_TASK_ID='format_parquet_2023_q3' AIRFLOW_CTX_EXECUTION_DATE='2025-03-13T04:03:10.585201+00:00' AIRFLOW_CTX_TRY_NUMBER='1' AIRFLOW_CTX_DAG_RUN_ID='manual__2025-03-13T04:03:10.585201+00:00'
[2025-03-13T04:07:29.981+0000] {logging_mixin.py:190} INFO - Task instance is in running state
[2025-03-13T04:07:29.982+0000] {logging_mixin.py:190} INFO -  Previous state of the Task instance: queued
[2025-03-13T04:07:29.983+0000] {logging_mixin.py:190} INFO - Current task name:format_parquet_2023_q3 state:running start_date:2025-03-13 04:07:29.195916+00:00
[2025-03-13T04:07:29.984+0000] {logging_mixin.py:190} INFO - Dag name:data_ingestion_gcs_dag and current dag run status:running
[2025-03-13T04:07:29.985+0000] {taskinstance.py:732} INFO - ::endgroup::
[2025-03-13T04:07:33.587+0000] {data_ingestion_gcs_dag.py:58} INFO - Converted indego-trips-2023-q3-2.csv to /opt/***/indego-trips-2023-q3.parquet
[2025-03-13T04:07:33.590+0000] {python.py:240} INFO - Done. Returned value was: None
[2025-03-13T04:07:33.672+0000] {taskinstance.py:341} INFO - ::group::Post task execution logs
[2025-03-13T04:07:33.679+0000] {taskinstance.py:353} INFO - Marking task as SUCCESS. dag_id=data_ingestion_gcs_dag, task_id=format_parquet_2023_q3, run_id=manual__2025-03-13T04:03:10.585201+00:00, execution_date=20250313T040310, start_date=20250313T040729, end_date=20250313T040733
[2025-03-13T04:07:33.986+0000] {logging_mixin.py:190} INFO - Task instance in success state
[2025-03-13T04:07:33.987+0000] {logging_mixin.py:190} INFO -  Previous state of the Task instance: running
[2025-03-13T04:07:33.989+0000] {logging_mixin.py:190} INFO - Dag name:data_ingestion_gcs_dag queued_at:2025-03-13 04:03:10.603838+00:00
[2025-03-13T04:07:33.991+0000] {logging_mixin.py:190} INFO - Task hostname:b0577ed9eb82 operator:PythonOperator
[2025-03-13T04:07:34.103+0000] {local_task_job_runner.py:266} INFO - Task exited with return code 0
[2025-03-13T04:07:34.134+0000] {local_task_job_runner.py:245} INFO - ::endgroup::
