[2025-03-13T03:44:18.319+0000] {local_task_job_runner.py:123} INFO - ::group::Pre task execution logs
[2025-03-13T03:44:18.517+0000] {taskinstance.py:2614} INFO - Dependencies all met for dep_context=non-requeueable deps ti=<TaskInstance: data_ingestion_gcs_dag.format_parquet_2024_q1 scheduled__2025-03-12T00:00:00+00:00 [queued]>
[2025-03-13T03:44:18.738+0000] {taskinstance.py:2614} INFO - Dependencies all met for dep_context=requeueable deps ti=<TaskInstance: data_ingestion_gcs_dag.format_parquet_2024_q1 scheduled__2025-03-12T00:00:00+00:00 [queued]>
[2025-03-13T03:44:18.747+0000] {taskinstance.py:2867} INFO - Starting attempt 1 of 2
[2025-03-13T03:44:18.807+0000] {taskinstance.py:2890} INFO - Executing <Task(PythonOperator): format_parquet_2024_q1> on 2025-03-12 00:00:00+00:00
[2025-03-13T03:44:18.834+0000] {warnings.py:112} WARNING - /home/***/.local/lib/python3.12/site-packages/***/task/task_runner/standard_task_runner.py:70: DeprecationWarning: This process (pid=199) is multi-threaded, use of fork() may lead to deadlocks in the child.
  pid = os.fork()

[2025-03-13T03:44:18.838+0000] {standard_task_runner.py:72} INFO - Started process 261 to run task
[2025-03-13T03:44:18.845+0000] {standard_task_runner.py:104} INFO - Running: ['***', 'tasks', 'run', 'data_ingestion_gcs_dag', 'format_parquet_2024_q1', 'scheduled__2025-03-12T00:00:00+00:00', '--job-id', '434', '--raw', '--subdir', 'DAGS_FOLDER/data_ingestion_gcs_dag.py', '--cfg-path', '/tmp/tmpf2jbapx7']
[2025-03-13T03:44:18.859+0000] {standard_task_runner.py:105} INFO - Job 434: Subtask format_parquet_2024_q1
[2025-03-13T03:44:19.171+0000] {task_command.py:467} INFO - Running <TaskInstance: data_ingestion_gcs_dag.format_parquet_2024_q1 scheduled__2025-03-12T00:00:00+00:00 [running]> on host b0577ed9eb82
[2025-03-13T03:44:20.618+0000] {taskinstance.py:3134} INFO - Exporting env vars: AIRFLOW_CTX_DAG_OWNER='***' AIRFLOW_CTX_DAG_ID='data_ingestion_gcs_dag' AIRFLOW_CTX_TASK_ID='format_parquet_2024_q1' AIRFLOW_CTX_EXECUTION_DATE='2025-03-12T00:00:00+00:00' AIRFLOW_CTX_TRY_NUMBER='1' AIRFLOW_CTX_DAG_RUN_ID='scheduled__2025-03-12T00:00:00+00:00'
[2025-03-13T03:44:20.638+0000] {logging_mixin.py:190} INFO - Task instance is in running state
[2025-03-13T03:44:20.640+0000] {logging_mixin.py:190} INFO -  Previous state of the Task instance: queued
[2025-03-13T03:44:20.644+0000] {logging_mixin.py:190} INFO - Current task name:format_parquet_2024_q1 state:running start_date:2025-03-13 03:44:18.571676+00:00
[2025-03-13T03:44:20.650+0000] {logging_mixin.py:190} INFO - Dag name:data_ingestion_gcs_dag and current dag run status:running
[2025-03-13T03:44:20.658+0000] {taskinstance.py:732} INFO - ::endgroup::
[2025-03-13T03:44:21.709+0000] {taskinstance.py:3313} ERROR - Task failed with exception
Traceback (most recent call last):
  File "/home/airflow/.local/lib/python3.12/site-packages/airflow/models/taskinstance.py", line 768, in _execute_task
    result = _execute_callable(context=context, **execute_callable_kwargs)
             ^^^^^^^^^^^^^^^^^^^^^^^^^^^^^^^^^^^^^^^^^^^^^^^^^^^^^^^^^^^^^
  File "/home/airflow/.local/lib/python3.12/site-packages/airflow/models/taskinstance.py", line 734, in _execute_callable
    return ExecutionCallableRunner(
           ^^^^^^^^^^^^^^^^^^^^^^^^
  File "/home/airflow/.local/lib/python3.12/site-packages/airflow/utils/operator_helpers.py", line 252, in run
    return self.func(*args, **kwargs)
           ^^^^^^^^^^^^^^^^^^^^^^^^^^
  File "/home/airflow/.local/lib/python3.12/site-packages/airflow/models/baseoperator.py", line 424, in wrapper
    return func(self, *args, **kwargs)
           ^^^^^^^^^^^^^^^^^^^^^^^^^^^
  File "/home/airflow/.local/lib/python3.12/site-packages/airflow/operators/python.py", line 238, in execute
    return_value = self.execute_callable()
                   ^^^^^^^^^^^^^^^^^^^^^^^
  File "/home/airflow/.local/lib/python3.12/site-packages/airflow/operators/python.py", line 256, in execute_callable
    return runner.run(*self.op_args, **self.op_kwargs)
           ^^^^^^^^^^^^^^^^^^^^^^^^^^^^^^^^^^^^^^^^^^^
  File "/home/airflow/.local/lib/python3.12/site-packages/airflow/utils/operator_helpers.py", line 252, in run
    return self.func(*args, **kwargs)
           ^^^^^^^^^^^^^^^^^^^^^^^^^^
  File "/opt/airflow/dags/data_ingestion_gcs_dag.py", line 65, in format_to_parquet
    table = table.append_column("year", pv.array(year_column))
                                        ^^^^^^^^
AttributeError: module 'pyarrow.csv' has no attribute 'array'
[2025-03-13T03:44:22.000+0000] {logging_mixin.py:190} INFO - Task instance in failure state
[2025-03-13T03:44:22.007+0000] {logging_mixin.py:190} INFO - Task start:2025-03-13 03:44:18.571676+00:00 end:2025-03-13 03:44:21.997191+00:00 duration:3.425515
[2025-03-13T03:44:22.017+0000] {logging_mixin.py:190} INFO - Task:<Task(PythonOperator): format_parquet_2024_q1> dag:<DAG: data_ingestion_gcs_dag> dagrun:<DagRun data_ingestion_gcs_dag @ 2025-03-12 00:00:00+00:00: scheduled__2025-03-12T00:00:00+00:00, state:running, queued_at: 2025-03-13 00:00:00.273574+00:00. externally triggered: False>
[2025-03-13T03:44:22.030+0000] {logging_mixin.py:190} INFO - Failure caused by module 'pyarrow.csv' has no attribute 'array'
[2025-03-13T03:44:22.033+0000] {taskinstance.py:1226} INFO - Marking task as UP_FOR_RETRY. dag_id=data_ingestion_gcs_dag, task_id=format_parquet_2024_q1, run_id=scheduled__2025-03-12T00:00:00+00:00, execution_date=20250312T000000, start_date=20250313T034418, end_date=20250313T034421
[2025-03-13T03:44:22.273+0000] {taskinstance.py:341} INFO - ::group::Post task execution logs
[2025-03-13T03:44:22.276+0000] {standard_task_runner.py:124} ERROR - Failed to execute job 434 for task format_parquet_2024_q1 (module 'pyarrow.csv' has no attribute 'array'; 261)
Traceback (most recent call last):
  File "/home/airflow/.local/lib/python3.12/site-packages/airflow/task/task_runner/standard_task_runner.py", line 117, in _start_by_fork
    ret = args.func(args, dag=self.dag)
          ^^^^^^^^^^^^^^^^^^^^^^^^^^^^^
  File "/home/airflow/.local/lib/python3.12/site-packages/airflow/cli/cli_config.py", line 49, in command
    return func(*args, **kwargs)
           ^^^^^^^^^^^^^^^^^^^^^
  File "/home/airflow/.local/lib/python3.12/site-packages/airflow/utils/cli.py", line 116, in wrapper
    return f(*args, **kwargs)
           ^^^^^^^^^^^^^^^^^^
  File "/home/airflow/.local/lib/python3.12/site-packages/airflow/cli/commands/task_command.py", line 483, in task_run
    task_return_code = _run_task_by_selected_method(args, _dag, ti)
                       ^^^^^^^^^^^^^^^^^^^^^^^^^^^^^^^^^^^^^^^^^^^^
  File "/home/airflow/.local/lib/python3.12/site-packages/airflow/cli/commands/task_command.py", line 256, in _run_task_by_selected_method
    return _run_raw_task(args, ti)
           ^^^^^^^^^^^^^^^^^^^^^^^
  File "/home/airflow/.local/lib/python3.12/site-packages/airflow/cli/commands/task_command.py", line 341, in _run_raw_task
    return ti._run_raw_task(
           ^^^^^^^^^^^^^^^^^
  File "/home/airflow/.local/lib/python3.12/site-packages/airflow/utils/session.py", line 97, in wrapper
    return func(*args, session=session, **kwargs)
           ^^^^^^^^^^^^^^^^^^^^^^^^^^^^^^^^^^^^^^
  File "/home/airflow/.local/lib/python3.12/site-packages/airflow/models/taskinstance.py", line 3006, in _run_raw_task
    return _run_raw_task(
           ^^^^^^^^^^^^^^
  File "/home/airflow/.local/lib/python3.12/site-packages/airflow/models/taskinstance.py", line 274, in _run_raw_task
    TaskInstance._execute_task_with_callbacks(
  File "/home/airflow/.local/lib/python3.12/site-packages/airflow/models/taskinstance.py", line 3161, in _execute_task_with_callbacks
    result = self._execute_task(context, task_orig)
             ^^^^^^^^^^^^^^^^^^^^^^^^^^^^^^^^^^^^^^
  File "/home/airflow/.local/lib/python3.12/site-packages/airflow/models/taskinstance.py", line 3185, in _execute_task
    return _execute_task(self, context, task_orig)
           ^^^^^^^^^^^^^^^^^^^^^^^^^^^^^^^^^^^^^^^
  File "/home/airflow/.local/lib/python3.12/site-packages/airflow/models/taskinstance.py", line 768, in _execute_task
    result = _execute_callable(context=context, **execute_callable_kwargs)
             ^^^^^^^^^^^^^^^^^^^^^^^^^^^^^^^^^^^^^^^^^^^^^^^^^^^^^^^^^^^^^
  File "/home/airflow/.local/lib/python3.12/site-packages/airflow/models/taskinstance.py", line 734, in _execute_callable
    return ExecutionCallableRunner(
           ^^^^^^^^^^^^^^^^^^^^^^^^
  File "/home/airflow/.local/lib/python3.12/site-packages/airflow/utils/operator_helpers.py", line 252, in run
    return self.func(*args, **kwargs)
           ^^^^^^^^^^^^^^^^^^^^^^^^^^
  File "/home/airflow/.local/lib/python3.12/site-packages/airflow/models/baseoperator.py", line 424, in wrapper
    return func(self, *args, **kwargs)
           ^^^^^^^^^^^^^^^^^^^^^^^^^^^
  File "/home/airflow/.local/lib/python3.12/site-packages/airflow/operators/python.py", line 238, in execute
    return_value = self.execute_callable()
                   ^^^^^^^^^^^^^^^^^^^^^^^
  File "/home/airflow/.local/lib/python3.12/site-packages/airflow/operators/python.py", line 256, in execute_callable
    return runner.run(*self.op_args, **self.op_kwargs)
           ^^^^^^^^^^^^^^^^^^^^^^^^^^^^^^^^^^^^^^^^^^^
  File "/home/airflow/.local/lib/python3.12/site-packages/airflow/utils/operator_helpers.py", line 252, in run
    return self.func(*args, **kwargs)
           ^^^^^^^^^^^^^^^^^^^^^^^^^^
  File "/opt/airflow/dags/data_ingestion_gcs_dag.py", line 65, in format_to_parquet
    table = table.append_column("year", pv.array(year_column))
                                        ^^^^^^^^
AttributeError: module 'pyarrow.csv' has no attribute 'array'
[2025-03-13T03:44:22.384+0000] {local_task_job_runner.py:266} INFO - Task exited with return code 1
[2025-03-13T03:44:22.628+0000] {taskinstance.py:3901} INFO - 0 downstream tasks scheduled from follow-on schedule check
[2025-03-13T03:44:22.748+0000] {local_task_job_runner.py:245} INFO - ::endgroup::
