[2025-03-16T17:53:03.728+0000] {local_task_job_runner.py:123} INFO - ::group::Pre task execution logs
[2025-03-16T17:53:03.819+0000] {taskinstance.py:2614} INFO - Dependencies all met for dep_context=non-requeueable deps ti=<TaskInstance: data_ingestion_gcs_dag.download_2023_q1 scheduled__2025-03-15T00:00:00+00:00 [queued]>
[2025-03-16T17:53:03.855+0000] {taskinstance.py:2614} INFO - Dependencies all met for dep_context=requeueable deps ti=<TaskInstance: data_ingestion_gcs_dag.download_2023_q1 scheduled__2025-03-15T00:00:00+00:00 [queued]>
[2025-03-16T17:53:03.858+0000] {taskinstance.py:2867} INFO - Starting attempt 1 of 2
[2025-03-16T17:53:03.894+0000] {taskinstance.py:2890} INFO - Executing <Task(BashOperator): download_2023_q1> on 2025-03-15 00:00:00+00:00
[2025-03-16T17:53:03.909+0000] {warnings.py:112} WARNING - /home/***/.local/lib/python3.12/site-packages/***/task/task_runner/standard_task_runner.py:70: DeprecationWarning: This process (pid=277) is multi-threaded, use of fork() may lead to deadlocks in the child.
  pid = os.fork()

[2025-03-16T17:53:03.913+0000] {standard_task_runner.py:72} INFO - Started process 301 to run task
[2025-03-16T17:53:03.926+0000] {standard_task_runner.py:104} INFO - Running: ['***', 'tasks', 'run', 'data_ingestion_gcs_dag', 'download_2023_q1', 'scheduled__2025-03-15T00:00:00+00:00', '--job-id', '648', '--raw', '--subdir', 'DAGS_FOLDER/data_ingestion_gcs_dag.py', '--cfg-path', '/tmp/tmpvz7orthg']
[2025-03-16T17:53:03.930+0000] {standard_task_runner.py:105} INFO - Job 648: Subtask download_2023_q1
[2025-03-16T17:53:04.076+0000] {task_command.py:467} INFO - Running <TaskInstance: data_ingestion_gcs_dag.download_2023_q1 scheduled__2025-03-15T00:00:00+00:00 [running]> on host b0577ed9eb82
[2025-03-16T17:53:04.350+0000] {taskinstance.py:3134} INFO - Exporting env vars: AIRFLOW_CTX_DAG_OWNER='***' AIRFLOW_CTX_DAG_ID='data_ingestion_gcs_dag' AIRFLOW_CTX_TASK_ID='download_2023_q1' AIRFLOW_CTX_EXECUTION_DATE='2025-03-15T00:00:00+00:00' AIRFLOW_CTX_TRY_NUMBER='1' AIRFLOW_CTX_DAG_RUN_ID='scheduled__2025-03-15T00:00:00+00:00'
[2025-03-16T17:53:04.360+0000] {logging_mixin.py:190} INFO - Task instance is in running state
[2025-03-16T17:53:04.361+0000] {logging_mixin.py:190} INFO -  Previous state of the Task instance: queued
[2025-03-16T17:53:04.362+0000] {logging_mixin.py:190} INFO - Current task name:download_2023_q1 state:running start_date:2025-03-16 17:53:03.820452+00:00
[2025-03-16T17:53:04.362+0000] {logging_mixin.py:190} INFO - Dag name:data_ingestion_gcs_dag and current dag run status:running
[2025-03-16T17:53:04.363+0000] {taskinstance.py:732} INFO - ::endgroup::
[2025-03-16T17:53:04.365+0000] {subprocess.py:78} INFO - Tmp dir root location: /tmp
[2025-03-16T17:53:04.377+0000] {subprocess.py:88} INFO - Running command: ['/usr/bin/bash', '-c', 'curl -sSL -o /opt/***/indego-trips-2023-q1.zip https://www.rideindego.com/wp-content/uploads/2023/04/indego-trips-2023-q1.zip && ls -lh /opt/***/indego-trips-2023-q1.zip']
[2025-03-16T17:53:04.427+0000] {subprocess.py:99} INFO - Output:
[2025-03-16T17:53:05.558+0000] {subprocess.py:106} INFO - -rw-rw-r-- 1 default root 3.2M Mar 16 17:53 /opt/***/indego-trips-2023-q1.zip
[2025-03-16T17:53:05.560+0000] {subprocess.py:110} INFO - Command exited with return code 0
[2025-03-16T17:53:05.615+0000] {taskinstance.py:341} INFO - ::group::Post task execution logs
[2025-03-16T17:53:05.616+0000] {taskinstance.py:353} INFO - Marking task as SUCCESS. dag_id=data_ingestion_gcs_dag, task_id=download_2023_q1, run_id=scheduled__2025-03-15T00:00:00+00:00, execution_date=20250315T000000, start_date=20250316T175303, end_date=20250316T175305
[2025-03-16T17:53:05.679+0000] {logging_mixin.py:190} INFO - Task instance in success state
[2025-03-16T17:53:05.680+0000] {logging_mixin.py:190} INFO -  Previous state of the Task instance: running
[2025-03-16T17:53:05.682+0000] {logging_mixin.py:190} INFO - Dag name:data_ingestion_gcs_dag queued_at:2025-03-16 17:52:58.267919+00:00
[2025-03-16T17:53:05.683+0000] {logging_mixin.py:190} INFO - Task hostname:b0577ed9eb82 operator:BashOperator
[2025-03-16T17:53:05.745+0000] {local_task_job_runner.py:266} INFO - Task exited with return code 0
[2025-03-16T17:53:05.849+0000] {taskinstance.py:3901} INFO - 1 downstream tasks scheduled from follow-on schedule check
[2025-03-16T17:53:05.862+0000] {local_task_job_runner.py:245} INFO - ::endgroup::
[2025-03-16T18:50:07.530+0000] {local_task_job_runner.py:123} INFO - ::group::Pre task execution logs
[2025-03-16T18:50:07.613+0000] {taskinstance.py:2614} INFO - Dependencies all met for dep_context=non-requeueable deps ti=<TaskInstance: data_ingestion_gcs_dag.download_2023_q1 scheduled__2025-03-15T00:00:00+00:00 [queued]>
[2025-03-16T18:50:07.669+0000] {taskinstance.py:2614} INFO - Dependencies all met for dep_context=requeueable deps ti=<TaskInstance: data_ingestion_gcs_dag.download_2023_q1 scheduled__2025-03-15T00:00:00+00:00 [queued]>
[2025-03-16T18:50:07.671+0000] {taskinstance.py:2867} INFO - Starting attempt 1 of 2
[2025-03-16T18:50:07.799+0000] {taskinstance.py:2890} INFO - Executing <Task(BashOperator): download_2023_q1> on 2025-03-15 00:00:00+00:00
[2025-03-16T18:50:07.826+0000] {warnings.py:112} WARNING - /home/***/.local/lib/python3.12/site-packages/***/task/task_runner/standard_task_runner.py:70: DeprecationWarning: This process (pid=176) is multi-threaded, use of fork() may lead to deadlocks in the child.
  pid = os.fork()

[2025-03-16T18:50:07.842+0000] {standard_task_runner.py:72} INFO - Started process 192 to run task
[2025-03-16T18:50:07.852+0000] {standard_task_runner.py:104} INFO - Running: ['***', 'tasks', 'run', 'data_ingestion_gcs_dag', 'download_2023_q1', 'scheduled__2025-03-15T00:00:00+00:00', '--job-id', '8', '--raw', '--subdir', 'DAGS_FOLDER/data_ingestion_gcs.py', '--cfg-path', '/tmp/tmpn7j826kz']
[2025-03-16T18:50:07.860+0000] {standard_task_runner.py:105} INFO - Job 8: Subtask download_2023_q1
[2025-03-16T18:50:08.246+0000] {task_command.py:467} INFO - Running <TaskInstance: data_ingestion_gcs_dag.download_2023_q1 scheduled__2025-03-15T00:00:00+00:00 [running]> on host ea596c643a9a
[2025-03-16T18:50:09.153+0000] {taskinstance.py:3134} INFO - Exporting env vars: AIRFLOW_CTX_DAG_OWNER='***' AIRFLOW_CTX_DAG_ID='data_ingestion_gcs_dag' AIRFLOW_CTX_TASK_ID='download_2023_q1' AIRFLOW_CTX_EXECUTION_DATE='2025-03-15T00:00:00+00:00' AIRFLOW_CTX_TRY_NUMBER='1' AIRFLOW_CTX_DAG_RUN_ID='scheduled__2025-03-15T00:00:00+00:00'
[2025-03-16T18:50:09.184+0000] {logging_mixin.py:190} INFO - Task instance is in running state
[2025-03-16T18:50:09.214+0000] {logging_mixin.py:190} INFO -  Previous state of the Task instance: queued
[2025-03-16T18:50:09.247+0000] {logging_mixin.py:190} INFO - Current task name:download_2023_q1 state:running start_date:2025-03-16 18:50:07.614405+00:00
[2025-03-16T18:50:09.263+0000] {logging_mixin.py:190} INFO - Dag name:data_ingestion_gcs_dag and current dag run status:running
[2025-03-16T18:50:09.303+0000] {taskinstance.py:732} INFO - ::endgroup::
[2025-03-16T18:50:09.314+0000] {subprocess.py:78} INFO - Tmp dir root location: /tmp
[2025-03-16T18:50:09.346+0000] {subprocess.py:88} INFO - Running command: ['/usr/bin/bash', '-c', 'curl -sSL -o /opt/***/indego-trips-2023-q1.zip https://www.rideindego.com/wp-content/uploads/2023/04/indego-trips-2023-q1.zip && ls -lh /opt/***/indego-trips-2023-q1.zip']
[2025-03-16T18:50:09.614+0000] {subprocess.py:99} INFO - Output:
[2025-03-16T18:50:12.008+0000] {subprocess.py:106} INFO - -rw-rw-r-- 1 default root 3.2M Mar 16 18:50 /opt/***/indego-trips-2023-q1.zip
[2025-03-16T18:50:12.035+0000] {subprocess.py:110} INFO - Command exited with return code 0
[2025-03-16T18:50:12.266+0000] {taskinstance.py:341} INFO - ::group::Post task execution logs
[2025-03-16T18:50:12.284+0000] {taskinstance.py:353} INFO - Marking task as SUCCESS. dag_id=data_ingestion_gcs_dag, task_id=download_2023_q1, run_id=scheduled__2025-03-15T00:00:00+00:00, execution_date=20250315T000000, start_date=20250316T185007, end_date=20250316T185012
[2025-03-16T18:50:12.533+0000] {logging_mixin.py:190} INFO - Task instance in success state
[2025-03-16T18:50:12.543+0000] {logging_mixin.py:190} INFO -  Previous state of the Task instance: running
[2025-03-16T18:50:12.547+0000] {logging_mixin.py:190} INFO - Dag name:data_ingestion_gcs_dag queued_at:2025-03-16 18:49:30.868563+00:00
[2025-03-16T18:50:12.550+0000] {logging_mixin.py:190} INFO - Task hostname:ea596c643a9a operator:BashOperator
[2025-03-16T18:50:12.645+0000] {local_task_job_runner.py:266} INFO - Task exited with return code 0
[2025-03-16T18:50:12.909+0000] {standard_task_runner.py:217} INFO - Process not found (most likely exited), stop collecting metrics
[2025-03-16T18:50:12.927+0000] {taskinstance.py:3901} INFO - 1 downstream tasks scheduled from follow-on schedule check
[2025-03-16T18:50:12.966+0000] {local_task_job_runner.py:245} INFO - ::endgroup::
