[2025-03-16T17:53:14.386+0000] {local_task_job_runner.py:123} INFO - ::group::Pre task execution logs
[2025-03-16T17:53:14.644+0000] {taskinstance.py:2614} INFO - Dependencies all met for dep_context=non-requeueable deps ti=<TaskInstance: data_ingestion_gcs_dag.format_parquet_2024_q2 scheduled__2025-03-15T00:00:00+00:00 [queued]>
[2025-03-16T17:53:14.712+0000] {taskinstance.py:2614} INFO - Dependencies all met for dep_context=requeueable deps ti=<TaskInstance: data_ingestion_gcs_dag.format_parquet_2024_q2 scheduled__2025-03-15T00:00:00+00:00 [queued]>
[2025-03-16T17:53:14.714+0000] {taskinstance.py:2867} INFO - Starting attempt 1 of 2
[2025-03-16T17:53:14.875+0000] {taskinstance.py:2890} INFO - Executing <Task(PythonOperator): format_parquet_2024_q2> on 2025-03-15 00:00:00+00:00
[2025-03-16T17:53:14.923+0000] {warnings.py:112} WARNING - /home/***/.local/lib/python3.12/site-packages/***/task/task_runner/standard_task_runner.py:70: DeprecationWarning: This process (pid=343) is multi-threaded, use of fork() may lead to deadlocks in the child.
  pid = os.fork()

[2025-03-16T17:53:14.955+0000] {standard_task_runner.py:72} INFO - Started process 409 to run task
[2025-03-16T17:53:14.956+0000] {standard_task_runner.py:104} INFO - Running: ['***', 'tasks', 'run', 'data_ingestion_gcs_dag', 'format_parquet_2024_q2', 'scheduled__2025-03-15T00:00:00+00:00', '--job-id', '657', '--raw', '--subdir', 'DAGS_FOLDER/data_ingestion_gcs_dag.py', '--cfg-path', '/tmp/tmp6cpdmldi']
[2025-03-16T17:53:14.961+0000] {standard_task_runner.py:105} INFO - Job 657: Subtask format_parquet_2024_q2
[2025-03-16T17:53:15.187+0000] {task_command.py:467} INFO - Running <TaskInstance: data_ingestion_gcs_dag.format_parquet_2024_q2 scheduled__2025-03-15T00:00:00+00:00 [running]> on host b0577ed9eb82
[2025-03-16T17:53:15.485+0000] {taskinstance.py:3134} INFO - Exporting env vars: AIRFLOW_CTX_DAG_OWNER='***' AIRFLOW_CTX_DAG_ID='data_ingestion_gcs_dag' AIRFLOW_CTX_TASK_ID='format_parquet_2024_q2' AIRFLOW_CTX_EXECUTION_DATE='2025-03-15T00:00:00+00:00' AIRFLOW_CTX_TRY_NUMBER='1' AIRFLOW_CTX_DAG_RUN_ID='scheduled__2025-03-15T00:00:00+00:00'
[2025-03-16T17:53:15.489+0000] {logging_mixin.py:190} INFO - Task instance is in running state
[2025-03-16T17:53:15.490+0000] {logging_mixin.py:190} INFO -  Previous state of the Task instance: queued
[2025-03-16T17:53:15.492+0000] {logging_mixin.py:190} INFO - Current task name:format_parquet_2024_q2 state:running start_date:2025-03-16 17:53:14.646140+00:00
[2025-03-16T17:53:15.493+0000] {logging_mixin.py:190} INFO - Dag name:data_ingestion_gcs_dag and current dag run status:running
[2025-03-16T17:53:15.494+0000] {taskinstance.py:732} INFO - ::endgroup::
[2025-03-16T17:53:16.523+0000] {data_ingestion_gcs_dag.py:61} INFO - Converted indego-trips-2024-q2.csv to /opt/***/indego-trips-2024-q2.parquet
[2025-03-16T17:53:16.525+0000] {python.py:240} INFO - Done. Returned value was: None
[2025-03-16T17:53:16.539+0000] {taskinstance.py:341} INFO - ::group::Post task execution logs
[2025-03-16T17:53:16.541+0000] {taskinstance.py:353} INFO - Marking task as SUCCESS. dag_id=data_ingestion_gcs_dag, task_id=format_parquet_2024_q2, run_id=scheduled__2025-03-15T00:00:00+00:00, execution_date=20250315T000000, start_date=20250316T175314, end_date=20250316T175316
[2025-03-16T17:53:16.573+0000] {logging_mixin.py:190} INFO - Task instance in success state
[2025-03-16T17:53:16.574+0000] {logging_mixin.py:190} INFO -  Previous state of the Task instance: running
[2025-03-16T17:53:16.574+0000] {logging_mixin.py:190} INFO - Dag name:data_ingestion_gcs_dag queued_at:2025-03-16 17:52:58.267919+00:00
[2025-03-16T17:53:16.575+0000] {logging_mixin.py:190} INFO - Task hostname:b0577ed9eb82 operator:PythonOperator
[2025-03-16T17:53:16.597+0000] {local_task_job_runner.py:266} INFO - Task exited with return code 0
[2025-03-16T17:53:16.642+0000] {taskinstance.py:3901} INFO - 1 downstream tasks scheduled from follow-on schedule check
[2025-03-16T17:53:16.644+0000] {local_task_job_runner.py:245} INFO - ::endgroup::
[2025-03-16T18:54:58.955+0000] {local_task_job_runner.py:123} INFO - ::group::Pre task execution logs
[2025-03-16T18:54:59.090+0000] {taskinstance.py:2614} INFO - Dependencies all met for dep_context=non-requeueable deps ti=<TaskInstance: data_ingestion_gcs_dag.format_parquet_2024_q2 scheduled__2025-03-15T00:00:00+00:00 [queued]>
[2025-03-16T18:54:59.176+0000] {taskinstance.py:2614} INFO - Dependencies all met for dep_context=requeueable deps ti=<TaskInstance: data_ingestion_gcs_dag.format_parquet_2024_q2 scheduled__2025-03-15T00:00:00+00:00 [queued]>
[2025-03-16T18:54:59.180+0000] {taskinstance.py:2867} INFO - Starting attempt 1 of 2
[2025-03-16T18:54:59.276+0000] {taskinstance.py:2890} INFO - Executing <Task(PythonOperator): format_parquet_2024_q2> on 2025-03-15 00:00:00+00:00
[2025-03-16T18:54:59.306+0000] {warnings.py:112} WARNING - /home/***/.local/lib/python3.12/site-packages/***/task/task_runner/standard_task_runner.py:70: DeprecationWarning: This process (pid=347) is multi-threaded, use of fork() may lead to deadlocks in the child.
  pid = os.fork()

[2025-03-16T18:54:59.325+0000] {standard_task_runner.py:72} INFO - Started process 373 to run task
[2025-03-16T18:54:59.312+0000] {standard_task_runner.py:104} INFO - Running: ['***', 'tasks', 'run', 'data_ingestion_gcs_dag', 'format_parquet_2024_q2', 'scheduled__2025-03-15T00:00:00+00:00', '--job-id', '22', '--raw', '--subdir', 'DAGS_FOLDER/data_ingestion_gcs.py', '--cfg-path', '/tmp/tmptu7d72cj']
[2025-03-16T18:54:59.347+0000] {standard_task_runner.py:105} INFO - Job 22: Subtask format_parquet_2024_q2
[2025-03-16T18:54:59.848+0000] {task_command.py:467} INFO - Running <TaskInstance: data_ingestion_gcs_dag.format_parquet_2024_q2 scheduled__2025-03-15T00:00:00+00:00 [running]> on host ea596c643a9a
[2025-03-16T18:55:00.699+0000] {taskinstance.py:3134} INFO - Exporting env vars: AIRFLOW_CTX_DAG_OWNER='***' AIRFLOW_CTX_DAG_ID='data_ingestion_gcs_dag' AIRFLOW_CTX_TASK_ID='format_parquet_2024_q2' AIRFLOW_CTX_EXECUTION_DATE='2025-03-15T00:00:00+00:00' AIRFLOW_CTX_TRY_NUMBER='1' AIRFLOW_CTX_DAG_RUN_ID='scheduled__2025-03-15T00:00:00+00:00'
[2025-03-16T18:55:00.715+0000] {logging_mixin.py:190} INFO - Task instance is in running state
[2025-03-16T18:55:00.716+0000] {logging_mixin.py:190} INFO -  Previous state of the Task instance: queued
[2025-03-16T18:55:00.717+0000] {logging_mixin.py:190} INFO - Current task name:format_parquet_2024_q2 state:running start_date:2025-03-16 18:54:59.096572+00:00
[2025-03-16T18:55:00.719+0000] {logging_mixin.py:190} INFO - Dag name:data_ingestion_gcs_dag and current dag run status:running
[2025-03-16T18:55:00.720+0000] {taskinstance.py:732} INFO - ::endgroup::
[2025-03-16T18:55:04.916+0000] {data_ingestion_gcs.py:61} INFO - Converted indego-trips-2024-q2.csv to /opt/***/indego-trips-2024-q2.parquet
[2025-03-16T18:55:04.926+0000] {python.py:240} INFO - Done. Returned value was: None
[2025-03-16T18:55:04.966+0000] {taskinstance.py:341} INFO - ::group::Post task execution logs
[2025-03-16T18:55:04.970+0000] {taskinstance.py:353} INFO - Marking task as SUCCESS. dag_id=data_ingestion_gcs_dag, task_id=format_parquet_2024_q2, run_id=scheduled__2025-03-15T00:00:00+00:00, execution_date=20250315T000000, start_date=20250316T185459, end_date=20250316T185504
[2025-03-16T18:55:05.133+0000] {logging_mixin.py:190} INFO - Task instance in success state
[2025-03-16T18:55:05.134+0000] {logging_mixin.py:190} INFO -  Previous state of the Task instance: running
[2025-03-16T18:55:05.135+0000] {logging_mixin.py:190} INFO - Dag name:data_ingestion_gcs_dag queued_at:2025-03-16 18:49:30.868563+00:00
[2025-03-16T18:55:05.144+0000] {logging_mixin.py:190} INFO - Task hostname:ea596c643a9a operator:PythonOperator
[2025-03-16T18:55:05.275+0000] {local_task_job_runner.py:266} INFO - Task exited with return code 0
[2025-03-16T18:55:05.420+0000] {taskinstance.py:3901} INFO - 1 downstream tasks scheduled from follow-on schedule check
[2025-03-16T18:55:05.431+0000] {local_task_job_runner.py:245} INFO - ::endgroup::
