[2025-03-16T21:58:33.577+0000] {local_task_job_runner.py:123} INFO - ::group::Pre task execution logs
[2025-03-16T21:58:33.703+0000] {taskinstance.py:2614} INFO - Dependencies all met for dep_context=non-requeueable deps ti=<TaskInstance: data_ingestion_gcs_dag.process_stations_data manual__2025-03-16T21:57:44.781145+00:00 [queued]>
[2025-03-16T21:58:33.781+0000] {taskinstance.py:2614} INFO - Dependencies all met for dep_context=requeueable deps ti=<TaskInstance: data_ingestion_gcs_dag.process_stations_data manual__2025-03-16T21:57:44.781145+00:00 [queued]>
[2025-03-16T21:58:33.783+0000] {taskinstance.py:2867} INFO - Starting attempt 1 of 2
[2025-03-16T21:58:33.891+0000] {taskinstance.py:2890} INFO - Executing <Task(PythonOperator): process_stations_data> on 2025-03-16 21:57:44.781145+00:00
[2025-03-16T21:58:33.911+0000] {warnings.py:112} WARNING - /home/***/.local/lib/python3.12/site-packages/***/task/task_runner/standard_task_runner.py:70: DeprecationWarning: This process (pid=856) is multi-threaded, use of fork() may lead to deadlocks in the child.
  pid = os.fork()

[2025-03-16T21:58:33.926+0000] {standard_task_runner.py:72} INFO - Started process 1003 to run task
[2025-03-16T21:58:33.916+0000] {standard_task_runner.py:104} INFO - Running: ['***', 'tasks', 'run', 'data_ingestion_gcs_dag', 'process_stations_data', 'manual__2025-03-16T21:57:44.781145+00:00', '--job-id', '721', '--raw', '--subdir', 'DAGS_FOLDER/data_ingestion_gcs_dag.py', '--cfg-path', '/tmp/tmprzmfmjyk']
[2025-03-16T21:58:33.958+0000] {standard_task_runner.py:105} INFO - Job 721: Subtask process_stations_data
[2025-03-16T21:58:34.252+0000] {task_command.py:467} INFO - Running <TaskInstance: data_ingestion_gcs_dag.process_stations_data manual__2025-03-16T21:57:44.781145+00:00 [running]> on host 5c7a1daace86
[2025-03-16T21:58:34.797+0000] {taskinstance.py:3134} INFO - Exporting env vars: AIRFLOW_CTX_DAG_OWNER='***' AIRFLOW_CTX_DAG_ID='data_ingestion_gcs_dag' AIRFLOW_CTX_TASK_ID='process_stations_data' AIRFLOW_CTX_EXECUTION_DATE='2025-03-16T21:57:44.781145+00:00' AIRFLOW_CTX_TRY_NUMBER='1' AIRFLOW_CTX_DAG_RUN_ID='manual__2025-03-16T21:57:44.781145+00:00'
[2025-03-16T21:58:34.818+0000] {logging_mixin.py:190} INFO - Task instance is in running state
[2025-03-16T21:58:34.833+0000] {logging_mixin.py:190} INFO -  Previous state of the Task instance: queued
[2025-03-16T21:58:34.844+0000] {logging_mixin.py:190} INFO - Current task name:process_stations_data state:running start_date:2025-03-16 21:58:33.711432+00:00
[2025-03-16T21:58:34.857+0000] {logging_mixin.py:190} INFO - Dag name:data_ingestion_gcs_dag and current dag run status:running
[2025-03-16T21:58:34.862+0000] {taskinstance.py:732} INFO - ::endgroup::
[2025-03-16T21:58:37.382+0000] {data_ingestion_gcs_dag.py:82} INFO - Uploaded /opt/***/indego-stations-2025-01-01.parquet to gs://<Bucket: kestra-de-zoomcamp-bucket-kelly>/raw/indego_stations.parquet
[2025-03-16T21:58:37.395+0000] {data_ingestion_gcs_dag.py:152} INFO - Uploaded /opt/***/indego-stations-2025-01-01.parquet to GCS.
[2025-03-16T21:58:37.411+0000] {python.py:240} INFO - Done. Returned value was: None
[2025-03-16T21:58:37.481+0000] {taskinstance.py:341} INFO - ::group::Post task execution logs
[2025-03-16T21:58:37.490+0000] {taskinstance.py:353} INFO - Marking task as SUCCESS. dag_id=data_ingestion_gcs_dag, task_id=process_stations_data, run_id=manual__2025-03-16T21:57:44.781145+00:00, execution_date=20250316T215744, start_date=20250316T215833, end_date=20250316T215837
[2025-03-16T21:58:37.621+0000] {logging_mixin.py:190} INFO - Task instance in success state
[2025-03-16T21:58:37.653+0000] {logging_mixin.py:190} INFO -  Previous state of the Task instance: running
[2025-03-16T21:58:37.668+0000] {logging_mixin.py:190} INFO - Dag name:data_ingestion_gcs_dag queued_at:2025-03-16 21:57:44.854634+00:00
[2025-03-16T21:58:37.670+0000] {logging_mixin.py:190} INFO - Task hostname:5c7a1daace86 operator:PythonOperator
[2025-03-16T21:58:37.773+0000] {local_task_job_runner.py:266} INFO - Task exited with return code 0
[2025-03-16T21:58:38.170+0000] {taskinstance.py:3901} INFO - 1 downstream tasks scheduled from follow-on schedule check
[2025-03-16T21:58:38.199+0000] {local_task_job_runner.py:245} INFO - ::endgroup::
