[2025-03-16T17:53:11.691+0000] {local_task_job_runner.py:123} INFO - ::group::Pre task execution logs
[2025-03-16T17:53:11.738+0000] {taskinstance.py:2614} INFO - Dependencies all met for dep_context=non-requeueable deps ti=<TaskInstance: data_ingestion_gcs_dag.format_parquet_2023_q3 scheduled__2025-03-15T00:00:00+00:00 [queued]>
[2025-03-16T17:53:11.756+0000] {taskinstance.py:2614} INFO - Dependencies all met for dep_context=requeueable deps ti=<TaskInstance: data_ingestion_gcs_dag.format_parquet_2023_q3 scheduled__2025-03-15T00:00:00+00:00 [queued]>
[2025-03-16T17:53:11.757+0000] {taskinstance.py:2867} INFO - Starting attempt 1 of 2
[2025-03-16T17:53:11.784+0000] {taskinstance.py:2890} INFO - Executing <Task(PythonOperator): format_parquet_2023_q3> on 2025-03-15 00:00:00+00:00
[2025-03-16T17:53:11.794+0000] {warnings.py:112} WARNING - /home/***/.local/lib/python3.12/site-packages/***/task/task_runner/standard_task_runner.py:70: DeprecationWarning: This process (pid=335) is multi-threaded, use of fork() may lead to deadlocks in the child.
  pid = os.fork()

[2025-03-16T17:53:11.797+0000] {standard_task_runner.py:72} INFO - Started process 349 to run task
[2025-03-16T17:53:11.814+0000] {standard_task_runner.py:104} INFO - Running: ['***', 'tasks', 'run', 'data_ingestion_gcs_dag', 'format_parquet_2023_q3', 'scheduled__2025-03-15T00:00:00+00:00', '--job-id', '652', '--raw', '--subdir', 'DAGS_FOLDER/data_ingestion_gcs_dag.py', '--cfg-path', '/tmp/tmpu8ul3xii']
[2025-03-16T17:53:11.816+0000] {standard_task_runner.py:105} INFO - Job 652: Subtask format_parquet_2023_q3
[2025-03-16T17:53:11.918+0000] {task_command.py:467} INFO - Running <TaskInstance: data_ingestion_gcs_dag.format_parquet_2023_q3 scheduled__2025-03-15T00:00:00+00:00 [running]> on host b0577ed9eb82
[2025-03-16T17:53:12.124+0000] {taskinstance.py:3134} INFO - Exporting env vars: AIRFLOW_CTX_DAG_OWNER='***' AIRFLOW_CTX_DAG_ID='data_ingestion_gcs_dag' AIRFLOW_CTX_TASK_ID='format_parquet_2023_q3' AIRFLOW_CTX_EXECUTION_DATE='2025-03-15T00:00:00+00:00' AIRFLOW_CTX_TRY_NUMBER='1' AIRFLOW_CTX_DAG_RUN_ID='scheduled__2025-03-15T00:00:00+00:00'
[2025-03-16T17:53:12.126+0000] {logging_mixin.py:190} INFO - Task instance is in running state
[2025-03-16T17:53:12.128+0000] {logging_mixin.py:190} INFO -  Previous state of the Task instance: queued
[2025-03-16T17:53:12.129+0000] {logging_mixin.py:190} INFO - Current task name:format_parquet_2023_q3 state:running start_date:2025-03-16 17:53:11.739305+00:00
[2025-03-16T17:53:12.130+0000] {logging_mixin.py:190} INFO - Dag name:data_ingestion_gcs_dag and current dag run status:running
[2025-03-16T17:53:12.132+0000] {taskinstance.py:732} INFO - ::endgroup::
[2025-03-16T17:53:15.020+0000] {data_ingestion_gcs_dag.py:61} INFO - Converted indego-trips-2023-q3-2.csv to /opt/***/indego-trips-2023-q3.parquet
[2025-03-16T17:53:15.024+0000] {python.py:240} INFO - Done. Returned value was: None
[2025-03-16T17:53:15.069+0000] {taskinstance.py:341} INFO - ::group::Post task execution logs
[2025-03-16T17:53:15.071+0000] {taskinstance.py:353} INFO - Marking task as SUCCESS. dag_id=data_ingestion_gcs_dag, task_id=format_parquet_2023_q3, run_id=scheduled__2025-03-15T00:00:00+00:00, execution_date=20250315T000000, start_date=20250316T175311, end_date=20250316T175315
[2025-03-16T17:53:15.229+0000] {logging_mixin.py:190} INFO - Task instance in success state
[2025-03-16T17:53:15.230+0000] {logging_mixin.py:190} INFO -  Previous state of the Task instance: running
[2025-03-16T17:53:15.232+0000] {logging_mixin.py:190} INFO - Dag name:data_ingestion_gcs_dag queued_at:2025-03-16 17:52:58.267919+00:00
[2025-03-16T17:53:15.239+0000] {logging_mixin.py:190} INFO - Task hostname:b0577ed9eb82 operator:PythonOperator
[2025-03-16T17:53:15.313+0000] {local_task_job_runner.py:266} INFO - Task exited with return code 0
[2025-03-16T17:53:15.372+0000] {local_task_job_runner.py:245} INFO - ::endgroup::
[2025-03-16T18:50:42.246+0000] {local_task_job_runner.py:123} INFO - ::group::Pre task execution logs
[2025-03-16T18:50:42.404+0000] {taskinstance.py:2614} INFO - Dependencies all met for dep_context=non-requeueable deps ti=<TaskInstance: data_ingestion_gcs_dag.format_parquet_2023_q3 scheduled__2025-03-15T00:00:00+00:00 [queued]>
[2025-03-16T18:50:42.441+0000] {taskinstance.py:2614} INFO - Dependencies all met for dep_context=requeueable deps ti=<TaskInstance: data_ingestion_gcs_dag.format_parquet_2023_q3 scheduled__2025-03-15T00:00:00+00:00 [queued]>
[2025-03-16T18:50:42.442+0000] {taskinstance.py:2867} INFO - Starting attempt 1 of 2
[2025-03-16T18:50:42.512+0000] {taskinstance.py:2890} INFO - Executing <Task(PythonOperator): format_parquet_2023_q3> on 2025-03-15 00:00:00+00:00
[2025-03-16T18:50:42.548+0000] {warnings.py:112} WARNING - /home/***/.local/lib/python3.12/site-packages/***/task/task_runner/standard_task_runner.py:70: DeprecationWarning: This process (pid=217) is multi-threaded, use of fork() may lead to deadlocks in the child.
  pid = os.fork()

[2025-03-16T18:50:42.557+0000] {standard_task_runner.py:72} INFO - Started process 262 to run task
[2025-03-16T18:50:42.549+0000] {standard_task_runner.py:104} INFO - Running: ['***', 'tasks', 'run', 'data_ingestion_gcs_dag', 'format_parquet_2023_q3', 'scheduled__2025-03-15T00:00:00+00:00', '--job-id', '14', '--raw', '--subdir', 'DAGS_FOLDER/data_ingestion_gcs.py', '--cfg-path', '/tmp/tmp4lshwn71']
[2025-03-16T18:50:42.578+0000] {standard_task_runner.py:105} INFO - Job 14: Subtask format_parquet_2023_q3
[2025-03-16T18:50:42.910+0000] {task_command.py:467} INFO - Running <TaskInstance: data_ingestion_gcs_dag.format_parquet_2023_q3 scheduled__2025-03-15T00:00:00+00:00 [running]> on host ea596c643a9a
[2025-03-16T18:50:43.319+0000] {taskinstance.py:3134} INFO - Exporting env vars: AIRFLOW_CTX_DAG_OWNER='***' AIRFLOW_CTX_DAG_ID='data_ingestion_gcs_dag' AIRFLOW_CTX_TASK_ID='format_parquet_2023_q3' AIRFLOW_CTX_EXECUTION_DATE='2025-03-15T00:00:00+00:00' AIRFLOW_CTX_TRY_NUMBER='1' AIRFLOW_CTX_DAG_RUN_ID='scheduled__2025-03-15T00:00:00+00:00'
[2025-03-16T18:50:43.323+0000] {logging_mixin.py:190} INFO - Task instance is in running state
[2025-03-16T18:50:43.325+0000] {logging_mixin.py:190} INFO -  Previous state of the Task instance: queued
[2025-03-16T18:50:43.326+0000] {logging_mixin.py:190} INFO - Current task name:format_parquet_2023_q3 state:running start_date:2025-03-16 18:50:42.405627+00:00
[2025-03-16T18:50:43.327+0000] {logging_mixin.py:190} INFO - Dag name:data_ingestion_gcs_dag and current dag run status:running
[2025-03-16T18:50:43.328+0000] {taskinstance.py:732} INFO - ::endgroup::
[2025-03-16T18:50:45.398+0000] {data_ingestion_gcs.py:61} INFO - Converted indego-trips-2023-q3-2.csv to /opt/***/indego-trips-2023-q3.parquet
[2025-03-16T18:50:45.400+0000] {python.py:240} INFO - Done. Returned value was: None
[2025-03-16T18:50:45.425+0000] {taskinstance.py:341} INFO - ::group::Post task execution logs
[2025-03-16T18:50:45.427+0000] {taskinstance.py:353} INFO - Marking task as SUCCESS. dag_id=data_ingestion_gcs_dag, task_id=format_parquet_2023_q3, run_id=scheduled__2025-03-15T00:00:00+00:00, execution_date=20250315T000000, start_date=20250316T185042, end_date=20250316T185045
[2025-03-16T18:50:45.479+0000] {logging_mixin.py:190} INFO - Task instance in success state
[2025-03-16T18:50:45.480+0000] {logging_mixin.py:190} INFO -  Previous state of the Task instance: running
[2025-03-16T18:50:45.481+0000] {logging_mixin.py:190} INFO - Dag name:data_ingestion_gcs_dag queued_at:2025-03-16 18:49:30.868563+00:00
[2025-03-16T18:50:45.482+0000] {logging_mixin.py:190} INFO - Task hostname:ea596c643a9a operator:PythonOperator
[2025-03-16T18:50:45.529+0000] {local_task_job_runner.py:266} INFO - Task exited with return code 0
[2025-03-16T18:50:45.598+0000] {taskinstance.py:3901} INFO - 0 downstream tasks scheduled from follow-on schedule check
[2025-03-16T18:50:45.601+0000] {local_task_job_runner.py:245} INFO - ::endgroup::
