[2025-03-16T18:56:38.088+0000] {local_task_job_runner.py:123} INFO - ::group::Pre task execution logs
[2025-03-16T18:56:38.153+0000] {taskinstance.py:2614} INFO - Dependencies all met for dep_context=non-requeueable deps ti=<TaskInstance: data_ingestion_gcs_dag.download_2024_q4 manual__2025-03-16T18:49:29.914483+00:00 [queued]>
[2025-03-16T18:56:38.186+0000] {taskinstance.py:2614} INFO - Dependencies all met for dep_context=requeueable deps ti=<TaskInstance: data_ingestion_gcs_dag.download_2024_q4 manual__2025-03-16T18:49:29.914483+00:00 [queued]>
[2025-03-16T18:56:38.188+0000] {taskinstance.py:2867} INFO - Starting attempt 1 of 2
[2025-03-16T18:56:38.243+0000] {taskinstance.py:2890} INFO - Executing <Task(BashOperator): download_2024_q4> on 2025-03-16 18:49:29.914483+00:00
[2025-03-16T18:56:38.263+0000] {warnings.py:112} WARNING - /home/***/.local/lib/python3.12/site-packages/***/task/task_runner/standard_task_runner.py:70: DeprecationWarning: This process (pid=443) is multi-threaded, use of fork() may lead to deadlocks in the child.
  pid = os.fork()

[2025-03-16T18:56:38.267+0000] {standard_task_runner.py:72} INFO - Started process 458 to run task
[2025-03-16T18:56:38.269+0000] {standard_task_runner.py:104} INFO - Running: ['***', 'tasks', 'run', 'data_ingestion_gcs_dag', 'download_2024_q4', 'manual__2025-03-16T18:49:29.914483+00:00', '--job-id', '27', '--raw', '--subdir', 'DAGS_FOLDER/data_ingestion_gcs.py', '--cfg-path', '/tmp/tmpx8tjp9r7']
[2025-03-16T18:56:38.272+0000] {standard_task_runner.py:105} INFO - Job 27: Subtask download_2024_q4
[2025-03-16T18:56:38.627+0000] {task_command.py:467} INFO - Running <TaskInstance: data_ingestion_gcs_dag.download_2024_q4 manual__2025-03-16T18:49:29.914483+00:00 [running]> on host ea596c643a9a
[2025-03-16T18:56:39.530+0000] {taskinstance.py:3134} INFO - Exporting env vars: AIRFLOW_CTX_DAG_OWNER='***' AIRFLOW_CTX_DAG_ID='data_ingestion_gcs_dag' AIRFLOW_CTX_TASK_ID='download_2024_q4' AIRFLOW_CTX_EXECUTION_DATE='2025-03-16T18:49:29.914483+00:00' AIRFLOW_CTX_TRY_NUMBER='1' AIRFLOW_CTX_DAG_RUN_ID='manual__2025-03-16T18:49:29.914483+00:00'
[2025-03-16T18:56:39.600+0000] {logging_mixin.py:190} INFO - Task instance is in running state
[2025-03-16T18:56:39.616+0000] {logging_mixin.py:190} INFO -  Previous state of the Task instance: queued
[2025-03-16T18:56:39.631+0000] {logging_mixin.py:190} INFO - Current task name:download_2024_q4 state:running start_date:2025-03-16 18:56:38.156247+00:00
[2025-03-16T18:56:39.634+0000] {logging_mixin.py:190} INFO - Dag name:data_ingestion_gcs_dag and current dag run status:running
[2025-03-16T18:56:39.637+0000] {taskinstance.py:732} INFO - ::endgroup::
[2025-03-16T18:56:39.643+0000] {subprocess.py:78} INFO - Tmp dir root location: /tmp
[2025-03-16T18:56:39.650+0000] {subprocess.py:88} INFO - Running command: ['/usr/bin/bash', '-c', 'curl -sSL -o /opt/***/indego-trips-2024-q4.zip https://www.rideindego.com/wp-content/uploads/2025/01/indego-trips-2024-q4.zip && ls -lh /opt/***/indego-trips-2024-q4.zip']
[2025-03-16T18:56:39.771+0000] {subprocess.py:99} INFO - Output:
[2025-03-16T18:56:44.300+0000] {subprocess.py:106} INFO - -rw-rw-r-- 1 default root 5.9M Mar 16 18:56 /opt/***/indego-trips-2024-q4.zip
[2025-03-16T18:56:44.304+0000] {subprocess.py:110} INFO - Command exited with return code 0
[2025-03-16T18:56:44.731+0000] {taskinstance.py:341} INFO - ::group::Post task execution logs
[2025-03-16T18:56:44.734+0000] {taskinstance.py:353} INFO - Marking task as SUCCESS. dag_id=data_ingestion_gcs_dag, task_id=download_2024_q4, run_id=manual__2025-03-16T18:49:29.914483+00:00, execution_date=20250316T184929, start_date=20250316T185638, end_date=20250316T185644
[2025-03-16T18:56:44.922+0000] {logging_mixin.py:190} INFO - Task instance in success state
[2025-03-16T18:56:44.936+0000] {logging_mixin.py:190} INFO -  Previous state of the Task instance: running
[2025-03-16T18:56:44.941+0000] {logging_mixin.py:190} INFO - Dag name:data_ingestion_gcs_dag queued_at:2025-03-16 18:49:29.948895+00:00
[2025-03-16T18:56:44.958+0000] {logging_mixin.py:190} INFO - Task hostname:ea596c643a9a operator:BashOperator
[2025-03-16T18:56:45.108+0000] {local_task_job_runner.py:266} INFO - Task exited with return code 0
[2025-03-16T18:56:45.401+0000] {taskinstance.py:3901} INFO - 0 downstream tasks scheduled from follow-on schedule check
[2025-03-16T18:56:45.449+0000] {local_task_job_runner.py:245} INFO - ::endgroup::
